running egg_info
writing ../../build/model_sc_pkg/model_sc_pkg.egg-info/PKG-INFO
writing dependency_links to ../../build/model_sc_pkg/model_sc_pkg.egg-info/dependency_links.txt
writing entry points to ../../build/model_sc_pkg/model_sc_pkg.egg-info/entry_points.txt
writing requirements to ../../build/model_sc_pkg/model_sc_pkg.egg-info/requires.txt
writing top-level names to ../../build/model_sc_pkg/model_sc_pkg.egg-info/top_level.txt
reading manifest file '../../build/model_sc_pkg/model_sc_pkg.egg-info/SOURCES.txt'
adding license file 'LICENSE'
writing manifest file '../../build/model_sc_pkg/model_sc_pkg.egg-info/SOURCES.txt'
running build
running build_py
copying model_sc_pkg/model_sc_node.py -> /home/pragalbhv/ros2-workspaces/model_sc_ws/build/model_sc_pkg/build/lib/model_sc_pkg
running install
running install_lib
copying /home/pragalbhv/ros2-workspaces/model_sc_ws/build/model_sc_pkg/build/lib/model_sc_pkg/model_sc_node.py -> /home/pragalbhv/ros2-workspaces/model_sc_ws/install/model_sc_pkg/lib/python3.10/site-packages/model_sc_pkg
byte-compiling /home/pragalbhv/ros2-workspaces/model_sc_ws/install/model_sc_pkg/lib/python3.10/site-packages/model_sc_pkg/model_sc_node.py to model_sc_node.cpython-310.pyc
running install_data
running install_egg_info
removing '/home/pragalbhv/ros2-workspaces/model_sc_ws/install/model_sc_pkg/lib/python3.10/site-packages/model_sc_pkg-0.0.0-py3.10.egg-info' (and everything under it)
Copying ../../build/model_sc_pkg/model_sc_pkg.egg-info to /home/pragalbhv/ros2-workspaces/model_sc_ws/install/model_sc_pkg/lib/python3.10/site-packages/model_sc_pkg-0.0.0-py3.10.egg-info
running install_scripts
Installing model_spin_coater script to /home/pragalbhv/ros2-workspaces/model_sc_ws/install/model_sc_pkg/lib/model_sc_pkg
writing list of installed files to '/home/pragalbhv/ros2-workspaces/model_sc_ws/build/model_sc_pkg/install.log'
