[0.008s] Invoking command in '/home/pragalbhv/ros2-workspaces/model_sc_ws/build/model_sc_msg': CMAKE_PREFIX_PATH=${CMAKE_PREFIX_PATH}:/home/pragalbhv/ros2-workspaces/model_sc_ws/install/model_sc_pkg:/opt/ros/humble /usr/bin/cmake --build /home/pragalbhv/ros2-workspaces/model_sc_ws/build/model_sc_msg -- -j4 -l4
[0.025s] -- Found ament_cmake: 1.3.11 (/opt/ros/humble/share/ament_cmake/cmake)
[0.122s] -- Found ament_lint_auto: 0.12.11 (/opt/ros/humble/share/ament_lint_auto/cmake)
[0.176s] -- Added test 'lint_cmake' to check CMake code style
[0.177s] -- Added test 'xmllint' to check XML markup files
[0.178s] -- Configuring done
[0.180s] -- Generating done
[0.181s] -- Build files have been written to: /home/pragalbhv/ros2-workspaces/model_sc_ws/build/model_sc_msg
[0.198s] Invoked command in '/home/pragalbhv/ros2-workspaces/model_sc_ws/build/model_sc_msg' returned '0': CMAKE_PREFIX_PATH=${CMAKE_PREFIX_PATH}:/home/pragalbhv/ros2-workspaces/model_sc_ws/install/model_sc_pkg:/opt/ros/humble /usr/bin/cmake --build /home/pragalbhv/ros2-workspaces/model_sc_ws/build/model_sc_msg -- -j4 -l4
[0.206s] Invoking command in '/home/pragalbhv/ros2-workspaces/model_sc_ws/build/model_sc_msg': CMAKE_PREFIX_PATH=${CMAKE_PREFIX_PATH}:/home/pragalbhv/ros2-workspaces/model_sc_ws/install/model_sc_pkg:/opt/ros/humble /usr/bin/cmake --install /home/pragalbhv/ros2-workspaces/model_sc_ws/build/model_sc_msg
[0.211s] -- Install configuration: ""
[0.211s] -- Installing: /home/pragalbhv/ros2-workspaces/model_sc_ws/install/model_sc_msg/share/ament_index/resource_index/package_run_dependencies/model_sc_msg
[0.212s] -- Installing: /home/pragalbhv/ros2-workspaces/model_sc_ws/install/model_sc_msg/share/ament_index/resource_index/parent_prefix_path/model_sc_msg
[0.212s] -- Up-to-date: /home/pragalbhv/ros2-workspaces/model_sc_ws/install/model_sc_msg/share/model_sc_msg/environment/ament_prefix_path.sh
[0.212s] -- Installing: /home/pragalbhv/ros2-workspaces/model_sc_ws/install/model_sc_msg/share/model_sc_msg/environment/ament_prefix_path.dsv
[0.212s] -- Up-to-date: /home/pragalbhv/ros2-workspaces/model_sc_ws/install/model_sc_msg/share/model_sc_msg/environment/path.sh
[0.212s] -- Installing: /home/pragalbhv/ros2-workspaces/model_sc_ws/install/model_sc_msg/share/model_sc_msg/environment/path.dsv
[0.212s] -- Up-to-date: /home/pragalbhv/ros2-workspaces/model_sc_ws/install/model_sc_msg/share/model_sc_msg/local_setup.bash
[0.212s] -- Up-to-date: /home/pragalbhv/ros2-workspaces/model_sc_ws/install/model_sc_msg/share/model_sc_msg/local_setup.sh
[0.212s] -- Up-to-date: /home/pragalbhv/ros2-workspaces/model_sc_ws/install/model_sc_msg/share/model_sc_msg/local_setup.zsh
[0.212s] -- Installing: /home/pragalbhv/ros2-workspaces/model_sc_ws/install/model_sc_msg/share/model_sc_msg/local_setup.dsv
[0.212s] -- Installing: /home/pragalbhv/ros2-workspaces/model_sc_ws/install/model_sc_msg/share/model_sc_msg/package.dsv
[0.213s] -- Up-to-date: /home/pragalbhv/ros2-workspaces/model_sc_ws/install/model_sc_msg/share/ament_index/resource_index/packages/model_sc_msg
[0.213s] -- Up-to-date: /home/pragalbhv/ros2-workspaces/model_sc_ws/install/model_sc_msg/share/model_sc_msg/cmake/model_sc_msgConfig.cmake
[0.213s] -- Up-to-date: /home/pragalbhv/ros2-workspaces/model_sc_ws/install/model_sc_msg/share/model_sc_msg/cmake/model_sc_msgConfig-version.cmake
[0.213s] -- Installing: /home/pragalbhv/ros2-workspaces/model_sc_ws/install/model_sc_msg/share/model_sc_msg/package.xml
[0.214s] Invoked command in '/home/pragalbhv/ros2-workspaces/model_sc_ws/build/model_sc_msg' returned '0': CMAKE_PREFIX_PATH=${CMAKE_PREFIX_PATH}:/home/pragalbhv/ros2-workspaces/model_sc_ws/install/model_sc_pkg:/opt/ros/humble /usr/bin/cmake --install /home/pragalbhv/ros2-workspaces/model_sc_ws/build/model_sc_msg
