[0.010s] Invoking command in '/home/pragalbhv/ros2-workspaces/sc_ws/build/sc_msg': CMAKE_PREFIX_PATH=${CMAKE_PREFIX_PATH}:/home/pragalbhv/ros2-workspaces/sc_ws/install/sc_pkg:/opt/ros/humble /usr/bin/cmake --build /home/pragalbhv/ros2-workspaces/sc_ws/build/sc_msg -- -j4 -l4
[0.044s] [35m[1mConsolidate compiler generated dependencies of target sc_msg__rosidl_generator_c[0m
[0.053s] [  2%] Built target sc_msg__cpp
[0.056s] [ 12%] Built target sc_msg__rosidl_generator_c
[0.063s] [ 12%] Built target ament_cmake_python_copy_sc_msg
[0.067s] [35m[1mConsolidate compiler generated dependencies of target sc_msg__rosidl_typesupport_cpp[0m
[0.068s] [35m[1mConsolidate compiler generated dependencies of target sc_msg__rosidl_typesupport_introspection_cpp[0m
[0.068s] [35m[1mConsolidate compiler generated dependencies of target sc_msg__rosidl_typesupport_fastrtps_cpp[0m
[0.073s] [35m[1mConsolidate compiler generated dependencies of target sc_msg__rosidl_typesupport_fastrtps_c[0m
[0.081s] [ 23%] Built target sc_msg__rosidl_typesupport_cpp
[0.082s] [ 33%] Built target sc_msg__rosidl_typesupport_introspection_cpp
[0.083s] [ 43%] Built target sc_msg__rosidl_typesupport_fastrtps_cpp
[0.088s] [35m[1mConsolidate compiler generated dependencies of target sc_msg__rosidl_typesupport_introspection_c[0m
[0.090s] [ 53%] Built target sc_msg__rosidl_typesupport_fastrtps_c
[0.094s] [35m[1mConsolidate compiler generated dependencies of target sc_msg__rosidl_typesupport_c[0m
[0.098s] [ 64%] Built target sc_msg__rosidl_typesupport_introspection_c
[0.103s] [ 74%] Built target sc_msg__rosidl_typesupport_c
[0.121s] [ 74%] Built target sc_msg
[0.140s] [ 76%] Built target sc_msg__py
[0.151s] [35m[1mConsolidate compiler generated dependencies of target sc_msg__rosidl_generator_py[0m
[0.160s] [ 84%] Built target sc_msg__rosidl_generator_py
[0.169s] [35m[1mConsolidate compiler generated dependencies of target sc_msg__rosidl_typesupport_fastrtps_c__pyext[0m
[0.170s] [35m[1mConsolidate compiler generated dependencies of target sc_msg__rosidl_typesupport_c__pyext[0m
[0.173s] [35m[1mConsolidate compiler generated dependencies of target sc_msg__rosidl_typesupport_introspection_c__pyext[0m
[0.181s] [ 89%] Built target sc_msg__rosidl_typesupport_fastrtps_c__pyext
[0.185s] [100%] Built target sc_msg__rosidl_typesupport_c__pyext
[0.185s] [100%] Built target sc_msg__rosidl_typesupport_introspection_c__pyext
[0.286s] running egg_info
[0.286s] writing sc_msg.egg-info/PKG-INFO
[0.286s] writing dependency_links to sc_msg.egg-info/dependency_links.txt
[0.286s] writing top-level names to sc_msg.egg-info/top_level.txt
[0.288s] reading manifest file 'sc_msg.egg-info/SOURCES.txt'
[0.289s] writing manifest file 'sc_msg.egg-info/SOURCES.txt'
[0.309s] [100%] Built target ament_cmake_python_build_sc_msg_egg
[0.318s] Invoked command in '/home/pragalbhv/ros2-workspaces/sc_ws/build/sc_msg' returned '0': CMAKE_PREFIX_PATH=${CMAKE_PREFIX_PATH}:/home/pragalbhv/ros2-workspaces/sc_ws/install/sc_pkg:/opt/ros/humble /usr/bin/cmake --build /home/pragalbhv/ros2-workspaces/sc_ws/build/sc_msg -- -j4 -l4
[0.326s] Invoking command in '/home/pragalbhv/ros2-workspaces/sc_ws/build/sc_msg': CMAKE_PREFIX_PATH=${CMAKE_PREFIX_PATH}:/home/pragalbhv/ros2-workspaces/sc_ws/install/sc_pkg:/opt/ros/humble /usr/bin/cmake --install /home/pragalbhv/ros2-workspaces/sc_ws/build/sc_msg
[0.332s] -- Install configuration: ""
[0.332s] -- Up-to-date: /home/pragalbhv/ros2-workspaces/sc_ws/install/sc_msg/share/ament_index/resource_index/rosidl_interfaces/sc_msg
[0.333s] -- Up-to-date: /home/pragalbhv/ros2-workspaces/sc_ws/install/sc_msg/include/sc_msg/sc_msg
[0.333s] -- Up-to-date: /home/pragalbhv/ros2-workspaces/sc_ws/install/sc_msg/include/sc_msg/sc_msg/msg
[0.333s] -- Up-to-date: /home/pragalbhv/ros2-workspaces/sc_ws/install/sc_msg/include/sc_msg/sc_msg/msg/status.h
[0.333s] -- Up-to-date: /home/pragalbhv/ros2-workspaces/sc_ws/install/sc_msg/include/sc_msg/sc_msg/msg/detail
[0.333s] -- Up-to-date: /home/pragalbhv/ros2-workspaces/sc_ws/install/sc_msg/include/sc_msg/sc_msg/msg/detail/commands__type_support.h
[0.333s] -- Up-to-date: /home/pragalbhv/ros2-workspaces/sc_ws/install/sc_msg/include/sc_msg/sc_msg/msg/detail/status__type_support.h
[0.333s] -- Up-to-date: /home/pragalbhv/ros2-workspaces/sc_ws/install/sc_msg/include/sc_msg/sc_msg/msg/detail/commands__functions.c
[0.333s] -- Up-to-date: /home/pragalbhv/ros2-workspaces/sc_ws/install/sc_msg/include/sc_msg/sc_msg/msg/detail/commands__struct.h
[0.333s] -- Up-to-date: /home/pragalbhv/ros2-workspaces/sc_ws/install/sc_msg/include/sc_msg/sc_msg/msg/detail/commands__functions.h
[0.333s] -- Up-to-date: /home/pragalbhv/ros2-workspaces/sc_ws/install/sc_msg/include/sc_msg/sc_msg/msg/detail/status__functions.h
[0.333s] -- Up-to-date: /home/pragalbhv/ros2-workspaces/sc_ws/install/sc_msg/include/sc_msg/sc_msg/msg/detail/status__functions.c
[0.333s] -- Up-to-date: /home/pragalbhv/ros2-workspaces/sc_ws/install/sc_msg/include/sc_msg/sc_msg/msg/detail/status__struct.h
[0.333s] -- Up-to-date: /home/pragalbhv/ros2-workspaces/sc_ws/install/sc_msg/include/sc_msg/sc_msg/msg/commands.h
[0.333s] -- Up-to-date: /home/pragalbhv/ros2-workspaces/sc_ws/install/sc_msg/include/sc_msg/sc_msg/msg/rosidl_generator_c__visibility_control.h
[0.333s] -- Up-to-date: /home/pragalbhv/ros2-workspaces/sc_ws/install/sc_msg/share/sc_msg/environment/library_path.sh
[0.333s] -- Up-to-date: /home/pragalbhv/ros2-workspaces/sc_ws/install/sc_msg/share/sc_msg/environment/library_path.dsv
[0.334s] -- Up-to-date: /home/pragalbhv/ros2-workspaces/sc_ws/install/sc_msg/lib/libsc_msg__rosidl_generator_c.so
[0.334s] -- Up-to-date: /home/pragalbhv/ros2-workspaces/sc_ws/install/sc_msg/include/sc_msg/sc_msg
[0.334s] -- Up-to-date: /home/pragalbhv/ros2-workspaces/sc_ws/install/sc_msg/include/sc_msg/sc_msg/msg
[0.334s] -- Up-to-date: /home/pragalbhv/ros2-workspaces/sc_ws/install/sc_msg/include/sc_msg/sc_msg/msg/detail
[0.334s] -- Up-to-date: /home/pragalbhv/ros2-workspaces/sc_ws/install/sc_msg/include/sc_msg/sc_msg/msg/detail/commands__rosidl_typesupport_fastrtps_c.h
[0.334s] -- Up-to-date: /home/pragalbhv/ros2-workspaces/sc_ws/install/sc_msg/include/sc_msg/sc_msg/msg/detail/status__rosidl_typesupport_fastrtps_c.h
[0.334s] -- Up-to-date: /home/pragalbhv/ros2-workspaces/sc_ws/install/sc_msg/include/sc_msg/sc_msg/msg/rosidl_typesupport_fastrtps_c__visibility_control.h
[0.334s] -- Up-to-date: /home/pragalbhv/ros2-workspaces/sc_ws/install/sc_msg/lib/libsc_msg__rosidl_typesupport_fastrtps_c.so
[0.334s] -- Up-to-date: /home/pragalbhv/ros2-workspaces/sc_ws/install/sc_msg/include/sc_msg/sc_msg
[0.334s] -- Up-to-date: /home/pragalbhv/ros2-workspaces/sc_ws/install/sc_msg/include/sc_msg/sc_msg/msg
[0.334s] -- Up-to-date: /home/pragalbhv/ros2-workspaces/sc_ws/install/sc_msg/include/sc_msg/sc_msg/msg/detail
[0.334s] -- Up-to-date: /home/pragalbhv/ros2-workspaces/sc_ws/install/sc_msg/include/sc_msg/sc_msg/msg/detail/status__builder.hpp
[0.334s] -- Up-to-date: /home/pragalbhv/ros2-workspaces/sc_ws/install/sc_msg/include/sc_msg/sc_msg/msg/detail/commands__traits.hpp
[0.334s] -- Up-to-date: /home/pragalbhv/ros2-workspaces/sc_ws/install/sc_msg/include/sc_msg/sc_msg/msg/detail/commands__struct.hpp
[0.334s] -- Up-to-date: /home/pragalbhv/ros2-workspaces/sc_ws/install/sc_msg/include/sc_msg/sc_msg/msg/detail/status__traits.hpp
[0.334s] -- Up-to-date: /home/pragalbhv/ros2-workspaces/sc_ws/install/sc_msg/include/sc_msg/sc_msg/msg/detail/commands__builder.hpp
[0.334s] -- Up-to-date: /home/pragalbhv/ros2-workspaces/sc_ws/install/sc_msg/include/sc_msg/sc_msg/msg/detail/status__struct.hpp
[0.334s] -- Up-to-date: /home/pragalbhv/ros2-workspaces/sc_ws/install/sc_msg/include/sc_msg/sc_msg/msg/status.hpp
[0.334s] -- Up-to-date: /home/pragalbhv/ros2-workspaces/sc_ws/install/sc_msg/include/sc_msg/sc_msg/msg/commands.hpp
[0.335s] -- Up-to-date: /home/pragalbhv/ros2-workspaces/sc_ws/install/sc_msg/include/sc_msg/sc_msg
[0.335s] -- Up-to-date: /home/pragalbhv/ros2-workspaces/sc_ws/install/sc_msg/include/sc_msg/sc_msg/msg
[0.335s] -- Up-to-date: /home/pragalbhv/ros2-workspaces/sc_ws/install/sc_msg/include/sc_msg/sc_msg/msg/detail
[0.335s] -- Up-to-date: /home/pragalbhv/ros2-workspaces/sc_ws/install/sc_msg/include/sc_msg/sc_msg/msg/detail/commands__rosidl_typesupport_fastrtps_cpp.hpp
[0.335s] -- Up-to-date: /home/pragalbhv/ros2-workspaces/sc_ws/install/sc_msg/include/sc_msg/sc_msg/msg/detail/status__rosidl_typesupport_fastrtps_cpp.hpp
[0.335s] -- Up-to-date: /home/pragalbhv/ros2-workspaces/sc_ws/install/sc_msg/include/sc_msg/sc_msg/msg/detail/dds_fastrtps
[0.335s] -- Up-to-date: /home/pragalbhv/ros2-workspaces/sc_ws/install/sc_msg/include/sc_msg/sc_msg/msg/rosidl_typesupport_fastrtps_cpp__visibility_control.h
[0.335s] -- Up-to-date: /home/pragalbhv/ros2-workspaces/sc_ws/install/sc_msg/lib/libsc_msg__rosidl_typesupport_fastrtps_cpp.so
[0.335s] -- Up-to-date: /home/pragalbhv/ros2-workspaces/sc_ws/install/sc_msg/include/sc_msg/sc_msg
[0.335s] -- Up-to-date: /home/pragalbhv/ros2-workspaces/sc_ws/install/sc_msg/include/sc_msg/sc_msg/msg
[0.335s] -- Up-to-date: /home/pragalbhv/ros2-workspaces/sc_ws/install/sc_msg/include/sc_msg/sc_msg/msg/detail
[0.335s] -- Up-to-date: /home/pragalbhv/ros2-workspaces/sc_ws/install/sc_msg/include/sc_msg/sc_msg/msg/detail/status__type_support.c
[0.335s] -- Up-to-date: /home/pragalbhv/ros2-workspaces/sc_ws/install/sc_msg/include/sc_msg/sc_msg/msg/detail/commands__rosidl_typesupport_introspection_c.h
[0.335s] -- Up-to-date: /home/pragalbhv/ros2-workspaces/sc_ws/install/sc_msg/include/sc_msg/sc_msg/msg/detail/status__rosidl_typesupport_introspection_c.h
[0.335s] -- Up-to-date: /home/pragalbhv/ros2-workspaces/sc_ws/install/sc_msg/include/sc_msg/sc_msg/msg/detail/commands__type_support.c
[0.335s] -- Up-to-date: /home/pragalbhv/ros2-workspaces/sc_ws/install/sc_msg/include/sc_msg/sc_msg/msg/rosidl_typesupport_introspection_c__visibility_control.h
[0.335s] -- Up-to-date: /home/pragalbhv/ros2-workspaces/sc_ws/install/sc_msg/lib/libsc_msg__rosidl_typesupport_introspection_c.so
[0.335s] -- Up-to-date: /home/pragalbhv/ros2-workspaces/sc_ws/install/sc_msg/lib/libsc_msg__rosidl_typesupport_c.so
[0.335s] -- Up-to-date: /home/pragalbhv/ros2-workspaces/sc_ws/install/sc_msg/include/sc_msg/sc_msg
[0.336s] -- Up-to-date: /home/pragalbhv/ros2-workspaces/sc_ws/install/sc_msg/include/sc_msg/sc_msg/msg
[0.336s] -- Up-to-date: /home/pragalbhv/ros2-workspaces/sc_ws/install/sc_msg/include/sc_msg/sc_msg/msg/detail
[0.336s] -- Up-to-date: /home/pragalbhv/ros2-workspaces/sc_ws/install/sc_msg/include/sc_msg/sc_msg/msg/detail/commands__type_support.cpp
[0.336s] -- Up-to-date: /home/pragalbhv/ros2-workspaces/sc_ws/install/sc_msg/include/sc_msg/sc_msg/msg/detail/status__rosidl_typesupport_introspection_cpp.hpp
[0.336s] -- Up-to-date: /home/pragalbhv/ros2-workspaces/sc_ws/install/sc_msg/include/sc_msg/sc_msg/msg/detail/commands__rosidl_typesupport_introspection_cpp.hpp
[0.336s] -- Up-to-date: /home/pragalbhv/ros2-workspaces/sc_ws/install/sc_msg/include/sc_msg/sc_msg/msg/detail/status__type_support.cpp
[0.336s] -- Up-to-date: /home/pragalbhv/ros2-workspaces/sc_ws/install/sc_msg/lib/libsc_msg__rosidl_typesupport_introspection_cpp.so
[0.336s] -- Up-to-date: /home/pragalbhv/ros2-workspaces/sc_ws/install/sc_msg/lib/libsc_msg__rosidl_typesupport_cpp.so
[0.336s] -- Up-to-date: /home/pragalbhv/ros2-workspaces/sc_ws/install/sc_msg/share/sc_msg/environment/pythonpath.sh
[0.336s] -- Up-to-date: /home/pragalbhv/ros2-workspaces/sc_ws/install/sc_msg/share/sc_msg/environment/pythonpath.dsv
[0.336s] -- Up-to-date: /home/pragalbhv/ros2-workspaces/sc_ws/install/sc_msg/local/lib/python3.10/dist-packages/sc_msg-0.0.0-py3.10.egg-info
[0.336s] -- Installing: /home/pragalbhv/ros2-workspaces/sc_ws/install/sc_msg/local/lib/python3.10/dist-packages/sc_msg-0.0.0-py3.10.egg-info/SOURCES.txt
[0.336s] -- Installing: /home/pragalbhv/ros2-workspaces/sc_ws/install/sc_msg/local/lib/python3.10/dist-packages/sc_msg-0.0.0-py3.10.egg-info/dependency_links.txt
[0.336s] -- Installing: /home/pragalbhv/ros2-workspaces/sc_ws/install/sc_msg/local/lib/python3.10/dist-packages/sc_msg-0.0.0-py3.10.egg-info/top_level.txt
[0.336s] -- Installing: /home/pragalbhv/ros2-workspaces/sc_ws/install/sc_msg/local/lib/python3.10/dist-packages/sc_msg-0.0.0-py3.10.egg-info/PKG-INFO
[0.337s] -- Up-to-date: /home/pragalbhv/ros2-workspaces/sc_ws/install/sc_msg/local/lib/python3.10/dist-packages/sc_msg
[0.337s] -- Up-to-date: /home/pragalbhv/ros2-workspaces/sc_ws/install/sc_msg/local/lib/python3.10/dist-packages/sc_msg/sc_msg_s__rosidl_typesupport_fastrtps_c.cpython-310-x86_64-linux-gnu.so
[0.337s] -- Up-to-date: /home/pragalbhv/ros2-workspaces/sc_ws/install/sc_msg/local/lib/python3.10/dist-packages/sc_msg/_sc_msg_s.ep.rosidl_typesupport_fastrtps_c.c
[0.337s] -- Up-to-date: /home/pragalbhv/ros2-workspaces/sc_ws/install/sc_msg/local/lib/python3.10/dist-packages/sc_msg/sc_msg_s__rosidl_typesupport_introspection_c.cpython-310-x86_64-linux-gnu.so
[0.337s] -- Up-to-date: /home/pragalbhv/ros2-workspaces/sc_ws/install/sc_msg/local/lib/python3.10/dist-packages/sc_msg/sc_msg_s__rosidl_typesupport_c.cpython-310-x86_64-linux-gnu.so
[0.337s] -- Up-to-date: /home/pragalbhv/ros2-workspaces/sc_ws/install/sc_msg/local/lib/python3.10/dist-packages/sc_msg/msg
[0.337s] -- Up-to-date: /home/pragalbhv/ros2-workspaces/sc_ws/install/sc_msg/local/lib/python3.10/dist-packages/sc_msg/msg/_status_s.c
[0.337s] -- Up-to-date: /home/pragalbhv/ros2-workspaces/sc_ws/install/sc_msg/local/lib/python3.10/dist-packages/sc_msg/msg/__init__.py
[0.337s] -- Up-to-date: /home/pragalbhv/ros2-workspaces/sc_ws/install/sc_msg/local/lib/python3.10/dist-packages/sc_msg/msg/_commands_s.c
[0.337s] -- Up-to-date: /home/pragalbhv/ros2-workspaces/sc_ws/install/sc_msg/local/lib/python3.10/dist-packages/sc_msg/msg/_status.py
[0.337s] -- Up-to-date: /home/pragalbhv/ros2-workspaces/sc_ws/install/sc_msg/local/lib/python3.10/dist-packages/sc_msg/msg/_commands.py
[0.337s] -- Up-to-date: /home/pragalbhv/ros2-workspaces/sc_ws/install/sc_msg/local/lib/python3.10/dist-packages/sc_msg/libsc_msg__rosidl_generator_py.so
[0.337s] -- Up-to-date: /home/pragalbhv/ros2-workspaces/sc_ws/install/sc_msg/local/lib/python3.10/dist-packages/sc_msg/_sc_msg_s.ep.rosidl_typesupport_c.c
[0.337s] -- Up-to-date: /home/pragalbhv/ros2-workspaces/sc_ws/install/sc_msg/local/lib/python3.10/dist-packages/sc_msg/__init__.py
[0.337s] -- Up-to-date: /home/pragalbhv/ros2-workspaces/sc_ws/install/sc_msg/local/lib/python3.10/dist-packages/sc_msg/_sc_msg_s.ep.rosidl_typesupport_introspection_c.c
[0.361s] Listing '/home/pragalbhv/ros2-workspaces/sc_ws/install/sc_msg/local/lib/python3.10/dist-packages/sc_msg'...
[0.361s] Listing '/home/pragalbhv/ros2-workspaces/sc_ws/install/sc_msg/local/lib/python3.10/dist-packages/sc_msg/msg'...
[0.364s] -- Up-to-date: /home/pragalbhv/ros2-workspaces/sc_ws/install/sc_msg/local/lib/python3.10/dist-packages/sc_msg/sc_msg_s__rosidl_typesupport_fastrtps_c.cpython-310-x86_64-linux-gnu.so
[0.365s] -- Up-to-date: /home/pragalbhv/ros2-workspaces/sc_ws/install/sc_msg/local/lib/python3.10/dist-packages/sc_msg/sc_msg_s__rosidl_typesupport_introspection_c.cpython-310-x86_64-linux-gnu.so
[0.365s] -- Up-to-date: /home/pragalbhv/ros2-workspaces/sc_ws/install/sc_msg/local/lib/python3.10/dist-packages/sc_msg/sc_msg_s__rosidl_typesupport_c.cpython-310-x86_64-linux-gnu.so
[0.365s] -- Up-to-date: /home/pragalbhv/ros2-workspaces/sc_ws/install/sc_msg/lib/libsc_msg__rosidl_generator_py.so
[0.365s] -- Up-to-date: /home/pragalbhv/ros2-workspaces/sc_ws/install/sc_msg/share/sc_msg/msg/Commands.idl
[0.365s] -- Up-to-date: /home/pragalbhv/ros2-workspaces/sc_ws/install/sc_msg/share/sc_msg/msg/Status.idl
[0.365s] -- Up-to-date: /home/pragalbhv/ros2-workspaces/sc_ws/install/sc_msg/share/sc_msg/msg/Commands.msg
[0.366s] -- Up-to-date: /home/pragalbhv/ros2-workspaces/sc_ws/install/sc_msg/share/sc_msg/msg/Status.msg
[0.366s] -- Up-to-date: /home/pragalbhv/ros2-workspaces/sc_ws/install/sc_msg/share/ament_index/resource_index/package_run_dependencies/sc_msg
[0.366s] -- Up-to-date: /home/pragalbhv/ros2-workspaces/sc_ws/install/sc_msg/share/ament_index/resource_index/parent_prefix_path/sc_msg
[0.366s] -- Up-to-date: /home/pragalbhv/ros2-workspaces/sc_ws/install/sc_msg/share/sc_msg/environment/ament_prefix_path.sh
[0.366s] -- Up-to-date: /home/pragalbhv/ros2-workspaces/sc_ws/install/sc_msg/share/sc_msg/environment/ament_prefix_path.dsv
[0.366s] -- Up-to-date: /home/pragalbhv/ros2-workspaces/sc_ws/install/sc_msg/share/sc_msg/environment/path.sh
[0.366s] -- Up-to-date: /home/pragalbhv/ros2-workspaces/sc_ws/install/sc_msg/share/sc_msg/environment/path.dsv
[0.366s] -- Up-to-date: /home/pragalbhv/ros2-workspaces/sc_ws/install/sc_msg/share/sc_msg/local_setup.bash
[0.366s] -- Up-to-date: /home/pragalbhv/ros2-workspaces/sc_ws/install/sc_msg/share/sc_msg/local_setup.sh
[0.366s] -- Up-to-date: /home/pragalbhv/ros2-workspaces/sc_ws/install/sc_msg/share/sc_msg/local_setup.zsh
[0.366s] -- Up-to-date: /home/pragalbhv/ros2-workspaces/sc_ws/install/sc_msg/share/sc_msg/local_setup.dsv
[0.366s] -- Installing: /home/pragalbhv/ros2-workspaces/sc_ws/install/sc_msg/share/sc_msg/package.dsv
[0.366s] -- Up-to-date: /home/pragalbhv/ros2-workspaces/sc_ws/install/sc_msg/share/ament_index/resource_index/packages/sc_msg
[0.366s] -- Up-to-date: /home/pragalbhv/ros2-workspaces/sc_ws/install/sc_msg/share/sc_msg/cmake/export_sc_msg__rosidl_generator_cExport.cmake
[0.366s] -- Up-to-date: /home/pragalbhv/ros2-workspaces/sc_ws/install/sc_msg/share/sc_msg/cmake/export_sc_msg__rosidl_generator_cExport-noconfig.cmake
[0.366s] -- Up-to-date: /home/pragalbhv/ros2-workspaces/sc_ws/install/sc_msg/share/sc_msg/cmake/export_sc_msg__rosidl_typesupport_fastrtps_cExport.cmake
[0.366s] -- Up-to-date: /home/pragalbhv/ros2-workspaces/sc_ws/install/sc_msg/share/sc_msg/cmake/export_sc_msg__rosidl_typesupport_fastrtps_cExport-noconfig.cmake
[0.366s] -- Up-to-date: /home/pragalbhv/ros2-workspaces/sc_ws/install/sc_msg/share/sc_msg/cmake/export_sc_msg__rosidl_generator_cppExport.cmake
[0.367s] -- Up-to-date: /home/pragalbhv/ros2-workspaces/sc_ws/install/sc_msg/share/sc_msg/cmake/export_sc_msg__rosidl_typesupport_fastrtps_cppExport.cmake
[0.367s] -- Up-to-date: /home/pragalbhv/ros2-workspaces/sc_ws/install/sc_msg/share/sc_msg/cmake/export_sc_msg__rosidl_typesupport_fastrtps_cppExport-noconfig.cmake
[0.367s] -- Up-to-date: /home/pragalbhv/ros2-workspaces/sc_ws/install/sc_msg/share/sc_msg/cmake/sc_msg__rosidl_typesupport_introspection_cExport.cmake
[0.367s] -- Up-to-date: /home/pragalbhv/ros2-workspaces/sc_ws/install/sc_msg/share/sc_msg/cmake/sc_msg__rosidl_typesupport_introspection_cExport-noconfig.cmake
[0.367s] -- Up-to-date: /home/pragalbhv/ros2-workspaces/sc_ws/install/sc_msg/share/sc_msg/cmake/sc_msg__rosidl_typesupport_cExport.cmake
[0.367s] -- Up-to-date: /home/pragalbhv/ros2-workspaces/sc_ws/install/sc_msg/share/sc_msg/cmake/sc_msg__rosidl_typesupport_cExport-noconfig.cmake
[0.367s] -- Up-to-date: /home/pragalbhv/ros2-workspaces/sc_ws/install/sc_msg/share/sc_msg/cmake/sc_msg__rosidl_typesupport_introspection_cppExport.cmake
[0.367s] -- Up-to-date: /home/pragalbhv/ros2-workspaces/sc_ws/install/sc_msg/share/sc_msg/cmake/sc_msg__rosidl_typesupport_introspection_cppExport-noconfig.cmake
[0.367s] -- Up-to-date: /home/pragalbhv/ros2-workspaces/sc_ws/install/sc_msg/share/sc_msg/cmake/sc_msg__rosidl_typesupport_cppExport.cmake
[0.367s] -- Up-to-date: /home/pragalbhv/ros2-workspaces/sc_ws/install/sc_msg/share/sc_msg/cmake/sc_msg__rosidl_typesupport_cppExport-noconfig.cmake
[0.367s] -- Up-to-date: /home/pragalbhv/ros2-workspaces/sc_ws/install/sc_msg/share/sc_msg/cmake/export_sc_msg__rosidl_generator_pyExport.cmake
[0.367s] -- Up-to-date: /home/pragalbhv/ros2-workspaces/sc_ws/install/sc_msg/share/sc_msg/cmake/export_sc_msg__rosidl_generator_pyExport-noconfig.cmake
[0.367s] -- Up-to-date: /home/pragalbhv/ros2-workspaces/sc_ws/install/sc_msg/share/sc_msg/cmake/rosidl_cmake-extras.cmake
[0.367s] -- Up-to-date: /home/pragalbhv/ros2-workspaces/sc_ws/install/sc_msg/share/sc_msg/cmake/ament_cmake_export_dependencies-extras.cmake
[0.367s] -- Up-to-date: /home/pragalbhv/ros2-workspaces/sc_ws/install/sc_msg/share/sc_msg/cmake/ament_cmake_export_include_directories-extras.cmake
[0.367s] -- Up-to-date: /home/pragalbhv/ros2-workspaces/sc_ws/install/sc_msg/share/sc_msg/cmake/ament_cmake_export_libraries-extras.cmake
[0.367s] -- Up-to-date: /home/pragalbhv/ros2-workspaces/sc_ws/install/sc_msg/share/sc_msg/cmake/ament_cmake_export_targets-extras.cmake
[0.368s] -- Up-to-date: /home/pragalbhv/ros2-workspaces/sc_ws/install/sc_msg/share/sc_msg/cmake/rosidl_cmake_export_typesupport_targets-extras.cmake
[0.368s] -- Up-to-date: /home/pragalbhv/ros2-workspaces/sc_ws/install/sc_msg/share/sc_msg/cmake/rosidl_cmake_export_typesupport_libraries-extras.cmake
[0.368s] -- Up-to-date: /home/pragalbhv/ros2-workspaces/sc_ws/install/sc_msg/share/sc_msg/cmake/sc_msgConfig.cmake
[0.368s] -- Up-to-date: /home/pragalbhv/ros2-workspaces/sc_ws/install/sc_msg/share/sc_msg/cmake/sc_msgConfig-version.cmake
[0.368s] -- Up-to-date: /home/pragalbhv/ros2-workspaces/sc_ws/install/sc_msg/share/sc_msg/package.xml
[0.369s] Invoked command in '/home/pragalbhv/ros2-workspaces/sc_ws/build/sc_msg' returned '0': CMAKE_PREFIX_PATH=${CMAKE_PREFIX_PATH}:/home/pragalbhv/ros2-workspaces/sc_ws/install/sc_pkg:/opt/ros/humble /usr/bin/cmake --install /home/pragalbhv/ros2-workspaces/sc_ws/build/sc_msg
