[0.051s] Invoking command in '/home/pragalbhv/ros2-workspaces/model_sc_ws/build/model_sc_msg': CMAKE_PREFIX_PATH=${CMAKE_PREFIX_PATH}:/home/pragalbhv/ros2-workspaces/model_sc_ws/install/model_sc_pkg:/opt/ros/humble /usr/bin/cmake --build /home/pragalbhv/ros2-workspaces/model_sc_ws/build/model_sc_msg -- -j4 -l4
[0.420s] [  2%] Built target model_sc_msg__cpp
[0.476s] [ 12%] Built target model_sc_msg__rosidl_generator_c
[0.547s] [ 33%] Built target model_sc_msg__rosidl_typesupport_fastrtps_cpp
[0.547s] [ 33%] Built target model_sc_msg__rosidl_typesupport_introspection_cpp
[0.581s] [ 33%] Built target ament_cmake_python_copy_model_sc_msg
[0.593s] [ 43%] Built target model_sc_msg__rosidl_typesupport_cpp
[0.642s] [ 53%] Built target model_sc_msg__rosidl_typesupport_introspection_c
[0.642s] [ 74%] Built target model_sc_msg__rosidl_typesupport_c
[0.642s] [ 74%] Built target model_sc_msg__rosidl_typesupport_fastrtps_c
[0.682s] [ 74%] Built target model_sc_msg
[0.735s] [ 76%] Built target model_sc_msg__py
[0.829s] [ 84%] Built target model_sc_msg__rosidl_generator_py
[0.978s] [ 89%] Built target model_sc_msg__rosidl_typesupport_introspection_c__pyext
[0.995s] [ 94%] Built target model_sc_msg__rosidl_typesupport_fastrtps_c__pyext
[1.003s] [100%] Built target model_sc_msg__rosidl_typesupport_c__pyext
[1.006s] running egg_info
[1.006s] writing model_sc_msg.egg-info/PKG-INFO
[1.007s] writing dependency_links to model_sc_msg.egg-info/dependency_links.txt
[1.007s] writing top-level names to model_sc_msg.egg-info/top_level.txt
[1.009s] reading manifest file 'model_sc_msg.egg-info/SOURCES.txt'
[1.009s] writing manifest file 'model_sc_msg.egg-info/SOURCES.txt'
[1.029s] [100%] Built target ament_cmake_python_build_model_sc_msg_egg
[1.038s] Invoked command in '/home/pragalbhv/ros2-workspaces/model_sc_ws/build/model_sc_msg' returned '0': CMAKE_PREFIX_PATH=${CMAKE_PREFIX_PATH}:/home/pragalbhv/ros2-workspaces/model_sc_ws/install/model_sc_pkg:/opt/ros/humble /usr/bin/cmake --build /home/pragalbhv/ros2-workspaces/model_sc_ws/build/model_sc_msg -- -j4 -l4
[1.071s] Invoking command in '/home/pragalbhv/ros2-workspaces/model_sc_ws/build/model_sc_msg': CMAKE_PREFIX_PATH=${CMAKE_PREFIX_PATH}:/home/pragalbhv/ros2-workspaces/model_sc_ws/install/model_sc_pkg:/opt/ros/humble /usr/bin/cmake --install /home/pragalbhv/ros2-workspaces/model_sc_ws/build/model_sc_msg
[1.077s] -- Install configuration: ""
[1.102s] -- Up-to-date: /home/pragalbhv/ros2-workspaces/model_sc_ws/install/model_sc_msg/share/ament_index/resource_index/rosidl_interfaces/model_sc_msg
[1.102s] -- Up-to-date: /home/pragalbhv/ros2-workspaces/model_sc_ws/install/model_sc_msg/include/model_sc_msg/model_sc_msg
[1.103s] -- Up-to-date: /home/pragalbhv/ros2-workspaces/model_sc_ws/install/model_sc_msg/include/model_sc_msg/model_sc_msg/msg
[1.103s] -- Up-to-date: /home/pragalbhv/ros2-workspaces/model_sc_ws/install/model_sc_msg/include/model_sc_msg/model_sc_msg/msg/detail
[1.103s] -- Up-to-date: /home/pragalbhv/ros2-workspaces/model_sc_ws/install/model_sc_msg/include/model_sc_msg/model_sc_msg/msg/detail/modelsta__struct.h
[1.103s] -- Up-to-date: /home/pragalbhv/ros2-workspaces/model_sc_ws/install/model_sc_msg/include/model_sc_msg/model_sc_msg/msg/detail/modelsta__functions.c
[1.103s] -- Up-to-date: /home/pragalbhv/ros2-workspaces/model_sc_ws/install/model_sc_msg/include/model_sc_msg/model_sc_msg/msg/detail/modelsta__type_support.h
[1.103s] -- Up-to-date: /home/pragalbhv/ros2-workspaces/model_sc_ws/install/model_sc_msg/include/model_sc_msg/model_sc_msg/msg/detail/modelcomm__type_support.h
[1.103s] -- Up-to-date: /home/pragalbhv/ros2-workspaces/model_sc_ws/install/model_sc_msg/include/model_sc_msg/model_sc_msg/msg/detail/modelcomm__functions.h
[1.103s] -- Up-to-date: /home/pragalbhv/ros2-workspaces/model_sc_ws/install/model_sc_msg/include/model_sc_msg/model_sc_msg/msg/detail/modelcomm__functions.c
[1.103s] -- Up-to-date: /home/pragalbhv/ros2-workspaces/model_sc_ws/install/model_sc_msg/include/model_sc_msg/model_sc_msg/msg/detail/modelcomm__struct.h
[1.103s] -- Up-to-date: /home/pragalbhv/ros2-workspaces/model_sc_ws/install/model_sc_msg/include/model_sc_msg/model_sc_msg/msg/detail/modelsta__functions.h
[1.104s] -- Up-to-date: /home/pragalbhv/ros2-workspaces/model_sc_ws/install/model_sc_msg/include/model_sc_msg/model_sc_msg/msg/modelsta.h
[1.104s] -- Up-to-date: /home/pragalbhv/ros2-workspaces/model_sc_ws/install/model_sc_msg/include/model_sc_msg/model_sc_msg/msg/rosidl_generator_c__visibility_control.h
[1.104s] -- Up-to-date: /home/pragalbhv/ros2-workspaces/model_sc_ws/install/model_sc_msg/include/model_sc_msg/model_sc_msg/msg/modelcomm.h
[1.104s] -- Up-to-date: /home/pragalbhv/ros2-workspaces/model_sc_ws/install/model_sc_msg/share/model_sc_msg/environment/library_path.sh
[1.104s] -- Up-to-date: /home/pragalbhv/ros2-workspaces/model_sc_ws/install/model_sc_msg/share/model_sc_msg/environment/library_path.dsv
[1.116s] -- Up-to-date: /home/pragalbhv/ros2-workspaces/model_sc_ws/install/model_sc_msg/lib/libmodel_sc_msg__rosidl_generator_c.so
[1.116s] -- Up-to-date: /home/pragalbhv/ros2-workspaces/model_sc_ws/install/model_sc_msg/include/model_sc_msg/model_sc_msg
[1.116s] -- Up-to-date: /home/pragalbhv/ros2-workspaces/model_sc_ws/install/model_sc_msg/include/model_sc_msg/model_sc_msg/msg
[1.116s] -- Up-to-date: /home/pragalbhv/ros2-workspaces/model_sc_ws/install/model_sc_msg/include/model_sc_msg/model_sc_msg/msg/detail
[1.116s] -- Up-to-date: /home/pragalbhv/ros2-workspaces/model_sc_ws/install/model_sc_msg/include/model_sc_msg/model_sc_msg/msg/detail/modelcomm__rosidl_typesupport_fastrtps_c.h
[1.116s] -- Up-to-date: /home/pragalbhv/ros2-workspaces/model_sc_ws/install/model_sc_msg/include/model_sc_msg/model_sc_msg/msg/detail/modelsta__rosidl_typesupport_fastrtps_c.h
[1.116s] -- Up-to-date: /home/pragalbhv/ros2-workspaces/model_sc_ws/install/model_sc_msg/include/model_sc_msg/model_sc_msg/msg/rosidl_typesupport_fastrtps_c__visibility_control.h
[1.116s] -- Up-to-date: /home/pragalbhv/ros2-workspaces/model_sc_ws/install/model_sc_msg/lib/libmodel_sc_msg__rosidl_typesupport_fastrtps_c.so
[1.117s] -- Up-to-date: /home/pragalbhv/ros2-workspaces/model_sc_ws/install/model_sc_msg/include/model_sc_msg/model_sc_msg
[1.117s] -- Up-to-date: /home/pragalbhv/ros2-workspaces/model_sc_ws/install/model_sc_msg/include/model_sc_msg/model_sc_msg/msg
[1.117s] -- Up-to-date: /home/pragalbhv/ros2-workspaces/model_sc_ws/install/model_sc_msg/include/model_sc_msg/model_sc_msg/msg/detail
[1.117s] -- Up-to-date: /home/pragalbhv/ros2-workspaces/model_sc_ws/install/model_sc_msg/include/model_sc_msg/model_sc_msg/msg/detail/modelcomm__type_support.c
[1.117s] -- Up-to-date: /home/pragalbhv/ros2-workspaces/model_sc_ws/install/model_sc_msg/include/model_sc_msg/model_sc_msg/msg/detail/modelsta__rosidl_typesupport_introspection_c.h
[1.117s] -- Up-to-date: /home/pragalbhv/ros2-workspaces/model_sc_ws/install/model_sc_msg/include/model_sc_msg/model_sc_msg/msg/detail/modelsta__type_support.c
[1.117s] -- Up-to-date: /home/pragalbhv/ros2-workspaces/model_sc_ws/install/model_sc_msg/include/model_sc_msg/model_sc_msg/msg/detail/modelcomm__rosidl_typesupport_introspection_c.h
[1.117s] -- Up-to-date: /home/pragalbhv/ros2-workspaces/model_sc_ws/install/model_sc_msg/include/model_sc_msg/model_sc_msg/msg/rosidl_typesupport_introspection_c__visibility_control.h
[1.117s] -- Up-to-date: /home/pragalbhv/ros2-workspaces/model_sc_ws/install/model_sc_msg/lib/libmodel_sc_msg__rosidl_typesupport_introspection_c.so
[1.117s] -- Up-to-date: /home/pragalbhv/ros2-workspaces/model_sc_ws/install/model_sc_msg/lib/libmodel_sc_msg__rosidl_typesupport_c.so
[1.117s] -- Up-to-date: /home/pragalbhv/ros2-workspaces/model_sc_ws/install/model_sc_msg/include/model_sc_msg/model_sc_msg
[1.117s] -- Up-to-date: /home/pragalbhv/ros2-workspaces/model_sc_ws/install/model_sc_msg/include/model_sc_msg/model_sc_msg/msg
[1.118s] -- Up-to-date: /home/pragalbhv/ros2-workspaces/model_sc_ws/install/model_sc_msg/include/model_sc_msg/model_sc_msg/msg/modelsta.hpp
[1.118s] -- Up-to-date: /home/pragalbhv/ros2-workspaces/model_sc_ws/install/model_sc_msg/include/model_sc_msg/model_sc_msg/msg/detail
[1.118s] -- Up-to-date: /home/pragalbhv/ros2-workspaces/model_sc_ws/install/model_sc_msg/include/model_sc_msg/model_sc_msg/msg/detail/modelsta__struct.hpp
[1.118s] -- Up-to-date: /home/pragalbhv/ros2-workspaces/model_sc_ws/install/model_sc_msg/include/model_sc_msg/model_sc_msg/msg/detail/modelsta__type_support.hpp
[1.118s] -- Up-to-date: /home/pragalbhv/ros2-workspaces/model_sc_ws/install/model_sc_msg/include/model_sc_msg/model_sc_msg/msg/detail/modelcomm__builder.hpp
[1.118s] -- Up-to-date: /home/pragalbhv/ros2-workspaces/model_sc_ws/install/model_sc_msg/include/model_sc_msg/model_sc_msg/msg/detail/modelsta__traits.hpp
[1.118s] -- Up-to-date: /home/pragalbhv/ros2-workspaces/model_sc_ws/install/model_sc_msg/include/model_sc_msg/model_sc_msg/msg/detail/modelcomm__traits.hpp
[1.118s] -- Up-to-date: /home/pragalbhv/ros2-workspaces/model_sc_ws/install/model_sc_msg/include/model_sc_msg/model_sc_msg/msg/detail/modelsta__builder.hpp
[1.118s] -- Up-to-date: /home/pragalbhv/ros2-workspaces/model_sc_ws/install/model_sc_msg/include/model_sc_msg/model_sc_msg/msg/detail/modelcomm__type_support.hpp
[1.118s] -- Up-to-date: /home/pragalbhv/ros2-workspaces/model_sc_ws/install/model_sc_msg/include/model_sc_msg/model_sc_msg/msg/detail/modelcomm__struct.hpp
[1.118s] -- Up-to-date: /home/pragalbhv/ros2-workspaces/model_sc_ws/install/model_sc_msg/include/model_sc_msg/model_sc_msg/msg/modelcomm.hpp
[1.118s] -- Up-to-date: /home/pragalbhv/ros2-workspaces/model_sc_ws/install/model_sc_msg/include/model_sc_msg/model_sc_msg/msg/rosidl_generator_cpp__visibility_control.hpp
[1.118s] -- Up-to-date: /home/pragalbhv/ros2-workspaces/model_sc_ws/install/model_sc_msg/include/model_sc_msg/model_sc_msg
[1.118s] -- Up-to-date: /home/pragalbhv/ros2-workspaces/model_sc_ws/install/model_sc_msg/include/model_sc_msg/model_sc_msg/msg
[1.118s] -- Up-to-date: /home/pragalbhv/ros2-workspaces/model_sc_ws/install/model_sc_msg/include/model_sc_msg/model_sc_msg/msg/detail
[1.118s] -- Up-to-date: /home/pragalbhv/ros2-workspaces/model_sc_ws/install/model_sc_msg/include/model_sc_msg/model_sc_msg/msg/detail/modelsta__rosidl_typesupport_fastrtps_cpp.hpp
[1.119s] -- Up-to-date: /home/pragalbhv/ros2-workspaces/model_sc_ws/install/model_sc_msg/include/model_sc_msg/model_sc_msg/msg/detail/modelcomm__rosidl_typesupport_fastrtps_cpp.hpp
[1.119s] -- Up-to-date: /home/pragalbhv/ros2-workspaces/model_sc_ws/install/model_sc_msg/include/model_sc_msg/model_sc_msg/msg/detail/dds_fastrtps
[1.119s] -- Up-to-date: /home/pragalbhv/ros2-workspaces/model_sc_ws/install/model_sc_msg/include/model_sc_msg/model_sc_msg/msg/rosidl_typesupport_fastrtps_cpp__visibility_control.h
[1.119s] -- Up-to-date: /home/pragalbhv/ros2-workspaces/model_sc_ws/install/model_sc_msg/lib/libmodel_sc_msg__rosidl_typesupport_fastrtps_cpp.so
[1.119s] -- Up-to-date: /home/pragalbhv/ros2-workspaces/model_sc_ws/install/model_sc_msg/include/model_sc_msg/model_sc_msg
[1.119s] -- Up-to-date: /home/pragalbhv/ros2-workspaces/model_sc_ws/install/model_sc_msg/include/model_sc_msg/model_sc_msg/msg
[1.119s] -- Up-to-date: /home/pragalbhv/ros2-workspaces/model_sc_ws/install/model_sc_msg/include/model_sc_msg/model_sc_msg/msg/detail
[1.119s] -- Up-to-date: /home/pragalbhv/ros2-workspaces/model_sc_ws/install/model_sc_msg/include/model_sc_msg/model_sc_msg/msg/detail/modelcomm__type_support.cpp
[1.119s] -- Up-to-date: /home/pragalbhv/ros2-workspaces/model_sc_ws/install/model_sc_msg/include/model_sc_msg/model_sc_msg/msg/detail/modelsta__rosidl_typesupport_introspection_cpp.hpp
[1.119s] -- Up-to-date: /home/pragalbhv/ros2-workspaces/model_sc_ws/install/model_sc_msg/include/model_sc_msg/model_sc_msg/msg/detail/modelcomm__rosidl_typesupport_introspection_cpp.hpp
[1.119s] -- Up-to-date: /home/pragalbhv/ros2-workspaces/model_sc_ws/install/model_sc_msg/include/model_sc_msg/model_sc_msg/msg/detail/modelsta__type_support.cpp
[1.119s] -- Up-to-date: /home/pragalbhv/ros2-workspaces/model_sc_ws/install/model_sc_msg/lib/libmodel_sc_msg__rosidl_typesupport_introspection_cpp.so
[1.120s] -- Up-to-date: /home/pragalbhv/ros2-workspaces/model_sc_ws/install/model_sc_msg/lib/libmodel_sc_msg__rosidl_typesupport_cpp.so
[1.120s] -- Up-to-date: /home/pragalbhv/ros2-workspaces/model_sc_ws/install/model_sc_msg/share/model_sc_msg/environment/pythonpath.sh
[1.120s] -- Up-to-date: /home/pragalbhv/ros2-workspaces/model_sc_ws/install/model_sc_msg/share/model_sc_msg/environment/pythonpath.dsv
[1.120s] -- Up-to-date: /home/pragalbhv/ros2-workspaces/model_sc_ws/install/model_sc_msg/local/lib/python3.10/dist-packages/model_sc_msg-0.0.0-py3.10.egg-info
[1.120s] -- Installing: /home/pragalbhv/ros2-workspaces/model_sc_ws/install/model_sc_msg/local/lib/python3.10/dist-packages/model_sc_msg-0.0.0-py3.10.egg-info/SOURCES.txt
[1.120s] -- Installing: /home/pragalbhv/ros2-workspaces/model_sc_ws/install/model_sc_msg/local/lib/python3.10/dist-packages/model_sc_msg-0.0.0-py3.10.egg-info/dependency_links.txt
[1.120s] -- Installing: /home/pragalbhv/ros2-workspaces/model_sc_ws/install/model_sc_msg/local/lib/python3.10/dist-packages/model_sc_msg-0.0.0-py3.10.egg-info/top_level.txt
[1.120s] -- Installing: /home/pragalbhv/ros2-workspaces/model_sc_ws/install/model_sc_msg/local/lib/python3.10/dist-packages/model_sc_msg-0.0.0-py3.10.egg-info/PKG-INFO
[1.121s] -- Up-to-date: /home/pragalbhv/ros2-workspaces/model_sc_ws/install/model_sc_msg/local/lib/python3.10/dist-packages/model_sc_msg
[1.121s] -- Up-to-date: /home/pragalbhv/ros2-workspaces/model_sc_ws/install/model_sc_msg/local/lib/python3.10/dist-packages/model_sc_msg/_model_sc_msg_s.ep.rosidl_typesupport_fastrtps_c.c
[1.121s] -- Up-to-date: /home/pragalbhv/ros2-workspaces/model_sc_ws/install/model_sc_msg/local/lib/python3.10/dist-packages/model_sc_msg/_model_sc_msg_s.ep.rosidl_typesupport_c.c
[1.121s] -- Up-to-date: /home/pragalbhv/ros2-workspaces/model_sc_ws/install/model_sc_msg/local/lib/python3.10/dist-packages/model_sc_msg/model_sc_msg_s__rosidl_typesupport_fastrtps_c.cpython-310-x86_64-linux-gnu.so
[1.121s] -- Up-to-date: /home/pragalbhv/ros2-workspaces/model_sc_ws/install/model_sc_msg/local/lib/python3.10/dist-packages/model_sc_msg/msg
[1.121s] -- Up-to-date: /home/pragalbhv/ros2-workspaces/model_sc_ws/install/model_sc_msg/local/lib/python3.10/dist-packages/model_sc_msg/msg/_modelcomm.py
[1.121s] -- Up-to-date: /home/pragalbhv/ros2-workspaces/model_sc_ws/install/model_sc_msg/local/lib/python3.10/dist-packages/model_sc_msg/msg/__init__.py
[1.121s] -- Up-to-date: /home/pragalbhv/ros2-workspaces/model_sc_ws/install/model_sc_msg/local/lib/python3.10/dist-packages/model_sc_msg/msg/_modelsta_s.c
[1.121s] -- Up-to-date: /home/pragalbhv/ros2-workspaces/model_sc_ws/install/model_sc_msg/local/lib/python3.10/dist-packages/model_sc_msg/msg/_modelsta.py
[1.121s] -- Up-to-date: /home/pragalbhv/ros2-workspaces/model_sc_ws/install/model_sc_msg/local/lib/python3.10/dist-packages/model_sc_msg/msg/_modelcomm_s.c
[1.121s] -- Up-to-date: /home/pragalbhv/ros2-workspaces/model_sc_ws/install/model_sc_msg/local/lib/python3.10/dist-packages/model_sc_msg/__init__.py
[1.121s] -- Up-to-date: /home/pragalbhv/ros2-workspaces/model_sc_ws/install/model_sc_msg/local/lib/python3.10/dist-packages/model_sc_msg/model_sc_msg_s__rosidl_typesupport_c.cpython-310-x86_64-linux-gnu.so
[1.121s] -- Up-to-date: /home/pragalbhv/ros2-workspaces/model_sc_ws/install/model_sc_msg/local/lib/python3.10/dist-packages/model_sc_msg/_model_sc_msg_s.ep.rosidl_typesupport_introspection_c.c
[1.121s] -- Up-to-date: /home/pragalbhv/ros2-workspaces/model_sc_ws/install/model_sc_msg/local/lib/python3.10/dist-packages/model_sc_msg/model_sc_msg_s__rosidl_typesupport_introspection_c.cpython-310-x86_64-linux-gnu.so
[1.121s] -- Up-to-date: /home/pragalbhv/ros2-workspaces/model_sc_ws/install/model_sc_msg/local/lib/python3.10/dist-packages/model_sc_msg/libmodel_sc_msg__rosidl_generator_py.so
[1.146s] Listing '/home/pragalbhv/ros2-workspaces/model_sc_ws/install/model_sc_msg/local/lib/python3.10/dist-packages/model_sc_msg'...
[1.146s] Listing '/home/pragalbhv/ros2-workspaces/model_sc_ws/install/model_sc_msg/local/lib/python3.10/dist-packages/model_sc_msg/msg'...
[1.149s] -- Up-to-date: /home/pragalbhv/ros2-workspaces/model_sc_ws/install/model_sc_msg/local/lib/python3.10/dist-packages/model_sc_msg/model_sc_msg_s__rosidl_typesupport_fastrtps_c.cpython-310-x86_64-linux-gnu.so
[1.150s] -- Up-to-date: /home/pragalbhv/ros2-workspaces/model_sc_ws/install/model_sc_msg/local/lib/python3.10/dist-packages/model_sc_msg/model_sc_msg_s__rosidl_typesupport_introspection_c.cpython-310-x86_64-linux-gnu.so
[1.150s] -- Up-to-date: /home/pragalbhv/ros2-workspaces/model_sc_ws/install/model_sc_msg/local/lib/python3.10/dist-packages/model_sc_msg/model_sc_msg_s__rosidl_typesupport_c.cpython-310-x86_64-linux-gnu.so
[1.150s] -- Up-to-date: /home/pragalbhv/ros2-workspaces/model_sc_ws/install/model_sc_msg/lib/libmodel_sc_msg__rosidl_generator_py.so
[1.167s] -- Up-to-date: /home/pragalbhv/ros2-workspaces/model_sc_ws/install/model_sc_msg/share/model_sc_msg/msg/Modelcomm.idl
[1.167s] -- Up-to-date: /home/pragalbhv/ros2-workspaces/model_sc_ws/install/model_sc_msg/share/model_sc_msg/msg/Modelsta.idl
[1.167s] -- Up-to-date: /home/pragalbhv/ros2-workspaces/model_sc_ws/install/model_sc_msg/share/model_sc_msg/msg/Modelcomm.msg
[1.167s] -- Up-to-date: /home/pragalbhv/ros2-workspaces/model_sc_ws/install/model_sc_msg/share/model_sc_msg/msg/Modelsta.msg
[1.167s] -- Up-to-date: /home/pragalbhv/ros2-workspaces/model_sc_ws/install/model_sc_msg/share/ament_index/resource_index/package_run_dependencies/model_sc_msg
[1.168s] -- Up-to-date: /home/pragalbhv/ros2-workspaces/model_sc_ws/install/model_sc_msg/share/ament_index/resource_index/parent_prefix_path/model_sc_msg
[1.168s] -- Up-to-date: /home/pragalbhv/ros2-workspaces/model_sc_ws/install/model_sc_msg/share/model_sc_msg/environment/ament_prefix_path.sh
[1.168s] -- Up-to-date: /home/pragalbhv/ros2-workspaces/model_sc_ws/install/model_sc_msg/share/model_sc_msg/environment/ament_prefix_path.dsv
[1.168s] -- Up-to-date: /home/pragalbhv/ros2-workspaces/model_sc_ws/install/model_sc_msg/share/model_sc_msg/environment/path.sh
[1.168s] -- Up-to-date: /home/pragalbhv/ros2-workspaces/model_sc_ws/install/model_sc_msg/share/model_sc_msg/environment/path.dsv
[1.168s] -- Up-to-date: /home/pragalbhv/ros2-workspaces/model_sc_ws/install/model_sc_msg/share/model_sc_msg/local_setup.bash
[1.168s] -- Up-to-date: /home/pragalbhv/ros2-workspaces/model_sc_ws/install/model_sc_msg/share/model_sc_msg/local_setup.sh
[1.168s] -- Up-to-date: /home/pragalbhv/ros2-workspaces/model_sc_ws/install/model_sc_msg/share/model_sc_msg/local_setup.zsh
[1.168s] -- Up-to-date: /home/pragalbhv/ros2-workspaces/model_sc_ws/install/model_sc_msg/share/model_sc_msg/local_setup.dsv
[1.168s] -- Installing: /home/pragalbhv/ros2-workspaces/model_sc_ws/install/model_sc_msg/share/model_sc_msg/package.dsv
[1.168s] -- Up-to-date: /home/pragalbhv/ros2-workspaces/model_sc_ws/install/model_sc_msg/share/ament_index/resource_index/packages/model_sc_msg
[1.180s] -- Up-to-date: /home/pragalbhv/ros2-workspaces/model_sc_ws/install/model_sc_msg/share/model_sc_msg/cmake/export_model_sc_msg__rosidl_generator_cExport.cmake
[1.180s] -- Up-to-date: /home/pragalbhv/ros2-workspaces/model_sc_ws/install/model_sc_msg/share/model_sc_msg/cmake/export_model_sc_msg__rosidl_generator_cExport-noconfig.cmake
[1.181s] -- Up-to-date: /home/pragalbhv/ros2-workspaces/model_sc_ws/install/model_sc_msg/share/model_sc_msg/cmake/export_model_sc_msg__rosidl_typesupport_fastrtps_cExport.cmake
[1.181s] -- Up-to-date: /home/pragalbhv/ros2-workspaces/model_sc_ws/install/model_sc_msg/share/model_sc_msg/cmake/export_model_sc_msg__rosidl_typesupport_fastrtps_cExport-noconfig.cmake
[1.181s] -- Up-to-date: /home/pragalbhv/ros2-workspaces/model_sc_ws/install/model_sc_msg/share/model_sc_msg/cmake/model_sc_msg__rosidl_typesupport_introspection_cExport.cmake
[1.181s] -- Up-to-date: /home/pragalbhv/ros2-workspaces/model_sc_ws/install/model_sc_msg/share/model_sc_msg/cmake/model_sc_msg__rosidl_typesupport_introspection_cExport-noconfig.cmake
[1.181s] -- Up-to-date: /home/pragalbhv/ros2-workspaces/model_sc_ws/install/model_sc_msg/share/model_sc_msg/cmake/model_sc_msg__rosidl_typesupport_cExport.cmake
[1.182s] -- Up-to-date: /home/pragalbhv/ros2-workspaces/model_sc_ws/install/model_sc_msg/share/model_sc_msg/cmake/model_sc_msg__rosidl_typesupport_cExport-noconfig.cmake
[1.182s] -- Up-to-date: /home/pragalbhv/ros2-workspaces/model_sc_ws/install/model_sc_msg/share/model_sc_msg/cmake/export_model_sc_msg__rosidl_generator_cppExport.cmake
[1.182s] -- Up-to-date: /home/pragalbhv/ros2-workspaces/model_sc_ws/install/model_sc_msg/share/model_sc_msg/cmake/export_model_sc_msg__rosidl_typesupport_fastrtps_cppExport.cmake
[1.182s] -- Up-to-date: /home/pragalbhv/ros2-workspaces/model_sc_ws/install/model_sc_msg/share/model_sc_msg/cmake/export_model_sc_msg__rosidl_typesupport_fastrtps_cppExport-noconfig.cmake
[1.182s] -- Up-to-date: /home/pragalbhv/ros2-workspaces/model_sc_ws/install/model_sc_msg/share/model_sc_msg/cmake/model_sc_msg__rosidl_typesupport_introspection_cppExport.cmake
[1.183s] -- Up-to-date: /home/pragalbhv/ros2-workspaces/model_sc_ws/install/model_sc_msg/share/model_sc_msg/cmake/model_sc_msg__rosidl_typesupport_introspection_cppExport-noconfig.cmake
[1.183s] -- Up-to-date: /home/pragalbhv/ros2-workspaces/model_sc_ws/install/model_sc_msg/share/model_sc_msg/cmake/model_sc_msg__rosidl_typesupport_cppExport.cmake
[1.183s] -- Up-to-date: /home/pragalbhv/ros2-workspaces/model_sc_ws/install/model_sc_msg/share/model_sc_msg/cmake/model_sc_msg__rosidl_typesupport_cppExport-noconfig.cmake
[1.183s] -- Up-to-date: /home/pragalbhv/ros2-workspaces/model_sc_ws/install/model_sc_msg/share/model_sc_msg/cmake/export_model_sc_msg__rosidl_generator_pyExport.cmake
[1.183s] -- Up-to-date: /home/pragalbhv/ros2-workspaces/model_sc_ws/install/model_sc_msg/share/model_sc_msg/cmake/export_model_sc_msg__rosidl_generator_pyExport-noconfig.cmake
[1.183s] -- Up-to-date: /home/pragalbhv/ros2-workspaces/model_sc_ws/install/model_sc_msg/share/model_sc_msg/cmake/rosidl_cmake-extras.cmake
[1.183s] -- Up-to-date: /home/pragalbhv/ros2-workspaces/model_sc_ws/install/model_sc_msg/share/model_sc_msg/cmake/ament_cmake_export_include_directories-extras.cmake
[1.183s] -- Up-to-date: /home/pragalbhv/ros2-workspaces/model_sc_ws/install/model_sc_msg/share/model_sc_msg/cmake/ament_cmake_export_libraries-extras.cmake
[1.183s] -- Up-to-date: /home/pragalbhv/ros2-workspaces/model_sc_ws/install/model_sc_msg/share/model_sc_msg/cmake/ament_cmake_export_targets-extras.cmake
[1.183s] -- Up-to-date: /home/pragalbhv/ros2-workspaces/model_sc_ws/install/model_sc_msg/share/model_sc_msg/cmake/rosidl_cmake_export_typesupport_targets-extras.cmake
[1.183s] -- Up-to-date: /home/pragalbhv/ros2-workspaces/model_sc_ws/install/model_sc_msg/share/model_sc_msg/cmake/ament_cmake_export_dependencies-extras.cmake
[1.183s] -- Up-to-date: /home/pragalbhv/ros2-workspaces/model_sc_ws/install/model_sc_msg/share/model_sc_msg/cmake/rosidl_cmake_export_typesupport_libraries-extras.cmake
[1.184s] -- Up-to-date: /home/pragalbhv/ros2-workspaces/model_sc_ws/install/model_sc_msg/share/model_sc_msg/cmake/model_sc_msgConfig.cmake
[1.184s] -- Up-to-date: /home/pragalbhv/ros2-workspaces/model_sc_ws/install/model_sc_msg/share/model_sc_msg/cmake/model_sc_msgConfig-version.cmake
[1.184s] -- Up-to-date: /home/pragalbhv/ros2-workspaces/model_sc_ws/install/model_sc_msg/share/model_sc_msg/package.xml
[1.185s] Invoked command in '/home/pragalbhv/ros2-workspaces/model_sc_ws/build/model_sc_msg' returned '0': CMAKE_PREFIX_PATH=${CMAKE_PREFIX_PATH}:/home/pragalbhv/ros2-workspaces/model_sc_ws/install/model_sc_pkg:/opt/ros/humble /usr/bin/cmake --install /home/pragalbhv/ros2-workspaces/model_sc_ws/build/model_sc_msg
