-- Found ament_cmake: 1.3.10 (/opt/ros/humble/share/ament_cmake/cmake)
-- Found geometry_msgs: 4.2.4 (/opt/ros/humble/share/geometry_msgs/cmake)
-- Found rosidl_generator_c: 3.1.5 (/opt/ros/humble/share/rosidl_generator_c/cmake)
-- Found rosidl_adapter: 3.1.5 (/opt/ros/humble/share/rosidl_adapter/cmake)
-- Found rosidl_generator_cpp: 3.1.5 (/opt/ros/humble/share/rosidl_generator_cpp/cmake)
-- Using all available rosidl_typesupport_c: rosidl_typesupport_fastrtps_c;rosidl_typesupport_introspection_c
-- Using all available rosidl_typesupport_cpp: rosidl_typesupport_fastrtps_cpp;rosidl_typesupport_introspection_cpp
-- Found rosidl_default_generators: 1.2.0 (/opt/ros/humble/share/rosidl_default_generators/cmake)
-- Found ament_cmake_ros: 0.10.0 (/opt/ros/humble/share/ament_cmake_ros/cmake)
-- Using all available rosidl_typesupport_c: rosidl_typesupport_fastrtps_c;rosidl_typesupport_introspection_c
-- Using all available rosidl_typesupport_cpp: rosidl_typesupport_fastrtps_cpp;rosidl_typesupport_introspection_cpp
-- Found PythonInterp: /usr/bin/python3 (found suitable version "3.10.12", minimum required is "3.6") 
-- Found python_cmake_module: 0.10.0 (/opt/ros/humble/share/python_cmake_module/cmake)
-- Found PythonLibs: /usr/lib/x86_64-linux-gnu/libpython3.10.so (found suitable version "3.10.12", minimum required is "3.5") 
-- Using PYTHON_EXECUTABLE: /usr/bin/python3
-- Using PYTHON_INCLUDE_DIRS: /usr/include/python3.10
-- Using PYTHON_LIBRARIES: /usr/lib/x86_64-linux-gnu/libpython3.10.so
-- Found PythonExtra: .so  
-- Configuring done
-- Generating done
-- Build files have been written to: /home/pragalbhv/ros2-workspaces/sc_ws/build/sc_msg
[  2%] [34m[1mGenerating C code for ROS interfaces[0m
[  5%] [34m[1mGenerating C++ code for ROS interfaces[0m
[  5%] Built target ament_cmake_python_copy_sc_msg
running egg_info
creating sc_msg.egg-info
writing sc_msg.egg-info/PKG-INFO
writing dependency_links to sc_msg.egg-info/dependency_links.txt
writing top-level names to sc_msg.egg-info/top_level.txt
writing manifest file 'sc_msg.egg-info/SOURCES.txt'
reading manifest file 'sc_msg.egg-info/SOURCES.txt'
writing manifest file 'sc_msg.egg-info/SOURCES.txt'
[  5%] Built target ament_cmake_python_build_sc_msg_egg
[  5%] Built target sc_msg__cpp
[ 10%] [34m[1mGenerating C++ type support dispatch for ROS interfaces[0m
[ 10%] [34m[1mGenerating C++ type support for eProsima Fast-RTPS[0m
[ 12%] [34m[1mGenerating C++ introspection for ROS interfaces[0m
[ 15%] [32mBuilding C object CMakeFiles/sc_msg__rosidl_generator_c.dir/rosidl_generator_c/sc_msg/msg/detail/commands__functions.c.o[0m
[ 17%] [32mBuilding C object CMakeFiles/sc_msg__rosidl_generator_c.dir/rosidl_generator_c/sc_msg/msg/detail/status__functions.c.o[0m
[ 20%] [32m[1mLinking C shared library libsc_msg__rosidl_generator_c.so[0m
[ 20%] Built target sc_msg__rosidl_generator_c
[ 23%] [34m[1mGenerating C type support for eProsima Fast-RTPS[0m
[ 25%] [32mBuilding CXX object CMakeFiles/sc_msg__rosidl_typesupport_introspection_cpp.dir/rosidl_typesupport_introspection_cpp/sc_msg/msg/detail/commands__type_support.cpp.o[0m
[ 28%] [32mBuilding CXX object CMakeFiles/sc_msg__rosidl_typesupport_fastrtps_cpp.dir/rosidl_typesupport_fastrtps_cpp/sc_msg/msg/detail/dds_fastrtps/commands__type_support.cpp.o[0m
[ 30%] [32mBuilding CXX object CMakeFiles/sc_msg__rosidl_typesupport_cpp.dir/rosidl_typesupport_cpp/sc_msg/msg/commands__type_support.cpp.o[0m
[ 33%] [32mBuilding CXX object CMakeFiles/sc_msg__rosidl_typesupport_fastrtps_c.dir/rosidl_typesupport_fastrtps_c/sc_msg/msg/detail/commands__type_support_c.cpp.o[0m
[ 35%] [32mBuilding CXX object CMakeFiles/sc_msg__rosidl_typesupport_cpp.dir/rosidl_typesupport_cpp/sc_msg/msg/status__type_support.cpp.o[0m
[ 38%] [32mBuilding CXX object CMakeFiles/sc_msg__rosidl_typesupport_introspection_cpp.dir/rosidl_typesupport_introspection_cpp/sc_msg/msg/detail/status__type_support.cpp.o[0m
[ 41%] [32mBuilding CXX object CMakeFiles/sc_msg__rosidl_typesupport_fastrtps_cpp.dir/rosidl_typesupport_fastrtps_cpp/sc_msg/msg/detail/dds_fastrtps/status__type_support.cpp.o[0m
[ 43%] [32m[1mLinking CXX shared library libsc_msg__rosidl_typesupport_cpp.so[0m
[ 46%] [32mBuilding CXX object CMakeFiles/sc_msg__rosidl_typesupport_fastrtps_c.dir/rosidl_typesupport_fastrtps_c/sc_msg/msg/detail/status__type_support_c.cpp.o[0m
[ 46%] Built target sc_msg__rosidl_typesupport_cpp
[ 48%] [34m[1mGenerating C introspection for ROS interfaces[0m
[ 51%] [32m[1mLinking CXX shared library libsc_msg__rosidl_typesupport_introspection_cpp.so[0m
[ 53%] [32m[1mLinking CXX shared library libsc_msg__rosidl_typesupport_fastrtps_cpp.so[0m
[ 53%] Built target sc_msg__rosidl_typesupport_introspection_cpp
[ 56%] [34m[1mGenerating C type support dispatch for ROS interfaces[0m
[ 58%] [32m[1mLinking CXX shared library libsc_msg__rosidl_typesupport_fastrtps_c.so[0m
[ 58%] Built target sc_msg__rosidl_typesupport_fastrtps_cpp
[ 61%] [32mBuilding C object CMakeFiles/sc_msg__rosidl_typesupport_introspection_c.dir/rosidl_typesupport_introspection_c/sc_msg/msg/detail/commands__type_support.c.o[0m
[ 64%] [32mBuilding C object CMakeFiles/sc_msg__rosidl_typesupport_introspection_c.dir/rosidl_typesupport_introspection_c/sc_msg/msg/detail/status__type_support.c.o[0m
[ 66%] [32m[1mLinking C shared library libsc_msg__rosidl_typesupport_introspection_c.so[0m
[ 66%] Built target sc_msg__rosidl_typesupport_fastrtps_c
[ 66%] Built target sc_msg__rosidl_typesupport_introspection_c
[ 71%] [32mBuilding CXX object CMakeFiles/sc_msg__rosidl_typesupport_c.dir/rosidl_typesupport_c/sc_msg/msg/commands__type_support.cpp.o[0m
[ 71%] [32mBuilding CXX object CMakeFiles/sc_msg__rosidl_typesupport_c.dir/rosidl_typesupport_c/sc_msg/msg/status__type_support.cpp.o[0m
[ 74%] [32m[1mLinking CXX shared library libsc_msg__rosidl_typesupport_c.so[0m
[ 74%] Built target sc_msg__rosidl_typesupport_c
[ 74%] Built target sc_msg
[ 76%] [34m[1mGenerating Python code for ROS interfaces[0m
[ 76%] Built target sc_msg__py
[ 82%] [32mBuilding C object CMakeFiles/sc_msg__rosidl_generator_py.dir/rosidl_generator_py/sc_msg/msg/_status_s.c.o[0m
[ 82%] [32mBuilding C object CMakeFiles/sc_msg__rosidl_generator_py.dir/rosidl_generator_py/sc_msg/msg/_commands_s.c.o[0m
[ 84%] [32m[1mLinking C shared library rosidl_generator_py/sc_msg/libsc_msg__rosidl_generator_py.so[0m
[ 84%] Built target sc_msg__rosidl_generator_py
[ 89%] [32mBuilding C object CMakeFiles/sc_msg__rosidl_typesupport_fastrtps_c__pyext.dir/rosidl_generator_py/sc_msg/_sc_msg_s.ep.rosidl_typesupport_fastrtps_c.c.o[0m
[ 89%] [32mBuilding C object CMakeFiles/sc_msg__rosidl_typesupport_c__pyext.dir/rosidl_generator_py/sc_msg/_sc_msg_s.ep.rosidl_typesupport_c.c.o[0m
[ 92%] [32mBuilding C object CMakeFiles/sc_msg__rosidl_typesupport_introspection_c__pyext.dir/rosidl_generator_py/sc_msg/_sc_msg_s.ep.rosidl_typesupport_introspection_c.c.o[0m
[ 97%] [32m[1mLinking C shared library rosidl_generator_py/sc_msg/sc_msg_s__rosidl_typesupport_fastrtps_c.cpython-310-x86_64-linux-gnu.so[0m
[ 97%] [32m[1mLinking C shared library rosidl_generator_py/sc_msg/sc_msg_s__rosidl_typesupport_c.cpython-310-x86_64-linux-gnu.so[0m
[100%] [32m[1mLinking C shared library rosidl_generator_py/sc_msg/sc_msg_s__rosidl_typesupport_introspection_c.cpython-310-x86_64-linux-gnu.so[0m
[100%] Built target sc_msg__rosidl_typesupport_introspection_c__pyext
[100%] Built target sc_msg__rosidl_typesupport_fastrtps_c__pyext
[100%] Built target sc_msg__rosidl_typesupport_c__pyext
-- Install configuration: ""
-- Installing: /home/pragalbhv/ros2-workspaces/sc_ws/install/sc_msg/share/ament_index/resource_index/rosidl_interfaces/sc_msg
-- Installing: /home/pragalbhv/ros2-workspaces/sc_ws/install/sc_msg/include/sc_msg/sc_msg
-- Installing: /home/pragalbhv/ros2-workspaces/sc_ws/install/sc_msg/include/sc_msg/sc_msg/msg
-- Installing: /home/pragalbhv/ros2-workspaces/sc_ws/install/sc_msg/include/sc_msg/sc_msg/msg/status.h
-- Installing: /home/pragalbhv/ros2-workspaces/sc_ws/install/sc_msg/include/sc_msg/sc_msg/msg/detail
-- Installing: /home/pragalbhv/ros2-workspaces/sc_ws/install/sc_msg/include/sc_msg/sc_msg/msg/detail/commands__type_support.h
-- Installing: /home/pragalbhv/ros2-workspaces/sc_ws/install/sc_msg/include/sc_msg/sc_msg/msg/detail/status__type_support.h
-- Installing: /home/pragalbhv/ros2-workspaces/sc_ws/install/sc_msg/include/sc_msg/sc_msg/msg/detail/commands__functions.c
-- Installing: /home/pragalbhv/ros2-workspaces/sc_ws/install/sc_msg/include/sc_msg/sc_msg/msg/detail/commands__struct.h
-- Installing: /home/pragalbhv/ros2-workspaces/sc_ws/install/sc_msg/include/sc_msg/sc_msg/msg/detail/commands__functions.h
-- Installing: /home/pragalbhv/ros2-workspaces/sc_ws/install/sc_msg/include/sc_msg/sc_msg/msg/detail/status__functions.h
-- Installing: /home/pragalbhv/ros2-workspaces/sc_ws/install/sc_msg/include/sc_msg/sc_msg/msg/detail/status__functions.c
-- Installing: /home/pragalbhv/ros2-workspaces/sc_ws/install/sc_msg/include/sc_msg/sc_msg/msg/detail/status__struct.h
-- Installing: /home/pragalbhv/ros2-workspaces/sc_ws/install/sc_msg/include/sc_msg/sc_msg/msg/commands.h
-- Installing: /home/pragalbhv/ros2-workspaces/sc_ws/install/sc_msg/include/sc_msg/sc_msg/msg/rosidl_generator_c__visibility_control.h
-- Installing: /home/pragalbhv/ros2-workspaces/sc_ws/install/sc_msg/share/sc_msg/environment/library_path.sh
-- Installing: /home/pragalbhv/ros2-workspaces/sc_ws/install/sc_msg/share/sc_msg/environment/library_path.dsv
-- Installing: /home/pragalbhv/ros2-workspaces/sc_ws/install/sc_msg/lib/libsc_msg__rosidl_generator_c.so
-- Set runtime path of "/home/pragalbhv/ros2-workspaces/sc_ws/install/sc_msg/lib/libsc_msg__rosidl_generator_c.so" to ""
-- Up-to-date: /home/pragalbhv/ros2-workspaces/sc_ws/install/sc_msg/include/sc_msg/sc_msg
-- Up-to-date: /home/pragalbhv/ros2-workspaces/sc_ws/install/sc_msg/include/sc_msg/sc_msg/msg
-- Up-to-date: /home/pragalbhv/ros2-workspaces/sc_ws/install/sc_msg/include/sc_msg/sc_msg/msg/detail
-- Installing: /home/pragalbhv/ros2-workspaces/sc_ws/install/sc_msg/include/sc_msg/sc_msg/msg/detail/commands__rosidl_typesupport_fastrtps_c.h
-- Installing: /home/pragalbhv/ros2-workspaces/sc_ws/install/sc_msg/include/sc_msg/sc_msg/msg/detail/status__rosidl_typesupport_fastrtps_c.h
-- Installing: /home/pragalbhv/ros2-workspaces/sc_ws/install/sc_msg/include/sc_msg/sc_msg/msg/rosidl_typesupport_fastrtps_c__visibility_control.h
-- Installing: /home/pragalbhv/ros2-workspaces/sc_ws/install/sc_msg/lib/libsc_msg__rosidl_typesupport_fastrtps_c.so
-- Set runtime path of "/home/pragalbhv/ros2-workspaces/sc_ws/install/sc_msg/lib/libsc_msg__rosidl_typesupport_fastrtps_c.so" to ""
-- Up-to-date: /home/pragalbhv/ros2-workspaces/sc_ws/install/sc_msg/include/sc_msg/sc_msg
-- Up-to-date: /home/pragalbhv/ros2-workspaces/sc_ws/install/sc_msg/include/sc_msg/sc_msg/msg
-- Up-to-date: /home/pragalbhv/ros2-workspaces/sc_ws/install/sc_msg/include/sc_msg/sc_msg/msg/detail
-- Installing: /home/pragalbhv/ros2-workspaces/sc_ws/install/sc_msg/include/sc_msg/sc_msg/msg/detail/status__builder.hpp
-- Installing: /home/pragalbhv/ros2-workspaces/sc_ws/install/sc_msg/include/sc_msg/sc_msg/msg/detail/commands__traits.hpp
-- Installing: /home/pragalbhv/ros2-workspaces/sc_ws/install/sc_msg/include/sc_msg/sc_msg/msg/detail/commands__struct.hpp
-- Installing: /home/pragalbhv/ros2-workspaces/sc_ws/install/sc_msg/include/sc_msg/sc_msg/msg/detail/status__traits.hpp
-- Installing: /home/pragalbhv/ros2-workspaces/sc_ws/install/sc_msg/include/sc_msg/sc_msg/msg/detail/commands__builder.hpp
-- Installing: /home/pragalbhv/ros2-workspaces/sc_ws/install/sc_msg/include/sc_msg/sc_msg/msg/detail/status__struct.hpp
-- Installing: /home/pragalbhv/ros2-workspaces/sc_ws/install/sc_msg/include/sc_msg/sc_msg/msg/status.hpp
-- Installing: /home/pragalbhv/ros2-workspaces/sc_ws/install/sc_msg/include/sc_msg/sc_msg/msg/commands.hpp
-- Up-to-date: /home/pragalbhv/ros2-workspaces/sc_ws/install/sc_msg/include/sc_msg/sc_msg
-- Up-to-date: /home/pragalbhv/ros2-workspaces/sc_ws/install/sc_msg/include/sc_msg/sc_msg/msg
-- Up-to-date: /home/pragalbhv/ros2-workspaces/sc_ws/install/sc_msg/include/sc_msg/sc_msg/msg/detail
-- Installing: /home/pragalbhv/ros2-workspaces/sc_ws/install/sc_msg/include/sc_msg/sc_msg/msg/detail/commands__rosidl_typesupport_fastrtps_cpp.hpp
-- Installing: /home/pragalbhv/ros2-workspaces/sc_ws/install/sc_msg/include/sc_msg/sc_msg/msg/detail/status__rosidl_typesupport_fastrtps_cpp.hpp
-- Installing: /home/pragalbhv/ros2-workspaces/sc_ws/install/sc_msg/include/sc_msg/sc_msg/msg/detail/dds_fastrtps
-- Installing: /home/pragalbhv/ros2-workspaces/sc_ws/install/sc_msg/include/sc_msg/sc_msg/msg/rosidl_typesupport_fastrtps_cpp__visibility_control.h
-- Installing: /home/pragalbhv/ros2-workspaces/sc_ws/install/sc_msg/lib/libsc_msg__rosidl_typesupport_fastrtps_cpp.so
-- Set runtime path of "/home/pragalbhv/ros2-workspaces/sc_ws/install/sc_msg/lib/libsc_msg__rosidl_typesupport_fastrtps_cpp.so" to ""
-- Up-to-date: /home/pragalbhv/ros2-workspaces/sc_ws/install/sc_msg/include/sc_msg/sc_msg
-- Up-to-date: /home/pragalbhv/ros2-workspaces/sc_ws/install/sc_msg/include/sc_msg/sc_msg/msg
-- Up-to-date: /home/pragalbhv/ros2-workspaces/sc_ws/install/sc_msg/include/sc_msg/sc_msg/msg/detail
-- Installing: /home/pragalbhv/ros2-workspaces/sc_ws/install/sc_msg/include/sc_msg/sc_msg/msg/detail/status__type_support.c
-- Installing: /home/pragalbhv/ros2-workspaces/sc_ws/install/sc_msg/include/sc_msg/sc_msg/msg/detail/commands__rosidl_typesupport_introspection_c.h
-- Installing: /home/pragalbhv/ros2-workspaces/sc_ws/install/sc_msg/include/sc_msg/sc_msg/msg/detail/status__rosidl_typesupport_introspection_c.h
-- Installing: /home/pragalbhv/ros2-workspaces/sc_ws/install/sc_msg/include/sc_msg/sc_msg/msg/detail/commands__type_support.c
-- Installing: /home/pragalbhv/ros2-workspaces/sc_ws/install/sc_msg/include/sc_msg/sc_msg/msg/rosidl_typesupport_introspection_c__visibility_control.h
-- Installing: /home/pragalbhv/ros2-workspaces/sc_ws/install/sc_msg/lib/libsc_msg__rosidl_typesupport_introspection_c.so
-- Set runtime path of "/home/pragalbhv/ros2-workspaces/sc_ws/install/sc_msg/lib/libsc_msg__rosidl_typesupport_introspection_c.so" to ""
-- Installing: /home/pragalbhv/ros2-workspaces/sc_ws/install/sc_msg/lib/libsc_msg__rosidl_typesupport_c.so
-- Set runtime path of "/home/pragalbhv/ros2-workspaces/sc_ws/install/sc_msg/lib/libsc_msg__rosidl_typesupport_c.so" to ""
-- Up-to-date: /home/pragalbhv/ros2-workspaces/sc_ws/install/sc_msg/include/sc_msg/sc_msg
-- Up-to-date: /home/pragalbhv/ros2-workspaces/sc_ws/install/sc_msg/include/sc_msg/sc_msg/msg
-- Up-to-date: /home/pragalbhv/ros2-workspaces/sc_ws/install/sc_msg/include/sc_msg/sc_msg/msg/detail
-- Installing: /home/pragalbhv/ros2-workspaces/sc_ws/install/sc_msg/include/sc_msg/sc_msg/msg/detail/commands__type_support.cpp
-- Installing: /home/pragalbhv/ros2-workspaces/sc_ws/install/sc_msg/include/sc_msg/sc_msg/msg/detail/status__rosidl_typesupport_introspection_cpp.hpp
-- Installing: /home/pragalbhv/ros2-workspaces/sc_ws/install/sc_msg/include/sc_msg/sc_msg/msg/detail/commands__rosidl_typesupport_introspection_cpp.hpp
-- Installing: /home/pragalbhv/ros2-workspaces/sc_ws/install/sc_msg/include/sc_msg/sc_msg/msg/detail/status__type_support.cpp
-- Installing: /home/pragalbhv/ros2-workspaces/sc_ws/install/sc_msg/lib/libsc_msg__rosidl_typesupport_introspection_cpp.so
-- Set runtime path of "/home/pragalbhv/ros2-workspaces/sc_ws/install/sc_msg/lib/libsc_msg__rosidl_typesupport_introspection_cpp.so" to ""
-- Installing: /home/pragalbhv/ros2-workspaces/sc_ws/install/sc_msg/lib/libsc_msg__rosidl_typesupport_cpp.so
-- Set runtime path of "/home/pragalbhv/ros2-workspaces/sc_ws/install/sc_msg/lib/libsc_msg__rosidl_typesupport_cpp.so" to ""
-- Installing: /home/pragalbhv/ros2-workspaces/sc_ws/install/sc_msg/share/sc_msg/environment/pythonpath.sh
-- Installing: /home/pragalbhv/ros2-workspaces/sc_ws/install/sc_msg/share/sc_msg/environment/pythonpath.dsv
-- Installing: /home/pragalbhv/ros2-workspaces/sc_ws/install/sc_msg/local/lib/python3.10/dist-packages/sc_msg-0.0.0-py3.10.egg-info
-- Installing: /home/pragalbhv/ros2-workspaces/sc_ws/install/sc_msg/local/lib/python3.10/dist-packages/sc_msg-0.0.0-py3.10.egg-info/SOURCES.txt
-- Installing: /home/pragalbhv/ros2-workspaces/sc_ws/install/sc_msg/local/lib/python3.10/dist-packages/sc_msg-0.0.0-py3.10.egg-info/dependency_links.txt
-- Installing: /home/pragalbhv/ros2-workspaces/sc_ws/install/sc_msg/local/lib/python3.10/dist-packages/sc_msg-0.0.0-py3.10.egg-info/top_level.txt
-- Installing: /home/pragalbhv/ros2-workspaces/sc_ws/install/sc_msg/local/lib/python3.10/dist-packages/sc_msg-0.0.0-py3.10.egg-info/PKG-INFO
-- Installing: /home/pragalbhv/ros2-workspaces/sc_ws/install/sc_msg/local/lib/python3.10/dist-packages/sc_msg
-- Installing: /home/pragalbhv/ros2-workspaces/sc_ws/install/sc_msg/local/lib/python3.10/dist-packages/sc_msg/sc_msg_s__rosidl_typesupport_fastrtps_c.cpython-310-x86_64-linux-gnu.so
-- Installing: /home/pragalbhv/ros2-workspaces/sc_ws/install/sc_msg/local/lib/python3.10/dist-packages/sc_msg/_sc_msg_s.ep.rosidl_typesupport_fastrtps_c.c
-- Installing: /home/pragalbhv/ros2-workspaces/sc_ws/install/sc_msg/local/lib/python3.10/dist-packages/sc_msg/sc_msg_s__rosidl_typesupport_introspection_c.cpython-310-x86_64-linux-gnu.so
-- Installing: /home/pragalbhv/ros2-workspaces/sc_ws/install/sc_msg/local/lib/python3.10/dist-packages/sc_msg/sc_msg_s__rosidl_typesupport_c.cpython-310-x86_64-linux-gnu.so
-- Installing: /home/pragalbhv/ros2-workspaces/sc_ws/install/sc_msg/local/lib/python3.10/dist-packages/sc_msg/msg
-- Installing: /home/pragalbhv/ros2-workspaces/sc_ws/install/sc_msg/local/lib/python3.10/dist-packages/sc_msg/msg/_status_s.c
-- Installing: /home/pragalbhv/ros2-workspaces/sc_ws/install/sc_msg/local/lib/python3.10/dist-packages/sc_msg/msg/__init__.py
-- Installing: /home/pragalbhv/ros2-workspaces/sc_ws/install/sc_msg/local/lib/python3.10/dist-packages/sc_msg/msg/_commands_s.c
-- Installing: /home/pragalbhv/ros2-workspaces/sc_ws/install/sc_msg/local/lib/python3.10/dist-packages/sc_msg/msg/_status.py
-- Installing: /home/pragalbhv/ros2-workspaces/sc_ws/install/sc_msg/local/lib/python3.10/dist-packages/sc_msg/msg/_commands.py
-- Installing: /home/pragalbhv/ros2-workspaces/sc_ws/install/sc_msg/local/lib/python3.10/dist-packages/sc_msg/libsc_msg__rosidl_generator_py.so
-- Installing: /home/pragalbhv/ros2-workspaces/sc_ws/install/sc_msg/local/lib/python3.10/dist-packages/sc_msg/_sc_msg_s.ep.rosidl_typesupport_c.c
-- Installing: /home/pragalbhv/ros2-workspaces/sc_ws/install/sc_msg/local/lib/python3.10/dist-packages/sc_msg/__init__.py
-- Installing: /home/pragalbhv/ros2-workspaces/sc_ws/install/sc_msg/local/lib/python3.10/dist-packages/sc_msg/_sc_msg_s.ep.rosidl_typesupport_introspection_c.c
Listing '/home/pragalbhv/ros2-workspaces/sc_ws/install/sc_msg/local/lib/python3.10/dist-packages/sc_msg'...
Compiling '/home/pragalbhv/ros2-workspaces/sc_ws/install/sc_msg/local/lib/python3.10/dist-packages/sc_msg/__init__.py'...
Listing '/home/pragalbhv/ros2-workspaces/sc_ws/install/sc_msg/local/lib/python3.10/dist-packages/sc_msg/msg'...
Compiling '/home/pragalbhv/ros2-workspaces/sc_ws/install/sc_msg/local/lib/python3.10/dist-packages/sc_msg/msg/__init__.py'...
Compiling '/home/pragalbhv/ros2-workspaces/sc_ws/install/sc_msg/local/lib/python3.10/dist-packages/sc_msg/msg/_commands.py'...
Compiling '/home/pragalbhv/ros2-workspaces/sc_ws/install/sc_msg/local/lib/python3.10/dist-packages/sc_msg/msg/_status.py'...
-- Installing: /home/pragalbhv/ros2-workspaces/sc_ws/install/sc_msg/local/lib/python3.10/dist-packages/sc_msg/sc_msg_s__rosidl_typesupport_fastrtps_c.cpython-310-x86_64-linux-gnu.so
-- Set runtime path of "/home/pragalbhv/ros2-workspaces/sc_ws/install/sc_msg/local/lib/python3.10/dist-packages/sc_msg/sc_msg_s__rosidl_typesupport_fastrtps_c.cpython-310-x86_64-linux-gnu.so" to ""
-- Installing: /home/pragalbhv/ros2-workspaces/sc_ws/install/sc_msg/local/lib/python3.10/dist-packages/sc_msg/sc_msg_s__rosidl_typesupport_introspection_c.cpython-310-x86_64-linux-gnu.so
-- Set runtime path of "/home/pragalbhv/ros2-workspaces/sc_ws/install/sc_msg/local/lib/python3.10/dist-packages/sc_msg/sc_msg_s__rosidl_typesupport_introspection_c.cpython-310-x86_64-linux-gnu.so" to ""
-- Installing: /home/pragalbhv/ros2-workspaces/sc_ws/install/sc_msg/local/lib/python3.10/dist-packages/sc_msg/sc_msg_s__rosidl_typesupport_c.cpython-310-x86_64-linux-gnu.so
-- Set runtime path of "/home/pragalbhv/ros2-workspaces/sc_ws/install/sc_msg/local/lib/python3.10/dist-packages/sc_msg/sc_msg_s__rosidl_typesupport_c.cpython-310-x86_64-linux-gnu.so" to ""
-- Installing: /home/pragalbhv/ros2-workspaces/sc_ws/install/sc_msg/lib/libsc_msg__rosidl_generator_py.so
-- Set runtime path of "/home/pragalbhv/ros2-workspaces/sc_ws/install/sc_msg/lib/libsc_msg__rosidl_generator_py.so" to ""
-- Installing: /home/pragalbhv/ros2-workspaces/sc_ws/install/sc_msg/share/sc_msg/msg/Commands.idl
-- Installing: /home/pragalbhv/ros2-workspaces/sc_ws/install/sc_msg/share/sc_msg/msg/Status.idl
-- Installing: /home/pragalbhv/ros2-workspaces/sc_ws/install/sc_msg/share/sc_msg/msg/Commands.msg
-- Installing: /home/pragalbhv/ros2-workspaces/sc_ws/install/sc_msg/share/sc_msg/msg/Status.msg
-- Up-to-date: /home/pragalbhv/ros2-workspaces/sc_ws/install/sc_msg/share/ament_index/resource_index/package_run_dependencies/sc_msg
-- Up-to-date: /home/pragalbhv/ros2-workspaces/sc_ws/install/sc_msg/share/ament_index/resource_index/parent_prefix_path/sc_msg
-- Up-to-date: /home/pragalbhv/ros2-workspaces/sc_ws/install/sc_msg/share/sc_msg/environment/ament_prefix_path.sh
-- Installing: /home/pragalbhv/ros2-workspaces/sc_ws/install/sc_msg/share/sc_msg/environment/ament_prefix_path.dsv
-- Up-to-date: /home/pragalbhv/ros2-workspaces/sc_ws/install/sc_msg/share/sc_msg/environment/path.sh
-- Installing: /home/pragalbhv/ros2-workspaces/sc_ws/install/sc_msg/share/sc_msg/environment/path.dsv
-- Up-to-date: /home/pragalbhv/ros2-workspaces/sc_ws/install/sc_msg/share/sc_msg/local_setup.bash
-- Installing: /home/pragalbhv/ros2-workspaces/sc_ws/install/sc_msg/share/sc_msg/local_setup.sh
-- Up-to-date: /home/pragalbhv/ros2-workspaces/sc_ws/install/sc_msg/share/sc_msg/local_setup.zsh
-- Installing: /home/pragalbhv/ros2-workspaces/sc_ws/install/sc_msg/share/sc_msg/local_setup.dsv
-- Installing: /home/pragalbhv/ros2-workspaces/sc_ws/install/sc_msg/share/sc_msg/package.dsv
-- Up-to-date: /home/pragalbhv/ros2-workspaces/sc_ws/install/sc_msg/share/ament_index/resource_index/packages/sc_msg
-- Installing: /home/pragalbhv/ros2-workspaces/sc_ws/install/sc_msg/share/sc_msg/cmake/export_sc_msg__rosidl_generator_cExport.cmake
-- Installing: /home/pragalbhv/ros2-workspaces/sc_ws/install/sc_msg/share/sc_msg/cmake/export_sc_msg__rosidl_generator_cExport-noconfig.cmake
-- Installing: /home/pragalbhv/ros2-workspaces/sc_ws/install/sc_msg/share/sc_msg/cmake/export_sc_msg__rosidl_typesupport_fastrtps_cExport.cmake
-- Installing: /home/pragalbhv/ros2-workspaces/sc_ws/install/sc_msg/share/sc_msg/cmake/export_sc_msg__rosidl_typesupport_fastrtps_cExport-noconfig.cmake
-- Installing: /home/pragalbhv/ros2-workspaces/sc_ws/install/sc_msg/share/sc_msg/cmake/export_sc_msg__rosidl_generator_cppExport.cmake
-- Installing: /home/pragalbhv/ros2-workspaces/sc_ws/install/sc_msg/share/sc_msg/cmake/export_sc_msg__rosidl_typesupport_fastrtps_cppExport.cmake
-- Installing: /home/pragalbhv/ros2-workspaces/sc_ws/install/sc_msg/share/sc_msg/cmake/export_sc_msg__rosidl_typesupport_fastrtps_cppExport-noconfig.cmake
-- Installing: /home/pragalbhv/ros2-workspaces/sc_ws/install/sc_msg/share/sc_msg/cmake/sc_msg__rosidl_typesupport_introspection_cExport.cmake
-- Installing: /home/pragalbhv/ros2-workspaces/sc_ws/install/sc_msg/share/sc_msg/cmake/sc_msg__rosidl_typesupport_introspection_cExport-noconfig.cmake
-- Installing: /home/pragalbhv/ros2-workspaces/sc_ws/install/sc_msg/share/sc_msg/cmake/sc_msg__rosidl_typesupport_cExport.cmake
-- Installing: /home/pragalbhv/ros2-workspaces/sc_ws/install/sc_msg/share/sc_msg/cmake/sc_msg__rosidl_typesupport_cExport-noconfig.cmake
-- Installing: /home/pragalbhv/ros2-workspaces/sc_ws/install/sc_msg/share/sc_msg/cmake/sc_msg__rosidl_typesupport_introspection_cppExport.cmake
-- Installing: /home/pragalbhv/ros2-workspaces/sc_ws/install/sc_msg/share/sc_msg/cmake/sc_msg__rosidl_typesupport_introspection_cppExport-noconfig.cmake
-- Installing: /home/pragalbhv/ros2-workspaces/sc_ws/install/sc_msg/share/sc_msg/cmake/sc_msg__rosidl_typesupport_cppExport.cmake
-- Installing: /home/pragalbhv/ros2-workspaces/sc_ws/install/sc_msg/share/sc_msg/cmake/sc_msg__rosidl_typesupport_cppExport-noconfig.cmake
-- Installing: /home/pragalbhv/ros2-workspaces/sc_ws/install/sc_msg/share/sc_msg/cmake/export_sc_msg__rosidl_generator_pyExport.cmake
-- Installing: /home/pragalbhv/ros2-workspaces/sc_ws/install/sc_msg/share/sc_msg/cmake/export_sc_msg__rosidl_generator_pyExport-noconfig.cmake
-- Installing: /home/pragalbhv/ros2-workspaces/sc_ws/install/sc_msg/share/sc_msg/cmake/rosidl_cmake-extras.cmake
-- Installing: /home/pragalbhv/ros2-workspaces/sc_ws/install/sc_msg/share/sc_msg/cmake/ament_cmake_export_dependencies-extras.cmake
-- Installing: /home/pragalbhv/ros2-workspaces/sc_ws/install/sc_msg/share/sc_msg/cmake/ament_cmake_export_include_directories-extras.cmake
-- Installing: /home/pragalbhv/ros2-workspaces/sc_ws/install/sc_msg/share/sc_msg/cmake/ament_cmake_export_libraries-extras.cmake
-- Installing: /home/pragalbhv/ros2-workspaces/sc_ws/install/sc_msg/share/sc_msg/cmake/ament_cmake_export_targets-extras.cmake
-- Installing: /home/pragalbhv/ros2-workspaces/sc_ws/install/sc_msg/share/sc_msg/cmake/rosidl_cmake_export_typesupport_targets-extras.cmake
-- Installing: /home/pragalbhv/ros2-workspaces/sc_ws/install/sc_msg/share/sc_msg/cmake/rosidl_cmake_export_typesupport_libraries-extras.cmake
-- Installing: /home/pragalbhv/ros2-workspaces/sc_ws/install/sc_msg/share/sc_msg/cmake/sc_msgConfig.cmake
-- Up-to-date: /home/pragalbhv/ros2-workspaces/sc_ws/install/sc_msg/share/sc_msg/cmake/sc_msgConfig-version.cmake
-- Up-to-date: /home/pragalbhv/ros2-workspaces/sc_ws/install/sc_msg/share/sc_msg/package.xml
