[0.009s] Invoking command in '/home/pragalbhv/ros2-workspaces/sc_ws/build/sc_msg': CMAKE_PREFIX_PATH=${CMAKE_PREFIX_PATH}:/home/pragalbhv/ros2-workspaces/sc_ws/install/sc_pkg:/opt/ros/humble /usr/bin/cmake --build /home/pragalbhv/ros2-workspaces/sc_ws/build/sc_msg -- -j4 -l4
[0.026s] -- Found ament_cmake: 1.3.10 (/opt/ros/humble/share/ament_cmake/cmake)
[0.123s] -- Found geometry_msgs: 4.2.4 (/opt/ros/humble/share/geometry_msgs/cmake)
[0.143s] -- Found rosidl_generator_c: 3.1.5 (/opt/ros/humble/share/rosidl_generator_c/cmake)
[0.145s] -- Found rosidl_adapter: 3.1.5 (/opt/ros/humble/share/rosidl_adapter/cmake)
[0.149s] -- Found rosidl_generator_cpp: 3.1.5 (/opt/ros/humble/share/rosidl_generator_cpp/cmake)
[0.157s] -- Using all available rosidl_typesupport_c: rosidl_typesupport_fastrtps_c;rosidl_typesupport_introspection_c
[0.167s] -- Using all available rosidl_typesupport_cpp: rosidl_typesupport_fastrtps_cpp;rosidl_typesupport_introspection_cpp
[0.196s] -- Found rosidl_default_generators: 1.2.0 (/opt/ros/humble/share/rosidl_default_generators/cmake)
[0.460s] -- Found ament_cmake_ros: 0.10.0 (/opt/ros/humble/share/ament_cmake_ros/cmake)
[0.851s] -- Using all available rosidl_typesupport_c: rosidl_typesupport_fastrtps_c;rosidl_typesupport_introspection_c
[0.980s] -- Using all available rosidl_typesupport_cpp: rosidl_typesupport_fastrtps_cpp;rosidl_typesupport_introspection_cpp
[1.010s] -- Found PythonInterp: /usr/bin/python3 (found suitable version "3.10.12", minimum required is "3.6") 
[1.021s] -- Found python_cmake_module: 0.10.0 (/opt/ros/humble/share/python_cmake_module/cmake)
[1.056s] -- Found PythonLibs: /usr/lib/x86_64-linux-gnu/libpython3.10.so (found suitable version "3.10.12", minimum required is "3.5") 
[1.056s] -- Using PYTHON_EXECUTABLE: /usr/bin/python3
[1.056s] -- Using PYTHON_INCLUDE_DIRS: /usr/include/python3.10
[1.056s] -- Using PYTHON_LIBRARIES: /usr/lib/x86_64-linux-gnu/libpython3.10.so
[1.073s] -- Found PythonExtra: .so  
[1.170s] -- Configuring done
[1.205s] -- Generating done
[1.214s] -- Build files have been written to: /home/pragalbhv/ros2-workspaces/sc_ws/build/sc_msg
[1.234s] [  2%] [34m[1mGenerating C code for ROS interfaces[0m
[1.243s] [  5%] [34m[1mGenerating C++ code for ROS interfaces[0m
[1.249s] [  5%] Built target ament_cmake_python_copy_sc_msg
[1.447s] running egg_info
[1.448s] creating sc_msg.egg-info
[1.448s] writing sc_msg.egg-info/PKG-INFO
[1.449s] writing dependency_links to sc_msg.egg-info/dependency_links.txt
[1.449s] writing top-level names to sc_msg.egg-info/top_level.txt
[1.449s] writing manifest file 'sc_msg.egg-info/SOURCES.txt'
[1.450s] reading manifest file 'sc_msg.egg-info/SOURCES.txt'
[1.450s] writing manifest file 'sc_msg.egg-info/SOURCES.txt'
[1.472s] [  5%] Built target ament_cmake_python_build_sc_msg_egg
[1.520s] [  5%] Built target sc_msg__cpp
[1.528s] [ 10%] [34m[1mGenerating C++ type support dispatch for ROS interfaces[0m
[1.529s] [ 10%] [34m[1mGenerating C++ type support for eProsima Fast-RTPS[0m
[1.530s] [ 12%] [34m[1mGenerating C++ introspection for ROS interfaces[0m
[1.537s] [ 15%] [32mBuilding C object CMakeFiles/sc_msg__rosidl_generator_c.dir/rosidl_generator_c/sc_msg/msg/detail/commands__functions.c.o[0m
[1.658s] [ 17%] [32mBuilding C object CMakeFiles/sc_msg__rosidl_generator_c.dir/rosidl_generator_c/sc_msg/msg/detail/status__functions.c.o[0m
[1.696s] [ 20%] [32m[1mLinking C shared library libsc_msg__rosidl_generator_c.so[0m
[1.765s] [ 20%] Built target sc_msg__rosidl_generator_c
[1.779s] [ 23%] [34m[1mGenerating C type support for eProsima Fast-RTPS[0m
[1.785s] [ 25%] [32mBuilding CXX object CMakeFiles/sc_msg__rosidl_typesupport_introspection_cpp.dir/rosidl_typesupport_introspection_cpp/sc_msg/msg/detail/commands__type_support.cpp.o[0m
[1.786s] [ 28%] [32mBuilding CXX object CMakeFiles/sc_msg__rosidl_typesupport_fastrtps_cpp.dir/rosidl_typesupport_fastrtps_cpp/sc_msg/msg/detail/dds_fastrtps/commands__type_support.cpp.o[0m
[1.801s] [ 30%] [32mBuilding CXX object CMakeFiles/sc_msg__rosidl_typesupport_cpp.dir/rosidl_typesupport_cpp/sc_msg/msg/commands__type_support.cpp.o[0m
[2.041s] [ 33%] [32mBuilding CXX object CMakeFiles/sc_msg__rosidl_typesupport_fastrtps_c.dir/rosidl_typesupport_fastrtps_c/sc_msg/msg/detail/commands__type_support_c.cpp.o[0m
[2.085s] [ 35%] [32mBuilding CXX object CMakeFiles/sc_msg__rosidl_typesupport_cpp.dir/rosidl_typesupport_cpp/sc_msg/msg/status__type_support.cpp.o[0m
[2.159s] [ 38%] [32mBuilding CXX object CMakeFiles/sc_msg__rosidl_typesupport_introspection_cpp.dir/rosidl_typesupport_introspection_cpp/sc_msg/msg/detail/status__type_support.cpp.o[0m
[2.190s] [ 41%] [32mBuilding CXX object CMakeFiles/sc_msg__rosidl_typesupport_fastrtps_cpp.dir/rosidl_typesupport_fastrtps_cpp/sc_msg/msg/detail/dds_fastrtps/status__type_support.cpp.o[0m
[2.299s] [ 43%] [32m[1mLinking CXX shared library libsc_msg__rosidl_typesupport_cpp.so[0m
[2.318s] [ 46%] [32mBuilding CXX object CMakeFiles/sc_msg__rosidl_typesupport_fastrtps_c.dir/rosidl_typesupport_fastrtps_c/sc_msg/msg/detail/status__type_support_c.cpp.o[0m
[2.347s] [ 46%] Built target sc_msg__rosidl_typesupport_cpp
[2.356s] [ 48%] [34m[1mGenerating C introspection for ROS interfaces[0m
[2.500s] [ 51%] [32m[1mLinking CXX shared library libsc_msg__rosidl_typesupport_introspection_cpp.so[0m
[2.522s] [ 53%] [32m[1mLinking CXX shared library libsc_msg__rosidl_typesupport_fastrtps_cpp.so[0m
[2.596s] [ 53%] Built target sc_msg__rosidl_typesupport_introspection_cpp
[2.614s] [ 56%] [34m[1mGenerating C type support dispatch for ROS interfaces[0m
[2.618s] [ 58%] [32m[1mLinking CXX shared library libsc_msg__rosidl_typesupport_fastrtps_c.so[0m
[2.637s] [ 58%] Built target sc_msg__rosidl_typesupport_fastrtps_cpp
[2.658s] [ 61%] [32mBuilding C object CMakeFiles/sc_msg__rosidl_typesupport_introspection_c.dir/rosidl_typesupport_introspection_c/sc_msg/msg/detail/commands__type_support.c.o[0m
[2.666s] [ 64%] [32mBuilding C object CMakeFiles/sc_msg__rosidl_typesupport_introspection_c.dir/rosidl_typesupport_introspection_c/sc_msg/msg/detail/status__type_support.c.o[0m
[2.703s] [ 66%] [32m[1mLinking C shared library libsc_msg__rosidl_typesupport_introspection_c.so[0m
[2.707s] [ 66%] Built target sc_msg__rosidl_typesupport_fastrtps_c
[2.729s] [ 66%] Built target sc_msg__rosidl_typesupport_introspection_c
[2.858s] [ 71%] [32mBuilding CXX object CMakeFiles/sc_msg__rosidl_typesupport_c.dir/rosidl_typesupport_c/sc_msg/msg/commands__type_support.cpp.o[0m
[2.858s] [ 71%] [32mBuilding CXX object CMakeFiles/sc_msg__rosidl_typesupport_c.dir/rosidl_typesupport_c/sc_msg/msg/status__type_support.cpp.o[0m
[2.883s] [ 74%] [32m[1mLinking CXX shared library libsc_msg__rosidl_typesupport_c.so[0m
[2.916s] [ 74%] Built target sc_msg__rosidl_typesupport_c
[2.932s] [ 74%] Built target sc_msg
[2.948s] [ 76%] [34m[1mGenerating Python code for ROS interfaces[0m
[3.293s] [ 76%] Built target sc_msg__py
[3.309s] [ 82%] [32mBuilding C object CMakeFiles/sc_msg__rosidl_generator_py.dir/rosidl_generator_py/sc_msg/msg/_status_s.c.o[0m
[3.309s] [ 82%] [32mBuilding C object CMakeFiles/sc_msg__rosidl_generator_py.dir/rosidl_generator_py/sc_msg/msg/_commands_s.c.o[0m
[3.392s] [ 84%] [32m[1mLinking C shared library rosidl_generator_py/sc_msg/libsc_msg__rosidl_generator_py.so[0m
[3.435s] [ 84%] Built target sc_msg__rosidl_generator_py
[3.452s] [ 89%] [32mBuilding C object CMakeFiles/sc_msg__rosidl_typesupport_fastrtps_c__pyext.dir/rosidl_generator_py/sc_msg/_sc_msg_s.ep.rosidl_typesupport_fastrtps_c.c.o[0m
[3.452s] [ 89%] [32mBuilding C object CMakeFiles/sc_msg__rosidl_typesupport_c__pyext.dir/rosidl_generator_py/sc_msg/_sc_msg_s.ep.rosidl_typesupport_c.c.o[0m
[3.452s] [ 92%] [32mBuilding C object CMakeFiles/sc_msg__rosidl_typesupport_introspection_c__pyext.dir/rosidl_generator_py/sc_msg/_sc_msg_s.ep.rosidl_typesupport_introspection_c.c.o[0m
[3.535s] [ 97%] [32m[1mLinking C shared library rosidl_generator_py/sc_msg/sc_msg_s__rosidl_typesupport_fastrtps_c.cpython-310-x86_64-linux-gnu.so[0m
[3.536s] [ 97%] [32m[1mLinking C shared library rosidl_generator_py/sc_msg/sc_msg_s__rosidl_typesupport_c.cpython-310-x86_64-linux-gnu.so[0m
[3.536s] [100%] [32m[1mLinking C shared library rosidl_generator_py/sc_msg/sc_msg_s__rosidl_typesupport_introspection_c.cpython-310-x86_64-linux-gnu.so[0m
[3.572s] [100%] Built target sc_msg__rosidl_typesupport_introspection_c__pyext
[3.574s] [100%] Built target sc_msg__rosidl_typesupport_fastrtps_c__pyext
[3.575s] [100%] Built target sc_msg__rosidl_typesupport_c__pyext
[3.585s] Invoked command in '/home/pragalbhv/ros2-workspaces/sc_ws/build/sc_msg' returned '0': CMAKE_PREFIX_PATH=${CMAKE_PREFIX_PATH}:/home/pragalbhv/ros2-workspaces/sc_ws/install/sc_pkg:/opt/ros/humble /usr/bin/cmake --build /home/pragalbhv/ros2-workspaces/sc_ws/build/sc_msg -- -j4 -l4
[3.592s] Invoking command in '/home/pragalbhv/ros2-workspaces/sc_ws/build/sc_msg': CMAKE_PREFIX_PATH=${CMAKE_PREFIX_PATH}:/home/pragalbhv/ros2-workspaces/sc_ws/install/sc_pkg:/opt/ros/humble /usr/bin/cmake --install /home/pragalbhv/ros2-workspaces/sc_ws/build/sc_msg
[3.598s] -- Install configuration: ""
[3.598s] -- Installing: /home/pragalbhv/ros2-workspaces/sc_ws/install/sc_msg/share/ament_index/resource_index/rosidl_interfaces/sc_msg
[3.598s] -- Installing: /home/pragalbhv/ros2-workspaces/sc_ws/install/sc_msg/include/sc_msg/sc_msg
[3.598s] -- Installing: /home/pragalbhv/ros2-workspaces/sc_ws/install/sc_msg/include/sc_msg/sc_msg/msg
[3.598s] -- Installing: /home/pragalbhv/ros2-workspaces/sc_ws/install/sc_msg/include/sc_msg/sc_msg/msg/status.h
[3.598s] -- Installing: /home/pragalbhv/ros2-workspaces/sc_ws/install/sc_msg/include/sc_msg/sc_msg/msg/detail
[3.598s] -- Installing: /home/pragalbhv/ros2-workspaces/sc_ws/install/sc_msg/include/sc_msg/sc_msg/msg/detail/commands__type_support.h
[3.598s] -- Installing: /home/pragalbhv/ros2-workspaces/sc_ws/install/sc_msg/include/sc_msg/sc_msg/msg/detail/status__type_support.h
[3.598s] -- Installing: /home/pragalbhv/ros2-workspaces/sc_ws/install/sc_msg/include/sc_msg/sc_msg/msg/detail/commands__functions.c
[3.598s] -- Installing: /home/pragalbhv/ros2-workspaces/sc_ws/install/sc_msg/include/sc_msg/sc_msg/msg/detail/commands__struct.h
[3.599s] -- Installing: /home/pragalbhv/ros2-workspaces/sc_ws/install/sc_msg/include/sc_msg/sc_msg/msg/detail/commands__functions.h
[3.599s] -- Installing: /home/pragalbhv/ros2-workspaces/sc_ws/install/sc_msg/include/sc_msg/sc_msg/msg/detail/status__functions.h
[3.599s] -- Installing: /home/pragalbhv/ros2-workspaces/sc_ws/install/sc_msg/include/sc_msg/sc_msg/msg/detail/status__functions.c
[3.599s] -- Installing: /home/pragalbhv/ros2-workspaces/sc_ws/install/sc_msg/include/sc_msg/sc_msg/msg/detail/status__struct.h
[3.599s] -- Installing: /home/pragalbhv/ros2-workspaces/sc_ws/install/sc_msg/include/sc_msg/sc_msg/msg/commands.h
[3.599s] -- Installing: /home/pragalbhv/ros2-workspaces/sc_ws/install/sc_msg/include/sc_msg/sc_msg/msg/rosidl_generator_c__visibility_control.h
[3.599s] -- Installing: /home/pragalbhv/ros2-workspaces/sc_ws/install/sc_msg/share/sc_msg/environment/library_path.sh
[3.599s] -- Installing: /home/pragalbhv/ros2-workspaces/sc_ws/install/sc_msg/share/sc_msg/environment/library_path.dsv
[3.599s] -- Installing: /home/pragalbhv/ros2-workspaces/sc_ws/install/sc_msg/lib/libsc_msg__rosidl_generator_c.so
[3.600s] -- Set runtime path of "/home/pragalbhv/ros2-workspaces/sc_ws/install/sc_msg/lib/libsc_msg__rosidl_generator_c.so" to ""
[3.600s] -- Up-to-date: /home/pragalbhv/ros2-workspaces/sc_ws/install/sc_msg/include/sc_msg/sc_msg
[3.600s] -- Up-to-date: /home/pragalbhv/ros2-workspaces/sc_ws/install/sc_msg/include/sc_msg/sc_msg/msg
[3.600s] -- Up-to-date: /home/pragalbhv/ros2-workspaces/sc_ws/install/sc_msg/include/sc_msg/sc_msg/msg/detail
[3.600s] -- Installing: /home/pragalbhv/ros2-workspaces/sc_ws/install/sc_msg/include/sc_msg/sc_msg/msg/detail/commands__rosidl_typesupport_fastrtps_c.h
[3.600s] -- Installing: /home/pragalbhv/ros2-workspaces/sc_ws/install/sc_msg/include/sc_msg/sc_msg/msg/detail/status__rosidl_typesupport_fastrtps_c.h
[3.600s] -- Installing: /home/pragalbhv/ros2-workspaces/sc_ws/install/sc_msg/include/sc_msg/sc_msg/msg/rosidl_typesupport_fastrtps_c__visibility_control.h
[3.600s] -- Installing: /home/pragalbhv/ros2-workspaces/sc_ws/install/sc_msg/lib/libsc_msg__rosidl_typesupport_fastrtps_c.so
[3.600s] -- Set runtime path of "/home/pragalbhv/ros2-workspaces/sc_ws/install/sc_msg/lib/libsc_msg__rosidl_typesupport_fastrtps_c.so" to ""
[3.600s] -- Up-to-date: /home/pragalbhv/ros2-workspaces/sc_ws/install/sc_msg/include/sc_msg/sc_msg
[3.601s] -- Up-to-date: /home/pragalbhv/ros2-workspaces/sc_ws/install/sc_msg/include/sc_msg/sc_msg/msg
[3.601s] -- Up-to-date: /home/pragalbhv/ros2-workspaces/sc_ws/install/sc_msg/include/sc_msg/sc_msg/msg/detail
[3.601s] -- Installing: /home/pragalbhv/ros2-workspaces/sc_ws/install/sc_msg/include/sc_msg/sc_msg/msg/detail/status__builder.hpp
[3.601s] -- Installing: /home/pragalbhv/ros2-workspaces/sc_ws/install/sc_msg/include/sc_msg/sc_msg/msg/detail/commands__traits.hpp
[3.601s] -- Installing: /home/pragalbhv/ros2-workspaces/sc_ws/install/sc_msg/include/sc_msg/sc_msg/msg/detail/commands__struct.hpp
[3.601s] -- Installing: /home/pragalbhv/ros2-workspaces/sc_ws/install/sc_msg/include/sc_msg/sc_msg/msg/detail/status__traits.hpp
[3.601s] -- Installing: /home/pragalbhv/ros2-workspaces/sc_ws/install/sc_msg/include/sc_msg/sc_msg/msg/detail/commands__builder.hpp
[3.601s] -- Installing: /home/pragalbhv/ros2-workspaces/sc_ws/install/sc_msg/include/sc_msg/sc_msg/msg/detail/status__struct.hpp
[3.601s] -- Installing: /home/pragalbhv/ros2-workspaces/sc_ws/install/sc_msg/include/sc_msg/sc_msg/msg/status.hpp
[3.601s] -- Installing: /home/pragalbhv/ros2-workspaces/sc_ws/install/sc_msg/include/sc_msg/sc_msg/msg/commands.hpp
[3.601s] -- Up-to-date: /home/pragalbhv/ros2-workspaces/sc_ws/install/sc_msg/include/sc_msg/sc_msg
[3.601s] -- Up-to-date: /home/pragalbhv/ros2-workspaces/sc_ws/install/sc_msg/include/sc_msg/sc_msg/msg
[3.601s] -- Up-to-date: /home/pragalbhv/ros2-workspaces/sc_ws/install/sc_msg/include/sc_msg/sc_msg/msg/detail
[3.601s] -- Installing: /home/pragalbhv/ros2-workspaces/sc_ws/install/sc_msg/include/sc_msg/sc_msg/msg/detail/commands__rosidl_typesupport_fastrtps_cpp.hpp
[3.601s] -- Installing: /home/pragalbhv/ros2-workspaces/sc_ws/install/sc_msg/include/sc_msg/sc_msg/msg/detail/status__rosidl_typesupport_fastrtps_cpp.hpp
[3.602s] -- Installing: /home/pragalbhv/ros2-workspaces/sc_ws/install/sc_msg/include/sc_msg/sc_msg/msg/detail/dds_fastrtps
[3.602s] -- Installing: /home/pragalbhv/ros2-workspaces/sc_ws/install/sc_msg/include/sc_msg/sc_msg/msg/rosidl_typesupport_fastrtps_cpp__visibility_control.h
[3.602s] -- Installing: /home/pragalbhv/ros2-workspaces/sc_ws/install/sc_msg/lib/libsc_msg__rosidl_typesupport_fastrtps_cpp.so
[3.602s] -- Set runtime path of "/home/pragalbhv/ros2-workspaces/sc_ws/install/sc_msg/lib/libsc_msg__rosidl_typesupport_fastrtps_cpp.so" to ""
[3.602s] -- Up-to-date: /home/pragalbhv/ros2-workspaces/sc_ws/install/sc_msg/include/sc_msg/sc_msg
[3.602s] -- Up-to-date: /home/pragalbhv/ros2-workspaces/sc_ws/install/sc_msg/include/sc_msg/sc_msg/msg
[3.602s] -- Up-to-date: /home/pragalbhv/ros2-workspaces/sc_ws/install/sc_msg/include/sc_msg/sc_msg/msg/detail
[3.602s] -- Installing: /home/pragalbhv/ros2-workspaces/sc_ws/install/sc_msg/include/sc_msg/sc_msg/msg/detail/status__type_support.c
[3.602s] -- Installing: /home/pragalbhv/ros2-workspaces/sc_ws/install/sc_msg/include/sc_msg/sc_msg/msg/detail/commands__rosidl_typesupport_introspection_c.h
[3.602s] -- Installing: /home/pragalbhv/ros2-workspaces/sc_ws/install/sc_msg/include/sc_msg/sc_msg/msg/detail/status__rosidl_typesupport_introspection_c.h
[3.602s] -- Installing: /home/pragalbhv/ros2-workspaces/sc_ws/install/sc_msg/include/sc_msg/sc_msg/msg/detail/commands__type_support.c
[3.603s] -- Installing: /home/pragalbhv/ros2-workspaces/sc_ws/install/sc_msg/include/sc_msg/sc_msg/msg/rosidl_typesupport_introspection_c__visibility_control.h
[3.603s] -- Installing: /home/pragalbhv/ros2-workspaces/sc_ws/install/sc_msg/lib/libsc_msg__rosidl_typesupport_introspection_c.so
[3.603s] -- Set runtime path of "/home/pragalbhv/ros2-workspaces/sc_ws/install/sc_msg/lib/libsc_msg__rosidl_typesupport_introspection_c.so" to ""
[3.603s] -- Installing: /home/pragalbhv/ros2-workspaces/sc_ws/install/sc_msg/lib/libsc_msg__rosidl_typesupport_c.so
[3.603s] -- Set runtime path of "/home/pragalbhv/ros2-workspaces/sc_ws/install/sc_msg/lib/libsc_msg__rosidl_typesupport_c.so" to ""
[3.603s] -- Up-to-date: /home/pragalbhv/ros2-workspaces/sc_ws/install/sc_msg/include/sc_msg/sc_msg
[3.603s] -- Up-to-date: /home/pragalbhv/ros2-workspaces/sc_ws/install/sc_msg/include/sc_msg/sc_msg/msg
[3.604s] -- Up-to-date: /home/pragalbhv/ros2-workspaces/sc_ws/install/sc_msg/include/sc_msg/sc_msg/msg/detail
[3.604s] -- Installing: /home/pragalbhv/ros2-workspaces/sc_ws/install/sc_msg/include/sc_msg/sc_msg/msg/detail/commands__type_support.cpp
[3.604s] -- Installing: /home/pragalbhv/ros2-workspaces/sc_ws/install/sc_msg/include/sc_msg/sc_msg/msg/detail/status__rosidl_typesupport_introspection_cpp.hpp
[3.604s] -- Installing: /home/pragalbhv/ros2-workspaces/sc_ws/install/sc_msg/include/sc_msg/sc_msg/msg/detail/commands__rosidl_typesupport_introspection_cpp.hpp
[3.604s] -- Installing: /home/pragalbhv/ros2-workspaces/sc_ws/install/sc_msg/include/sc_msg/sc_msg/msg/detail/status__type_support.cpp
[3.604s] -- Installing: /home/pragalbhv/ros2-workspaces/sc_ws/install/sc_msg/lib/libsc_msg__rosidl_typesupport_introspection_cpp.so
[3.604s] -- Set runtime path of "/home/pragalbhv/ros2-workspaces/sc_ws/install/sc_msg/lib/libsc_msg__rosidl_typesupport_introspection_cpp.so" to ""
[3.604s] -- Installing: /home/pragalbhv/ros2-workspaces/sc_ws/install/sc_msg/lib/libsc_msg__rosidl_typesupport_cpp.so
[3.604s] -- Set runtime path of "/home/pragalbhv/ros2-workspaces/sc_ws/install/sc_msg/lib/libsc_msg__rosidl_typesupport_cpp.so" to ""
[3.605s] -- Installing: /home/pragalbhv/ros2-workspaces/sc_ws/install/sc_msg/share/sc_msg/environment/pythonpath.sh
[3.605s] -- Installing: /home/pragalbhv/ros2-workspaces/sc_ws/install/sc_msg/share/sc_msg/environment/pythonpath.dsv
[3.605s] -- Installing: /home/pragalbhv/ros2-workspaces/sc_ws/install/sc_msg/local/lib/python3.10/dist-packages/sc_msg-0.0.0-py3.10.egg-info
[3.605s] -- Installing: /home/pragalbhv/ros2-workspaces/sc_ws/install/sc_msg/local/lib/python3.10/dist-packages/sc_msg-0.0.0-py3.10.egg-info/SOURCES.txt
[3.605s] -- Installing: /home/pragalbhv/ros2-workspaces/sc_ws/install/sc_msg/local/lib/python3.10/dist-packages/sc_msg-0.0.0-py3.10.egg-info/dependency_links.txt
[3.605s] -- Installing: /home/pragalbhv/ros2-workspaces/sc_ws/install/sc_msg/local/lib/python3.10/dist-packages/sc_msg-0.0.0-py3.10.egg-info/top_level.txt
[3.605s] -- Installing: /home/pragalbhv/ros2-workspaces/sc_ws/install/sc_msg/local/lib/python3.10/dist-packages/sc_msg-0.0.0-py3.10.egg-info/PKG-INFO
[3.605s] -- Installing: /home/pragalbhv/ros2-workspaces/sc_ws/install/sc_msg/local/lib/python3.10/dist-packages/sc_msg
[3.605s] -- Installing: /home/pragalbhv/ros2-workspaces/sc_ws/install/sc_msg/local/lib/python3.10/dist-packages/sc_msg/sc_msg_s__rosidl_typesupport_fastrtps_c.cpython-310-x86_64-linux-gnu.so
[3.605s] -- Installing: /home/pragalbhv/ros2-workspaces/sc_ws/install/sc_msg/local/lib/python3.10/dist-packages/sc_msg/_sc_msg_s.ep.rosidl_typesupport_fastrtps_c.c
[3.605s] -- Installing: /home/pragalbhv/ros2-workspaces/sc_ws/install/sc_msg/local/lib/python3.10/dist-packages/sc_msg/sc_msg_s__rosidl_typesupport_introspection_c.cpython-310-x86_64-linux-gnu.so
[3.606s] -- Installing: /home/pragalbhv/ros2-workspaces/sc_ws/install/sc_msg/local/lib/python3.10/dist-packages/sc_msg/sc_msg_s__rosidl_typesupport_c.cpython-310-x86_64-linux-gnu.so
[3.606s] -- Installing: /home/pragalbhv/ros2-workspaces/sc_ws/install/sc_msg/local/lib/python3.10/dist-packages/sc_msg/msg
[3.606s] -- Installing: /home/pragalbhv/ros2-workspaces/sc_ws/install/sc_msg/local/lib/python3.10/dist-packages/sc_msg/msg/_status_s.c
[3.606s] -- Installing: /home/pragalbhv/ros2-workspaces/sc_ws/install/sc_msg/local/lib/python3.10/dist-packages/sc_msg/msg/__init__.py
[3.606s] -- Installing: /home/pragalbhv/ros2-workspaces/sc_ws/install/sc_msg/local/lib/python3.10/dist-packages/sc_msg/msg/_commands_s.c
[3.606s] -- Installing: /home/pragalbhv/ros2-workspaces/sc_ws/install/sc_msg/local/lib/python3.10/dist-packages/sc_msg/msg/_status.py
[3.606s] -- Installing: /home/pragalbhv/ros2-workspaces/sc_ws/install/sc_msg/local/lib/python3.10/dist-packages/sc_msg/msg/_commands.py
[3.606s] -- Installing: /home/pragalbhv/ros2-workspaces/sc_ws/install/sc_msg/local/lib/python3.10/dist-packages/sc_msg/libsc_msg__rosidl_generator_py.so
[3.606s] -- Installing: /home/pragalbhv/ros2-workspaces/sc_ws/install/sc_msg/local/lib/python3.10/dist-packages/sc_msg/_sc_msg_s.ep.rosidl_typesupport_c.c
[3.606s] -- Installing: /home/pragalbhv/ros2-workspaces/sc_ws/install/sc_msg/local/lib/python3.10/dist-packages/sc_msg/__init__.py
[3.606s] -- Installing: /home/pragalbhv/ros2-workspaces/sc_ws/install/sc_msg/local/lib/python3.10/dist-packages/sc_msg/_sc_msg_s.ep.rosidl_typesupport_introspection_c.c
[3.633s] Listing '/home/pragalbhv/ros2-workspaces/sc_ws/install/sc_msg/local/lib/python3.10/dist-packages/sc_msg'...
[3.633s] Compiling '/home/pragalbhv/ros2-workspaces/sc_ws/install/sc_msg/local/lib/python3.10/dist-packages/sc_msg/__init__.py'...
[3.633s] Listing '/home/pragalbhv/ros2-workspaces/sc_ws/install/sc_msg/local/lib/python3.10/dist-packages/sc_msg/msg'...
[3.633s] Compiling '/home/pragalbhv/ros2-workspaces/sc_ws/install/sc_msg/local/lib/python3.10/dist-packages/sc_msg/msg/__init__.py'...
[3.633s] Compiling '/home/pragalbhv/ros2-workspaces/sc_ws/install/sc_msg/local/lib/python3.10/dist-packages/sc_msg/msg/_commands.py'...
[3.633s] Compiling '/home/pragalbhv/ros2-workspaces/sc_ws/install/sc_msg/local/lib/python3.10/dist-packages/sc_msg/msg/_status.py'...
[3.636s] -- Installing: /home/pragalbhv/ros2-workspaces/sc_ws/install/sc_msg/local/lib/python3.10/dist-packages/sc_msg/sc_msg_s__rosidl_typesupport_fastrtps_c.cpython-310-x86_64-linux-gnu.so
[3.637s] -- Set runtime path of "/home/pragalbhv/ros2-workspaces/sc_ws/install/sc_msg/local/lib/python3.10/dist-packages/sc_msg/sc_msg_s__rosidl_typesupport_fastrtps_c.cpython-310-x86_64-linux-gnu.so" to ""
[3.637s] -- Installing: /home/pragalbhv/ros2-workspaces/sc_ws/install/sc_msg/local/lib/python3.10/dist-packages/sc_msg/sc_msg_s__rosidl_typesupport_introspection_c.cpython-310-x86_64-linux-gnu.so
[3.637s] -- Set runtime path of "/home/pragalbhv/ros2-workspaces/sc_ws/install/sc_msg/local/lib/python3.10/dist-packages/sc_msg/sc_msg_s__rosidl_typesupport_introspection_c.cpython-310-x86_64-linux-gnu.so" to ""
[3.637s] -- Installing: /home/pragalbhv/ros2-workspaces/sc_ws/install/sc_msg/local/lib/python3.10/dist-packages/sc_msg/sc_msg_s__rosidl_typesupport_c.cpython-310-x86_64-linux-gnu.so
[3.638s] -- Set runtime path of "/home/pragalbhv/ros2-workspaces/sc_ws/install/sc_msg/local/lib/python3.10/dist-packages/sc_msg/sc_msg_s__rosidl_typesupport_c.cpython-310-x86_64-linux-gnu.so" to ""
[3.638s] -- Installing: /home/pragalbhv/ros2-workspaces/sc_ws/install/sc_msg/lib/libsc_msg__rosidl_generator_py.so
[3.638s] -- Set runtime path of "/home/pragalbhv/ros2-workspaces/sc_ws/install/sc_msg/lib/libsc_msg__rosidl_generator_py.so" to ""
[3.638s] -- Installing: /home/pragalbhv/ros2-workspaces/sc_ws/install/sc_msg/share/sc_msg/msg/Commands.idl
[3.638s] -- Installing: /home/pragalbhv/ros2-workspaces/sc_ws/install/sc_msg/share/sc_msg/msg/Status.idl
[3.638s] -- Installing: /home/pragalbhv/ros2-workspaces/sc_ws/install/sc_msg/share/sc_msg/msg/Commands.msg
[3.638s] -- Installing: /home/pragalbhv/ros2-workspaces/sc_ws/install/sc_msg/share/sc_msg/msg/Status.msg
[3.638s] -- Up-to-date: /home/pragalbhv/ros2-workspaces/sc_ws/install/sc_msg/share/ament_index/resource_index/package_run_dependencies/sc_msg
[3.639s] -- Up-to-date: /home/pragalbhv/ros2-workspaces/sc_ws/install/sc_msg/share/ament_index/resource_index/parent_prefix_path/sc_msg
[3.639s] -- Up-to-date: /home/pragalbhv/ros2-workspaces/sc_ws/install/sc_msg/share/sc_msg/environment/ament_prefix_path.sh
[3.639s] -- Installing: /home/pragalbhv/ros2-workspaces/sc_ws/install/sc_msg/share/sc_msg/environment/ament_prefix_path.dsv
[3.639s] -- Up-to-date: /home/pragalbhv/ros2-workspaces/sc_ws/install/sc_msg/share/sc_msg/environment/path.sh
[3.639s] -- Installing: /home/pragalbhv/ros2-workspaces/sc_ws/install/sc_msg/share/sc_msg/environment/path.dsv
[3.639s] -- Up-to-date: /home/pragalbhv/ros2-workspaces/sc_ws/install/sc_msg/share/sc_msg/local_setup.bash
[3.639s] -- Installing: /home/pragalbhv/ros2-workspaces/sc_ws/install/sc_msg/share/sc_msg/local_setup.sh
[3.639s] -- Up-to-date: /home/pragalbhv/ros2-workspaces/sc_ws/install/sc_msg/share/sc_msg/local_setup.zsh
[3.639s] -- Installing: /home/pragalbhv/ros2-workspaces/sc_ws/install/sc_msg/share/sc_msg/local_setup.dsv
[3.639s] -- Installing: /home/pragalbhv/ros2-workspaces/sc_ws/install/sc_msg/share/sc_msg/package.dsv
[3.639s] -- Up-to-date: /home/pragalbhv/ros2-workspaces/sc_ws/install/sc_msg/share/ament_index/resource_index/packages/sc_msg
[3.639s] -- Installing: /home/pragalbhv/ros2-workspaces/sc_ws/install/sc_msg/share/sc_msg/cmake/export_sc_msg__rosidl_generator_cExport.cmake
[3.639s] -- Installing: /home/pragalbhv/ros2-workspaces/sc_ws/install/sc_msg/share/sc_msg/cmake/export_sc_msg__rosidl_generator_cExport-noconfig.cmake
[3.640s] -- Installing: /home/pragalbhv/ros2-workspaces/sc_ws/install/sc_msg/share/sc_msg/cmake/export_sc_msg__rosidl_typesupport_fastrtps_cExport.cmake
[3.640s] -- Installing: /home/pragalbhv/ros2-workspaces/sc_ws/install/sc_msg/share/sc_msg/cmake/export_sc_msg__rosidl_typesupport_fastrtps_cExport-noconfig.cmake
[3.640s] -- Installing: /home/pragalbhv/ros2-workspaces/sc_ws/install/sc_msg/share/sc_msg/cmake/export_sc_msg__rosidl_generator_cppExport.cmake
[3.640s] -- Installing: /home/pragalbhv/ros2-workspaces/sc_ws/install/sc_msg/share/sc_msg/cmake/export_sc_msg__rosidl_typesupport_fastrtps_cppExport.cmake
[3.640s] -- Installing: /home/pragalbhv/ros2-workspaces/sc_ws/install/sc_msg/share/sc_msg/cmake/export_sc_msg__rosidl_typesupport_fastrtps_cppExport-noconfig.cmake
[3.640s] -- Installing: /home/pragalbhv/ros2-workspaces/sc_ws/install/sc_msg/share/sc_msg/cmake/sc_msg__rosidl_typesupport_introspection_cExport.cmake
[3.640s] -- Installing: /home/pragalbhv/ros2-workspaces/sc_ws/install/sc_msg/share/sc_msg/cmake/sc_msg__rosidl_typesupport_introspection_cExport-noconfig.cmake
[3.640s] -- Installing: /home/pragalbhv/ros2-workspaces/sc_ws/install/sc_msg/share/sc_msg/cmake/sc_msg__rosidl_typesupport_cExport.cmake
[3.641s] -- Installing: /home/pragalbhv/ros2-workspaces/sc_ws/install/sc_msg/share/sc_msg/cmake/sc_msg__rosidl_typesupport_cExport-noconfig.cmake
[3.641s] -- Installing: /home/pragalbhv/ros2-workspaces/sc_ws/install/sc_msg/share/sc_msg/cmake/sc_msg__rosidl_typesupport_introspection_cppExport.cmake
[3.641s] -- Installing: /home/pragalbhv/ros2-workspaces/sc_ws/install/sc_msg/share/sc_msg/cmake/sc_msg__rosidl_typesupport_introspection_cppExport-noconfig.cmake
[3.641s] -- Installing: /home/pragalbhv/ros2-workspaces/sc_ws/install/sc_msg/share/sc_msg/cmake/sc_msg__rosidl_typesupport_cppExport.cmake
[3.641s] -- Installing: /home/pragalbhv/ros2-workspaces/sc_ws/install/sc_msg/share/sc_msg/cmake/sc_msg__rosidl_typesupport_cppExport-noconfig.cmake
[3.641s] -- Installing: /home/pragalbhv/ros2-workspaces/sc_ws/install/sc_msg/share/sc_msg/cmake/export_sc_msg__rosidl_generator_pyExport.cmake
[3.641s] -- Installing: /home/pragalbhv/ros2-workspaces/sc_ws/install/sc_msg/share/sc_msg/cmake/export_sc_msg__rosidl_generator_pyExport-noconfig.cmake
[3.641s] -- Installing: /home/pragalbhv/ros2-workspaces/sc_ws/install/sc_msg/share/sc_msg/cmake/rosidl_cmake-extras.cmake
[3.641s] -- Installing: /home/pragalbhv/ros2-workspaces/sc_ws/install/sc_msg/share/sc_msg/cmake/ament_cmake_export_dependencies-extras.cmake
[3.642s] -- Installing: /home/pragalbhv/ros2-workspaces/sc_ws/install/sc_msg/share/sc_msg/cmake/ament_cmake_export_include_directories-extras.cmake
[3.642s] -- Installing: /home/pragalbhv/ros2-workspaces/sc_ws/install/sc_msg/share/sc_msg/cmake/ament_cmake_export_libraries-extras.cmake
[3.642s] -- Installing: /home/pragalbhv/ros2-workspaces/sc_ws/install/sc_msg/share/sc_msg/cmake/ament_cmake_export_targets-extras.cmake
[3.642s] -- Installing: /home/pragalbhv/ros2-workspaces/sc_ws/install/sc_msg/share/sc_msg/cmake/rosidl_cmake_export_typesupport_targets-extras.cmake
[3.642s] -- Installing: /home/pragalbhv/ros2-workspaces/sc_ws/install/sc_msg/share/sc_msg/cmake/rosidl_cmake_export_typesupport_libraries-extras.cmake
[3.642s] -- Installing: /home/pragalbhv/ros2-workspaces/sc_ws/install/sc_msg/share/sc_msg/cmake/sc_msgConfig.cmake
[3.642s] -- Up-to-date: /home/pragalbhv/ros2-workspaces/sc_ws/install/sc_msg/share/sc_msg/cmake/sc_msgConfig-version.cmake
[3.642s] -- Up-to-date: /home/pragalbhv/ros2-workspaces/sc_ws/install/sc_msg/share/sc_msg/package.xml
[3.644s] Invoked command in '/home/pragalbhv/ros2-workspaces/sc_ws/build/sc_msg' returned '0': CMAKE_PREFIX_PATH=${CMAKE_PREFIX_PATH}:/home/pragalbhv/ros2-workspaces/sc_ws/install/sc_pkg:/opt/ros/humble /usr/bin/cmake --install /home/pragalbhv/ros2-workspaces/sc_ws/build/sc_msg
