running egg_info
creating ../../build/samplepkg/samplepkg.egg-info
writing ../../build/samplepkg/samplepkg.egg-info/PKG-INFO
writing dependency_links to ../../build/samplepkg/samplepkg.egg-info/dependency_links.txt
writing entry points to ../../build/samplepkg/samplepkg.egg-info/entry_points.txt
writing requirements to ../../build/samplepkg/samplepkg.egg-info/requires.txt
writing top-level names to ../../build/samplepkg/samplepkg.egg-info/top_level.txt
writing manifest file '../../build/samplepkg/samplepkg.egg-info/SOURCES.txt'
reading manifest file '../../build/samplepkg/samplepkg.egg-info/SOURCES.txt'
adding license file 'LICENSE'
writing manifest file '../../build/samplepkg/samplepkg.egg-info/SOURCES.txt'
running build
running build_py
creating /home/pragalbhv/ros2-workspaces/sample_ws/build/samplepkg/build
creating /home/pragalbhv/ros2-workspaces/sample_ws/build/samplepkg/build/lib
creating /home/pragalbhv/ros2-workspaces/sample_ws/build/samplepkg/build/lib/samplepkg
copying samplepkg/__init__.py -> /home/pragalbhv/ros2-workspaces/sample_ws/build/samplepkg/build/lib/samplepkg
copying samplepkg/sample.py -> /home/pragalbhv/ros2-workspaces/sample_ws/build/samplepkg/build/lib/samplepkg
running install
running install_lib
creating /home/pragalbhv/ros2-workspaces/sample_ws/install/samplepkg/lib/python3.10/site-packages/samplepkg
copying /home/pragalbhv/ros2-workspaces/sample_ws/build/samplepkg/build/lib/samplepkg/__init__.py -> /home/pragalbhv/ros2-workspaces/sample_ws/install/samplepkg/lib/python3.10/site-packages/samplepkg
copying /home/pragalbhv/ros2-workspaces/sample_ws/build/samplepkg/build/lib/samplepkg/sample.py -> /home/pragalbhv/ros2-workspaces/sample_ws/install/samplepkg/lib/python3.10/site-packages/samplepkg
byte-compiling /home/pragalbhv/ros2-workspaces/sample_ws/install/samplepkg/lib/python3.10/site-packages/samplepkg/__init__.py to __init__.cpython-310.pyc
byte-compiling /home/pragalbhv/ros2-workspaces/sample_ws/install/samplepkg/lib/python3.10/site-packages/samplepkg/sample.py to sample.cpython-310.pyc
running install_data
creating /home/pragalbhv/ros2-workspaces/sample_ws/install/samplepkg/share/ament_index
creating /home/pragalbhv/ros2-workspaces/sample_ws/install/samplepkg/share/ament_index/resource_index
creating /home/pragalbhv/ros2-workspaces/sample_ws/install/samplepkg/share/ament_index/resource_index/packages
copying resource/samplepkg -> /home/pragalbhv/ros2-workspaces/sample_ws/install/samplepkg/share/ament_index/resource_index/packages
copying package.xml -> /home/pragalbhv/ros2-workspaces/sample_ws/install/samplepkg/share/samplepkg
running install_egg_info
Copying ../../build/samplepkg/samplepkg.egg-info to /home/pragalbhv/ros2-workspaces/sample_ws/install/samplepkg/lib/python3.10/site-packages/samplepkg-0.0.0-py3.10.egg-info
running install_scripts
Installing samp script to /home/pragalbhv/ros2-workspaces/sample_ws/install/samplepkg/lib/samplepkg
writing list of installed files to '/home/pragalbhv/ros2-workspaces/sample_ws/build/samplepkg/install.log'
