[0.009s] Invoking command in '/home/pragalbhv/ros2-workspaces/sc_ws/build/sc_msg': CMAKE_PREFIX_PATH=${CMAKE_PREFIX_PATH}:/home/pragalbhv/ros2-workspaces/sc_ws/install/sc_pkg:/opt/ros/humble /usr/bin/cmake --build /home/pragalbhv/ros2-workspaces/sc_ws/build/sc_msg -- -j4 -l4
[0.048s] [ 10%] Built target sc_msg__rosidl_generator_c
[0.050s] [ 12%] Built target sc_msg__cpp
[0.058s] [ 12%] Built target ament_cmake_python_copy_sc_msg
[0.067s] [ 23%] Built target sc_msg__rosidl_typesupport_introspection_c
[0.067s] [ 33%] Built target sc_msg__rosidl_typesupport_fastrtps_c
[0.068s] [ 43%] Built target sc_msg__rosidl_typesupport_c
[0.075s] [ 53%] Built target sc_msg__rosidl_typesupport_introspection_cpp
[0.084s] [ 64%] Built target sc_msg__rosidl_typesupport_cpp
[0.086s] [ 74%] Built target sc_msg__rosidl_typesupport_fastrtps_cpp
[0.102s] [ 74%] Built target sc_msg
[0.119s] [ 76%] Built target sc_msg__py
[0.138s] [ 84%] Built target sc_msg__rosidl_generator_py
[0.157s] [100%] Built target sc_msg__rosidl_typesupport_fastrtps_c__pyext
[0.157s] [100%] Built target sc_msg__rosidl_typesupport_c__pyext
[0.157s] [100%] Built target sc_msg__rosidl_typesupport_introspection_c__pyext
[0.266s] running egg_info
[0.266s] writing sc_msg.egg-info/PKG-INFO
[0.266s] writing dependency_links to sc_msg.egg-info/dependency_links.txt
[0.266s] writing top-level names to sc_msg.egg-info/top_level.txt
[0.268s] reading manifest file 'sc_msg.egg-info/SOURCES.txt'
[0.269s] writing manifest file 'sc_msg.egg-info/SOURCES.txt'
[0.287s] [100%] Built target ament_cmake_python_build_sc_msg_egg
[0.296s] Invoked command in '/home/pragalbhv/ros2-workspaces/sc_ws/build/sc_msg' returned '0': CMAKE_PREFIX_PATH=${CMAKE_PREFIX_PATH}:/home/pragalbhv/ros2-workspaces/sc_ws/install/sc_pkg:/opt/ros/humble /usr/bin/cmake --build /home/pragalbhv/ros2-workspaces/sc_ws/build/sc_msg -- -j4 -l4
[0.304s] Invoking command in '/home/pragalbhv/ros2-workspaces/sc_ws/build/sc_msg': CMAKE_PREFIX_PATH=${CMAKE_PREFIX_PATH}:/home/pragalbhv/ros2-workspaces/sc_ws/install/sc_pkg:/opt/ros/humble /usr/bin/cmake --install /home/pragalbhv/ros2-workspaces/sc_ws/build/sc_msg
[0.310s] -- Install configuration: ""
[0.311s] -- Up-to-date: /home/pragalbhv/ros2-workspaces/sc_ws/install/sc_msg/share/ament_index/resource_index/rosidl_interfaces/sc_msg
[0.311s] -- Up-to-date: /home/pragalbhv/ros2-workspaces/sc_ws/install/sc_msg/include/sc_msg/sc_msg
[0.311s] -- Up-to-date: /home/pragalbhv/ros2-workspaces/sc_ws/install/sc_msg/include/sc_msg/sc_msg/msg
[0.311s] -- Up-to-date: /home/pragalbhv/ros2-workspaces/sc_ws/install/sc_msg/include/sc_msg/sc_msg/msg/status.h
[0.311s] -- Up-to-date: /home/pragalbhv/ros2-workspaces/sc_ws/install/sc_msg/include/sc_msg/sc_msg/msg/detail
[0.311s] -- Up-to-date: /home/pragalbhv/ros2-workspaces/sc_ws/install/sc_msg/include/sc_msg/sc_msg/msg/detail/commands__type_support.h
[0.311s] -- Up-to-date: /home/pragalbhv/ros2-workspaces/sc_ws/install/sc_msg/include/sc_msg/sc_msg/msg/detail/status__type_support.h
[0.311s] -- Up-to-date: /home/pragalbhv/ros2-workspaces/sc_ws/install/sc_msg/include/sc_msg/sc_msg/msg/detail/commands__functions.c
[0.311s] -- Up-to-date: /home/pragalbhv/ros2-workspaces/sc_ws/install/sc_msg/include/sc_msg/sc_msg/msg/detail/commands__struct.h
[0.311s] -- Up-to-date: /home/pragalbhv/ros2-workspaces/sc_ws/install/sc_msg/include/sc_msg/sc_msg/msg/detail/commands__functions.h
[0.311s] -- Up-to-date: /home/pragalbhv/ros2-workspaces/sc_ws/install/sc_msg/include/sc_msg/sc_msg/msg/detail/status__functions.h
[0.311s] -- Up-to-date: /home/pragalbhv/ros2-workspaces/sc_ws/install/sc_msg/include/sc_msg/sc_msg/msg/detail/status__functions.c
[0.311s] -- Up-to-date: /home/pragalbhv/ros2-workspaces/sc_ws/install/sc_msg/include/sc_msg/sc_msg/msg/detail/status__struct.h
[0.311s] -- Up-to-date: /home/pragalbhv/ros2-workspaces/sc_ws/install/sc_msg/include/sc_msg/sc_msg/msg/commands.h
[0.311s] -- Up-to-date: /home/pragalbhv/ros2-workspaces/sc_ws/install/sc_msg/include/sc_msg/sc_msg/msg/rosidl_generator_c__visibility_control.h
[0.311s] -- Up-to-date: /home/pragalbhv/ros2-workspaces/sc_ws/install/sc_msg/share/sc_msg/environment/library_path.sh
[0.311s] -- Up-to-date: /home/pragalbhv/ros2-workspaces/sc_ws/install/sc_msg/share/sc_msg/environment/library_path.dsv
[0.311s] -- Up-to-date: /home/pragalbhv/ros2-workspaces/sc_ws/install/sc_msg/lib/libsc_msg__rosidl_generator_c.so
[0.311s] -- Up-to-date: /home/pragalbhv/ros2-workspaces/sc_ws/install/sc_msg/include/sc_msg/sc_msg
[0.312s] -- Up-to-date: /home/pragalbhv/ros2-workspaces/sc_ws/install/sc_msg/include/sc_msg/sc_msg/msg
[0.312s] -- Up-to-date: /home/pragalbhv/ros2-workspaces/sc_ws/install/sc_msg/include/sc_msg/sc_msg/msg/detail
[0.312s] -- Up-to-date: /home/pragalbhv/ros2-workspaces/sc_ws/install/sc_msg/include/sc_msg/sc_msg/msg/detail/commands__rosidl_typesupport_fastrtps_c.h
[0.312s] -- Up-to-date: /home/pragalbhv/ros2-workspaces/sc_ws/install/sc_msg/include/sc_msg/sc_msg/msg/detail/status__rosidl_typesupport_fastrtps_c.h
[0.312s] -- Up-to-date: /home/pragalbhv/ros2-workspaces/sc_ws/install/sc_msg/include/sc_msg/sc_msg/msg/rosidl_typesupport_fastrtps_c__visibility_control.h
[0.312s] -- Up-to-date: /home/pragalbhv/ros2-workspaces/sc_ws/install/sc_msg/lib/libsc_msg__rosidl_typesupport_fastrtps_c.so
[0.312s] -- Up-to-date: /home/pragalbhv/ros2-workspaces/sc_ws/install/sc_msg/include/sc_msg/sc_msg
[0.312s] -- Up-to-date: /home/pragalbhv/ros2-workspaces/sc_ws/install/sc_msg/include/sc_msg/sc_msg/msg
[0.312s] -- Up-to-date: /home/pragalbhv/ros2-workspaces/sc_ws/install/sc_msg/include/sc_msg/sc_msg/msg/detail
[0.312s] -- Up-to-date: /home/pragalbhv/ros2-workspaces/sc_ws/install/sc_msg/include/sc_msg/sc_msg/msg/detail/status__builder.hpp
[0.312s] -- Up-to-date: /home/pragalbhv/ros2-workspaces/sc_ws/install/sc_msg/include/sc_msg/sc_msg/msg/detail/commands__traits.hpp
[0.312s] -- Up-to-date: /home/pragalbhv/ros2-workspaces/sc_ws/install/sc_msg/include/sc_msg/sc_msg/msg/detail/commands__struct.hpp
[0.312s] -- Up-to-date: /home/pragalbhv/ros2-workspaces/sc_ws/install/sc_msg/include/sc_msg/sc_msg/msg/detail/status__traits.hpp
[0.312s] -- Up-to-date: /home/pragalbhv/ros2-workspaces/sc_ws/install/sc_msg/include/sc_msg/sc_msg/msg/detail/commands__builder.hpp
[0.312s] -- Up-to-date: /home/pragalbhv/ros2-workspaces/sc_ws/install/sc_msg/include/sc_msg/sc_msg/msg/detail/status__struct.hpp
[0.312s] -- Up-to-date: /home/pragalbhv/ros2-workspaces/sc_ws/install/sc_msg/include/sc_msg/sc_msg/msg/status.hpp
[0.312s] -- Up-to-date: /home/pragalbhv/ros2-workspaces/sc_ws/install/sc_msg/include/sc_msg/sc_msg/msg/commands.hpp
[0.312s] -- Up-to-date: /home/pragalbhv/ros2-workspaces/sc_ws/install/sc_msg/include/sc_msg/sc_msg
[0.313s] -- Up-to-date: /home/pragalbhv/ros2-workspaces/sc_ws/install/sc_msg/include/sc_msg/sc_msg/msg
[0.313s] -- Up-to-date: /home/pragalbhv/ros2-workspaces/sc_ws/install/sc_msg/include/sc_msg/sc_msg/msg/detail
[0.313s] -- Up-to-date: /home/pragalbhv/ros2-workspaces/sc_ws/install/sc_msg/include/sc_msg/sc_msg/msg/detail/commands__rosidl_typesupport_fastrtps_cpp.hpp
[0.313s] -- Up-to-date: /home/pragalbhv/ros2-workspaces/sc_ws/install/sc_msg/include/sc_msg/sc_msg/msg/detail/status__rosidl_typesupport_fastrtps_cpp.hpp
[0.313s] -- Up-to-date: /home/pragalbhv/ros2-workspaces/sc_ws/install/sc_msg/include/sc_msg/sc_msg/msg/detail/dds_fastrtps
[0.313s] -- Up-to-date: /home/pragalbhv/ros2-workspaces/sc_ws/install/sc_msg/include/sc_msg/sc_msg/msg/rosidl_typesupport_fastrtps_cpp__visibility_control.h
[0.313s] -- Up-to-date: /home/pragalbhv/ros2-workspaces/sc_ws/install/sc_msg/lib/libsc_msg__rosidl_typesupport_fastrtps_cpp.so
[0.313s] -- Up-to-date: /home/pragalbhv/ros2-workspaces/sc_ws/install/sc_msg/include/sc_msg/sc_msg
[0.313s] -- Up-to-date: /home/pragalbhv/ros2-workspaces/sc_ws/install/sc_msg/include/sc_msg/sc_msg/msg
[0.313s] -- Up-to-date: /home/pragalbhv/ros2-workspaces/sc_ws/install/sc_msg/include/sc_msg/sc_msg/msg/detail
[0.313s] -- Up-to-date: /home/pragalbhv/ros2-workspaces/sc_ws/install/sc_msg/include/sc_msg/sc_msg/msg/detail/status__type_support.c
[0.313s] -- Up-to-date: /home/pragalbhv/ros2-workspaces/sc_ws/install/sc_msg/include/sc_msg/sc_msg/msg/detail/commands__rosidl_typesupport_introspection_c.h
[0.313s] -- Up-to-date: /home/pragalbhv/ros2-workspaces/sc_ws/install/sc_msg/include/sc_msg/sc_msg/msg/detail/status__rosidl_typesupport_introspection_c.h
[0.313s] -- Up-to-date: /home/pragalbhv/ros2-workspaces/sc_ws/install/sc_msg/include/sc_msg/sc_msg/msg/detail/commands__type_support.c
[0.313s] -- Up-to-date: /home/pragalbhv/ros2-workspaces/sc_ws/install/sc_msg/include/sc_msg/sc_msg/msg/rosidl_typesupport_introspection_c__visibility_control.h
[0.313s] -- Up-to-date: /home/pragalbhv/ros2-workspaces/sc_ws/install/sc_msg/lib/libsc_msg__rosidl_typesupport_introspection_c.so
[0.313s] -- Up-to-date: /home/pragalbhv/ros2-workspaces/sc_ws/install/sc_msg/lib/libsc_msg__rosidl_typesupport_c.so
[0.313s] -- Up-to-date: /home/pragalbhv/ros2-workspaces/sc_ws/install/sc_msg/include/sc_msg/sc_msg
[0.313s] -- Up-to-date: /home/pragalbhv/ros2-workspaces/sc_ws/install/sc_msg/include/sc_msg/sc_msg/msg
[0.313s] -- Up-to-date: /home/pragalbhv/ros2-workspaces/sc_ws/install/sc_msg/include/sc_msg/sc_msg/msg/detail
[0.313s] -- Up-to-date: /home/pragalbhv/ros2-workspaces/sc_ws/install/sc_msg/include/sc_msg/sc_msg/msg/detail/commands__type_support.cpp
[0.314s] -- Up-to-date: /home/pragalbhv/ros2-workspaces/sc_ws/install/sc_msg/include/sc_msg/sc_msg/msg/detail/status__rosidl_typesupport_introspection_cpp.hpp
[0.314s] -- Up-to-date: /home/pragalbhv/ros2-workspaces/sc_ws/install/sc_msg/include/sc_msg/sc_msg/msg/detail/commands__rosidl_typesupport_introspection_cpp.hpp
[0.314s] -- Up-to-date: /home/pragalbhv/ros2-workspaces/sc_ws/install/sc_msg/include/sc_msg/sc_msg/msg/detail/status__type_support.cpp
[0.314s] -- Up-to-date: /home/pragalbhv/ros2-workspaces/sc_ws/install/sc_msg/lib/libsc_msg__rosidl_typesupport_introspection_cpp.so
[0.314s] -- Up-to-date: /home/pragalbhv/ros2-workspaces/sc_ws/install/sc_msg/lib/libsc_msg__rosidl_typesupport_cpp.so
[0.314s] -- Up-to-date: /home/pragalbhv/ros2-workspaces/sc_ws/install/sc_msg/share/sc_msg/environment/pythonpath.sh
[0.314s] -- Up-to-date: /home/pragalbhv/ros2-workspaces/sc_ws/install/sc_msg/share/sc_msg/environment/pythonpath.dsv
[0.314s] -- Up-to-date: /home/pragalbhv/ros2-workspaces/sc_ws/install/sc_msg/local/lib/python3.10/dist-packages/sc_msg-0.0.0-py3.10.egg-info
[0.314s] -- Installing: /home/pragalbhv/ros2-workspaces/sc_ws/install/sc_msg/local/lib/python3.10/dist-packages/sc_msg-0.0.0-py3.10.egg-info/SOURCES.txt
[0.314s] -- Installing: /home/pragalbhv/ros2-workspaces/sc_ws/install/sc_msg/local/lib/python3.10/dist-packages/sc_msg-0.0.0-py3.10.egg-info/dependency_links.txt
[0.314s] -- Installing: /home/pragalbhv/ros2-workspaces/sc_ws/install/sc_msg/local/lib/python3.10/dist-packages/sc_msg-0.0.0-py3.10.egg-info/top_level.txt
[0.314s] -- Installing: /home/pragalbhv/ros2-workspaces/sc_ws/install/sc_msg/local/lib/python3.10/dist-packages/sc_msg-0.0.0-py3.10.egg-info/PKG-INFO
[0.314s] -- Up-to-date: /home/pragalbhv/ros2-workspaces/sc_ws/install/sc_msg/local/lib/python3.10/dist-packages/sc_msg
[0.314s] -- Up-to-date: /home/pragalbhv/ros2-workspaces/sc_ws/install/sc_msg/local/lib/python3.10/dist-packages/sc_msg/sc_msg_s__rosidl_typesupport_fastrtps_c.cpython-310-x86_64-linux-gnu.so
[0.314s] -- Up-to-date: /home/pragalbhv/ros2-workspaces/sc_ws/install/sc_msg/local/lib/python3.10/dist-packages/sc_msg/_sc_msg_s.ep.rosidl_typesupport_fastrtps_c.c
[0.314s] -- Up-to-date: /home/pragalbhv/ros2-workspaces/sc_ws/install/sc_msg/local/lib/python3.10/dist-packages/sc_msg/sc_msg_s__rosidl_typesupport_introspection_c.cpython-310-x86_64-linux-gnu.so
[0.315s] -- Up-to-date: /home/pragalbhv/ros2-workspaces/sc_ws/install/sc_msg/local/lib/python3.10/dist-packages/sc_msg/sc_msg_s__rosidl_typesupport_c.cpython-310-x86_64-linux-gnu.so
[0.315s] -- Up-to-date: /home/pragalbhv/ros2-workspaces/sc_ws/install/sc_msg/local/lib/python3.10/dist-packages/sc_msg/msg
[0.315s] -- Up-to-date: /home/pragalbhv/ros2-workspaces/sc_ws/install/sc_msg/local/lib/python3.10/dist-packages/sc_msg/msg/_status_s.c
[0.315s] -- Up-to-date: /home/pragalbhv/ros2-workspaces/sc_ws/install/sc_msg/local/lib/python3.10/dist-packages/sc_msg/msg/__init__.py
[0.315s] -- Up-to-date: /home/pragalbhv/ros2-workspaces/sc_ws/install/sc_msg/local/lib/python3.10/dist-packages/sc_msg/msg/_commands_s.c
[0.315s] -- Up-to-date: /home/pragalbhv/ros2-workspaces/sc_ws/install/sc_msg/local/lib/python3.10/dist-packages/sc_msg/msg/_status.py
[0.315s] -- Up-to-date: /home/pragalbhv/ros2-workspaces/sc_ws/install/sc_msg/local/lib/python3.10/dist-packages/sc_msg/msg/_commands.py
[0.315s] -- Up-to-date: /home/pragalbhv/ros2-workspaces/sc_ws/install/sc_msg/local/lib/python3.10/dist-packages/sc_msg/libsc_msg__rosidl_generator_py.so
[0.315s] -- Up-to-date: /home/pragalbhv/ros2-workspaces/sc_ws/install/sc_msg/local/lib/python3.10/dist-packages/sc_msg/_sc_msg_s.ep.rosidl_typesupport_c.c
[0.315s] -- Up-to-date: /home/pragalbhv/ros2-workspaces/sc_ws/install/sc_msg/local/lib/python3.10/dist-packages/sc_msg/__init__.py
[0.315s] -- Up-to-date: /home/pragalbhv/ros2-workspaces/sc_ws/install/sc_msg/local/lib/python3.10/dist-packages/sc_msg/_sc_msg_s.ep.rosidl_typesupport_introspection_c.c
[0.339s] Listing '/home/pragalbhv/ros2-workspaces/sc_ws/install/sc_msg/local/lib/python3.10/dist-packages/sc_msg'...
[0.340s] Listing '/home/pragalbhv/ros2-workspaces/sc_ws/install/sc_msg/local/lib/python3.10/dist-packages/sc_msg/msg'...
[0.343s] -- Up-to-date: /home/pragalbhv/ros2-workspaces/sc_ws/install/sc_msg/local/lib/python3.10/dist-packages/sc_msg/sc_msg_s__rosidl_typesupport_fastrtps_c.cpython-310-x86_64-linux-gnu.so
[0.343s] -- Up-to-date: /home/pragalbhv/ros2-workspaces/sc_ws/install/sc_msg/local/lib/python3.10/dist-packages/sc_msg/sc_msg_s__rosidl_typesupport_introspection_c.cpython-310-x86_64-linux-gnu.so
[0.343s] -- Up-to-date: /home/pragalbhv/ros2-workspaces/sc_ws/install/sc_msg/local/lib/python3.10/dist-packages/sc_msg/sc_msg_s__rosidl_typesupport_c.cpython-310-x86_64-linux-gnu.so
[0.343s] -- Up-to-date: /home/pragalbhv/ros2-workspaces/sc_ws/install/sc_msg/lib/libsc_msg__rosidl_generator_py.so
[0.344s] -- Up-to-date: /home/pragalbhv/ros2-workspaces/sc_ws/install/sc_msg/share/sc_msg/msg/Commands.idl
[0.344s] -- Up-to-date: /home/pragalbhv/ros2-workspaces/sc_ws/install/sc_msg/share/sc_msg/msg/Status.idl
[0.344s] -- Up-to-date: /home/pragalbhv/ros2-workspaces/sc_ws/install/sc_msg/share/sc_msg/msg/Commands.msg
[0.344s] -- Up-to-date: /home/pragalbhv/ros2-workspaces/sc_ws/install/sc_msg/share/sc_msg/msg/Status.msg
[0.344s] -- Up-to-date: /home/pragalbhv/ros2-workspaces/sc_ws/install/sc_msg/share/ament_index/resource_index/package_run_dependencies/sc_msg
[0.344s] -- Up-to-date: /home/pragalbhv/ros2-workspaces/sc_ws/install/sc_msg/share/ament_index/resource_index/parent_prefix_path/sc_msg
[0.344s] -- Up-to-date: /home/pragalbhv/ros2-workspaces/sc_ws/install/sc_msg/share/sc_msg/environment/ament_prefix_path.sh
[0.344s] -- Up-to-date: /home/pragalbhv/ros2-workspaces/sc_ws/install/sc_msg/share/sc_msg/environment/ament_prefix_path.dsv
[0.344s] -- Up-to-date: /home/pragalbhv/ros2-workspaces/sc_ws/install/sc_msg/share/sc_msg/environment/path.sh
[0.344s] -- Up-to-date: /home/pragalbhv/ros2-workspaces/sc_ws/install/sc_msg/share/sc_msg/environment/path.dsv
[0.345s] -- Up-to-date: /home/pragalbhv/ros2-workspaces/sc_ws/install/sc_msg/share/sc_msg/local_setup.bash
[0.345s] -- Up-to-date: /home/pragalbhv/ros2-workspaces/sc_ws/install/sc_msg/share/sc_msg/local_setup.sh
[0.345s] -- Up-to-date: /home/pragalbhv/ros2-workspaces/sc_ws/install/sc_msg/share/sc_msg/local_setup.zsh
[0.345s] -- Up-to-date: /home/pragalbhv/ros2-workspaces/sc_ws/install/sc_msg/share/sc_msg/local_setup.dsv
[0.345s] -- Installing: /home/pragalbhv/ros2-workspaces/sc_ws/install/sc_msg/share/sc_msg/package.dsv
[0.345s] -- Up-to-date: /home/pragalbhv/ros2-workspaces/sc_ws/install/sc_msg/share/ament_index/resource_index/packages/sc_msg
[0.345s] -- Up-to-date: /home/pragalbhv/ros2-workspaces/sc_ws/install/sc_msg/share/sc_msg/cmake/export_sc_msg__rosidl_generator_cExport.cmake
[0.345s] -- Up-to-date: /home/pragalbhv/ros2-workspaces/sc_ws/install/sc_msg/share/sc_msg/cmake/export_sc_msg__rosidl_generator_cExport-noconfig.cmake
[0.345s] -- Up-to-date: /home/pragalbhv/ros2-workspaces/sc_ws/install/sc_msg/share/sc_msg/cmake/export_sc_msg__rosidl_typesupport_fastrtps_cExport.cmake
[0.345s] -- Up-to-date: /home/pragalbhv/ros2-workspaces/sc_ws/install/sc_msg/share/sc_msg/cmake/export_sc_msg__rosidl_typesupport_fastrtps_cExport-noconfig.cmake
[0.345s] -- Up-to-date: /home/pragalbhv/ros2-workspaces/sc_ws/install/sc_msg/share/sc_msg/cmake/export_sc_msg__rosidl_generator_cppExport.cmake
[0.345s] -- Up-to-date: /home/pragalbhv/ros2-workspaces/sc_ws/install/sc_msg/share/sc_msg/cmake/export_sc_msg__rosidl_typesupport_fastrtps_cppExport.cmake
[0.345s] -- Up-to-date: /home/pragalbhv/ros2-workspaces/sc_ws/install/sc_msg/share/sc_msg/cmake/export_sc_msg__rosidl_typesupport_fastrtps_cppExport-noconfig.cmake
[0.345s] -- Up-to-date: /home/pragalbhv/ros2-workspaces/sc_ws/install/sc_msg/share/sc_msg/cmake/sc_msg__rosidl_typesupport_introspection_cExport.cmake
[0.345s] -- Up-to-date: /home/pragalbhv/ros2-workspaces/sc_ws/install/sc_msg/share/sc_msg/cmake/sc_msg__rosidl_typesupport_introspection_cExport-noconfig.cmake
[0.345s] -- Up-to-date: /home/pragalbhv/ros2-workspaces/sc_ws/install/sc_msg/share/sc_msg/cmake/sc_msg__rosidl_typesupport_cExport.cmake
[0.345s] -- Up-to-date: /home/pragalbhv/ros2-workspaces/sc_ws/install/sc_msg/share/sc_msg/cmake/sc_msg__rosidl_typesupport_cExport-noconfig.cmake
[0.345s] -- Up-to-date: /home/pragalbhv/ros2-workspaces/sc_ws/install/sc_msg/share/sc_msg/cmake/sc_msg__rosidl_typesupport_introspection_cppExport.cmake
[0.346s] -- Up-to-date: /home/pragalbhv/ros2-workspaces/sc_ws/install/sc_msg/share/sc_msg/cmake/sc_msg__rosidl_typesupport_introspection_cppExport-noconfig.cmake
[0.346s] -- Up-to-date: /home/pragalbhv/ros2-workspaces/sc_ws/install/sc_msg/share/sc_msg/cmake/sc_msg__rosidl_typesupport_cppExport.cmake
[0.346s] -- Up-to-date: /home/pragalbhv/ros2-workspaces/sc_ws/install/sc_msg/share/sc_msg/cmake/sc_msg__rosidl_typesupport_cppExport-noconfig.cmake
[0.346s] -- Up-to-date: /home/pragalbhv/ros2-workspaces/sc_ws/install/sc_msg/share/sc_msg/cmake/export_sc_msg__rosidl_generator_pyExport.cmake
[0.346s] -- Up-to-date: /home/pragalbhv/ros2-workspaces/sc_ws/install/sc_msg/share/sc_msg/cmake/export_sc_msg__rosidl_generator_pyExport-noconfig.cmake
[0.346s] -- Up-to-date: /home/pragalbhv/ros2-workspaces/sc_ws/install/sc_msg/share/sc_msg/cmake/rosidl_cmake-extras.cmake
[0.346s] -- Up-to-date: /home/pragalbhv/ros2-workspaces/sc_ws/install/sc_msg/share/sc_msg/cmake/ament_cmake_export_dependencies-extras.cmake
[0.346s] -- Up-to-date: /home/pragalbhv/ros2-workspaces/sc_ws/install/sc_msg/share/sc_msg/cmake/ament_cmake_export_include_directories-extras.cmake
[0.346s] -- Up-to-date: /home/pragalbhv/ros2-workspaces/sc_ws/install/sc_msg/share/sc_msg/cmake/ament_cmake_export_libraries-extras.cmake
[0.346s] -- Up-to-date: /home/pragalbhv/ros2-workspaces/sc_ws/install/sc_msg/share/sc_msg/cmake/ament_cmake_export_targets-extras.cmake
[0.346s] -- Up-to-date: /home/pragalbhv/ros2-workspaces/sc_ws/install/sc_msg/share/sc_msg/cmake/rosidl_cmake_export_typesupport_targets-extras.cmake
[0.346s] -- Up-to-date: /home/pragalbhv/ros2-workspaces/sc_ws/install/sc_msg/share/sc_msg/cmake/rosidl_cmake_export_typesupport_libraries-extras.cmake
[0.346s] -- Up-to-date: /home/pragalbhv/ros2-workspaces/sc_ws/install/sc_msg/share/sc_msg/cmake/sc_msgConfig.cmake
[0.346s] -- Up-to-date: /home/pragalbhv/ros2-workspaces/sc_ws/install/sc_msg/share/sc_msg/cmake/sc_msgConfig-version.cmake
[0.346s] -- Up-to-date: /home/pragalbhv/ros2-workspaces/sc_ws/install/sc_msg/share/sc_msg/package.xml
[0.348s] Invoked command in '/home/pragalbhv/ros2-workspaces/sc_ws/build/sc_msg' returned '0': CMAKE_PREFIX_PATH=${CMAKE_PREFIX_PATH}:/home/pragalbhv/ros2-workspaces/sc_ws/install/sc_pkg:/opt/ros/humble /usr/bin/cmake --install /home/pragalbhv/ros2-workspaces/sc_ws/build/sc_msg
