[0.844s] Invoking command in '/home/pragalbhv/ros2-workspaces/model_sc_ws/src/model_sc_pkg': LD_LIBRARY_PATH=/home/pragalbhv/ros2-workspaces/model_sc_ws/install/model_sc_msg/lib:${LD_LIBRARY_PATH} PYTHONPATH=/home/pragalbhv/ros2-workspaces/model_sc_ws/build/model_sc_pkg/prefix_override:/usr/lib/python3/dist-packages/colcon_core/task/python/colcon_distutils_commands:/home/pragalbhv/ros2-workspaces/model_sc_ws/install/model_sc_pkg/lib/python3.10/site-packages:/home/pragalbhv/ros2-workspaces/model_sc_ws/install/model_sc_msg/local/lib/python3.10/dist-packages:${PYTHONPATH} /usr/bin/python3 -W ignore:setup.py install is deprecated -W ignore:easy_install command is deprecated setup.py egg_info --egg-base ../../build/model_sc_pkg build --build-base /home/pragalbhv/ros2-workspaces/model_sc_ws/build/model_sc_pkg/build install --record /home/pragalbhv/ros2-workspaces/model_sc_ws/build/model_sc_pkg/install.log --single-version-externally-managed install_data
[1.037s] running egg_info
[1.037s] writing ../../build/model_sc_pkg/model_sc_pkg.egg-info/PKG-INFO
[1.045s] writing dependency_links to ../../build/model_sc_pkg/model_sc_pkg.egg-info/dependency_links.txt
[1.046s] writing entry points to ../../build/model_sc_pkg/model_sc_pkg.egg-info/entry_points.txt
[1.046s] writing requirements to ../../build/model_sc_pkg/model_sc_pkg.egg-info/requires.txt
[1.046s] writing top-level names to ../../build/model_sc_pkg/model_sc_pkg.egg-info/top_level.txt
[1.047s] reading manifest file '../../build/model_sc_pkg/model_sc_pkg.egg-info/SOURCES.txt'
[1.055s] adding license file 'LICENSE'
[1.055s] writing manifest file '../../build/model_sc_pkg/model_sc_pkg.egg-info/SOURCES.txt'
[1.055s] running build
[1.055s] running build_py
[1.069s] copying model_sc_pkg/model_sc_node.py -> /home/pragalbhv/ros2-workspaces/model_sc_ws/build/model_sc_pkg/build/lib/model_sc_pkg
[1.069s] running install
[1.070s] running install_lib
[1.070s] copying /home/pragalbhv/ros2-workspaces/model_sc_ws/build/model_sc_pkg/build/lib/model_sc_pkg/model_sc_node.py -> /home/pragalbhv/ros2-workspaces/model_sc_ws/install/model_sc_pkg/lib/python3.10/site-packages/model_sc_pkg
[1.071s] byte-compiling /home/pragalbhv/ros2-workspaces/model_sc_ws/install/model_sc_pkg/lib/python3.10/site-packages/model_sc_pkg/model_sc_node.py to model_sc_node.cpython-310.pyc
[1.071s] running install_data
[1.072s] running install_egg_info
[1.073s] removing '/home/pragalbhv/ros2-workspaces/model_sc_ws/install/model_sc_pkg/lib/python3.10/site-packages/model_sc_pkg-0.0.0-py3.10.egg-info' (and everything under it)
[1.073s] Copying ../../build/model_sc_pkg/model_sc_pkg.egg-info to /home/pragalbhv/ros2-workspaces/model_sc_ws/install/model_sc_pkg/lib/python3.10/site-packages/model_sc_pkg-0.0.0-py3.10.egg-info
[1.094s] running install_scripts
[1.112s] Installing model_spin_coater script to /home/pragalbhv/ros2-workspaces/model_sc_ws/install/model_sc_pkg/lib/model_sc_pkg
[1.112s] writing list of installed files to '/home/pragalbhv/ros2-workspaces/model_sc_ws/build/model_sc_pkg/install.log'
[1.130s] Invoked command in '/home/pragalbhv/ros2-workspaces/model_sc_ws/src/model_sc_pkg' returned '0': LD_LIBRARY_PATH=/home/pragalbhv/ros2-workspaces/model_sc_ws/install/model_sc_msg/lib:${LD_LIBRARY_PATH} PYTHONPATH=/home/pragalbhv/ros2-workspaces/model_sc_ws/build/model_sc_pkg/prefix_override:/usr/lib/python3/dist-packages/colcon_core/task/python/colcon_distutils_commands:/home/pragalbhv/ros2-workspaces/model_sc_ws/install/model_sc_pkg/lib/python3.10/site-packages:/home/pragalbhv/ros2-workspaces/model_sc_ws/install/model_sc_msg/local/lib/python3.10/dist-packages:${PYTHONPATH} /usr/bin/python3 -W ignore:setup.py install is deprecated -W ignore:easy_install command is deprecated setup.py egg_info --egg-base ../../build/model_sc_pkg build --build-base /home/pragalbhv/ros2-workspaces/model_sc_ws/build/model_sc_pkg/build install --record /home/pragalbhv/ros2-workspaces/model_sc_ws/build/model_sc_pkg/install.log --single-version-externally-managed install_data
