[0.469s] Invoking command in '/home/pragalbhv/ros2-workspaces/sc_ws/src/sc_pkg': PYTHONPATH=/home/pragalbhv/ros2-workspaces/sc_ws/build/sc_pkg/prefix_override:/usr/lib/python3/dist-packages/colcon_core/task/python/colcon_distutils_commands:/home/pragalbhv/ros2-workspaces/sc_ws/install/sc_pkg/lib/python3.10/site-packages:${PYTHONPATH} /usr/bin/python3 -W ignore:setup.py install is deprecated -W ignore:easy_install command is deprecated setup.py egg_info --egg-base ../../build/sc_pkg build --build-base /home/pragalbhv/ros2-workspaces/sc_ws/build/sc_pkg/build install --record /home/pragalbhv/ros2-workspaces/sc_ws/build/sc_pkg/install.log --single-version-externally-managed install_data
[0.659s] running egg_info
[0.660s] writing ../../build/sc_pkg/sc_pkg.egg-info/PKG-INFO
[0.660s] writing dependency_links to ../../build/sc_pkg/sc_pkg.egg-info/dependency_links.txt
[0.660s] writing entry points to ../../build/sc_pkg/sc_pkg.egg-info/entry_points.txt
[0.660s] writing requirements to ../../build/sc_pkg/sc_pkg.egg-info/requires.txt
[0.660s] writing top-level names to ../../build/sc_pkg/sc_pkg.egg-info/top_level.txt
[0.662s] reading manifest file '../../build/sc_pkg/sc_pkg.egg-info/SOURCES.txt'
[0.662s] adding license file 'LICENSE'
[0.662s] writing manifest file '../../build/sc_pkg/sc_pkg.egg-info/SOURCES.txt'
[0.662s] running build
[0.663s] running build_py
[0.663s] running install
[0.663s] running install_lib
[0.664s] running install_data
[0.664s] copying package.xml -> /home/pragalbhv/ros2-workspaces/sc_ws/install/sc_pkg/share/sc_pkg
[0.664s] running install_egg_info
[0.666s] removing '/home/pragalbhv/ros2-workspaces/sc_ws/install/sc_pkg/lib/python3.10/site-packages/sc_pkg-0.0.0-py3.10.egg-info' (and everything under it)
[0.666s] Copying ../../build/sc_pkg/sc_pkg.egg-info to /home/pragalbhv/ros2-workspaces/sc_ws/install/sc_pkg/lib/python3.10/site-packages/sc_pkg-0.0.0-py3.10.egg-info
[0.667s] running install_scripts
[0.683s] Installing spin_coater script to /home/pragalbhv/ros2-workspaces/sc_ws/install/sc_pkg/lib/sc_pkg
[0.684s] writing list of installed files to '/home/pragalbhv/ros2-workspaces/sc_ws/build/sc_pkg/install.log'
[0.702s] Invoked command in '/home/pragalbhv/ros2-workspaces/sc_ws/src/sc_pkg' returned '0': PYTHONPATH=/home/pragalbhv/ros2-workspaces/sc_ws/build/sc_pkg/prefix_override:/usr/lib/python3/dist-packages/colcon_core/task/python/colcon_distutils_commands:/home/pragalbhv/ros2-workspaces/sc_ws/install/sc_pkg/lib/python3.10/site-packages:${PYTHONPATH} /usr/bin/python3 -W ignore:setup.py install is deprecated -W ignore:easy_install command is deprecated setup.py egg_info --egg-base ../../build/sc_pkg build --build-base /home/pragalbhv/ros2-workspaces/sc_ws/build/sc_pkg/build install --record /home/pragalbhv/ros2-workspaces/sc_ws/build/sc_pkg/install.log --single-version-externally-managed install_data
