[0.054s] Invoking command in '/home/pragalbhv/ros2-workspaces/model_sc_ws/build/model_sc_msg': CMAKE_PREFIX_PATH=/opt/ros/humble /usr/bin/cmake --build /home/pragalbhv/ros2-workspaces/model_sc_ws/build/model_sc_msg -- -j4 -l4
[0.577s] -- Found ament_cmake: 1.3.11 (/opt/ros/humble/share/ament_cmake/cmake)
[1.098s] -- Found rosidl_default_generators: 1.2.0 (/opt/ros/humble/share/rosidl_default_generators/cmake)
[1.100s] -- Using all available rosidl_typesupport_c: rosidl_typesupport_fastrtps_c;rosidl_typesupport_introspection_c
[1.103s] -- Found rosidl_adapter: 3.1.6 (/opt/ros/humble/share/rosidl_adapter/cmake)
[1.170s] -- Using all available rosidl_typesupport_cpp: rosidl_typesupport_fastrtps_cpp;rosidl_typesupport_introspection_cpp
[1.509s] -- Found ament_cmake_ros: 0.10.0 (/opt/ros/humble/share/ament_cmake_ros/cmake)
[1.683s] -- Using all available rosidl_typesupport_c: rosidl_typesupport_fastrtps_c;rosidl_typesupport_introspection_c
[1.887s] -- Using all available rosidl_typesupport_cpp: rosidl_typesupport_fastrtps_cpp;rosidl_typesupport_introspection_cpp
[1.912s] -- Found python_cmake_module: 0.10.0 (/opt/ros/humble/share/python_cmake_module/cmake)
[1.975s] -- Using PYTHON_EXECUTABLE: /usr/bin/python3
[1.975s] -- Using PYTHON_INCLUDE_DIRS: /usr/include/python3.10
[1.975s] -- Using PYTHON_LIBRARIES: /usr/lib/x86_64-linux-gnu/libpython3.10.so
[1.992s] -- Configuring done
[2.143s] -- Generating done
[2.165s] -- Build files have been written to: /home/pragalbhv/ros2-workspaces/model_sc_ws/build/model_sc_msg
[2.182s] [  2%] [34m[1mGenerating C code for ROS interfaces[0m
[2.190s] [  5%] [34m[1mGenerating C++ code for ROS interfaces[0m
[2.246s] [  5%] Built target ament_cmake_python_copy_model_sc_msg
[2.466s] running egg_info
[2.466s] writing model_sc_msg.egg-info/PKG-INFO
[2.466s] [  5%] Built target model_sc_msg__cpp
[2.466s] writing dependency_links to model_sc_msg.egg-info/dependency_links.txt
[2.466s] writing top-level names to model_sc_msg.egg-info/top_level.txt
[2.467s] reading manifest file 'model_sc_msg.egg-info/SOURCES.txt'
[2.473s] writing manifest file 'model_sc_msg.egg-info/SOURCES.txt'
[2.475s] [  7%] [34m[1mGenerating C++ type support for eProsima Fast-RTPS[0m
[2.480s] [ 10%] [34m[1mGenerating C++ introspection for ROS interfaces[0m
[2.491s] [ 10%] Built target ament_cmake_python_build_model_sc_msg_egg
[2.499s] [ 12%] [34m[1mGenerating C++ type support dispatch for ROS interfaces[0m
[2.503s] [35m[1mConsolidate compiler generated dependencies of target model_sc_msg__rosidl_generator_c[0m
[2.513s] [ 15%] [32mBuilding C object CMakeFiles/model_sc_msg__rosidl_generator_c.dir/rosidl_generator_c/model_sc_msg/msg/detail/modelcomm__functions.c.o[0m
[2.731s] [35m[1mConsolidate compiler generated dependencies of target model_sc_msg__rosidl_typesupport_introspection_cpp[0m
[2.742s] [ 17%] [32mBuilding CXX object CMakeFiles/model_sc_msg__rosidl_typesupport_introspection_cpp.dir/rosidl_typesupport_introspection_cpp/model_sc_msg/msg/detail/modelcomm__type_support.cpp.o[0m
[2.763s] [35m[1mConsolidate compiler generated dependencies of target model_sc_msg__rosidl_typesupport_cpp[0m
[2.773s] [ 20%] [32mBuilding CXX object CMakeFiles/model_sc_msg__rosidl_typesupport_cpp.dir/rosidl_typesupport_cpp/model_sc_msg/msg/modelcomm__type_support.cpp.o[0m
[2.782s] [35m[1mConsolidate compiler generated dependencies of target model_sc_msg__rosidl_typesupport_fastrtps_cpp[0m
[2.792s] [ 23%] [32mBuilding CXX object CMakeFiles/model_sc_msg__rosidl_typesupport_fastrtps_cpp.dir/rosidl_typesupport_fastrtps_cpp/model_sc_msg/msg/detail/dds_fastrtps/modelcomm__type_support.cpp.o[0m
[3.406s] [ 25%] [32mBuilding C object CMakeFiles/model_sc_msg__rosidl_generator_c.dir/rosidl_generator_c/model_sc_msg/msg/detail/modelsta__functions.c.o[0m
[3.445s] [ 28%] [32m[1mLinking C shared library libmodel_sc_msg__rosidl_generator_c.so[0m
[3.941s] [ 28%] Built target model_sc_msg__rosidl_generator_c
[3.948s] [ 30%] [32mBuilding CXX object CMakeFiles/model_sc_msg__rosidl_typesupport_fastrtps_cpp.dir/rosidl_typesupport_fastrtps_cpp/model_sc_msg/msg/detail/dds_fastrtps/modelsta__type_support.cpp.o[0m
[4.172s] [ 33%] [32mBuilding CXX object CMakeFiles/model_sc_msg__rosidl_typesupport_cpp.dir/rosidl_typesupport_cpp/model_sc_msg/msg/modelsta__type_support.cpp.o[0m
[4.214s] [ 35%] [32mBuilding CXX object CMakeFiles/model_sc_msg__rosidl_typesupport_introspection_cpp.dir/rosidl_typesupport_introspection_cpp/model_sc_msg/msg/detail/modelsta__type_support.cpp.o[0m
[4.219s] [ 38%] [34m[1mGenerating C introspection for ROS interfaces[0m
[4.262s] [ 41%] [32m[1mLinking CXX shared library libmodel_sc_msg__rosidl_typesupport_fastrtps_cpp.so[0m
[4.358s] [ 41%] Built target model_sc_msg__rosidl_typesupport_fastrtps_cpp
[4.367s] [ 43%] [34m[1mGenerating C type support dispatch for ROS interfaces[0m
[4.392s] [ 46%] [32m[1mLinking CXX shared library libmodel_sc_msg__rosidl_typesupport_cpp.so[0m
[4.426s] [ 46%] Built target model_sc_msg__rosidl_typesupport_cpp
[4.435s] [ 48%] [34m[1mGenerating C type support for eProsima Fast-RTPS[0m
[4.471s] [35m[1mConsolidate compiler generated dependencies of target model_sc_msg__rosidl_typesupport_introspection_c[0m
[4.482s] [ 51%] [32mBuilding C object CMakeFiles/model_sc_msg__rosidl_typesupport_introspection_c.dir/rosidl_typesupport_introspection_c/model_sc_msg/msg/detail/modelcomm__type_support.c.o[0m
[4.508s] [ 53%] [32mBuilding C object CMakeFiles/model_sc_msg__rosidl_typesupport_introspection_c.dir/rosidl_typesupport_introspection_c/model_sc_msg/msg/detail/modelsta__type_support.c.o[0m
[4.527s] [ 56%] [32m[1mLinking CXX shared library libmodel_sc_msg__rosidl_typesupport_introspection_cpp.so[0m
[4.534s] [ 58%] [32m[1mLinking C shared library libmodel_sc_msg__rosidl_typesupport_introspection_c.so[0m
[4.559s] [ 58%] Built target model_sc_msg__rosidl_typesupport_introspection_c
[4.562s] [ 58%] Built target model_sc_msg__rosidl_typesupport_introspection_cpp
[4.565s] [35m[1mConsolidate compiler generated dependencies of target model_sc_msg__rosidl_typesupport_c[0m
[4.574s] [ 64%] [32mBuilding CXX object CMakeFiles/model_sc_msg__rosidl_typesupport_c.dir/rosidl_typesupport_c/model_sc_msg/msg/modelsta__type_support.cpp.o[0m
[4.574s] [ 64%] [32mBuilding CXX object CMakeFiles/model_sc_msg__rosidl_typesupport_c.dir/rosidl_typesupport_c/model_sc_msg/msg/modelcomm__type_support.cpp.o[0m
[4.600s] [ 66%] [32m[1mLinking CXX shared library libmodel_sc_msg__rosidl_typesupport_c.so[0m
[4.632s] [ 66%] Built target model_sc_msg__rosidl_typesupport_c
[4.670s] [35m[1mConsolidate compiler generated dependencies of target model_sc_msg__rosidl_typesupport_fastrtps_c[0m
[4.681s] [ 71%] [32mBuilding CXX object CMakeFiles/model_sc_msg__rosidl_typesupport_fastrtps_c.dir/rosidl_typesupport_fastrtps_c/model_sc_msg/msg/detail/modelsta__type_support_c.cpp.o[0m
[4.681s] [ 71%] [32mBuilding CXX object CMakeFiles/model_sc_msg__rosidl_typesupport_fastrtps_c.dir/rosidl_typesupport_fastrtps_c/model_sc_msg/msg/detail/modelcomm__type_support_c.cpp.o[0m
[4.938s] [ 74%] [32m[1mLinking CXX shared library libmodel_sc_msg__rosidl_typesupport_fastrtps_c.so[0m
[4.996s] [ 74%] Built target model_sc_msg__rosidl_typesupport_fastrtps_c
[5.011s] [ 74%] Built target model_sc_msg
[5.026s] [ 76%] [34m[1mGenerating Python code for ROS interfaces[0m
[5.340s] [ 76%] Built target model_sc_msg__py
[5.349s] [35m[1mConsolidate compiler generated dependencies of target model_sc_msg__rosidl_generator_py[0m
[5.359s] [ 82%] [32mBuilding C object CMakeFiles/model_sc_msg__rosidl_generator_py.dir/rosidl_generator_py/model_sc_msg/msg/_modelsta_s.c.o[0m
[5.359s] [ 82%] [32mBuilding C object CMakeFiles/model_sc_msg__rosidl_generator_py.dir/rosidl_generator_py/model_sc_msg/msg/_modelcomm_s.c.o[0m
[5.590s] [ 84%] [32m[1mLinking C shared library rosidl_generator_py/model_sc_msg/libmodel_sc_msg__rosidl_generator_py.so[0m
[5.620s] [ 84%] Built target model_sc_msg__rosidl_generator_py
[5.629s] [35m[1mConsolidate compiler generated dependencies of target model_sc_msg__rosidl_typesupport_fastrtps_c__pyext[0m
[5.629s] [35m[1mConsolidate compiler generated dependencies of target model_sc_msg__rosidl_typesupport_introspection_c__pyext[0m
[5.629s] [35m[1mConsolidate compiler generated dependencies of target model_sc_msg__rosidl_typesupport_c__pyext[0m
[5.639s] [ 92%] [32mBuilding C object CMakeFiles/model_sc_msg__rosidl_typesupport_c__pyext.dir/rosidl_generator_py/model_sc_msg/_model_sc_msg_s.ep.rosidl_typesupport_c.c.o[0m
[5.639s] [ 92%] [32mBuilding C object CMakeFiles/model_sc_msg__rosidl_typesupport_introspection_c__pyext.dir/rosidl_generator_py/model_sc_msg/_model_sc_msg_s.ep.rosidl_typesupport_introspection_c.c.o[0m
[5.639s] [ 92%] [32mBuilding C object CMakeFiles/model_sc_msg__rosidl_typesupport_fastrtps_c__pyext.dir/rosidl_generator_py/model_sc_msg/_model_sc_msg_s.ep.rosidl_typesupport_fastrtps_c.c.o[0m
[5.714s] [ 94%] [32m[1mLinking C shared library rosidl_generator_py/model_sc_msg/model_sc_msg_s__rosidl_typesupport_c.cpython-310-x86_64-linux-gnu.so[0m
[5.715s] [ 97%] [32m[1mLinking C shared library rosidl_generator_py/model_sc_msg/model_sc_msg_s__rosidl_typesupport_introspection_c.cpython-310-x86_64-linux-gnu.so[0m
[5.722s] [100%] [32m[1mLinking C shared library rosidl_generator_py/model_sc_msg/model_sc_msg_s__rosidl_typesupport_fastrtps_c.cpython-310-x86_64-linux-gnu.so[0m
[5.741s] [100%] Built target model_sc_msg__rosidl_typesupport_c__pyext
[5.741s] [100%] Built target model_sc_msg__rosidl_typesupport_introspection_c__pyext
[5.750s] [100%] Built target model_sc_msg__rosidl_typesupport_fastrtps_c__pyext
[5.759s] Invoked command in '/home/pragalbhv/ros2-workspaces/model_sc_ws/build/model_sc_msg' returned '0': CMAKE_PREFIX_PATH=/opt/ros/humble /usr/bin/cmake --build /home/pragalbhv/ros2-workspaces/model_sc_ws/build/model_sc_msg -- -j4 -l4
[5.767s] Invoking command in '/home/pragalbhv/ros2-workspaces/model_sc_ws/build/model_sc_msg': CMAKE_PREFIX_PATH=/opt/ros/humble /usr/bin/cmake --install /home/pragalbhv/ros2-workspaces/model_sc_ws/build/model_sc_msg
[5.772s] -- Install configuration: ""
[5.773s] -- Up-to-date: /home/pragalbhv/ros2-workspaces/model_sc_ws/install/model_sc_msg/share/ament_index/resource_index/rosidl_interfaces/model_sc_msg
[5.785s] -- Up-to-date: /home/pragalbhv/ros2-workspaces/model_sc_ws/install/model_sc_msg/include/model_sc_msg/model_sc_msg
[5.785s] -- Up-to-date: /home/pragalbhv/ros2-workspaces/model_sc_ws/install/model_sc_msg/include/model_sc_msg/model_sc_msg/msg
[5.785s] -- Up-to-date: /home/pragalbhv/ros2-workspaces/model_sc_ws/install/model_sc_msg/include/model_sc_msg/model_sc_msg/msg/detail
[5.785s] -- Installing: /home/pragalbhv/ros2-workspaces/model_sc_ws/install/model_sc_msg/include/model_sc_msg/model_sc_msg/msg/detail/modelsta__struct.h
[5.785s] -- Installing: /home/pragalbhv/ros2-workspaces/model_sc_ws/install/model_sc_msg/include/model_sc_msg/model_sc_msg/msg/detail/modelsta__functions.c
[5.785s] -- Installing: /home/pragalbhv/ros2-workspaces/model_sc_ws/install/model_sc_msg/include/model_sc_msg/model_sc_msg/msg/detail/modelsta__type_support.h
[5.786s] -- Installing: /home/pragalbhv/ros2-workspaces/model_sc_ws/install/model_sc_msg/include/model_sc_msg/model_sc_msg/msg/detail/modelcomm__type_support.h
[5.786s] -- Installing: /home/pragalbhv/ros2-workspaces/model_sc_ws/install/model_sc_msg/include/model_sc_msg/model_sc_msg/msg/detail/modelcomm__functions.h
[5.786s] -- Installing: /home/pragalbhv/ros2-workspaces/model_sc_ws/install/model_sc_msg/include/model_sc_msg/model_sc_msg/msg/detail/modelcomm__functions.c
[5.786s] -- Installing: /home/pragalbhv/ros2-workspaces/model_sc_ws/install/model_sc_msg/include/model_sc_msg/model_sc_msg/msg/detail/modelcomm__struct.h
[5.786s] -- Installing: /home/pragalbhv/ros2-workspaces/model_sc_ws/install/model_sc_msg/include/model_sc_msg/model_sc_msg/msg/detail/modelsta__functions.h
[5.786s] -- Installing: /home/pragalbhv/ros2-workspaces/model_sc_ws/install/model_sc_msg/include/model_sc_msg/model_sc_msg/msg/modelsta.h
[5.786s] -- Up-to-date: /home/pragalbhv/ros2-workspaces/model_sc_ws/install/model_sc_msg/include/model_sc_msg/model_sc_msg/msg/rosidl_generator_c__visibility_control.h
[5.786s] -- Installing: /home/pragalbhv/ros2-workspaces/model_sc_ws/install/model_sc_msg/include/model_sc_msg/model_sc_msg/msg/modelcomm.h
[5.786s] -- Up-to-date: /home/pragalbhv/ros2-workspaces/model_sc_ws/install/model_sc_msg/share/model_sc_msg/environment/library_path.sh
[5.786s] -- Installing: /home/pragalbhv/ros2-workspaces/model_sc_ws/install/model_sc_msg/share/model_sc_msg/environment/library_path.dsv
[5.786s] -- Installing: /home/pragalbhv/ros2-workspaces/model_sc_ws/install/model_sc_msg/lib/libmodel_sc_msg__rosidl_generator_c.so
[5.787s] -- Set runtime path of "/home/pragalbhv/ros2-workspaces/model_sc_ws/install/model_sc_msg/lib/libmodel_sc_msg__rosidl_generator_c.so" to ""
[5.787s] -- Up-to-date: /home/pragalbhv/ros2-workspaces/model_sc_ws/install/model_sc_msg/include/model_sc_msg/model_sc_msg
[5.787s] -- Up-to-date: /home/pragalbhv/ros2-workspaces/model_sc_ws/install/model_sc_msg/include/model_sc_msg/model_sc_msg/msg
[5.787s] -- Up-to-date: /home/pragalbhv/ros2-workspaces/model_sc_ws/install/model_sc_msg/include/model_sc_msg/model_sc_msg/msg/detail
[5.787s] -- Installing: /home/pragalbhv/ros2-workspaces/model_sc_ws/install/model_sc_msg/include/model_sc_msg/model_sc_msg/msg/detail/modelcomm__rosidl_typesupport_fastrtps_c.h
[5.787s] -- Installing: /home/pragalbhv/ros2-workspaces/model_sc_ws/install/model_sc_msg/include/model_sc_msg/model_sc_msg/msg/detail/modelsta__rosidl_typesupport_fastrtps_c.h
[5.787s] -- Up-to-date: /home/pragalbhv/ros2-workspaces/model_sc_ws/install/model_sc_msg/include/model_sc_msg/model_sc_msg/msg/rosidl_typesupport_fastrtps_c__visibility_control.h
[5.787s] -- Installing: /home/pragalbhv/ros2-workspaces/model_sc_ws/install/model_sc_msg/lib/libmodel_sc_msg__rosidl_typesupport_fastrtps_c.so
[5.788s] -- Set runtime path of "/home/pragalbhv/ros2-workspaces/model_sc_ws/install/model_sc_msg/lib/libmodel_sc_msg__rosidl_typesupport_fastrtps_c.so" to ""
[5.788s] -- Up-to-date: /home/pragalbhv/ros2-workspaces/model_sc_ws/install/model_sc_msg/include/model_sc_msg/model_sc_msg
[5.788s] -- Up-to-date: /home/pragalbhv/ros2-workspaces/model_sc_ws/install/model_sc_msg/include/model_sc_msg/model_sc_msg/msg
[5.788s] -- Up-to-date: /home/pragalbhv/ros2-workspaces/model_sc_ws/install/model_sc_msg/include/model_sc_msg/model_sc_msg/msg/detail
[5.788s] -- Installing: /home/pragalbhv/ros2-workspaces/model_sc_ws/install/model_sc_msg/include/model_sc_msg/model_sc_msg/msg/detail/modelcomm__type_support.c
[5.788s] -- Installing: /home/pragalbhv/ros2-workspaces/model_sc_ws/install/model_sc_msg/include/model_sc_msg/model_sc_msg/msg/detail/modelsta__rosidl_typesupport_introspection_c.h
[5.788s] -- Installing: /home/pragalbhv/ros2-workspaces/model_sc_ws/install/model_sc_msg/include/model_sc_msg/model_sc_msg/msg/detail/modelsta__type_support.c
[5.788s] -- Installing: /home/pragalbhv/ros2-workspaces/model_sc_ws/install/model_sc_msg/include/model_sc_msg/model_sc_msg/msg/detail/modelcomm__rosidl_typesupport_introspection_c.h
[5.788s] -- Up-to-date: /home/pragalbhv/ros2-workspaces/model_sc_ws/install/model_sc_msg/include/model_sc_msg/model_sc_msg/msg/rosidl_typesupport_introspection_c__visibility_control.h
[5.788s] -- Installing: /home/pragalbhv/ros2-workspaces/model_sc_ws/install/model_sc_msg/lib/libmodel_sc_msg__rosidl_typesupport_introspection_c.so
[5.789s] -- Set runtime path of "/home/pragalbhv/ros2-workspaces/model_sc_ws/install/model_sc_msg/lib/libmodel_sc_msg__rosidl_typesupport_introspection_c.so" to ""
[5.789s] -- Installing: /home/pragalbhv/ros2-workspaces/model_sc_ws/install/model_sc_msg/lib/libmodel_sc_msg__rosidl_typesupport_c.so
[5.789s] -- Set runtime path of "/home/pragalbhv/ros2-workspaces/model_sc_ws/install/model_sc_msg/lib/libmodel_sc_msg__rosidl_typesupport_c.so" to ""
[5.789s] -- Up-to-date: /home/pragalbhv/ros2-workspaces/model_sc_ws/install/model_sc_msg/include/model_sc_msg/model_sc_msg
[5.789s] -- Up-to-date: /home/pragalbhv/ros2-workspaces/model_sc_ws/install/model_sc_msg/include/model_sc_msg/model_sc_msg/msg
[5.789s] -- Installing: /home/pragalbhv/ros2-workspaces/model_sc_ws/install/model_sc_msg/include/model_sc_msg/model_sc_msg/msg/modelsta.hpp
[5.789s] -- Up-to-date: /home/pragalbhv/ros2-workspaces/model_sc_ws/install/model_sc_msg/include/model_sc_msg/model_sc_msg/msg/detail
[5.789s] -- Installing: /home/pragalbhv/ros2-workspaces/model_sc_ws/install/model_sc_msg/include/model_sc_msg/model_sc_msg/msg/detail/modelsta__struct.hpp
[5.790s] -- Installing: /home/pragalbhv/ros2-workspaces/model_sc_ws/install/model_sc_msg/include/model_sc_msg/model_sc_msg/msg/detail/modelsta__type_support.hpp
[5.790s] -- Installing: /home/pragalbhv/ros2-workspaces/model_sc_ws/install/model_sc_msg/include/model_sc_msg/model_sc_msg/msg/detail/modelcomm__builder.hpp
[5.790s] -- Installing: /home/pragalbhv/ros2-workspaces/model_sc_ws/install/model_sc_msg/include/model_sc_msg/model_sc_msg/msg/detail/modelsta__traits.hpp
[5.790s] -- Installing: /home/pragalbhv/ros2-workspaces/model_sc_ws/install/model_sc_msg/include/model_sc_msg/model_sc_msg/msg/detail/modelcomm__traits.hpp
[5.790s] -- Installing: /home/pragalbhv/ros2-workspaces/model_sc_ws/install/model_sc_msg/include/model_sc_msg/model_sc_msg/msg/detail/modelsta__builder.hpp
[5.790s] -- Installing: /home/pragalbhv/ros2-workspaces/model_sc_ws/install/model_sc_msg/include/model_sc_msg/model_sc_msg/msg/detail/modelcomm__type_support.hpp
[5.790s] -- Installing: /home/pragalbhv/ros2-workspaces/model_sc_ws/install/model_sc_msg/include/model_sc_msg/model_sc_msg/msg/detail/modelcomm__struct.hpp
[5.790s] -- Installing: /home/pragalbhv/ros2-workspaces/model_sc_ws/install/model_sc_msg/include/model_sc_msg/model_sc_msg/msg/modelcomm.hpp
[5.790s] -- Up-to-date: /home/pragalbhv/ros2-workspaces/model_sc_ws/install/model_sc_msg/include/model_sc_msg/model_sc_msg/msg/rosidl_generator_cpp__visibility_control.hpp
[5.790s] -- Up-to-date: /home/pragalbhv/ros2-workspaces/model_sc_ws/install/model_sc_msg/include/model_sc_msg/model_sc_msg
[5.790s] -- Up-to-date: /home/pragalbhv/ros2-workspaces/model_sc_ws/install/model_sc_msg/include/model_sc_msg/model_sc_msg/msg
[5.791s] -- Up-to-date: /home/pragalbhv/ros2-workspaces/model_sc_ws/install/model_sc_msg/include/model_sc_msg/model_sc_msg/msg/detail
[5.791s] -- Installing: /home/pragalbhv/ros2-workspaces/model_sc_ws/install/model_sc_msg/include/model_sc_msg/model_sc_msg/msg/detail/modelsta__rosidl_typesupport_fastrtps_cpp.hpp
[5.791s] -- Installing: /home/pragalbhv/ros2-workspaces/model_sc_ws/install/model_sc_msg/include/model_sc_msg/model_sc_msg/msg/detail/modelcomm__rosidl_typesupport_fastrtps_cpp.hpp
[5.791s] -- Up-to-date: /home/pragalbhv/ros2-workspaces/model_sc_ws/install/model_sc_msg/include/model_sc_msg/model_sc_msg/msg/detail/dds_fastrtps
[5.791s] -- Up-to-date: /home/pragalbhv/ros2-workspaces/model_sc_ws/install/model_sc_msg/include/model_sc_msg/model_sc_msg/msg/rosidl_typesupport_fastrtps_cpp__visibility_control.h
[5.799s] -- Installing: /home/pragalbhv/ros2-workspaces/model_sc_ws/install/model_sc_msg/lib/libmodel_sc_msg__rosidl_typesupport_fastrtps_cpp.so
[5.799s] -- Set runtime path of "/home/pragalbhv/ros2-workspaces/model_sc_ws/install/model_sc_msg/lib/libmodel_sc_msg__rosidl_typesupport_fastrtps_cpp.so" to ""
[5.799s] -- Up-to-date: /home/pragalbhv/ros2-workspaces/model_sc_ws/install/model_sc_msg/include/model_sc_msg/model_sc_msg
[5.799s] -- Up-to-date: /home/pragalbhv/ros2-workspaces/model_sc_ws/install/model_sc_msg/include/model_sc_msg/model_sc_msg/msg
[5.799s] -- Up-to-date: /home/pragalbhv/ros2-workspaces/model_sc_ws/install/model_sc_msg/include/model_sc_msg/model_sc_msg/msg/detail
[5.799s] -- Installing: /home/pragalbhv/ros2-workspaces/model_sc_ws/install/model_sc_msg/include/model_sc_msg/model_sc_msg/msg/detail/modelcomm__type_support.cpp
[5.800s] -- Installing: /home/pragalbhv/ros2-workspaces/model_sc_ws/install/model_sc_msg/include/model_sc_msg/model_sc_msg/msg/detail/modelsta__rosidl_typesupport_introspection_cpp.hpp
[5.800s] -- Installing: /home/pragalbhv/ros2-workspaces/model_sc_ws/install/model_sc_msg/include/model_sc_msg/model_sc_msg/msg/detail/modelcomm__rosidl_typesupport_introspection_cpp.hpp
[5.800s] -- Installing: /home/pragalbhv/ros2-workspaces/model_sc_ws/install/model_sc_msg/include/model_sc_msg/model_sc_msg/msg/detail/modelsta__type_support.cpp
[5.800s] -- Installing: /home/pragalbhv/ros2-workspaces/model_sc_ws/install/model_sc_msg/lib/libmodel_sc_msg__rosidl_typesupport_introspection_cpp.so
[5.800s] -- Set runtime path of "/home/pragalbhv/ros2-workspaces/model_sc_ws/install/model_sc_msg/lib/libmodel_sc_msg__rosidl_typesupport_introspection_cpp.so" to ""
[5.801s] -- Installing: /home/pragalbhv/ros2-workspaces/model_sc_ws/install/model_sc_msg/lib/libmodel_sc_msg__rosidl_typesupport_cpp.so
[5.801s] -- Set runtime path of "/home/pragalbhv/ros2-workspaces/model_sc_ws/install/model_sc_msg/lib/libmodel_sc_msg__rosidl_typesupport_cpp.so" to ""
[5.801s] -- Up-to-date: /home/pragalbhv/ros2-workspaces/model_sc_ws/install/model_sc_msg/share/model_sc_msg/environment/pythonpath.sh
[5.801s] -- Installing: /home/pragalbhv/ros2-workspaces/model_sc_ws/install/model_sc_msg/share/model_sc_msg/environment/pythonpath.dsv
[5.801s] -- Up-to-date: /home/pragalbhv/ros2-workspaces/model_sc_ws/install/model_sc_msg/local/lib/python3.10/dist-packages/model_sc_msg-0.0.0-py3.10.egg-info
[5.801s] -- Installing: /home/pragalbhv/ros2-workspaces/model_sc_ws/install/model_sc_msg/local/lib/python3.10/dist-packages/model_sc_msg-0.0.0-py3.10.egg-info/SOURCES.txt
[5.801s] -- Installing: /home/pragalbhv/ros2-workspaces/model_sc_ws/install/model_sc_msg/local/lib/python3.10/dist-packages/model_sc_msg-0.0.0-py3.10.egg-info/dependency_links.txt
[5.802s] -- Installing: /home/pragalbhv/ros2-workspaces/model_sc_ws/install/model_sc_msg/local/lib/python3.10/dist-packages/model_sc_msg-0.0.0-py3.10.egg-info/top_level.txt
[5.802s] -- Installing: /home/pragalbhv/ros2-workspaces/model_sc_ws/install/model_sc_msg/local/lib/python3.10/dist-packages/model_sc_msg-0.0.0-py3.10.egg-info/PKG-INFO
[5.802s] -- Up-to-date: /home/pragalbhv/ros2-workspaces/model_sc_ws/install/model_sc_msg/local/lib/python3.10/dist-packages/model_sc_msg
[5.802s] -- Installing: /home/pragalbhv/ros2-workspaces/model_sc_ws/install/model_sc_msg/local/lib/python3.10/dist-packages/model_sc_msg/_model_sc_msg_s.ep.rosidl_typesupport_fastrtps_c.c
[5.802s] -- Installing: /home/pragalbhv/ros2-workspaces/model_sc_ws/install/model_sc_msg/local/lib/python3.10/dist-packages/model_sc_msg/_model_sc_msg_s.ep.rosidl_typesupport_c.c
[5.802s] -- Installing: /home/pragalbhv/ros2-workspaces/model_sc_ws/install/model_sc_msg/local/lib/python3.10/dist-packages/model_sc_msg/model_sc_msg_s__rosidl_typesupport_fastrtps_c.cpython-310-x86_64-linux-gnu.so
[5.802s] -- Up-to-date: /home/pragalbhv/ros2-workspaces/model_sc_ws/install/model_sc_msg/local/lib/python3.10/dist-packages/model_sc_msg/msg
[5.802s] -- Installing: /home/pragalbhv/ros2-workspaces/model_sc_ws/install/model_sc_msg/local/lib/python3.10/dist-packages/model_sc_msg/msg/_modelcomm.py
[5.802s] -- Installing: /home/pragalbhv/ros2-workspaces/model_sc_ws/install/model_sc_msg/local/lib/python3.10/dist-packages/model_sc_msg/msg/__init__.py
[5.802s] -- Installing: /home/pragalbhv/ros2-workspaces/model_sc_ws/install/model_sc_msg/local/lib/python3.10/dist-packages/model_sc_msg/msg/_modelsta_s.c
[5.802s] -- Installing: /home/pragalbhv/ros2-workspaces/model_sc_ws/install/model_sc_msg/local/lib/python3.10/dist-packages/model_sc_msg/msg/_modelsta.py
[5.802s] -- Installing: /home/pragalbhv/ros2-workspaces/model_sc_ws/install/model_sc_msg/local/lib/python3.10/dist-packages/model_sc_msg/msg/_modelcomm_s.c
[5.803s] -- Installing: /home/pragalbhv/ros2-workspaces/model_sc_ws/install/model_sc_msg/local/lib/python3.10/dist-packages/model_sc_msg/__init__.py
[5.803s] -- Installing: /home/pragalbhv/ros2-workspaces/model_sc_ws/install/model_sc_msg/local/lib/python3.10/dist-packages/model_sc_msg/model_sc_msg_s__rosidl_typesupport_c.cpython-310-x86_64-linux-gnu.so
[5.803s] -- Installing: /home/pragalbhv/ros2-workspaces/model_sc_ws/install/model_sc_msg/local/lib/python3.10/dist-packages/model_sc_msg/_model_sc_msg_s.ep.rosidl_typesupport_introspection_c.c
[5.803s] -- Installing: /home/pragalbhv/ros2-workspaces/model_sc_ws/install/model_sc_msg/local/lib/python3.10/dist-packages/model_sc_msg/model_sc_msg_s__rosidl_typesupport_introspection_c.cpython-310-x86_64-linux-gnu.so
[5.803s] -- Installing: /home/pragalbhv/ros2-workspaces/model_sc_ws/install/model_sc_msg/local/lib/python3.10/dist-packages/model_sc_msg/libmodel_sc_msg__rosidl_generator_py.so
[5.830s] Listing '/home/pragalbhv/ros2-workspaces/model_sc_ws/install/model_sc_msg/local/lib/python3.10/dist-packages/model_sc_msg'...
[5.830s] Compiling '/home/pragalbhv/ros2-workspaces/model_sc_ws/install/model_sc_msg/local/lib/python3.10/dist-packages/model_sc_msg/__init__.py'...
[5.830s] Listing '/home/pragalbhv/ros2-workspaces/model_sc_ws/install/model_sc_msg/local/lib/python3.10/dist-packages/model_sc_msg/msg'...
[5.830s] Compiling '/home/pragalbhv/ros2-workspaces/model_sc_ws/install/model_sc_msg/local/lib/python3.10/dist-packages/model_sc_msg/msg/__init__.py'...
[5.830s] Compiling '/home/pragalbhv/ros2-workspaces/model_sc_ws/install/model_sc_msg/local/lib/python3.10/dist-packages/model_sc_msg/msg/_modelcomm.py'...
[5.830s] Compiling '/home/pragalbhv/ros2-workspaces/model_sc_ws/install/model_sc_msg/local/lib/python3.10/dist-packages/model_sc_msg/msg/_modelsta.py'...
[5.834s] -- Installing: /home/pragalbhv/ros2-workspaces/model_sc_ws/install/model_sc_msg/local/lib/python3.10/dist-packages/model_sc_msg/model_sc_msg_s__rosidl_typesupport_fastrtps_c.cpython-310-x86_64-linux-gnu.so
[5.834s] -- Set runtime path of "/home/pragalbhv/ros2-workspaces/model_sc_ws/install/model_sc_msg/local/lib/python3.10/dist-packages/model_sc_msg/model_sc_msg_s__rosidl_typesupport_fastrtps_c.cpython-310-x86_64-linux-gnu.so" to ""
[5.834s] -- Installing: /home/pragalbhv/ros2-workspaces/model_sc_ws/install/model_sc_msg/local/lib/python3.10/dist-packages/model_sc_msg/model_sc_msg_s__rosidl_typesupport_introspection_c.cpython-310-x86_64-linux-gnu.so
[5.834s] -- Set runtime path of "/home/pragalbhv/ros2-workspaces/model_sc_ws/install/model_sc_msg/local/lib/python3.10/dist-packages/model_sc_msg/model_sc_msg_s__rosidl_typesupport_introspection_c.cpython-310-x86_64-linux-gnu.so" to ""
[5.835s] -- Installing: /home/pragalbhv/ros2-workspaces/model_sc_ws/install/model_sc_msg/local/lib/python3.10/dist-packages/model_sc_msg/model_sc_msg_s__rosidl_typesupport_c.cpython-310-x86_64-linux-gnu.so
[5.835s] -- Set runtime path of "/home/pragalbhv/ros2-workspaces/model_sc_ws/install/model_sc_msg/local/lib/python3.10/dist-packages/model_sc_msg/model_sc_msg_s__rosidl_typesupport_c.cpython-310-x86_64-linux-gnu.so" to ""
[5.835s] -- Installing: /home/pragalbhv/ros2-workspaces/model_sc_ws/install/model_sc_msg/lib/libmodel_sc_msg__rosidl_generator_py.so
[5.836s] -- Set runtime path of "/home/pragalbhv/ros2-workspaces/model_sc_ws/install/model_sc_msg/lib/libmodel_sc_msg__rosidl_generator_py.so" to ""
[5.836s] -- Installing: /home/pragalbhv/ros2-workspaces/model_sc_ws/install/model_sc_msg/share/model_sc_msg/msg/Modelcomm.idl
[5.836s] -- Up-to-date: /home/pragalbhv/ros2-workspaces/model_sc_ws/install/model_sc_msg/share/model_sc_msg/msg/Modelsta.idl
[5.836s] -- Installing: /home/pragalbhv/ros2-workspaces/model_sc_ws/install/model_sc_msg/share/model_sc_msg/msg/Modelcomm.msg
[5.836s] -- Up-to-date: /home/pragalbhv/ros2-workspaces/model_sc_ws/install/model_sc_msg/share/model_sc_msg/msg/Modelsta.msg
[5.854s] -- Installing: /home/pragalbhv/ros2-workspaces/model_sc_ws/install/model_sc_msg/share/ament_index/resource_index/package_run_dependencies/model_sc_msg
[5.854s] -- Installing: /home/pragalbhv/ros2-workspaces/model_sc_ws/install/model_sc_msg/share/ament_index/resource_index/parent_prefix_path/model_sc_msg
[5.854s] -- Up-to-date: /home/pragalbhv/ros2-workspaces/model_sc_ws/install/model_sc_msg/share/model_sc_msg/environment/ament_prefix_path.sh
[5.854s] -- Installing: /home/pragalbhv/ros2-workspaces/model_sc_ws/install/model_sc_msg/share/model_sc_msg/environment/ament_prefix_path.dsv
[5.854s] -- Up-to-date: /home/pragalbhv/ros2-workspaces/model_sc_ws/install/model_sc_msg/share/model_sc_msg/environment/path.sh
[5.854s] -- Installing: /home/pragalbhv/ros2-workspaces/model_sc_ws/install/model_sc_msg/share/model_sc_msg/environment/path.dsv
[5.854s] -- Up-to-date: /home/pragalbhv/ros2-workspaces/model_sc_ws/install/model_sc_msg/share/model_sc_msg/local_setup.bash
[5.854s] -- Up-to-date: /home/pragalbhv/ros2-workspaces/model_sc_ws/install/model_sc_msg/share/model_sc_msg/local_setup.sh
[5.854s] -- Up-to-date: /home/pragalbhv/ros2-workspaces/model_sc_ws/install/model_sc_msg/share/model_sc_msg/local_setup.zsh
[5.854s] -- Installing: /home/pragalbhv/ros2-workspaces/model_sc_ws/install/model_sc_msg/share/model_sc_msg/local_setup.dsv
[5.854s] -- Installing: /home/pragalbhv/ros2-workspaces/model_sc_ws/install/model_sc_msg/share/model_sc_msg/package.dsv
[5.854s] -- Up-to-date: /home/pragalbhv/ros2-workspaces/model_sc_ws/install/model_sc_msg/share/ament_index/resource_index/packages/model_sc_msg
[5.867s] -- Old export file "/home/pragalbhv/ros2-workspaces/model_sc_ws/install/model_sc_msg/share/model_sc_msg/cmake/export_model_sc_msg__rosidl_generator_cExport.cmake" will be replaced.  Removing files [/home/pragalbhv/ros2-workspaces/model_sc_ws/install/model_sc_msg/share/model_sc_msg/cmake/export_model_sc_msg__rosidl_generator_cExport-noconfig.cmake].
[5.867s] -- Installing: /home/pragalbhv/ros2-workspaces/model_sc_ws/install/model_sc_msg/share/model_sc_msg/cmake/export_model_sc_msg__rosidl_generator_cExport.cmake
[5.867s] -- Installing: /home/pragalbhv/ros2-workspaces/model_sc_ws/install/model_sc_msg/share/model_sc_msg/cmake/export_model_sc_msg__rosidl_generator_cExport-noconfig.cmake
[5.867s] -- Old export file "/home/pragalbhv/ros2-workspaces/model_sc_ws/install/model_sc_msg/share/model_sc_msg/cmake/export_model_sc_msg__rosidl_typesupport_fastrtps_cExport.cmake" will be replaced.  Removing files [/home/pragalbhv/ros2-workspaces/model_sc_ws/install/model_sc_msg/share/model_sc_msg/cmake/export_model_sc_msg__rosidl_typesupport_fastrtps_cExport-noconfig.cmake].
[5.868s] -- Installing: /home/pragalbhv/ros2-workspaces/model_sc_ws/install/model_sc_msg/share/model_sc_msg/cmake/export_model_sc_msg__rosidl_typesupport_fastrtps_cExport.cmake
[5.868s] -- Installing: /home/pragalbhv/ros2-workspaces/model_sc_ws/install/model_sc_msg/share/model_sc_msg/cmake/export_model_sc_msg__rosidl_typesupport_fastrtps_cExport-noconfig.cmake
[5.868s] -- Old export file "/home/pragalbhv/ros2-workspaces/model_sc_ws/install/model_sc_msg/share/model_sc_msg/cmake/model_sc_msg__rosidl_typesupport_introspection_cExport.cmake" will be replaced.  Removing files [/home/pragalbhv/ros2-workspaces/model_sc_ws/install/model_sc_msg/share/model_sc_msg/cmake/model_sc_msg__rosidl_typesupport_introspection_cExport-noconfig.cmake].
[5.868s] -- Installing: /home/pragalbhv/ros2-workspaces/model_sc_ws/install/model_sc_msg/share/model_sc_msg/cmake/model_sc_msg__rosidl_typesupport_introspection_cExport.cmake
[5.868s] -- Installing: /home/pragalbhv/ros2-workspaces/model_sc_ws/install/model_sc_msg/share/model_sc_msg/cmake/model_sc_msg__rosidl_typesupport_introspection_cExport-noconfig.cmake
[5.868s] -- Old export file "/home/pragalbhv/ros2-workspaces/model_sc_ws/install/model_sc_msg/share/model_sc_msg/cmake/model_sc_msg__rosidl_typesupport_cExport.cmake" will be replaced.  Removing files [/home/pragalbhv/ros2-workspaces/model_sc_ws/install/model_sc_msg/share/model_sc_msg/cmake/model_sc_msg__rosidl_typesupport_cExport-noconfig.cmake].
[5.868s] -- Installing: /home/pragalbhv/ros2-workspaces/model_sc_ws/install/model_sc_msg/share/model_sc_msg/cmake/model_sc_msg__rosidl_typesupport_cExport.cmake
[5.868s] -- Installing: /home/pragalbhv/ros2-workspaces/model_sc_ws/install/model_sc_msg/share/model_sc_msg/cmake/model_sc_msg__rosidl_typesupport_cExport-noconfig.cmake
[5.868s] -- Installing: /home/pragalbhv/ros2-workspaces/model_sc_ws/install/model_sc_msg/share/model_sc_msg/cmake/export_model_sc_msg__rosidl_generator_cppExport.cmake
[5.869s] -- Old export file "/home/pragalbhv/ros2-workspaces/model_sc_ws/install/model_sc_msg/share/model_sc_msg/cmake/export_model_sc_msg__rosidl_typesupport_fastrtps_cppExport.cmake" will be replaced.  Removing files [/home/pragalbhv/ros2-workspaces/model_sc_ws/install/model_sc_msg/share/model_sc_msg/cmake/export_model_sc_msg__rosidl_typesupport_fastrtps_cppExport-noconfig.cmake].
[5.869s] -- Installing: /home/pragalbhv/ros2-workspaces/model_sc_ws/install/model_sc_msg/share/model_sc_msg/cmake/export_model_sc_msg__rosidl_typesupport_fastrtps_cppExport.cmake
[5.869s] -- Installing: /home/pragalbhv/ros2-workspaces/model_sc_ws/install/model_sc_msg/share/model_sc_msg/cmake/export_model_sc_msg__rosidl_typesupport_fastrtps_cppExport-noconfig.cmake
[5.869s] -- Old export file "/home/pragalbhv/ros2-workspaces/model_sc_ws/install/model_sc_msg/share/model_sc_msg/cmake/model_sc_msg__rosidl_typesupport_introspection_cppExport.cmake" will be replaced.  Removing files [/home/pragalbhv/ros2-workspaces/model_sc_ws/install/model_sc_msg/share/model_sc_msg/cmake/model_sc_msg__rosidl_typesupport_introspection_cppExport-noconfig.cmake].
[5.869s] -- Installing: /home/pragalbhv/ros2-workspaces/model_sc_ws/install/model_sc_msg/share/model_sc_msg/cmake/model_sc_msg__rosidl_typesupport_introspection_cppExport.cmake
[5.869s] -- Installing: /home/pragalbhv/ros2-workspaces/model_sc_ws/install/model_sc_msg/share/model_sc_msg/cmake/model_sc_msg__rosidl_typesupport_introspection_cppExport-noconfig.cmake
[5.869s] -- Old export file "/home/pragalbhv/ros2-workspaces/model_sc_ws/install/model_sc_msg/share/model_sc_msg/cmake/model_sc_msg__rosidl_typesupport_cppExport.cmake" will be replaced.  Removing files [/home/pragalbhv/ros2-workspaces/model_sc_ws/install/model_sc_msg/share/model_sc_msg/cmake/model_sc_msg__rosidl_typesupport_cppExport-noconfig.cmake].
[5.869s] -- Installing: /home/pragalbhv/ros2-workspaces/model_sc_ws/install/model_sc_msg/share/model_sc_msg/cmake/model_sc_msg__rosidl_typesupport_cppExport.cmake
[5.870s] -- Installing: /home/pragalbhv/ros2-workspaces/model_sc_ws/install/model_sc_msg/share/model_sc_msg/cmake/model_sc_msg__rosidl_typesupport_cppExport-noconfig.cmake
[5.870s] -- Old export file "/home/pragalbhv/ros2-workspaces/model_sc_ws/install/model_sc_msg/share/model_sc_msg/cmake/export_model_sc_msg__rosidl_generator_pyExport.cmake" will be replaced.  Removing files [/home/pragalbhv/ros2-workspaces/model_sc_ws/install/model_sc_msg/share/model_sc_msg/cmake/export_model_sc_msg__rosidl_generator_pyExport-noconfig.cmake].
[5.870s] -- Installing: /home/pragalbhv/ros2-workspaces/model_sc_ws/install/model_sc_msg/share/model_sc_msg/cmake/export_model_sc_msg__rosidl_generator_pyExport.cmake
[5.870s] -- Installing: /home/pragalbhv/ros2-workspaces/model_sc_ws/install/model_sc_msg/share/model_sc_msg/cmake/export_model_sc_msg__rosidl_generator_pyExport-noconfig.cmake
[5.870s] -- Up-to-date: /home/pragalbhv/ros2-workspaces/model_sc_ws/install/model_sc_msg/share/model_sc_msg/cmake/rosidl_cmake-extras.cmake
[5.870s] -- Up-to-date: /home/pragalbhv/ros2-workspaces/model_sc_ws/install/model_sc_msg/share/model_sc_msg/cmake/ament_cmake_export_include_directories-extras.cmake
[5.870s] -- Up-to-date: /home/pragalbhv/ros2-workspaces/model_sc_ws/install/model_sc_msg/share/model_sc_msg/cmake/ament_cmake_export_libraries-extras.cmake
[5.870s] -- Installing: /home/pragalbhv/ros2-workspaces/model_sc_ws/install/model_sc_msg/share/model_sc_msg/cmake/ament_cmake_export_targets-extras.cmake
[5.870s] -- Installing: /home/pragalbhv/ros2-workspaces/model_sc_ws/install/model_sc_msg/share/model_sc_msg/cmake/rosidl_cmake_export_typesupport_targets-extras.cmake
[5.870s] -- Installing: /home/pragalbhv/ros2-workspaces/model_sc_ws/install/model_sc_msg/share/model_sc_msg/cmake/ament_cmake_export_dependencies-extras.cmake
[5.870s] -- Up-to-date: /home/pragalbhv/ros2-workspaces/model_sc_ws/install/model_sc_msg/share/model_sc_msg/cmake/rosidl_cmake_export_typesupport_libraries-extras.cmake
[5.870s] -- Installing: /home/pragalbhv/ros2-workspaces/model_sc_ws/install/model_sc_msg/share/model_sc_msg/cmake/model_sc_msgConfig.cmake
[5.870s] -- Up-to-date: /home/pragalbhv/ros2-workspaces/model_sc_ws/install/model_sc_msg/share/model_sc_msg/cmake/model_sc_msgConfig-version.cmake
[5.871s] -- Installing: /home/pragalbhv/ros2-workspaces/model_sc_ws/install/model_sc_msg/share/model_sc_msg/package.xml
[5.873s] Invoked command in '/home/pragalbhv/ros2-workspaces/model_sc_ws/build/model_sc_msg' returned '0': CMAKE_PREFIX_PATH=/opt/ros/humble /usr/bin/cmake --install /home/pragalbhv/ros2-workspaces/model_sc_ws/build/model_sc_msg
