[0.088s] DEBUG:colcon:Command line arguments: ['/usr/bin/colcon', 'build']
[0.088s] DEBUG:colcon:Parsed command line arguments: Namespace(log_base=None, log_level=None, verb_name='build', build_base='build', install_base='install', merge_install=False, symlink_install=False, test_result_base=None, continue_on_error=False, executor='parallel', parallel_workers=4, event_handlers=None, ignore_user_meta=False, metas=['./colcon.meta'], base_paths=['.'], packages_ignore=None, packages_ignore_regex=None, paths=None, packages_up_to=None, packages_up_to_regex=None, packages_above=None, packages_above_and_dependencies=None, packages_above_depth=None, packages_select_by_dep=None, packages_skip_by_dep=None, packages_skip_up_to=None, packages_select_build_failed=False, packages_skip_build_finished=False, packages_select_test_failures=False, packages_skip_test_passed=False, packages_select=None, packages_skip=None, packages_select_regex=None, packages_skip_regex=None, packages_start=None, packages_end=None, allow_overriding=[], cmake_args=None, cmake_target=None, cmake_target_skip_unavailable=False, cmake_clean_cache=False, cmake_clean_first=False, cmake_force_configure=False, ament_cmake_args=None, catkin_cmake_args=None, catkin_skip_building_tests=False, mixin_files=None, mixin=None, verb_parser=<colcon_mixin.mixin.mixin_argument.MixinArgumentDecorator object at 0x747a6845a500>, verb_extension=<colcon_core.verb.build.BuildVerb object at 0x747a68459ab0>, main=<bound method BuildVerb.main of <colcon_core.verb.build.BuildVerb object at 0x747a68459ab0>>, mixin_verb=('build',))
[0.224s] Level 1:colcon.colcon_core.package_discovery:discover_packages(colcon_meta) check parameters
[0.224s] Level 1:colcon.colcon_core.package_discovery:discover_packages(recursive) check parameters
[0.224s] Level 1:colcon.colcon_core.package_discovery:discover_packages(ignore) check parameters
[0.224s] Level 1:colcon.colcon_core.package_discovery:discover_packages(path) check parameters
[0.224s] Level 1:colcon.colcon_core.package_discovery:discover_packages(colcon_meta) discover
[0.224s] Level 1:colcon.colcon_core.package_discovery:discover_packages(recursive) discover
[0.224s] INFO:colcon.colcon_core.package_discovery:Crawling recursively for packages in '/home/pragalbhv/ros2-workspaces/model_sc_ws'
[0.225s] Level 1:colcon.colcon_core.package_identification:_identify(.) by extensions ['ignore', 'ignore_ament_install']
[0.225s] Level 1:colcon.colcon_core.package_identification:_identify(.) by extension 'ignore'
[0.225s] Level 1:colcon.colcon_core.package_identification:_identify(.) by extension 'ignore_ament_install'
[0.225s] Level 1:colcon.colcon_core.package_identification:_identify(.) by extensions ['colcon_pkg']
[0.225s] Level 1:colcon.colcon_core.package_identification:_identify(.) by extension 'colcon_pkg'
[0.225s] Level 1:colcon.colcon_core.package_identification:_identify(.) by extensions ['colcon_meta']
[0.225s] Level 1:colcon.colcon_core.package_identification:_identify(.) by extension 'colcon_meta'
[0.225s] Level 1:colcon.colcon_core.package_identification:_identify(.) by extensions ['ros']
[0.225s] Level 1:colcon.colcon_core.package_identification:_identify(.) by extension 'ros'
[0.233s] Level 1:colcon.colcon_core.package_identification:_identify(.) by extensions ['cmake', 'python']
[0.233s] Level 1:colcon.colcon_core.package_identification:_identify(.) by extension 'cmake'
[0.233s] Level 1:colcon.colcon_core.package_identification:_identify(.) by extension 'python'
[0.233s] Level 1:colcon.colcon_core.package_identification:_identify(.) by extensions ['python_setup_py']
[0.233s] Level 1:colcon.colcon_core.package_identification:_identify(.) by extension 'python_setup_py'
[0.234s] Level 1:colcon.colcon_core.package_identification:_identify(build) by extensions ['ignore', 'ignore_ament_install']
[0.234s] Level 1:colcon.colcon_core.package_identification:_identify(build) by extension 'ignore'
[0.234s] Level 1:colcon.colcon_core.package_identification:_identify(build) ignored
[0.234s] Level 1:colcon.colcon_core.package_identification:_identify(install) by extensions ['ignore', 'ignore_ament_install']
[0.234s] Level 1:colcon.colcon_core.package_identification:_identify(install) by extension 'ignore'
[0.234s] Level 1:colcon.colcon_core.package_identification:_identify(install) ignored
[0.234s] Level 1:colcon.colcon_core.package_identification:_identify(log) by extensions ['ignore', 'ignore_ament_install']
[0.234s] Level 1:colcon.colcon_core.package_identification:_identify(log) by extension 'ignore'
[0.234s] Level 1:colcon.colcon_core.package_identification:_identify(log) ignored
[0.234s] Level 1:colcon.colcon_core.package_identification:_identify(src) by extensions ['ignore', 'ignore_ament_install']
[0.234s] Level 1:colcon.colcon_core.package_identification:_identify(src) by extension 'ignore'
[0.234s] Level 1:colcon.colcon_core.package_identification:_identify(src) by extension 'ignore_ament_install'
[0.234s] Level 1:colcon.colcon_core.package_identification:_identify(src) by extensions ['colcon_pkg']
[0.234s] Level 1:colcon.colcon_core.package_identification:_identify(src) by extension 'colcon_pkg'
[0.234s] Level 1:colcon.colcon_core.package_identification:_identify(src) by extensions ['colcon_meta']
[0.234s] Level 1:colcon.colcon_core.package_identification:_identify(src) by extension 'colcon_meta'
[0.234s] Level 1:colcon.colcon_core.package_identification:_identify(src) by extensions ['ros']
[0.234s] Level 1:colcon.colcon_core.package_identification:_identify(src) by extension 'ros'
[0.234s] Level 1:colcon.colcon_core.package_identification:_identify(src) by extensions ['cmake', 'python']
[0.234s] Level 1:colcon.colcon_core.package_identification:_identify(src) by extension 'cmake'
[0.234s] Level 1:colcon.colcon_core.package_identification:_identify(src) by extension 'python'
[0.234s] Level 1:colcon.colcon_core.package_identification:_identify(src) by extensions ['python_setup_py']
[0.235s] Level 1:colcon.colcon_core.package_identification:_identify(src) by extension 'python_setup_py'
[0.235s] Level 1:colcon.colcon_core.package_identification:_identify(src/model_sc_msg) by extensions ['ignore', 'ignore_ament_install']
[0.235s] Level 1:colcon.colcon_core.package_identification:_identify(src/model_sc_msg) by extension 'ignore'
[0.235s] Level 1:colcon.colcon_core.package_identification:_identify(src/model_sc_msg) by extension 'ignore_ament_install'
[0.235s] Level 1:colcon.colcon_core.package_identification:_identify(src/model_sc_msg) by extensions ['colcon_pkg']
[0.235s] Level 1:colcon.colcon_core.package_identification:_identify(src/model_sc_msg) by extension 'colcon_pkg'
[0.235s] Level 1:colcon.colcon_core.package_identification:_identify(src/model_sc_msg) by extensions ['colcon_meta']
[0.235s] Level 1:colcon.colcon_core.package_identification:_identify(src/model_sc_msg) by extension 'colcon_meta'
[0.235s] Level 1:colcon.colcon_core.package_identification:_identify(src/model_sc_msg) by extensions ['ros']
[0.235s] Level 1:colcon.colcon_core.package_identification:_identify(src/model_sc_msg) by extension 'ros'
[0.237s] DEBUG:colcon.colcon_core.package_identification:Package 'src/model_sc_msg' with type 'ros.ament_cmake' and name 'model_sc_msg'
[0.237s] Level 1:colcon.colcon_core.package_identification:_identify(src/model_sc_pkg) by extensions ['ignore', 'ignore_ament_install']
[0.237s] Level 1:colcon.colcon_core.package_identification:_identify(src/model_sc_pkg) by extension 'ignore'
[0.237s] Level 1:colcon.colcon_core.package_identification:_identify(src/model_sc_pkg) by extension 'ignore_ament_install'
[0.237s] Level 1:colcon.colcon_core.package_identification:_identify(src/model_sc_pkg) by extensions ['colcon_pkg']
[0.237s] Level 1:colcon.colcon_core.package_identification:_identify(src/model_sc_pkg) by extension 'colcon_pkg'
[0.237s] Level 1:colcon.colcon_core.package_identification:_identify(src/model_sc_pkg) by extensions ['colcon_meta']
[0.237s] Level 1:colcon.colcon_core.package_identification:_identify(src/model_sc_pkg) by extension 'colcon_meta'
[0.237s] Level 1:colcon.colcon_core.package_identification:_identify(src/model_sc_pkg) by extensions ['ros']
[0.237s] Level 1:colcon.colcon_core.package_identification:_identify(src/model_sc_pkg) by extension 'ros'
[0.237s] DEBUG:colcon.colcon_core.package_identification:Package 'src/model_sc_pkg' with type 'ros.ament_python' and name 'model_sc_pkg'
[0.237s] Level 1:colcon.colcon_core.package_discovery:discover_packages(recursive) using defaults
[0.238s] Level 1:colcon.colcon_core.package_discovery:discover_packages(ignore) discover
[0.238s] Level 1:colcon.colcon_core.package_discovery:discover_packages(ignore) using defaults
[0.238s] Level 1:colcon.colcon_core.package_discovery:discover_packages(path) discover
[0.238s] Level 1:colcon.colcon_core.package_discovery:discover_packages(path) using defaults
[0.262s] Level 1:colcon.colcon_core.package_discovery:discover_packages(prefix_path) check parameters
[0.262s] Level 1:colcon.colcon_core.package_discovery:discover_packages(prefix_path) discover
[0.263s] DEBUG:colcon.colcon_installed_package_information.package_discovery:Found 2 installed packages in /home/pragalbhv/ros2-workspaces/model_sc_ws/install
[0.264s] DEBUG:colcon.colcon_installed_package_information.package_discovery:Found 270 installed packages in /opt/ros/humble
[0.265s] Level 1:colcon.colcon_core.package_discovery:discover_packages(prefix_path) using defaults
[0.294s] Level 5:colcon.colcon_core.verb:set package 'model_sc_msg' build argument 'cmake_args' from command line to 'None'
[0.294s] Level 5:colcon.colcon_core.verb:set package 'model_sc_msg' build argument 'cmake_target' from command line to 'None'
[0.295s] Level 5:colcon.colcon_core.verb:set package 'model_sc_msg' build argument 'cmake_target_skip_unavailable' from command line to 'False'
[0.295s] Level 5:colcon.colcon_core.verb:set package 'model_sc_msg' build argument 'cmake_clean_cache' from command line to 'False'
[0.295s] Level 5:colcon.colcon_core.verb:set package 'model_sc_msg' build argument 'cmake_clean_first' from command line to 'False'
[0.295s] Level 5:colcon.colcon_core.verb:set package 'model_sc_msg' build argument 'cmake_force_configure' from command line to 'False'
[0.295s] Level 5:colcon.colcon_core.verb:set package 'model_sc_msg' build argument 'ament_cmake_args' from command line to 'None'
[0.295s] Level 5:colcon.colcon_core.verb:set package 'model_sc_msg' build argument 'catkin_cmake_args' from command line to 'None'
[0.295s] Level 5:colcon.colcon_core.verb:set package 'model_sc_msg' build argument 'catkin_skip_building_tests' from command line to 'False'
[0.295s] DEBUG:colcon.colcon_core.verb:Building package 'model_sc_msg' with the following arguments: {'ament_cmake_args': None, 'build_base': '/home/pragalbhv/ros2-workspaces/model_sc_ws/build/model_sc_msg', 'catkin_cmake_args': None, 'catkin_skip_building_tests': False, 'cmake_args': None, 'cmake_clean_cache': False, 'cmake_clean_first': False, 'cmake_force_configure': False, 'cmake_target': None, 'cmake_target_skip_unavailable': False, 'install_base': '/home/pragalbhv/ros2-workspaces/model_sc_ws/install/model_sc_msg', 'merge_install': False, 'path': '/home/pragalbhv/ros2-workspaces/model_sc_ws/src/model_sc_msg', 'symlink_install': False, 'test_result_base': None}
[0.295s] Level 5:colcon.colcon_core.verb:set package 'model_sc_pkg' build argument 'cmake_args' from command line to 'None'
[0.295s] Level 5:colcon.colcon_core.verb:set package 'model_sc_pkg' build argument 'cmake_target' from command line to 'None'
[0.295s] Level 5:colcon.colcon_core.verb:set package 'model_sc_pkg' build argument 'cmake_target_skip_unavailable' from command line to 'False'
[0.295s] Level 5:colcon.colcon_core.verb:set package 'model_sc_pkg' build argument 'cmake_clean_cache' from command line to 'False'
[0.295s] Level 5:colcon.colcon_core.verb:set package 'model_sc_pkg' build argument 'cmake_clean_first' from command line to 'False'
[0.295s] Level 5:colcon.colcon_core.verb:set package 'model_sc_pkg' build argument 'cmake_force_configure' from command line to 'False'
[0.295s] Level 5:colcon.colcon_core.verb:set package 'model_sc_pkg' build argument 'ament_cmake_args' from command line to 'None'
[0.295s] Level 5:colcon.colcon_core.verb:set package 'model_sc_pkg' build argument 'catkin_cmake_args' from command line to 'None'
[0.295s] Level 5:colcon.colcon_core.verb:set package 'model_sc_pkg' build argument 'catkin_skip_building_tests' from command line to 'False'
[0.295s] DEBUG:colcon.colcon_core.verb:Building package 'model_sc_pkg' with the following arguments: {'ament_cmake_args': None, 'build_base': '/home/pragalbhv/ros2-workspaces/model_sc_ws/build/model_sc_pkg', 'catkin_cmake_args': None, 'catkin_skip_building_tests': False, 'cmake_args': None, 'cmake_clean_cache': False, 'cmake_clean_first': False, 'cmake_force_configure': False, 'cmake_target': None, 'cmake_target_skip_unavailable': False, 'install_base': '/home/pragalbhv/ros2-workspaces/model_sc_ws/install/model_sc_pkg', 'merge_install': False, 'path': '/home/pragalbhv/ros2-workspaces/model_sc_ws/src/model_sc_pkg', 'symlink_install': False, 'test_result_base': None}
[0.295s] INFO:colcon.colcon_core.executor:Executing jobs using 'parallel' executor
[0.296s] DEBUG:colcon.colcon_parallel_executor.executor.parallel:run_until_complete
[0.296s] INFO:colcon.colcon_ros.task.ament_cmake.build:Building ROS package in '/home/pragalbhv/ros2-workspaces/model_sc_ws/src/model_sc_msg' with build type 'ament_cmake'
[0.296s] INFO:colcon.colcon_cmake.task.cmake.build:Building CMake package in '/home/pragalbhv/ros2-workspaces/model_sc_ws/src/model_sc_msg'
[0.298s] INFO:colcon.colcon_core.plugin_system:Skipping extension 'colcon_core.shell.bat': Not used on non-Windows systems
[0.298s] INFO:colcon.colcon_core.shell:Skip shell extension 'powershell' for command environment: Not usable outside of PowerShell
[0.298s] DEBUG:colcon.colcon_core.shell:Skip shell extension 'dsv' for command environment
[0.305s] DEBUG:colcon.colcon_core.event_handler.log_command:Invoking command in '/home/pragalbhv/ros2-workspaces/model_sc_ws/build/model_sc_msg': CMAKE_PREFIX_PATH=${CMAKE_PREFIX_PATH}:/home/pragalbhv/ros2-workspaces/model_sc_ws/install/model_sc_pkg:/opt/ros/humble /usr/bin/cmake --build /home/pragalbhv/ros2-workspaces/model_sc_ws/build/model_sc_msg -- -j4 -l4
[0.594s] DEBUG:colcon.colcon_core.event_handler.log_command:Invoked command in '/home/pragalbhv/ros2-workspaces/model_sc_ws/build/model_sc_msg' returned '0': CMAKE_PREFIX_PATH=${CMAKE_PREFIX_PATH}:/home/pragalbhv/ros2-workspaces/model_sc_ws/install/model_sc_pkg:/opt/ros/humble /usr/bin/cmake --build /home/pragalbhv/ros2-workspaces/model_sc_ws/build/model_sc_msg -- -j4 -l4
[0.601s] DEBUG:colcon.colcon_core.event_handler.log_command:Invoking command in '/home/pragalbhv/ros2-workspaces/model_sc_ws/build/model_sc_msg': CMAKE_PREFIX_PATH=${CMAKE_PREFIX_PATH}:/home/pragalbhv/ros2-workspaces/model_sc_ws/install/model_sc_pkg:/opt/ros/humble /usr/bin/cmake --install /home/pragalbhv/ros2-workspaces/model_sc_ws/build/model_sc_msg
[0.645s] Level 1:colcon.colcon_core.environment:create_environment_scripts_only(model_sc_msg)
[0.645s] DEBUG:colcon.colcon_core.event_handler.log_command:Invoked command in '/home/pragalbhv/ros2-workspaces/model_sc_ws/build/model_sc_msg' returned '0': CMAKE_PREFIX_PATH=${CMAKE_PREFIX_PATH}:/home/pragalbhv/ros2-workspaces/model_sc_ws/install/model_sc_pkg:/opt/ros/humble /usr/bin/cmake --install /home/pragalbhv/ros2-workspaces/model_sc_ws/build/model_sc_msg
[0.647s] Level 1:colcon.colcon_core.environment:checking '/home/pragalbhv/ros2-workspaces/model_sc_ws/install/model_sc_msg' for CMake module files
[0.647s] Level 1:colcon.colcon_core.environment:checking '/home/pragalbhv/ros2-workspaces/model_sc_ws/install/model_sc_msg' for CMake config files
[0.648s] Level 1:colcon.colcon_core.shell:create_environment_hook('model_sc_msg', 'cmake_prefix_path')
[0.648s] INFO:colcon.colcon_core.shell:Creating environment hook '/home/pragalbhv/ros2-workspaces/model_sc_ws/install/model_sc_msg/share/model_sc_msg/hook/cmake_prefix_path.ps1'
[0.648s] INFO:colcon.colcon_core.shell:Creating environment descriptor '/home/pragalbhv/ros2-workspaces/model_sc_ws/install/model_sc_msg/share/model_sc_msg/hook/cmake_prefix_path.dsv'
[0.649s] INFO:colcon.colcon_core.shell:Creating environment hook '/home/pragalbhv/ros2-workspaces/model_sc_ws/install/model_sc_msg/share/model_sc_msg/hook/cmake_prefix_path.sh'
[0.649s] Level 1:colcon.colcon_core.environment:checking '/home/pragalbhv/ros2-workspaces/model_sc_ws/install/model_sc_msg/lib'
[0.650s] Level 1:colcon.colcon_core.shell:create_environment_hook('model_sc_msg', 'ld_library_path_lib')
[0.650s] INFO:colcon.colcon_core.shell:Creating environment hook '/home/pragalbhv/ros2-workspaces/model_sc_ws/install/model_sc_msg/share/model_sc_msg/hook/ld_library_path_lib.ps1'
[0.650s] INFO:colcon.colcon_core.shell:Creating environment descriptor '/home/pragalbhv/ros2-workspaces/model_sc_ws/install/model_sc_msg/share/model_sc_msg/hook/ld_library_path_lib.dsv'
[0.650s] INFO:colcon.colcon_core.shell:Creating environment hook '/home/pragalbhv/ros2-workspaces/model_sc_ws/install/model_sc_msg/share/model_sc_msg/hook/ld_library_path_lib.sh'
[0.651s] Level 1:colcon.colcon_core.environment:checking '/home/pragalbhv/ros2-workspaces/model_sc_ws/install/model_sc_msg/bin'
[0.651s] Level 1:colcon.colcon_core.environment:checking '/home/pragalbhv/ros2-workspaces/model_sc_ws/install/model_sc_msg/lib/pkgconfig/model_sc_msg.pc'
[0.651s] Level 1:colcon.colcon_core.environment:checking '/home/pragalbhv/ros2-workspaces/model_sc_ws/install/model_sc_msg/lib/python3.10/site-packages'
[0.651s] Level 1:colcon.colcon_core.environment:checking '/home/pragalbhv/ros2-workspaces/model_sc_ws/install/model_sc_msg/bin'
[0.651s] INFO:colcon.colcon_core.shell:Creating package script '/home/pragalbhv/ros2-workspaces/model_sc_ws/install/model_sc_msg/share/model_sc_msg/package.ps1'
[0.652s] INFO:colcon.colcon_core.shell:Creating package descriptor '/home/pragalbhv/ros2-workspaces/model_sc_ws/install/model_sc_msg/share/model_sc_msg/package.dsv'
[0.652s] INFO:colcon.colcon_core.shell:Creating package script '/home/pragalbhv/ros2-workspaces/model_sc_ws/install/model_sc_msg/share/model_sc_msg/package.sh'
[0.653s] INFO:colcon.colcon_core.shell:Creating package script '/home/pragalbhv/ros2-workspaces/model_sc_ws/install/model_sc_msg/share/model_sc_msg/package.bash'
[0.653s] INFO:colcon.colcon_core.shell:Creating package script '/home/pragalbhv/ros2-workspaces/model_sc_ws/install/model_sc_msg/share/model_sc_msg/package.zsh'
[0.654s] Level 1:colcon.colcon_core.environment:create_file_with_runtime_dependencies(/home/pragalbhv/ros2-workspaces/model_sc_ws/install/model_sc_msg/share/colcon-core/packages/model_sc_msg)
[0.654s] Level 1:colcon.colcon_core.environment:create_environment_scripts_only(model_sc_msg)
[0.654s] Level 1:colcon.colcon_core.environment:checking '/home/pragalbhv/ros2-workspaces/model_sc_ws/install/model_sc_msg' for CMake module files
[0.655s] Level 1:colcon.colcon_core.environment:checking '/home/pragalbhv/ros2-workspaces/model_sc_ws/install/model_sc_msg' for CMake config files
[0.655s] Level 1:colcon.colcon_core.shell:create_environment_hook('model_sc_msg', 'cmake_prefix_path')
[0.655s] INFO:colcon.colcon_core.shell:Creating environment hook '/home/pragalbhv/ros2-workspaces/model_sc_ws/install/model_sc_msg/share/model_sc_msg/hook/cmake_prefix_path.ps1'
[0.656s] INFO:colcon.colcon_core.shell:Creating environment descriptor '/home/pragalbhv/ros2-workspaces/model_sc_ws/install/model_sc_msg/share/model_sc_msg/hook/cmake_prefix_path.dsv'
[0.656s] INFO:colcon.colcon_core.shell:Creating environment hook '/home/pragalbhv/ros2-workspaces/model_sc_ws/install/model_sc_msg/share/model_sc_msg/hook/cmake_prefix_path.sh'
[0.656s] Level 1:colcon.colcon_core.environment:checking '/home/pragalbhv/ros2-workspaces/model_sc_ws/install/model_sc_msg/lib'
[0.656s] Level 1:colcon.colcon_core.shell:create_environment_hook('model_sc_msg', 'ld_library_path_lib')
[0.657s] INFO:colcon.colcon_core.shell:Creating environment hook '/home/pragalbhv/ros2-workspaces/model_sc_ws/install/model_sc_msg/share/model_sc_msg/hook/ld_library_path_lib.ps1'
[0.657s] INFO:colcon.colcon_core.shell:Creating environment descriptor '/home/pragalbhv/ros2-workspaces/model_sc_ws/install/model_sc_msg/share/model_sc_msg/hook/ld_library_path_lib.dsv'
[0.657s] INFO:colcon.colcon_core.shell:Creating environment hook '/home/pragalbhv/ros2-workspaces/model_sc_ws/install/model_sc_msg/share/model_sc_msg/hook/ld_library_path_lib.sh'
[0.657s] Level 1:colcon.colcon_core.environment:checking '/home/pragalbhv/ros2-workspaces/model_sc_ws/install/model_sc_msg/bin'
[0.658s] Level 1:colcon.colcon_core.environment:checking '/home/pragalbhv/ros2-workspaces/model_sc_ws/install/model_sc_msg/lib/pkgconfig/model_sc_msg.pc'
[0.658s] Level 1:colcon.colcon_core.environment:checking '/home/pragalbhv/ros2-workspaces/model_sc_ws/install/model_sc_msg/lib/python3.10/site-packages'
[0.658s] Level 1:colcon.colcon_core.environment:checking '/home/pragalbhv/ros2-workspaces/model_sc_ws/install/model_sc_msg/bin'
[0.658s] INFO:colcon.colcon_core.shell:Creating package script '/home/pragalbhv/ros2-workspaces/model_sc_ws/install/model_sc_msg/share/model_sc_msg/package.ps1'
[0.658s] INFO:colcon.colcon_core.shell:Creating package descriptor '/home/pragalbhv/ros2-workspaces/model_sc_ws/install/model_sc_msg/share/model_sc_msg/package.dsv'
[0.659s] INFO:colcon.colcon_core.shell:Creating package script '/home/pragalbhv/ros2-workspaces/model_sc_ws/install/model_sc_msg/share/model_sc_msg/package.sh'
[0.659s] INFO:colcon.colcon_core.shell:Creating package script '/home/pragalbhv/ros2-workspaces/model_sc_ws/install/model_sc_msg/share/model_sc_msg/package.bash'
[0.660s] INFO:colcon.colcon_core.shell:Creating package script '/home/pragalbhv/ros2-workspaces/model_sc_ws/install/model_sc_msg/share/model_sc_msg/package.zsh'
[0.660s] Level 1:colcon.colcon_core.environment:create_file_with_runtime_dependencies(/home/pragalbhv/ros2-workspaces/model_sc_ws/install/model_sc_msg/share/colcon-core/packages/model_sc_msg)
[0.660s] INFO:colcon.colcon_ros.task.ament_python.build:Building ROS package in '/home/pragalbhv/ros2-workspaces/model_sc_ws/src/model_sc_pkg' with build type 'ament_python'
[0.660s] Level 1:colcon.colcon_core.shell:create_environment_hook('model_sc_pkg', 'ament_prefix_path')
[0.660s] INFO:colcon.colcon_core.shell:Creating environment hook '/home/pragalbhv/ros2-workspaces/model_sc_ws/install/model_sc_pkg/share/model_sc_pkg/hook/ament_prefix_path.ps1'
[0.661s] INFO:colcon.colcon_core.shell:Creating environment descriptor '/home/pragalbhv/ros2-workspaces/model_sc_ws/install/model_sc_pkg/share/model_sc_pkg/hook/ament_prefix_path.dsv'
[0.661s] INFO:colcon.colcon_core.shell:Creating environment hook '/home/pragalbhv/ros2-workspaces/model_sc_ws/install/model_sc_pkg/share/model_sc_pkg/hook/ament_prefix_path.sh'
[0.662s] INFO:colcon.colcon_core.shell:Skip shell extension 'powershell' for command environment: Not usable outside of PowerShell
[0.662s] DEBUG:colcon.colcon_core.shell:Skip shell extension 'dsv' for command environment
[0.870s] INFO:colcon.colcon_core.task.python.build:Building Python package in '/home/pragalbhv/ros2-workspaces/model_sc_ws/src/model_sc_pkg'
[0.870s] INFO:colcon.colcon_core.shell:Skip shell extension 'powershell' for command environment: Not usable outside of PowerShell
[0.870s] DEBUG:colcon.colcon_core.shell:Skip shell extension 'dsv' for command environment
[1.137s] DEBUG:colcon.colcon_core.event_handler.log_command:Invoking command in '/home/pragalbhv/ros2-workspaces/model_sc_ws/src/model_sc_pkg': PYTHONPATH=/home/pragalbhv/ros2-workspaces/model_sc_ws/build/model_sc_pkg/prefix_override:/usr/lib/python3/dist-packages/colcon_core/task/python/colcon_distutils_commands:/home/pragalbhv/ros2-workspaces/model_sc_ws/install/model_sc_pkg/lib/python3.10/site-packages:${PYTHONPATH} /usr/bin/python3 -W ignore:setup.py install is deprecated -W ignore:easy_install command is deprecated setup.py egg_info --egg-base ../../build/model_sc_pkg build --build-base /home/pragalbhv/ros2-workspaces/model_sc_ws/build/model_sc_pkg/build install --record /home/pragalbhv/ros2-workspaces/model_sc_ws/build/model_sc_pkg/install.log --single-version-externally-managed install_data
[1.371s] Level 1:colcon.colcon_core.environment:checking '/home/pragalbhv/ros2-workspaces/model_sc_ws/install/model_sc_pkg' for CMake module files
[1.371s] DEBUG:colcon.colcon_core.event_handler.log_command:Invoked command in '/home/pragalbhv/ros2-workspaces/model_sc_ws/src/model_sc_pkg' returned '0': PYTHONPATH=/home/pragalbhv/ros2-workspaces/model_sc_ws/build/model_sc_pkg/prefix_override:/usr/lib/python3/dist-packages/colcon_core/task/python/colcon_distutils_commands:/home/pragalbhv/ros2-workspaces/model_sc_ws/install/model_sc_pkg/lib/python3.10/site-packages:${PYTHONPATH} /usr/bin/python3 -W ignore:setup.py install is deprecated -W ignore:easy_install command is deprecated setup.py egg_info --egg-base ../../build/model_sc_pkg build --build-base /home/pragalbhv/ros2-workspaces/model_sc_ws/build/model_sc_pkg/build install --record /home/pragalbhv/ros2-workspaces/model_sc_ws/build/model_sc_pkg/install.log --single-version-externally-managed install_data
[1.372s] Level 1:colcon.colcon_core.environment:checking '/home/pragalbhv/ros2-workspaces/model_sc_ws/install/model_sc_pkg' for CMake config files
[1.372s] Level 1:colcon.colcon_core.environment:checking '/home/pragalbhv/ros2-workspaces/model_sc_ws/install/model_sc_pkg/lib'
[1.372s] Level 1:colcon.colcon_core.environment:checking '/home/pragalbhv/ros2-workspaces/model_sc_ws/install/model_sc_pkg/bin'
[1.372s] Level 1:colcon.colcon_core.environment:checking '/home/pragalbhv/ros2-workspaces/model_sc_ws/install/model_sc_pkg/lib/pkgconfig/model_sc_pkg.pc'
[1.372s] Level 1:colcon.colcon_core.environment:checking '/home/pragalbhv/ros2-workspaces/model_sc_ws/install/model_sc_pkg/lib/python3.10/site-packages'
[1.372s] Level 1:colcon.colcon_core.shell:create_environment_hook('model_sc_pkg', 'pythonpath')
[1.373s] INFO:colcon.colcon_core.shell:Creating environment hook '/home/pragalbhv/ros2-workspaces/model_sc_ws/install/model_sc_pkg/share/model_sc_pkg/hook/pythonpath.ps1'
[1.373s] INFO:colcon.colcon_core.shell:Creating environment descriptor '/home/pragalbhv/ros2-workspaces/model_sc_ws/install/model_sc_pkg/share/model_sc_pkg/hook/pythonpath.dsv'
[1.373s] INFO:colcon.colcon_core.shell:Creating environment hook '/home/pragalbhv/ros2-workspaces/model_sc_ws/install/model_sc_pkg/share/model_sc_pkg/hook/pythonpath.sh'
[1.374s] Level 1:colcon.colcon_core.environment:checking '/home/pragalbhv/ros2-workspaces/model_sc_ws/install/model_sc_pkg/bin'
[1.374s] Level 1:colcon.colcon_core.environment:create_environment_scripts_only(model_sc_pkg)
[1.374s] INFO:colcon.colcon_core.shell:Creating package script '/home/pragalbhv/ros2-workspaces/model_sc_ws/install/model_sc_pkg/share/model_sc_pkg/package.ps1'
[1.374s] INFO:colcon.colcon_core.shell:Creating package descriptor '/home/pragalbhv/ros2-workspaces/model_sc_ws/install/model_sc_pkg/share/model_sc_pkg/package.dsv'
[1.375s] INFO:colcon.colcon_core.shell:Creating package script '/home/pragalbhv/ros2-workspaces/model_sc_ws/install/model_sc_pkg/share/model_sc_pkg/package.sh'
[1.375s] INFO:colcon.colcon_core.shell:Creating package script '/home/pragalbhv/ros2-workspaces/model_sc_ws/install/model_sc_pkg/share/model_sc_pkg/package.bash'
[1.375s] INFO:colcon.colcon_core.shell:Creating package script '/home/pragalbhv/ros2-workspaces/model_sc_ws/install/model_sc_pkg/share/model_sc_pkg/package.zsh'
[1.375s] Level 1:colcon.colcon_core.environment:create_file_with_runtime_dependencies(/home/pragalbhv/ros2-workspaces/model_sc_ws/install/model_sc_pkg/share/colcon-core/packages/model_sc_pkg)
[1.376s] DEBUG:colcon.colcon_parallel_executor.executor.parallel:closing loop
[1.376s] DEBUG:colcon.colcon_parallel_executor.executor.parallel:loop closed
[1.376s] DEBUG:colcon.colcon_parallel_executor.executor.parallel:run_until_complete finished with '0'
[1.376s] DEBUG:colcon.colcon_core.event_reactor:joining thread
[1.380s] INFO:colcon.colcon_core.plugin_system:Skipping extension 'colcon_notification.desktop_notification.terminal_notifier': Not used on non-Darwin systems
[1.380s] INFO:colcon.colcon_core.plugin_system:Skipping extension 'colcon_notification.desktop_notification.win32': Not used on non-Windows systems
[1.380s] INFO:colcon.colcon_notification.desktop_notification:Sending desktop notification using 'notify2'
[1.389s] DEBUG:colcon.colcon_core.event_reactor:joined thread
[1.389s] INFO:colcon.colcon_core.shell:Creating prefix script '/home/pragalbhv/ros2-workspaces/model_sc_ws/install/local_setup.ps1'
[1.390s] INFO:colcon.colcon_core.shell:Creating prefix util module '/home/pragalbhv/ros2-workspaces/model_sc_ws/install/_local_setup_util_ps1.py'
[1.391s] INFO:colcon.colcon_core.shell:Creating prefix chain script '/home/pragalbhv/ros2-workspaces/model_sc_ws/install/setup.ps1'
[1.392s] INFO:colcon.colcon_core.shell:Creating prefix script '/home/pragalbhv/ros2-workspaces/model_sc_ws/install/local_setup.sh'
[1.392s] INFO:colcon.colcon_core.shell:Creating prefix util module '/home/pragalbhv/ros2-workspaces/model_sc_ws/install/_local_setup_util_sh.py'
[1.392s] INFO:colcon.colcon_core.shell:Creating prefix chain script '/home/pragalbhv/ros2-workspaces/model_sc_ws/install/setup.sh'
[1.393s] INFO:colcon.colcon_core.shell:Creating prefix script '/home/pragalbhv/ros2-workspaces/model_sc_ws/install/local_setup.bash'
[1.394s] INFO:colcon.colcon_core.shell:Creating prefix chain script '/home/pragalbhv/ros2-workspaces/model_sc_ws/install/setup.bash'
[1.394s] INFO:colcon.colcon_core.shell:Creating prefix script '/home/pragalbhv/ros2-workspaces/model_sc_ws/install/local_setup.zsh'
[1.395s] INFO:colcon.colcon_core.shell:Creating prefix chain script '/home/pragalbhv/ros2-workspaces/model_sc_ws/install/setup.zsh'
