[ 10%] Built target sc_msg__cpp
[ 12%] Built target sc_msg__rosidl_generator_c
[ 12%] Built target ament_cmake_python_copy_sc_msg
[ 23%] Built target sc_msg__rosidl_typesupport_introspection_c
[ 41%] Built target sc_msg__rosidl_typesupport_cpp
[ 43%] Built target sc_msg__rosidl_typesupport_fastrtps_cpp
[ 53%] Built target sc_msg__rosidl_typesupport_c
[ 64%] Built target sc_msg__rosidl_typesupport_introspection_cpp
[ 74%] Built target sc_msg__rosidl_typesupport_fastrtps_c
[ 74%] Built target sc_msg
[ 76%] Built target sc_msg__py
[ 84%] Built target sc_msg__rosidl_generator_py
[100%] Built target sc_msg__rosidl_typesupport_introspection_c__pyext
[100%] Built target sc_msg__rosidl_typesupport_fastrtps_c__pyext
[100%] Built target sc_msg__rosidl_typesupport_c__pyext
running egg_info
writing sc_msg.egg-info/PKG-INFO
writing dependency_links to sc_msg.egg-info/dependency_links.txt
writing top-level names to sc_msg.egg-info/top_level.txt
reading manifest file 'sc_msg.egg-info/SOURCES.txt'
writing manifest file 'sc_msg.egg-info/SOURCES.txt'
[100%] Built target ament_cmake_python_build_sc_msg_egg
-- Install configuration: ""
-- Up-to-date: /home/pragalbhv/ros2-workspaces/sc_ws/install/sc_msg/share/ament_index/resource_index/rosidl_interfaces/sc_msg
-- Up-to-date: /home/pragalbhv/ros2-workspaces/sc_ws/install/sc_msg/include/sc_msg/sc_msg
-- Up-to-date: /home/pragalbhv/ros2-workspaces/sc_ws/install/sc_msg/include/sc_msg/sc_msg/msg
-- Up-to-date: /home/pragalbhv/ros2-workspaces/sc_ws/install/sc_msg/include/sc_msg/sc_msg/msg/status.h
-- Up-to-date: /home/pragalbhv/ros2-workspaces/sc_ws/install/sc_msg/include/sc_msg/sc_msg/msg/detail
-- Up-to-date: /home/pragalbhv/ros2-workspaces/sc_ws/install/sc_msg/include/sc_msg/sc_msg/msg/detail/commands__type_support.h
-- Up-to-date: /home/pragalbhv/ros2-workspaces/sc_ws/install/sc_msg/include/sc_msg/sc_msg/msg/detail/status__type_support.h
-- Up-to-date: /home/pragalbhv/ros2-workspaces/sc_ws/install/sc_msg/include/sc_msg/sc_msg/msg/detail/commands__functions.c
-- Up-to-date: /home/pragalbhv/ros2-workspaces/sc_ws/install/sc_msg/include/sc_msg/sc_msg/msg/detail/commands__struct.h
-- Up-to-date: /home/pragalbhv/ros2-workspaces/sc_ws/install/sc_msg/include/sc_msg/sc_msg/msg/detail/commands__functions.h
-- Up-to-date: /home/pragalbhv/ros2-workspaces/sc_ws/install/sc_msg/include/sc_msg/sc_msg/msg/detail/status__functions.h
-- Up-to-date: /home/pragalbhv/ros2-workspaces/sc_ws/install/sc_msg/include/sc_msg/sc_msg/msg/detail/status__functions.c
-- Up-to-date: /home/pragalbhv/ros2-workspaces/sc_ws/install/sc_msg/include/sc_msg/sc_msg/msg/detail/status__struct.h
-- Up-to-date: /home/pragalbhv/ros2-workspaces/sc_ws/install/sc_msg/include/sc_msg/sc_msg/msg/commands.h
-- Up-to-date: /home/pragalbhv/ros2-workspaces/sc_ws/install/sc_msg/include/sc_msg/sc_msg/msg/rosidl_generator_c__visibility_control.h
-- Up-to-date: /home/pragalbhv/ros2-workspaces/sc_ws/install/sc_msg/share/sc_msg/environment/library_path.sh
-- Up-to-date: /home/pragalbhv/ros2-workspaces/sc_ws/install/sc_msg/share/sc_msg/environment/library_path.dsv
-- Up-to-date: /home/pragalbhv/ros2-workspaces/sc_ws/install/sc_msg/lib/libsc_msg__rosidl_generator_c.so
-- Up-to-date: /home/pragalbhv/ros2-workspaces/sc_ws/install/sc_msg/include/sc_msg/sc_msg
-- Up-to-date: /home/pragalbhv/ros2-workspaces/sc_ws/install/sc_msg/include/sc_msg/sc_msg/msg
-- Up-to-date: /home/pragalbhv/ros2-workspaces/sc_ws/install/sc_msg/include/sc_msg/sc_msg/msg/detail
-- Up-to-date: /home/pragalbhv/ros2-workspaces/sc_ws/install/sc_msg/include/sc_msg/sc_msg/msg/detail/commands__rosidl_typesupport_fastrtps_c.h
-- Up-to-date: /home/pragalbhv/ros2-workspaces/sc_ws/install/sc_msg/include/sc_msg/sc_msg/msg/detail/status__rosidl_typesupport_fastrtps_c.h
-- Up-to-date: /home/pragalbhv/ros2-workspaces/sc_ws/install/sc_msg/include/sc_msg/sc_msg/msg/rosidl_typesupport_fastrtps_c__visibility_control.h
-- Up-to-date: /home/pragalbhv/ros2-workspaces/sc_ws/install/sc_msg/lib/libsc_msg__rosidl_typesupport_fastrtps_c.so
-- Up-to-date: /home/pragalbhv/ros2-workspaces/sc_ws/install/sc_msg/include/sc_msg/sc_msg
-- Up-to-date: /home/pragalbhv/ros2-workspaces/sc_ws/install/sc_msg/include/sc_msg/sc_msg/msg
-- Up-to-date: /home/pragalbhv/ros2-workspaces/sc_ws/install/sc_msg/include/sc_msg/sc_msg/msg/detail
-- Up-to-date: /home/pragalbhv/ros2-workspaces/sc_ws/install/sc_msg/include/sc_msg/sc_msg/msg/detail/status__builder.hpp
-- Up-to-date: /home/pragalbhv/ros2-workspaces/sc_ws/install/sc_msg/include/sc_msg/sc_msg/msg/detail/commands__traits.hpp
-- Up-to-date: /home/pragalbhv/ros2-workspaces/sc_ws/install/sc_msg/include/sc_msg/sc_msg/msg/detail/commands__struct.hpp
-- Up-to-date: /home/pragalbhv/ros2-workspaces/sc_ws/install/sc_msg/include/sc_msg/sc_msg/msg/detail/status__traits.hpp
-- Up-to-date: /home/pragalbhv/ros2-workspaces/sc_ws/install/sc_msg/include/sc_msg/sc_msg/msg/detail/commands__builder.hpp
-- Up-to-date: /home/pragalbhv/ros2-workspaces/sc_ws/install/sc_msg/include/sc_msg/sc_msg/msg/detail/status__struct.hpp
-- Up-to-date: /home/pragalbhv/ros2-workspaces/sc_ws/install/sc_msg/include/sc_msg/sc_msg/msg/status.hpp
-- Up-to-date: /home/pragalbhv/ros2-workspaces/sc_ws/install/sc_msg/include/sc_msg/sc_msg/msg/commands.hpp
-- Up-to-date: /home/pragalbhv/ros2-workspaces/sc_ws/install/sc_msg/include/sc_msg/sc_msg
-- Up-to-date: /home/pragalbhv/ros2-workspaces/sc_ws/install/sc_msg/include/sc_msg/sc_msg/msg
-- Up-to-date: /home/pragalbhv/ros2-workspaces/sc_ws/install/sc_msg/include/sc_msg/sc_msg/msg/detail
-- Up-to-date: /home/pragalbhv/ros2-workspaces/sc_ws/install/sc_msg/include/sc_msg/sc_msg/msg/detail/commands__rosidl_typesupport_fastrtps_cpp.hpp
-- Up-to-date: /home/pragalbhv/ros2-workspaces/sc_ws/install/sc_msg/include/sc_msg/sc_msg/msg/detail/status__rosidl_typesupport_fastrtps_cpp.hpp
-- Up-to-date: /home/pragalbhv/ros2-workspaces/sc_ws/install/sc_msg/include/sc_msg/sc_msg/msg/detail/dds_fastrtps
-- Up-to-date: /home/pragalbhv/ros2-workspaces/sc_ws/install/sc_msg/include/sc_msg/sc_msg/msg/rosidl_typesupport_fastrtps_cpp__visibility_control.h
-- Up-to-date: /home/pragalbhv/ros2-workspaces/sc_ws/install/sc_msg/lib/libsc_msg__rosidl_typesupport_fastrtps_cpp.so
-- Up-to-date: /home/pragalbhv/ros2-workspaces/sc_ws/install/sc_msg/include/sc_msg/sc_msg
-- Up-to-date: /home/pragalbhv/ros2-workspaces/sc_ws/install/sc_msg/include/sc_msg/sc_msg/msg
-- Up-to-date: /home/pragalbhv/ros2-workspaces/sc_ws/install/sc_msg/include/sc_msg/sc_msg/msg/detail
-- Up-to-date: /home/pragalbhv/ros2-workspaces/sc_ws/install/sc_msg/include/sc_msg/sc_msg/msg/detail/status__type_support.c
-- Up-to-date: /home/pragalbhv/ros2-workspaces/sc_ws/install/sc_msg/include/sc_msg/sc_msg/msg/detail/commands__rosidl_typesupport_introspection_c.h
-- Up-to-date: /home/pragalbhv/ros2-workspaces/sc_ws/install/sc_msg/include/sc_msg/sc_msg/msg/detail/status__rosidl_typesupport_introspection_c.h
-- Up-to-date: /home/pragalbhv/ros2-workspaces/sc_ws/install/sc_msg/include/sc_msg/sc_msg/msg/detail/commands__type_support.c
-- Up-to-date: /home/pragalbhv/ros2-workspaces/sc_ws/install/sc_msg/include/sc_msg/sc_msg/msg/rosidl_typesupport_introspection_c__visibility_control.h
-- Up-to-date: /home/pragalbhv/ros2-workspaces/sc_ws/install/sc_msg/lib/libsc_msg__rosidl_typesupport_introspection_c.so
-- Up-to-date: /home/pragalbhv/ros2-workspaces/sc_ws/install/sc_msg/lib/libsc_msg__rosidl_typesupport_c.so
-- Up-to-date: /home/pragalbhv/ros2-workspaces/sc_ws/install/sc_msg/include/sc_msg/sc_msg
-- Up-to-date: /home/pragalbhv/ros2-workspaces/sc_ws/install/sc_msg/include/sc_msg/sc_msg/msg
-- Up-to-date: /home/pragalbhv/ros2-workspaces/sc_ws/install/sc_msg/include/sc_msg/sc_msg/msg/detail
-- Up-to-date: /home/pragalbhv/ros2-workspaces/sc_ws/install/sc_msg/include/sc_msg/sc_msg/msg/detail/commands__type_support.cpp
-- Up-to-date: /home/pragalbhv/ros2-workspaces/sc_ws/install/sc_msg/include/sc_msg/sc_msg/msg/detail/status__rosidl_typesupport_introspection_cpp.hpp
-- Up-to-date: /home/pragalbhv/ros2-workspaces/sc_ws/install/sc_msg/include/sc_msg/sc_msg/msg/detail/commands__rosidl_typesupport_introspection_cpp.hpp
-- Up-to-date: /home/pragalbhv/ros2-workspaces/sc_ws/install/sc_msg/include/sc_msg/sc_msg/msg/detail/status__type_support.cpp
-- Up-to-date: /home/pragalbhv/ros2-workspaces/sc_ws/install/sc_msg/lib/libsc_msg__rosidl_typesupport_introspection_cpp.so
-- Up-to-date: /home/pragalbhv/ros2-workspaces/sc_ws/install/sc_msg/lib/libsc_msg__rosidl_typesupport_cpp.so
-- Up-to-date: /home/pragalbhv/ros2-workspaces/sc_ws/install/sc_msg/share/sc_msg/environment/pythonpath.sh
-- Up-to-date: /home/pragalbhv/ros2-workspaces/sc_ws/install/sc_msg/share/sc_msg/environment/pythonpath.dsv
-- Up-to-date: /home/pragalbhv/ros2-workspaces/sc_ws/install/sc_msg/local/lib/python3.10/dist-packages/sc_msg-0.0.0-py3.10.egg-info
-- Installing: /home/pragalbhv/ros2-workspaces/sc_ws/install/sc_msg/local/lib/python3.10/dist-packages/sc_msg-0.0.0-py3.10.egg-info/SOURCES.txt
-- Installing: /home/pragalbhv/ros2-workspaces/sc_ws/install/sc_msg/local/lib/python3.10/dist-packages/sc_msg-0.0.0-py3.10.egg-info/dependency_links.txt
-- Installing: /home/pragalbhv/ros2-workspaces/sc_ws/install/sc_msg/local/lib/python3.10/dist-packages/sc_msg-0.0.0-py3.10.egg-info/top_level.txt
-- Installing: /home/pragalbhv/ros2-workspaces/sc_ws/install/sc_msg/local/lib/python3.10/dist-packages/sc_msg-0.0.0-py3.10.egg-info/PKG-INFO
-- Up-to-date: /home/pragalbhv/ros2-workspaces/sc_ws/install/sc_msg/local/lib/python3.10/dist-packages/sc_msg
-- Up-to-date: /home/pragalbhv/ros2-workspaces/sc_ws/install/sc_msg/local/lib/python3.10/dist-packages/sc_msg/sc_msg_s__rosidl_typesupport_fastrtps_c.cpython-310-x86_64-linux-gnu.so
-- Up-to-date: /home/pragalbhv/ros2-workspaces/sc_ws/install/sc_msg/local/lib/python3.10/dist-packages/sc_msg/_sc_msg_s.ep.rosidl_typesupport_fastrtps_c.c
-- Up-to-date: /home/pragalbhv/ros2-workspaces/sc_ws/install/sc_msg/local/lib/python3.10/dist-packages/sc_msg/sc_msg_s__rosidl_typesupport_introspection_c.cpython-310-x86_64-linux-gnu.so
-- Up-to-date: /home/pragalbhv/ros2-workspaces/sc_ws/install/sc_msg/local/lib/python3.10/dist-packages/sc_msg/sc_msg_s__rosidl_typesupport_c.cpython-310-x86_64-linux-gnu.so
-- Up-to-date: /home/pragalbhv/ros2-workspaces/sc_ws/install/sc_msg/local/lib/python3.10/dist-packages/sc_msg/msg
-- Up-to-date: /home/pragalbhv/ros2-workspaces/sc_ws/install/sc_msg/local/lib/python3.10/dist-packages/sc_msg/msg/_status_s.c
-- Up-to-date: /home/pragalbhv/ros2-workspaces/sc_ws/install/sc_msg/local/lib/python3.10/dist-packages/sc_msg/msg/__init__.py
-- Up-to-date: /home/pragalbhv/ros2-workspaces/sc_ws/install/sc_msg/local/lib/python3.10/dist-packages/sc_msg/msg/_commands_s.c
-- Up-to-date: /home/pragalbhv/ros2-workspaces/sc_ws/install/sc_msg/local/lib/python3.10/dist-packages/sc_msg/msg/_status.py
-- Up-to-date: /home/pragalbhv/ros2-workspaces/sc_ws/install/sc_msg/local/lib/python3.10/dist-packages/sc_msg/msg/_commands.py
-- Up-to-date: /home/pragalbhv/ros2-workspaces/sc_ws/install/sc_msg/local/lib/python3.10/dist-packages/sc_msg/libsc_msg__rosidl_generator_py.so
-- Up-to-date: /home/pragalbhv/ros2-workspaces/sc_ws/install/sc_msg/local/lib/python3.10/dist-packages/sc_msg/_sc_msg_s.ep.rosidl_typesupport_c.c
-- Up-to-date: /home/pragalbhv/ros2-workspaces/sc_ws/install/sc_msg/local/lib/python3.10/dist-packages/sc_msg/__init__.py
-- Up-to-date: /home/pragalbhv/ros2-workspaces/sc_ws/install/sc_msg/local/lib/python3.10/dist-packages/sc_msg/_sc_msg_s.ep.rosidl_typesupport_introspection_c.c
Listing '/home/pragalbhv/ros2-workspaces/sc_ws/install/sc_msg/local/lib/python3.10/dist-packages/sc_msg'...
Listing '/home/pragalbhv/ros2-workspaces/sc_ws/install/sc_msg/local/lib/python3.10/dist-packages/sc_msg/msg'...
-- Up-to-date: /home/pragalbhv/ros2-workspaces/sc_ws/install/sc_msg/local/lib/python3.10/dist-packages/sc_msg/sc_msg_s__rosidl_typesupport_fastrtps_c.cpython-310-x86_64-linux-gnu.so
-- Up-to-date: /home/pragalbhv/ros2-workspaces/sc_ws/install/sc_msg/local/lib/python3.10/dist-packages/sc_msg/sc_msg_s__rosidl_typesupport_introspection_c.cpython-310-x86_64-linux-gnu.so
-- Up-to-date: /home/pragalbhv/ros2-workspaces/sc_ws/install/sc_msg/local/lib/python3.10/dist-packages/sc_msg/sc_msg_s__rosidl_typesupport_c.cpython-310-x86_64-linux-gnu.so
-- Up-to-date: /home/pragalbhv/ros2-workspaces/sc_ws/install/sc_msg/lib/libsc_msg__rosidl_generator_py.so
-- Up-to-date: /home/pragalbhv/ros2-workspaces/sc_ws/install/sc_msg/share/sc_msg/msg/Commands.idl
-- Up-to-date: /home/pragalbhv/ros2-workspaces/sc_ws/install/sc_msg/share/sc_msg/msg/Status.idl
-- Up-to-date: /home/pragalbhv/ros2-workspaces/sc_ws/install/sc_msg/share/sc_msg/msg/Commands.msg
-- Up-to-date: /home/pragalbhv/ros2-workspaces/sc_ws/install/sc_msg/share/sc_msg/msg/Status.msg
-- Up-to-date: /home/pragalbhv/ros2-workspaces/sc_ws/install/sc_msg/share/ament_index/resource_index/package_run_dependencies/sc_msg
-- Up-to-date: /home/pragalbhv/ros2-workspaces/sc_ws/install/sc_msg/share/ament_index/resource_index/parent_prefix_path/sc_msg
-- Up-to-date: /home/pragalbhv/ros2-workspaces/sc_ws/install/sc_msg/share/sc_msg/environment/ament_prefix_path.sh
-- Up-to-date: /home/pragalbhv/ros2-workspaces/sc_ws/install/sc_msg/share/sc_msg/environment/ament_prefix_path.dsv
-- Up-to-date: /home/pragalbhv/ros2-workspaces/sc_ws/install/sc_msg/share/sc_msg/environment/path.sh
-- Up-to-date: /home/pragalbhv/ros2-workspaces/sc_ws/install/sc_msg/share/sc_msg/environment/path.dsv
-- Up-to-date: /home/pragalbhv/ros2-workspaces/sc_ws/install/sc_msg/share/sc_msg/local_setup.bash
-- Up-to-date: /home/pragalbhv/ros2-workspaces/sc_ws/install/sc_msg/share/sc_msg/local_setup.sh
-- Up-to-date: /home/pragalbhv/ros2-workspaces/sc_ws/install/sc_msg/share/sc_msg/local_setup.zsh
-- Up-to-date: /home/pragalbhv/ros2-workspaces/sc_ws/install/sc_msg/share/sc_msg/local_setup.dsv
-- Installing: /home/pragalbhv/ros2-workspaces/sc_ws/install/sc_msg/share/sc_msg/package.dsv
-- Up-to-date: /home/pragalbhv/ros2-workspaces/sc_ws/install/sc_msg/share/ament_index/resource_index/packages/sc_msg
-- Up-to-date: /home/pragalbhv/ros2-workspaces/sc_ws/install/sc_msg/share/sc_msg/cmake/export_sc_msg__rosidl_generator_cExport.cmake
-- Up-to-date: /home/pragalbhv/ros2-workspaces/sc_ws/install/sc_msg/share/sc_msg/cmake/export_sc_msg__rosidl_generator_cExport-noconfig.cmake
-- Up-to-date: /home/pragalbhv/ros2-workspaces/sc_ws/install/sc_msg/share/sc_msg/cmake/export_sc_msg__rosidl_typesupport_fastrtps_cExport.cmake
-- Up-to-date: /home/pragalbhv/ros2-workspaces/sc_ws/install/sc_msg/share/sc_msg/cmake/export_sc_msg__rosidl_typesupport_fastrtps_cExport-noconfig.cmake
-- Up-to-date: /home/pragalbhv/ros2-workspaces/sc_ws/install/sc_msg/share/sc_msg/cmake/export_sc_msg__rosidl_generator_cppExport.cmake
-- Up-to-date: /home/pragalbhv/ros2-workspaces/sc_ws/install/sc_msg/share/sc_msg/cmake/export_sc_msg__rosidl_typesupport_fastrtps_cppExport.cmake
-- Up-to-date: /home/pragalbhv/ros2-workspaces/sc_ws/install/sc_msg/share/sc_msg/cmake/export_sc_msg__rosidl_typesupport_fastrtps_cppExport-noconfig.cmake
-- Up-to-date: /home/pragalbhv/ros2-workspaces/sc_ws/install/sc_msg/share/sc_msg/cmake/sc_msg__rosidl_typesupport_introspection_cExport.cmake
-- Up-to-date: /home/pragalbhv/ros2-workspaces/sc_ws/install/sc_msg/share/sc_msg/cmake/sc_msg__rosidl_typesupport_introspection_cExport-noconfig.cmake
-- Up-to-date: /home/pragalbhv/ros2-workspaces/sc_ws/install/sc_msg/share/sc_msg/cmake/sc_msg__rosidl_typesupport_cExport.cmake
-- Up-to-date: /home/pragalbhv/ros2-workspaces/sc_ws/install/sc_msg/share/sc_msg/cmake/sc_msg__rosidl_typesupport_cExport-noconfig.cmake
-- Up-to-date: /home/pragalbhv/ros2-workspaces/sc_ws/install/sc_msg/share/sc_msg/cmake/sc_msg__rosidl_typesupport_introspection_cppExport.cmake
-- Up-to-date: /home/pragalbhv/ros2-workspaces/sc_ws/install/sc_msg/share/sc_msg/cmake/sc_msg__rosidl_typesupport_introspection_cppExport-noconfig.cmake
-- Up-to-date: /home/pragalbhv/ros2-workspaces/sc_ws/install/sc_msg/share/sc_msg/cmake/sc_msg__rosidl_typesupport_cppExport.cmake
-- Up-to-date: /home/pragalbhv/ros2-workspaces/sc_ws/install/sc_msg/share/sc_msg/cmake/sc_msg__rosidl_typesupport_cppExport-noconfig.cmake
-- Up-to-date: /home/pragalbhv/ros2-workspaces/sc_ws/install/sc_msg/share/sc_msg/cmake/export_sc_msg__rosidl_generator_pyExport.cmake
-- Up-to-date: /home/pragalbhv/ros2-workspaces/sc_ws/install/sc_msg/share/sc_msg/cmake/export_sc_msg__rosidl_generator_pyExport-noconfig.cmake
-- Up-to-date: /home/pragalbhv/ros2-workspaces/sc_ws/install/sc_msg/share/sc_msg/cmake/rosidl_cmake-extras.cmake
-- Up-to-date: /home/pragalbhv/ros2-workspaces/sc_ws/install/sc_msg/share/sc_msg/cmake/ament_cmake_export_dependencies-extras.cmake
-- Up-to-date: /home/pragalbhv/ros2-workspaces/sc_ws/install/sc_msg/share/sc_msg/cmake/ament_cmake_export_include_directories-extras.cmake
-- Up-to-date: /home/pragalbhv/ros2-workspaces/sc_ws/install/sc_msg/share/sc_msg/cmake/ament_cmake_export_libraries-extras.cmake
-- Up-to-date: /home/pragalbhv/ros2-workspaces/sc_ws/install/sc_msg/share/sc_msg/cmake/ament_cmake_export_targets-extras.cmake
-- Up-to-date: /home/pragalbhv/ros2-workspaces/sc_ws/install/sc_msg/share/sc_msg/cmake/rosidl_cmake_export_typesupport_targets-extras.cmake
-- Up-to-date: /home/pragalbhv/ros2-workspaces/sc_ws/install/sc_msg/share/sc_msg/cmake/rosidl_cmake_export_typesupport_libraries-extras.cmake
-- Up-to-date: /home/pragalbhv/ros2-workspaces/sc_ws/install/sc_msg/share/sc_msg/cmake/sc_msgConfig.cmake
-- Up-to-date: /home/pragalbhv/ros2-workspaces/sc_ws/install/sc_msg/share/sc_msg/cmake/sc_msgConfig-version.cmake
-- Up-to-date: /home/pragalbhv/ros2-workspaces/sc_ws/install/sc_msg/share/sc_msg/package.xml
