[0.089s] DEBUG:colcon:Command line arguments: ['/usr/bin/colcon', 'build']
[0.089s] DEBUG:colcon:Parsed command line arguments: Namespace(log_base=None, log_level=None, verb_name='build', build_base='build', install_base='install', merge_install=False, symlink_install=False, test_result_base=None, continue_on_error=False, executor='parallel', parallel_workers=4, event_handlers=None, ignore_user_meta=False, metas=['./colcon.meta'], base_paths=['.'], packages_ignore=None, packages_ignore_regex=None, paths=None, packages_up_to=None, packages_up_to_regex=None, packages_above=None, packages_above_and_dependencies=None, packages_above_depth=None, packages_select_by_dep=None, packages_skip_by_dep=None, packages_skip_up_to=None, packages_select_build_failed=False, packages_skip_build_finished=False, packages_select_test_failures=False, packages_skip_test_passed=False, packages_select=None, packages_skip=None, packages_select_regex=None, packages_skip_regex=None, packages_start=None, packages_end=None, allow_overriding=[], cmake_args=None, cmake_target=None, cmake_target_skip_unavailable=False, cmake_clean_cache=False, cmake_clean_first=False, cmake_force_configure=False, ament_cmake_args=None, catkin_cmake_args=None, catkin_skip_building_tests=False, mixin_files=None, mixin=None, verb_parser=<colcon_mixin.mixin.mixin_argument.MixinArgumentDecorator object at 0x722e068425c0>, verb_extension=<colcon_core.verb.build.BuildVerb object at 0x722e06841b70>, main=<bound method BuildVerb.main of <colcon_core.verb.build.BuildVerb object at 0x722e06841b70>>, mixin_verb=('build',))
[0.226s] Level 1:colcon.colcon_core.package_discovery:discover_packages(colcon_meta) check parameters
[0.226s] Level 1:colcon.colcon_core.package_discovery:discover_packages(recursive) check parameters
[0.226s] Level 1:colcon.colcon_core.package_discovery:discover_packages(ignore) check parameters
[0.226s] Level 1:colcon.colcon_core.package_discovery:discover_packages(path) check parameters
[0.226s] Level 1:colcon.colcon_core.package_discovery:discover_packages(colcon_meta) discover
[0.226s] Level 1:colcon.colcon_core.package_discovery:discover_packages(recursive) discover
[0.226s] INFO:colcon.colcon_core.package_discovery:Crawling recursively for packages in '/home/pragalbhv/ros2-workspaces/sc_ws'
[0.226s] Level 1:colcon.colcon_core.package_identification:_identify(.) by extensions ['ignore', 'ignore_ament_install']
[0.226s] Level 1:colcon.colcon_core.package_identification:_identify(.) by extension 'ignore'
[0.226s] Level 1:colcon.colcon_core.package_identification:_identify(.) by extension 'ignore_ament_install'
[0.226s] Level 1:colcon.colcon_core.package_identification:_identify(.) by extensions ['colcon_pkg']
[0.227s] Level 1:colcon.colcon_core.package_identification:_identify(.) by extension 'colcon_pkg'
[0.227s] Level 1:colcon.colcon_core.package_identification:_identify(.) by extensions ['colcon_meta']
[0.227s] Level 1:colcon.colcon_core.package_identification:_identify(.) by extension 'colcon_meta'
[0.227s] Level 1:colcon.colcon_core.package_identification:_identify(.) by extensions ['ros']
[0.227s] Level 1:colcon.colcon_core.package_identification:_identify(.) by extension 'ros'
[0.235s] Level 1:colcon.colcon_core.package_identification:_identify(.) by extensions ['cmake', 'python']
[0.235s] Level 1:colcon.colcon_core.package_identification:_identify(.) by extension 'cmake'
[0.235s] Level 1:colcon.colcon_core.package_identification:_identify(.) by extension 'python'
[0.235s] Level 1:colcon.colcon_core.package_identification:_identify(.) by extensions ['python_setup_py']
[0.235s] Level 1:colcon.colcon_core.package_identification:_identify(.) by extension 'python_setup_py'
[0.235s] Level 1:colcon.colcon_core.package_identification:_identify(build) by extensions ['ignore', 'ignore_ament_install']
[0.235s] Level 1:colcon.colcon_core.package_identification:_identify(build) by extension 'ignore'
[0.235s] Level 1:colcon.colcon_core.package_identification:_identify(build) ignored
[0.235s] Level 1:colcon.colcon_core.package_identification:_identify(install) by extensions ['ignore', 'ignore_ament_install']
[0.236s] Level 1:colcon.colcon_core.package_identification:_identify(install) by extension 'ignore'
[0.236s] Level 1:colcon.colcon_core.package_identification:_identify(install) ignored
[0.236s] Level 1:colcon.colcon_core.package_identification:_identify(log) by extensions ['ignore', 'ignore_ament_install']
[0.236s] Level 1:colcon.colcon_core.package_identification:_identify(log) by extension 'ignore'
[0.236s] Level 1:colcon.colcon_core.package_identification:_identify(log) ignored
[0.236s] Level 1:colcon.colcon_core.package_identification:_identify(src) by extensions ['ignore', 'ignore_ament_install']
[0.236s] Level 1:colcon.colcon_core.package_identification:_identify(src) by extension 'ignore'
[0.236s] Level 1:colcon.colcon_core.package_identification:_identify(src) by extension 'ignore_ament_install'
[0.236s] Level 1:colcon.colcon_core.package_identification:_identify(src) by extensions ['colcon_pkg']
[0.236s] Level 1:colcon.colcon_core.package_identification:_identify(src) by extension 'colcon_pkg'
[0.236s] Level 1:colcon.colcon_core.package_identification:_identify(src) by extensions ['colcon_meta']
[0.236s] Level 1:colcon.colcon_core.package_identification:_identify(src) by extension 'colcon_meta'
[0.236s] Level 1:colcon.colcon_core.package_identification:_identify(src) by extensions ['ros']
[0.236s] Level 1:colcon.colcon_core.package_identification:_identify(src) by extension 'ros'
[0.236s] Level 1:colcon.colcon_core.package_identification:_identify(src) by extensions ['cmake', 'python']
[0.236s] Level 1:colcon.colcon_core.package_identification:_identify(src) by extension 'cmake'
[0.236s] Level 1:colcon.colcon_core.package_identification:_identify(src) by extension 'python'
[0.236s] Level 1:colcon.colcon_core.package_identification:_identify(src) by extensions ['python_setup_py']
[0.236s] Level 1:colcon.colcon_core.package_identification:_identify(src) by extension 'python_setup_py'
[0.236s] Level 1:colcon.colcon_core.package_identification:_identify(src/sc_msg) by extensions ['ignore', 'ignore_ament_install']
[0.237s] Level 1:colcon.colcon_core.package_identification:_identify(src/sc_msg) by extension 'ignore'
[0.237s] Level 1:colcon.colcon_core.package_identification:_identify(src/sc_msg) by extension 'ignore_ament_install'
[0.237s] Level 1:colcon.colcon_core.package_identification:_identify(src/sc_msg) by extensions ['colcon_pkg']
[0.237s] Level 1:colcon.colcon_core.package_identification:_identify(src/sc_msg) by extension 'colcon_pkg'
[0.237s] Level 1:colcon.colcon_core.package_identification:_identify(src/sc_msg) by extensions ['colcon_meta']
[0.237s] Level 1:colcon.colcon_core.package_identification:_identify(src/sc_msg) by extension 'colcon_meta'
[0.237s] Level 1:colcon.colcon_core.package_identification:_identify(src/sc_msg) by extensions ['ros']
[0.237s] Level 1:colcon.colcon_core.package_identification:_identify(src/sc_msg) by extension 'ros'
[0.239s] DEBUG:colcon.colcon_core.package_identification:Package 'src/sc_msg' with type 'ros.ament_cmake' and name 'sc_msg'
[0.239s] Level 1:colcon.colcon_core.package_identification:_identify(src/sc_pkg) by extensions ['ignore', 'ignore_ament_install']
[0.239s] Level 1:colcon.colcon_core.package_identification:_identify(src/sc_pkg) by extension 'ignore'
[0.239s] Level 1:colcon.colcon_core.package_identification:_identify(src/sc_pkg) by extension 'ignore_ament_install'
[0.239s] Level 1:colcon.colcon_core.package_identification:_identify(src/sc_pkg) by extensions ['colcon_pkg']
[0.239s] Level 1:colcon.colcon_core.package_identification:_identify(src/sc_pkg) by extension 'colcon_pkg'
[0.239s] Level 1:colcon.colcon_core.package_identification:_identify(src/sc_pkg) by extensions ['colcon_meta']
[0.239s] Level 1:colcon.colcon_core.package_identification:_identify(src/sc_pkg) by extension 'colcon_meta'
[0.239s] Level 1:colcon.colcon_core.package_identification:_identify(src/sc_pkg) by extensions ['ros']
[0.239s] Level 1:colcon.colcon_core.package_identification:_identify(src/sc_pkg) by extension 'ros'
[0.239s] DEBUG:colcon.colcon_core.package_identification:Package 'src/sc_pkg' with type 'ros.ament_python' and name 'sc_pkg'
[0.240s] Level 1:colcon.colcon_core.package_discovery:discover_packages(recursive) using defaults
[0.240s] Level 1:colcon.colcon_core.package_discovery:discover_packages(ignore) discover
[0.240s] Level 1:colcon.colcon_core.package_discovery:discover_packages(ignore) using defaults
[0.240s] Level 1:colcon.colcon_core.package_discovery:discover_packages(path) discover
[0.240s] Level 1:colcon.colcon_core.package_discovery:discover_packages(path) using defaults
[0.262s] Level 1:colcon.colcon_core.package_discovery:discover_packages(prefix_path) check parameters
[0.262s] Level 1:colcon.colcon_core.package_discovery:discover_packages(prefix_path) discover
[0.263s] DEBUG:colcon.colcon_installed_package_information.package_discovery:Found 2 installed packages in /home/pragalbhv/ros2-workspaces/sc_ws/install
[0.264s] DEBUG:colcon.colcon_installed_package_information.package_discovery:Found 270 installed packages in /opt/ros/humble
[0.265s] Level 1:colcon.colcon_core.package_discovery:discover_packages(prefix_path) using defaults
[0.294s] Level 5:colcon.colcon_core.verb:set package 'sc_msg' build argument 'cmake_args' from command line to 'None'
[0.294s] Level 5:colcon.colcon_core.verb:set package 'sc_msg' build argument 'cmake_target' from command line to 'None'
[0.294s] Level 5:colcon.colcon_core.verb:set package 'sc_msg' build argument 'cmake_target_skip_unavailable' from command line to 'False'
[0.294s] Level 5:colcon.colcon_core.verb:set package 'sc_msg' build argument 'cmake_clean_cache' from command line to 'False'
[0.294s] Level 5:colcon.colcon_core.verb:set package 'sc_msg' build argument 'cmake_clean_first' from command line to 'False'
[0.294s] Level 5:colcon.colcon_core.verb:set package 'sc_msg' build argument 'cmake_force_configure' from command line to 'False'
[0.294s] Level 5:colcon.colcon_core.verb:set package 'sc_msg' build argument 'ament_cmake_args' from command line to 'None'
[0.294s] Level 5:colcon.colcon_core.verb:set package 'sc_msg' build argument 'catkin_cmake_args' from command line to 'None'
[0.294s] Level 5:colcon.colcon_core.verb:set package 'sc_msg' build argument 'catkin_skip_building_tests' from command line to 'False'
[0.294s] DEBUG:colcon.colcon_core.verb:Building package 'sc_msg' with the following arguments: {'ament_cmake_args': None, 'build_base': '/home/pragalbhv/ros2-workspaces/sc_ws/build/sc_msg', 'catkin_cmake_args': None, 'catkin_skip_building_tests': False, 'cmake_args': None, 'cmake_clean_cache': False, 'cmake_clean_first': False, 'cmake_force_configure': False, 'cmake_target': None, 'cmake_target_skip_unavailable': False, 'install_base': '/home/pragalbhv/ros2-workspaces/sc_ws/install/sc_msg', 'merge_install': False, 'path': '/home/pragalbhv/ros2-workspaces/sc_ws/src/sc_msg', 'symlink_install': False, 'test_result_base': None}
[0.295s] Level 5:colcon.colcon_core.verb:set package 'sc_pkg' build argument 'cmake_args' from command line to 'None'
[0.295s] Level 5:colcon.colcon_core.verb:set package 'sc_pkg' build argument 'cmake_target' from command line to 'None'
[0.295s] Level 5:colcon.colcon_core.verb:set package 'sc_pkg' build argument 'cmake_target_skip_unavailable' from command line to 'False'
[0.295s] Level 5:colcon.colcon_core.verb:set package 'sc_pkg' build argument 'cmake_clean_cache' from command line to 'False'
[0.295s] Level 5:colcon.colcon_core.verb:set package 'sc_pkg' build argument 'cmake_clean_first' from command line to 'False'
[0.295s] Level 5:colcon.colcon_core.verb:set package 'sc_pkg' build argument 'cmake_force_configure' from command line to 'False'
[0.295s] Level 5:colcon.colcon_core.verb:set package 'sc_pkg' build argument 'ament_cmake_args' from command line to 'None'
[0.295s] Level 5:colcon.colcon_core.verb:set package 'sc_pkg' build argument 'catkin_cmake_args' from command line to 'None'
[0.295s] Level 5:colcon.colcon_core.verb:set package 'sc_pkg' build argument 'catkin_skip_building_tests' from command line to 'False'
[0.295s] DEBUG:colcon.colcon_core.verb:Building package 'sc_pkg' with the following arguments: {'ament_cmake_args': None, 'build_base': '/home/pragalbhv/ros2-workspaces/sc_ws/build/sc_pkg', 'catkin_cmake_args': None, 'catkin_skip_building_tests': False, 'cmake_args': None, 'cmake_clean_cache': False, 'cmake_clean_first': False, 'cmake_force_configure': False, 'cmake_target': None, 'cmake_target_skip_unavailable': False, 'install_base': '/home/pragalbhv/ros2-workspaces/sc_ws/install/sc_pkg', 'merge_install': False, 'path': '/home/pragalbhv/ros2-workspaces/sc_ws/src/sc_pkg', 'symlink_install': False, 'test_result_base': None}
[0.295s] INFO:colcon.colcon_core.executor:Executing jobs using 'parallel' executor
[0.296s] DEBUG:colcon.colcon_parallel_executor.executor.parallel:run_until_complete
[0.296s] INFO:colcon.colcon_ros.task.ament_cmake.build:Building ROS package in '/home/pragalbhv/ros2-workspaces/sc_ws/src/sc_msg' with build type 'ament_cmake'
[0.296s] INFO:colcon.colcon_cmake.task.cmake.build:Building CMake package in '/home/pragalbhv/ros2-workspaces/sc_ws/src/sc_msg'
[0.297s] INFO:colcon.colcon_core.plugin_system:Skipping extension 'colcon_core.shell.bat': Not used on non-Windows systems
[0.298s] INFO:colcon.colcon_core.shell:Skip shell extension 'powershell' for command environment: Not usable outside of PowerShell
[0.298s] DEBUG:colcon.colcon_core.shell:Skip shell extension 'dsv' for command environment
[0.300s] INFO:colcon.colcon_ros.task.ament_python.build:Building ROS package in '/home/pragalbhv/ros2-workspaces/sc_ws/src/sc_pkg' with build type 'ament_python'
[0.300s] Level 1:colcon.colcon_core.shell:create_environment_hook('sc_pkg', 'ament_prefix_path')
[0.301s] INFO:colcon.colcon_core.shell:Creating environment hook '/home/pragalbhv/ros2-workspaces/sc_ws/install/sc_pkg/share/sc_pkg/hook/ament_prefix_path.ps1'
[0.301s] INFO:colcon.colcon_core.shell:Creating environment descriptor '/home/pragalbhv/ros2-workspaces/sc_ws/install/sc_pkg/share/sc_pkg/hook/ament_prefix_path.dsv'
[0.302s] INFO:colcon.colcon_core.shell:Creating environment hook '/home/pragalbhv/ros2-workspaces/sc_ws/install/sc_pkg/share/sc_pkg/hook/ament_prefix_path.sh'
[0.302s] INFO:colcon.colcon_core.shell:Skip shell extension 'powershell' for command environment: Not usable outside of PowerShell
[0.302s] DEBUG:colcon.colcon_core.shell:Skip shell extension 'dsv' for command environment
[0.308s] DEBUG:colcon.colcon_core.event_handler.log_command:Invoking command in '/home/pragalbhv/ros2-workspaces/sc_ws/build/sc_msg': CMAKE_PREFIX_PATH=${CMAKE_PREFIX_PATH}:/home/pragalbhv/ros2-workspaces/sc_ws/install/sc_pkg:/opt/ros/humble /usr/bin/cmake --build /home/pragalbhv/ros2-workspaces/sc_ws/build/sc_msg -- -j4 -l4
[0.510s] INFO:colcon.colcon_core.task.python.build:Building Python package in '/home/pragalbhv/ros2-workspaces/sc_ws/src/sc_pkg'
[0.510s] INFO:colcon.colcon_core.shell:Skip shell extension 'powershell' for command environment: Not usable outside of PowerShell
[0.510s] DEBUG:colcon.colcon_core.shell:Skip shell extension 'dsv' for command environment
[0.514s] DEBUG:colcon.colcon_core.event_handler.log_command:Invoked command in '/home/pragalbhv/ros2-workspaces/sc_ws/build/sc_msg' returned '0': CMAKE_PREFIX_PATH=${CMAKE_PREFIX_PATH}:/home/pragalbhv/ros2-workspaces/sc_ws/install/sc_pkg:/opt/ros/humble /usr/bin/cmake --build /home/pragalbhv/ros2-workspaces/sc_ws/build/sc_msg -- -j4 -l4
[0.521s] DEBUG:colcon.colcon_core.event_handler.log_command:Invoking command in '/home/pragalbhv/ros2-workspaces/sc_ws/build/sc_msg': CMAKE_PREFIX_PATH=${CMAKE_PREFIX_PATH}:/home/pragalbhv/ros2-workspaces/sc_ws/install/sc_pkg:/opt/ros/humble /usr/bin/cmake --install /home/pragalbhv/ros2-workspaces/sc_ws/build/sc_msg
[0.529s] Level 1:colcon.colcon_core.environment:create_environment_scripts_only(sc_msg)
[0.530s] DEBUG:colcon.colcon_core.event_handler.log_command:Invoked command in '/home/pragalbhv/ros2-workspaces/sc_ws/build/sc_msg' returned '0': CMAKE_PREFIX_PATH=${CMAKE_PREFIX_PATH}:/home/pragalbhv/ros2-workspaces/sc_ws/install/sc_pkg:/opt/ros/humble /usr/bin/cmake --install /home/pragalbhv/ros2-workspaces/sc_ws/build/sc_msg
[0.531s] Level 1:colcon.colcon_core.environment:checking '/home/pragalbhv/ros2-workspaces/sc_ws/install/sc_msg' for CMake module files
[0.532s] Level 1:colcon.colcon_core.environment:checking '/home/pragalbhv/ros2-workspaces/sc_ws/install/sc_msg' for CMake config files
[0.532s] Level 1:colcon.colcon_core.shell:create_environment_hook('sc_msg', 'cmake_prefix_path')
[0.532s] INFO:colcon.colcon_core.shell:Creating environment hook '/home/pragalbhv/ros2-workspaces/sc_ws/install/sc_msg/share/sc_msg/hook/cmake_prefix_path.ps1'
[0.532s] INFO:colcon.colcon_core.shell:Creating environment descriptor '/home/pragalbhv/ros2-workspaces/sc_ws/install/sc_msg/share/sc_msg/hook/cmake_prefix_path.dsv'
[0.533s] INFO:colcon.colcon_core.shell:Creating environment hook '/home/pragalbhv/ros2-workspaces/sc_ws/install/sc_msg/share/sc_msg/hook/cmake_prefix_path.sh'
[0.533s] Level 1:colcon.colcon_core.environment:checking '/home/pragalbhv/ros2-workspaces/sc_ws/install/sc_msg/bin'
[0.533s] Level 1:colcon.colcon_core.environment:checking '/home/pragalbhv/ros2-workspaces/sc_ws/install/sc_msg/lib/pkgconfig/sc_msg.pc'
[0.533s] Level 1:colcon.colcon_core.environment:checking '/home/pragalbhv/ros2-workspaces/sc_ws/install/sc_msg/lib/python3.10/site-packages'
[0.534s] Level 1:colcon.colcon_core.environment:checking '/home/pragalbhv/ros2-workspaces/sc_ws/install/sc_msg/bin'
[0.534s] INFO:colcon.colcon_core.shell:Creating package script '/home/pragalbhv/ros2-workspaces/sc_ws/install/sc_msg/share/sc_msg/package.ps1'
[0.534s] INFO:colcon.colcon_core.shell:Creating package descriptor '/home/pragalbhv/ros2-workspaces/sc_ws/install/sc_msg/share/sc_msg/package.dsv'
[0.535s] INFO:colcon.colcon_core.shell:Creating package script '/home/pragalbhv/ros2-workspaces/sc_ws/install/sc_msg/share/sc_msg/package.sh'
[0.535s] INFO:colcon.colcon_core.shell:Creating package script '/home/pragalbhv/ros2-workspaces/sc_ws/install/sc_msg/share/sc_msg/package.bash'
[0.536s] INFO:colcon.colcon_core.shell:Creating package script '/home/pragalbhv/ros2-workspaces/sc_ws/install/sc_msg/share/sc_msg/package.zsh'
[0.536s] Level 1:colcon.colcon_core.environment:create_file_with_runtime_dependencies(/home/pragalbhv/ros2-workspaces/sc_ws/install/sc_msg/share/colcon-core/packages/sc_msg)
[0.537s] Level 1:colcon.colcon_core.environment:create_environment_scripts_only(sc_msg)
[0.537s] Level 1:colcon.colcon_core.environment:checking '/home/pragalbhv/ros2-workspaces/sc_ws/install/sc_msg' for CMake module files
[0.538s] Level 1:colcon.colcon_core.environment:checking '/home/pragalbhv/ros2-workspaces/sc_ws/install/sc_msg' for CMake config files
[0.538s] Level 1:colcon.colcon_core.shell:create_environment_hook('sc_msg', 'cmake_prefix_path')
[0.538s] INFO:colcon.colcon_core.shell:Creating environment hook '/home/pragalbhv/ros2-workspaces/sc_ws/install/sc_msg/share/sc_msg/hook/cmake_prefix_path.ps1'
[0.538s] INFO:colcon.colcon_core.shell:Creating environment descriptor '/home/pragalbhv/ros2-workspaces/sc_ws/install/sc_msg/share/sc_msg/hook/cmake_prefix_path.dsv'
[0.539s] INFO:colcon.colcon_core.shell:Creating environment hook '/home/pragalbhv/ros2-workspaces/sc_ws/install/sc_msg/share/sc_msg/hook/cmake_prefix_path.sh'
[0.539s] Level 1:colcon.colcon_core.environment:checking '/home/pragalbhv/ros2-workspaces/sc_ws/install/sc_msg/bin'
[0.539s] Level 1:colcon.colcon_core.environment:checking '/home/pragalbhv/ros2-workspaces/sc_ws/install/sc_msg/lib/pkgconfig/sc_msg.pc'
[0.539s] Level 1:colcon.colcon_core.environment:checking '/home/pragalbhv/ros2-workspaces/sc_ws/install/sc_msg/lib/python3.10/site-packages'
[0.539s] Level 1:colcon.colcon_core.environment:checking '/home/pragalbhv/ros2-workspaces/sc_ws/install/sc_msg/bin'
[0.540s] INFO:colcon.colcon_core.shell:Creating package script '/home/pragalbhv/ros2-workspaces/sc_ws/install/sc_msg/share/sc_msg/package.ps1'
[0.540s] INFO:colcon.colcon_core.shell:Creating package descriptor '/home/pragalbhv/ros2-workspaces/sc_ws/install/sc_msg/share/sc_msg/package.dsv'
[0.540s] INFO:colcon.colcon_core.shell:Creating package script '/home/pragalbhv/ros2-workspaces/sc_ws/install/sc_msg/share/sc_msg/package.sh'
[0.541s] INFO:colcon.colcon_core.shell:Creating package script '/home/pragalbhv/ros2-workspaces/sc_ws/install/sc_msg/share/sc_msg/package.bash'
[0.541s] INFO:colcon.colcon_core.shell:Creating package script '/home/pragalbhv/ros2-workspaces/sc_ws/install/sc_msg/share/sc_msg/package.zsh'
[0.541s] Level 1:colcon.colcon_core.environment:create_file_with_runtime_dependencies(/home/pragalbhv/ros2-workspaces/sc_ws/install/sc_msg/share/colcon-core/packages/sc_msg)
[0.781s] DEBUG:colcon.colcon_core.event_handler.log_command:Invoking command in '/home/pragalbhv/ros2-workspaces/sc_ws/src/sc_pkg': PYTHONPATH=/home/pragalbhv/ros2-workspaces/sc_ws/build/sc_pkg/prefix_override:/usr/lib/python3/dist-packages/colcon_core/task/python/colcon_distutils_commands:/home/pragalbhv/ros2-workspaces/sc_ws/install/sc_pkg/lib/python3.10/site-packages:${PYTHONPATH} /usr/bin/python3 -W ignore:setup.py install is deprecated -W ignore:easy_install command is deprecated setup.py egg_info --egg-base ../../build/sc_pkg build --build-base /home/pragalbhv/ros2-workspaces/sc_ws/build/sc_pkg/build install --record /home/pragalbhv/ros2-workspaces/sc_ws/build/sc_pkg/install.log --single-version-externally-managed install_data
[1.015s] Level 1:colcon.colcon_core.environment:checking '/home/pragalbhv/ros2-workspaces/sc_ws/install/sc_pkg' for CMake module files
[1.016s] DEBUG:colcon.colcon_core.event_handler.log_command:Invoked command in '/home/pragalbhv/ros2-workspaces/sc_ws/src/sc_pkg' returned '0': PYTHONPATH=/home/pragalbhv/ros2-workspaces/sc_ws/build/sc_pkg/prefix_override:/usr/lib/python3/dist-packages/colcon_core/task/python/colcon_distutils_commands:/home/pragalbhv/ros2-workspaces/sc_ws/install/sc_pkg/lib/python3.10/site-packages:${PYTHONPATH} /usr/bin/python3 -W ignore:setup.py install is deprecated -W ignore:easy_install command is deprecated setup.py egg_info --egg-base ../../build/sc_pkg build --build-base /home/pragalbhv/ros2-workspaces/sc_ws/build/sc_pkg/build install --record /home/pragalbhv/ros2-workspaces/sc_ws/build/sc_pkg/install.log --single-version-externally-managed install_data
[1.016s] Level 1:colcon.colcon_core.environment:checking '/home/pragalbhv/ros2-workspaces/sc_ws/install/sc_pkg' for CMake config files
[1.016s] Level 1:colcon.colcon_core.environment:checking '/home/pragalbhv/ros2-workspaces/sc_ws/install/sc_pkg/lib'
[1.017s] Level 1:colcon.colcon_core.environment:checking '/home/pragalbhv/ros2-workspaces/sc_ws/install/sc_pkg/bin'
[1.017s] Level 1:colcon.colcon_core.environment:checking '/home/pragalbhv/ros2-workspaces/sc_ws/install/sc_pkg/lib/pkgconfig/sc_pkg.pc'
[1.017s] Level 1:colcon.colcon_core.environment:checking '/home/pragalbhv/ros2-workspaces/sc_ws/install/sc_pkg/lib/python3.10/site-packages'
[1.017s] Level 1:colcon.colcon_core.shell:create_environment_hook('sc_pkg', 'pythonpath')
[1.017s] INFO:colcon.colcon_core.shell:Creating environment hook '/home/pragalbhv/ros2-workspaces/sc_ws/install/sc_pkg/share/sc_pkg/hook/pythonpath.ps1'
[1.017s] INFO:colcon.colcon_core.shell:Creating environment descriptor '/home/pragalbhv/ros2-workspaces/sc_ws/install/sc_pkg/share/sc_pkg/hook/pythonpath.dsv'
[1.018s] INFO:colcon.colcon_core.shell:Creating environment hook '/home/pragalbhv/ros2-workspaces/sc_ws/install/sc_pkg/share/sc_pkg/hook/pythonpath.sh'
[1.018s] Level 1:colcon.colcon_core.environment:checking '/home/pragalbhv/ros2-workspaces/sc_ws/install/sc_pkg/bin'
[1.018s] Level 1:colcon.colcon_core.environment:create_environment_scripts_only(sc_pkg)
[1.018s] INFO:colcon.colcon_core.shell:Creating package script '/home/pragalbhv/ros2-workspaces/sc_ws/install/sc_pkg/share/sc_pkg/package.ps1'
[1.019s] INFO:colcon.colcon_core.shell:Creating package descriptor '/home/pragalbhv/ros2-workspaces/sc_ws/install/sc_pkg/share/sc_pkg/package.dsv'
[1.019s] INFO:colcon.colcon_core.shell:Creating package script '/home/pragalbhv/ros2-workspaces/sc_ws/install/sc_pkg/share/sc_pkg/package.sh'
[1.019s] INFO:colcon.colcon_core.shell:Creating package script '/home/pragalbhv/ros2-workspaces/sc_ws/install/sc_pkg/share/sc_pkg/package.bash'
[1.020s] INFO:colcon.colcon_core.shell:Creating package script '/home/pragalbhv/ros2-workspaces/sc_ws/install/sc_pkg/share/sc_pkg/package.zsh'
[1.020s] Level 1:colcon.colcon_core.environment:create_file_with_runtime_dependencies(/home/pragalbhv/ros2-workspaces/sc_ws/install/sc_pkg/share/colcon-core/packages/sc_pkg)
[1.020s] DEBUG:colcon.colcon_parallel_executor.executor.parallel:closing loop
[1.020s] DEBUG:colcon.colcon_parallel_executor.executor.parallel:loop closed
[1.020s] DEBUG:colcon.colcon_parallel_executor.executor.parallel:run_until_complete finished with '0'
[1.020s] DEBUG:colcon.colcon_core.event_reactor:joining thread
[1.024s] INFO:colcon.colcon_core.plugin_system:Skipping extension 'colcon_notification.desktop_notification.terminal_notifier': Not used on non-Darwin systems
[1.024s] INFO:colcon.colcon_core.plugin_system:Skipping extension 'colcon_notification.desktop_notification.win32': Not used on non-Windows systems
[1.024s] INFO:colcon.colcon_notification.desktop_notification:Sending desktop notification using 'notify2'
[1.033s] DEBUG:colcon.colcon_core.event_reactor:joined thread
[1.033s] INFO:colcon.colcon_core.shell:Creating prefix script '/home/pragalbhv/ros2-workspaces/sc_ws/install/local_setup.ps1'
[1.034s] INFO:colcon.colcon_core.shell:Creating prefix util module '/home/pragalbhv/ros2-workspaces/sc_ws/install/_local_setup_util_ps1.py'
[1.035s] INFO:colcon.colcon_core.shell:Creating prefix chain script '/home/pragalbhv/ros2-workspaces/sc_ws/install/setup.ps1'
[1.035s] INFO:colcon.colcon_core.shell:Creating prefix script '/home/pragalbhv/ros2-workspaces/sc_ws/install/local_setup.sh'
[1.036s] INFO:colcon.colcon_core.shell:Creating prefix util module '/home/pragalbhv/ros2-workspaces/sc_ws/install/_local_setup_util_sh.py'
[1.036s] INFO:colcon.colcon_core.shell:Creating prefix chain script '/home/pragalbhv/ros2-workspaces/sc_ws/install/setup.sh'
[1.037s] INFO:colcon.colcon_core.shell:Creating prefix script '/home/pragalbhv/ros2-workspaces/sc_ws/install/local_setup.bash'
[1.038s] INFO:colcon.colcon_core.shell:Creating prefix chain script '/home/pragalbhv/ros2-workspaces/sc_ws/install/setup.bash'
[1.039s] INFO:colcon.colcon_core.shell:Creating prefix script '/home/pragalbhv/ros2-workspaces/sc_ws/install/local_setup.zsh'
[1.039s] INFO:colcon.colcon_core.shell:Creating prefix chain script '/home/pragalbhv/ros2-workspaces/sc_ws/install/setup.zsh'
