running egg_info
writing ../../build/sc_pkg/sc_pkg.egg-info/PKG-INFO
writing dependency_links to ../../build/sc_pkg/sc_pkg.egg-info/dependency_links.txt
writing entry points to ../../build/sc_pkg/sc_pkg.egg-info/entry_points.txt
writing requirements to ../../build/sc_pkg/sc_pkg.egg-info/requires.txt
writing top-level names to ../../build/sc_pkg/sc_pkg.egg-info/top_level.txt
reading manifest file '../../build/sc_pkg/sc_pkg.egg-info/SOURCES.txt'
adding license file 'LICENSE'
writing manifest file '../../build/sc_pkg/sc_pkg.egg-info/SOURCES.txt'
running build
running build_py
running install
running install_lib
running install_data
running install_egg_info
removing '/home/pragalbhv/ros2-workspaces/sc_ws/install/sc_pkg/lib/python3.10/site-packages/sc_pkg-0.0.0-py3.10.egg-info' (and everything under it)
Copying ../../build/sc_pkg/sc_pkg.egg-info to /home/pragalbhv/ros2-workspaces/sc_ws/install/sc_pkg/lib/python3.10/site-packages/sc_pkg-0.0.0-py3.10.egg-info
running install_scripts
Installing spin_coater script to /home/pragalbhv/ros2-workspaces/sc_ws/install/sc_pkg/lib/sc_pkg
writing list of installed files to '/home/pragalbhv/ros2-workspaces/sc_ws/build/sc_pkg/install.log'
