[0.010s] Invoking command in '/home/pragalbhv/ros2-workspaces/sc_ws/build/sc_msg': CMAKE_PREFIX_PATH=/opt/ros/humble /usr/bin/cmake /home/pragalbhv/ros2-workspaces/sc_ws/src/sc_msg -DCMAKE_INSTALL_PREFIX=/home/pragalbhv/ros2-workspaces/sc_ws/install/sc_msg
[0.055s] -- The C compiler identification is GNU 11.4.0
[0.100s] -- The CXX compiler identification is GNU 11.4.0
[0.105s] -- Detecting C compiler ABI info
[0.160s] -- Detecting C compiler ABI info - done
[0.165s] -- Check for working C compiler: /usr/bin/cc - skipped
[0.165s] -- Detecting C compile features
[0.165s] -- Detecting C compile features - done
[0.167s] -- Detecting CXX compiler ABI info
[0.230s] -- Detecting CXX compiler ABI info - done
[0.236s] -- Check for working CXX compiler: /usr/bin/c++ - skipped
[0.237s] -- Detecting CXX compile features
[0.237s] -- Detecting CXX compile features - done
[0.262s] -- Found ament_cmake: 1.3.10 (/opt/ros/humble/share/ament_cmake/cmake)
[0.445s] -- Found Python3: /usr/bin/python3 (found version "3.10.12") found components: Interpreter 
[0.724s] -- Found ament_lint_auto: 0.12.11 (/opt/ros/humble/share/ament_lint_auto/cmake)
[0.861s] -- Added test 'lint_cmake' to check CMake code style
[0.862s] -- Added test 'xmllint' to check XML markup files
[0.863s] -- Configuring done
[0.865s] -- Generating done
[0.867s] -- Build files have been written to: /home/pragalbhv/ros2-workspaces/sc_ws/build/sc_msg
[0.870s] Invoked command in '/home/pragalbhv/ros2-workspaces/sc_ws/build/sc_msg' returned '0': CMAKE_PREFIX_PATH=/opt/ros/humble /usr/bin/cmake /home/pragalbhv/ros2-workspaces/sc_ws/src/sc_msg -DCMAKE_INSTALL_PREFIX=/home/pragalbhv/ros2-workspaces/sc_ws/install/sc_msg
[0.872s] Invoking command in '/home/pragalbhv/ros2-workspaces/sc_ws/build/sc_msg': CMAKE_PREFIX_PATH=/opt/ros/humble /usr/bin/cmake --build /home/pragalbhv/ros2-workspaces/sc_ws/build/sc_msg -- -j4 -l4
[0.901s] Invoked command in '/home/pragalbhv/ros2-workspaces/sc_ws/build/sc_msg' returned '0': CMAKE_PREFIX_PATH=/opt/ros/humble /usr/bin/cmake --build /home/pragalbhv/ros2-workspaces/sc_ws/build/sc_msg -- -j4 -l4
[0.908s] Invoking command in '/home/pragalbhv/ros2-workspaces/sc_ws/build/sc_msg': CMAKE_PREFIX_PATH=/opt/ros/humble /usr/bin/cmake --install /home/pragalbhv/ros2-workspaces/sc_ws/build/sc_msg
[0.914s] -- Install configuration: ""
[0.914s] -- Installing: /home/pragalbhv/ros2-workspaces/sc_ws/install/sc_msg/share/ament_index/resource_index/package_run_dependencies/sc_msg
[0.914s] -- Installing: /home/pragalbhv/ros2-workspaces/sc_ws/install/sc_msg/share/ament_index/resource_index/parent_prefix_path/sc_msg
[0.914s] -- Installing: /home/pragalbhv/ros2-workspaces/sc_ws/install/sc_msg/share/sc_msg/environment/ament_prefix_path.sh
[0.915s] -- Installing: /home/pragalbhv/ros2-workspaces/sc_ws/install/sc_msg/share/sc_msg/environment/ament_prefix_path.dsv
[0.915s] -- Installing: /home/pragalbhv/ros2-workspaces/sc_ws/install/sc_msg/share/sc_msg/environment/path.sh
[0.915s] -- Installing: /home/pragalbhv/ros2-workspaces/sc_ws/install/sc_msg/share/sc_msg/environment/path.dsv
[0.915s] -- Installing: /home/pragalbhv/ros2-workspaces/sc_ws/install/sc_msg/share/sc_msg/local_setup.bash
[0.915s] -- Installing: /home/pragalbhv/ros2-workspaces/sc_ws/install/sc_msg/share/sc_msg/local_setup.sh
[0.915s] -- Installing: /home/pragalbhv/ros2-workspaces/sc_ws/install/sc_msg/share/sc_msg/local_setup.zsh
[0.915s] -- Installing: /home/pragalbhv/ros2-workspaces/sc_ws/install/sc_msg/share/sc_msg/local_setup.dsv
[0.915s] -- Installing: /home/pragalbhv/ros2-workspaces/sc_ws/install/sc_msg/share/sc_msg/package.dsv
[0.915s] -- Installing: /home/pragalbhv/ros2-workspaces/sc_ws/install/sc_msg/share/ament_index/resource_index/packages/sc_msg
[0.915s] -- Installing: /home/pragalbhv/ros2-workspaces/sc_ws/install/sc_msg/share/sc_msg/cmake/sc_msgConfig.cmake
[0.916s] -- Installing: /home/pragalbhv/ros2-workspaces/sc_ws/install/sc_msg/share/sc_msg/cmake/sc_msgConfig-version.cmake
[0.916s] -- Installing: /home/pragalbhv/ros2-workspaces/sc_ws/install/sc_msg/share/sc_msg/package.xml
[0.918s] Invoked command in '/home/pragalbhv/ros2-workspaces/sc_ws/build/sc_msg' returned '0': CMAKE_PREFIX_PATH=/opt/ros/humble /usr/bin/cmake --install /home/pragalbhv/ros2-workspaces/sc_ws/build/sc_msg
