[0.012s] Invoking command in '/home/pragalbhv/ros2-workspaces/sc_ws/build/sc_msg': CMAKE_PREFIX_PATH=${CMAKE_PREFIX_PATH}:/home/pragalbhv/ros2-workspaces/sc_ws/install/sc_pkg:/opt/ros/humble /usr/bin/cmake --build /home/pragalbhv/ros2-workspaces/sc_ws/build/sc_msg -- -j4 -l4
[0.030s] -- Found ament_cmake: 1.3.10 (/opt/ros/humble/share/ament_cmake/cmake)
[0.160s] -- Found geometry_msgs: 4.2.4 (/opt/ros/humble/share/geometry_msgs/cmake)
[0.349s] -- Found rosidl_generator_c: 3.1.5 (/opt/ros/humble/share/rosidl_generator_c/cmake)
[0.399s] -- Found rosidl_adapter: 3.1.5 (/opt/ros/humble/share/rosidl_adapter/cmake)
[0.420s] -- Found rosidl_generator_cpp: 3.1.5 (/opt/ros/humble/share/rosidl_generator_cpp/cmake)
[0.462s] -- Using all available rosidl_typesupport_c: rosidl_typesupport_fastrtps_c;rosidl_typesupport_introspection_c
[0.508s] -- Using all available rosidl_typesupport_cpp: rosidl_typesupport_fastrtps_cpp;rosidl_typesupport_introspection_cpp
[0.603s] -- Found rosidl_default_generators: 1.2.0 (/opt/ros/humble/share/rosidl_default_generators/cmake)
[0.631s] [31mCMake Error at /opt/ros/humble/share/rosidl_cmake/cmake/rosidl_generate_interfaces.cmake:93 (message):
[0.631s]   rosidl_generate_interfaces() the passed file 'msg/Status.srv' doesn't exist
[0.631s]   relative to the CMAKE_CURRENT_SOURCE_DIR
[0.631s]   '/home/pragalbhv/ros2-workspaces/sc_ws/src/sc_msg'
[0.631s] Call Stack (most recent call first):
[0.631s]   CMakeLists.txt:13 (rosidl_generate_interfaces)
[0.632s] 
[0.632s] [0m
[0.632s] -- Configuring incomplete, errors occurred!
[0.632s] See also "/home/pragalbhv/ros2-workspaces/sc_ws/build/sc_msg/CMakeFiles/CMakeOutput.log".
[0.634s] gmake: *** [Makefile:226: cmake_check_build_system] Error 1
[0.636s] Invoked command in '/home/pragalbhv/ros2-workspaces/sc_ws/build/sc_msg' returned '2': CMAKE_PREFIX_PATH=${CMAKE_PREFIX_PATH}:/home/pragalbhv/ros2-workspaces/sc_ws/install/sc_pkg:/opt/ros/humble /usr/bin/cmake --build /home/pragalbhv/ros2-workspaces/sc_ws/build/sc_msg -- -j4 -l4
