[0.008s] Invoking command in '/home/pragalbhv/ros2-workspaces/model_sc_ws/build/model_sc_msg': CMAKE_PREFIX_PATH=/opt/ros/humble /usr/bin/cmake /home/pragalbhv/ros2-workspaces/model_sc_ws/src/model_sc_msg -DCMAKE_INSTALL_PREFIX=/home/pragalbhv/ros2-workspaces/model_sc_ws/install/model_sc_msg
[0.514s] -- The C compiler identification is GNU 11.4.0
[0.903s] -- The CXX compiler identification is GNU 11.4.0
[0.911s] -- Detecting C compiler ABI info
[1.039s] -- Detecting C compiler ABI info - done
[1.045s] -- Check for working C compiler: /usr/bin/cc - skipped
[1.045s] -- Detecting C compile features
[1.065s] -- Detecting C compile features - done
[1.069s] -- Detecting CXX compiler ABI info
[1.149s] -- Detecting CXX compiler ABI info - done
[1.156s] -- Check for working CXX compiler: /usr/bin/c++ - skipped
[1.156s] -- Detecting CXX compile features
[1.156s] -- Detecting CXX compile features - done
[1.158s] -- Found ament_cmake: 1.3.11 (/opt/ros/humble/share/ament_cmake/cmake)
[1.318s] -- Found Python3: /usr/bin/python3 (found version "3.10.12") found components: Interpreter 
[1.398s] -- Found ament_lint_auto: 0.12.11 (/opt/ros/humble/share/ament_lint_auto/cmake)
[1.457s] -- Added test 'lint_cmake' to check CMake code style
[1.458s] -- Added test 'xmllint' to check XML markup files
[1.459s] -- Configuring done
[1.461s] -- Generating done
[1.462s] -- Build files have been written to: /home/pragalbhv/ros2-workspaces/model_sc_ws/build/model_sc_msg
[1.466s] Invoked command in '/home/pragalbhv/ros2-workspaces/model_sc_ws/build/model_sc_msg' returned '0': CMAKE_PREFIX_PATH=/opt/ros/humble /usr/bin/cmake /home/pragalbhv/ros2-workspaces/model_sc_ws/src/model_sc_msg -DCMAKE_INSTALL_PREFIX=/home/pragalbhv/ros2-workspaces/model_sc_ws/install/model_sc_msg
[1.467s] Invoking command in '/home/pragalbhv/ros2-workspaces/model_sc_ws/build/model_sc_msg': CMAKE_PREFIX_PATH=/opt/ros/humble /usr/bin/cmake --build /home/pragalbhv/ros2-workspaces/model_sc_ws/build/model_sc_msg -- -j4 -l4
[1.496s] Invoked command in '/home/pragalbhv/ros2-workspaces/model_sc_ws/build/model_sc_msg' returned '0': CMAKE_PREFIX_PATH=/opt/ros/humble /usr/bin/cmake --build /home/pragalbhv/ros2-workspaces/model_sc_ws/build/model_sc_msg -- -j4 -l4
[1.504s] Invoking command in '/home/pragalbhv/ros2-workspaces/model_sc_ws/build/model_sc_msg': CMAKE_PREFIX_PATH=/opt/ros/humble /usr/bin/cmake --install /home/pragalbhv/ros2-workspaces/model_sc_ws/build/model_sc_msg
[1.509s] -- Install configuration: ""
[1.509s] -- Installing: /home/pragalbhv/ros2-workspaces/model_sc_ws/install/model_sc_msg/share/ament_index/resource_index/package_run_dependencies/model_sc_msg
[1.510s] -- Installing: /home/pragalbhv/ros2-workspaces/model_sc_ws/install/model_sc_msg/share/ament_index/resource_index/parent_prefix_path/model_sc_msg
[1.510s] -- Installing: /home/pragalbhv/ros2-workspaces/model_sc_ws/install/model_sc_msg/share/model_sc_msg/environment/ament_prefix_path.sh
[1.510s] -- Installing: /home/pragalbhv/ros2-workspaces/model_sc_ws/install/model_sc_msg/share/model_sc_msg/environment/ament_prefix_path.dsv
[1.510s] -- Installing: /home/pragalbhv/ros2-workspaces/model_sc_ws/install/model_sc_msg/share/model_sc_msg/environment/path.sh
[1.510s] -- Installing: /home/pragalbhv/ros2-workspaces/model_sc_ws/install/model_sc_msg/share/model_sc_msg/environment/path.dsv
[1.510s] -- Installing: /home/pragalbhv/ros2-workspaces/model_sc_ws/install/model_sc_msg/share/model_sc_msg/local_setup.bash
[1.511s] -- Installing: /home/pragalbhv/ros2-workspaces/model_sc_ws/install/model_sc_msg/share/model_sc_msg/local_setup.sh
[1.511s] -- Installing: /home/pragalbhv/ros2-workspaces/model_sc_ws/install/model_sc_msg/share/model_sc_msg/local_setup.zsh
[1.511s] -- Installing: /home/pragalbhv/ros2-workspaces/model_sc_ws/install/model_sc_msg/share/model_sc_msg/local_setup.dsv
[1.511s] -- Installing: /home/pragalbhv/ros2-workspaces/model_sc_ws/install/model_sc_msg/share/model_sc_msg/package.dsv
[1.511s] -- Installing: /home/pragalbhv/ros2-workspaces/model_sc_ws/install/model_sc_msg/share/ament_index/resource_index/packages/model_sc_msg
[1.511s] -- Installing: /home/pragalbhv/ros2-workspaces/model_sc_ws/install/model_sc_msg/share/model_sc_msg/cmake/model_sc_msgConfig.cmake
[1.511s] -- Installing: /home/pragalbhv/ros2-workspaces/model_sc_ws/install/model_sc_msg/share/model_sc_msg/cmake/model_sc_msgConfig-version.cmake
[1.511s] -- Installing: /home/pragalbhv/ros2-workspaces/model_sc_ws/install/model_sc_msg/share/model_sc_msg/package.xml
[1.513s] Invoked command in '/home/pragalbhv/ros2-workspaces/model_sc_ws/build/model_sc_msg' returned '0': CMAKE_PREFIX_PATH=/opt/ros/humble /usr/bin/cmake --install /home/pragalbhv/ros2-workspaces/model_sc_ws/build/model_sc_msg
