[0.729s] Invoking command in '/home/pragalbhv/ros2-workspaces/model_sc_ws/src/model_sc_pkg': PYTHONPATH=/home/pragalbhv/ros2-workspaces/model_sc_ws/build/model_sc_pkg/prefix_override:/usr/lib/python3/dist-packages/colcon_core/task/python/colcon_distutils_commands:/home/pragalbhv/ros2-workspaces/model_sc_ws/install/model_sc_pkg/lib/python3.10/site-packages:${PYTHONPATH} /usr/bin/python3 -W ignore:setup.py install is deprecated -W ignore:easy_install command is deprecated setup.py egg_info --egg-base ../../build/model_sc_pkg build --build-base /home/pragalbhv/ros2-workspaces/model_sc_ws/build/model_sc_pkg/build install --record /home/pragalbhv/ros2-workspaces/model_sc_ws/build/model_sc_pkg/install.log --single-version-externally-managed install_data
[0.919s] running egg_info
[0.919s] writing ../../build/model_sc_pkg/model_sc_pkg.egg-info/PKG-INFO
[0.928s] writing dependency_links to ../../build/model_sc_pkg/model_sc_pkg.egg-info/dependency_links.txt
[0.928s] writing entry points to ../../build/model_sc_pkg/model_sc_pkg.egg-info/entry_points.txt
[0.928s] writing requirements to ../../build/model_sc_pkg/model_sc_pkg.egg-info/requires.txt
[0.928s] writing top-level names to ../../build/model_sc_pkg/model_sc_pkg.egg-info/top_level.txt
[0.929s] reading manifest file '../../build/model_sc_pkg/model_sc_pkg.egg-info/SOURCES.txt'
[0.930s] adding license file 'LICENSE'
[0.930s] writing manifest file '../../build/model_sc_pkg/model_sc_pkg.egg-info/SOURCES.txt'
[0.930s] running build
[0.931s] running build_py
[0.937s] copying model_sc_pkg/model_sc_node.py -> /home/pragalbhv/ros2-workspaces/model_sc_ws/build/model_sc_pkg/build/lib/model_sc_pkg
[0.938s] running install
[0.938s] running install_lib
[0.939s] copying /home/pragalbhv/ros2-workspaces/model_sc_ws/build/model_sc_pkg/build/lib/model_sc_pkg/model_sc_node.py -> /home/pragalbhv/ros2-workspaces/model_sc_ws/install/model_sc_pkg/lib/python3.10/site-packages/model_sc_pkg
[0.939s] byte-compiling /home/pragalbhv/ros2-workspaces/model_sc_ws/install/model_sc_pkg/lib/python3.10/site-packages/model_sc_pkg/model_sc_node.py to model_sc_node.cpython-310.pyc
[0.940s] running install_data
[0.940s] running install_egg_info
[0.941s] removing '/home/pragalbhv/ros2-workspaces/model_sc_ws/install/model_sc_pkg/lib/python3.10/site-packages/model_sc_pkg-0.0.0-py3.10.egg-info' (and everything under it)
[0.942s] Copying ../../build/model_sc_pkg/model_sc_pkg.egg-info to /home/pragalbhv/ros2-workspaces/model_sc_ws/install/model_sc_pkg/lib/python3.10/site-packages/model_sc_pkg-0.0.0-py3.10.egg-info
[0.952s] running install_scripts
[0.969s] Installing model_spin_coater script to /home/pragalbhv/ros2-workspaces/model_sc_ws/install/model_sc_pkg/lib/model_sc_pkg
[0.969s] writing list of installed files to '/home/pragalbhv/ros2-workspaces/model_sc_ws/build/model_sc_pkg/install.log'
[0.986s] Invoked command in '/home/pragalbhv/ros2-workspaces/model_sc_ws/src/model_sc_pkg' returned '0': PYTHONPATH=/home/pragalbhv/ros2-workspaces/model_sc_ws/build/model_sc_pkg/prefix_override:/usr/lib/python3/dist-packages/colcon_core/task/python/colcon_distutils_commands:/home/pragalbhv/ros2-workspaces/model_sc_ws/install/model_sc_pkg/lib/python3.10/site-packages:${PYTHONPATH} /usr/bin/python3 -W ignore:setup.py install is deprecated -W ignore:easy_install command is deprecated setup.py egg_info --egg-base ../../build/model_sc_pkg build --build-base /home/pragalbhv/ros2-workspaces/model_sc_ws/build/model_sc_pkg/build install --record /home/pragalbhv/ros2-workspaces/model_sc_ws/build/model_sc_pkg/install.log --single-version-externally-managed install_data
