[0.088s] DEBUG:colcon:Command line arguments: ['/usr/bin/colcon', 'build']
[0.088s] DEBUG:colcon:Parsed command line arguments: Namespace(log_base=None, log_level=None, verb_name='build', build_base='build', install_base='install', merge_install=False, symlink_install=False, test_result_base=None, continue_on_error=False, executor='parallel', parallel_workers=4, event_handlers=None, ignore_user_meta=False, metas=['./colcon.meta'], base_paths=['.'], packages_ignore=None, packages_ignore_regex=None, paths=None, packages_up_to=None, packages_up_to_regex=None, packages_above=None, packages_above_and_dependencies=None, packages_above_depth=None, packages_select_by_dep=None, packages_skip_by_dep=None, packages_skip_up_to=None, packages_select_build_failed=False, packages_skip_build_finished=False, packages_select_test_failures=False, packages_skip_test_passed=False, packages_select=None, packages_skip=None, packages_select_regex=None, packages_skip_regex=None, packages_start=None, packages_end=None, allow_overriding=[], cmake_args=None, cmake_target=None, cmake_target_skip_unavailable=False, cmake_clean_cache=False, cmake_clean_first=False, cmake_force_configure=False, ament_cmake_args=None, catkin_cmake_args=None, catkin_skip_building_tests=False, mixin_files=None, mixin=None, verb_parser=<colcon_mixin.mixin.mixin_argument.MixinArgumentDecorator object at 0x7aef16e0e2c0>, verb_extension=<colcon_core.verb.build.BuildVerb object at 0x7aef16e0d8a0>, main=<bound method BuildVerb.main of <colcon_core.verb.build.BuildVerb object at 0x7aef16e0d8a0>>, mixin_verb=('build',))
[0.225s] Level 1:colcon.colcon_core.package_discovery:discover_packages(colcon_meta) check parameters
[0.225s] Level 1:colcon.colcon_core.package_discovery:discover_packages(recursive) check parameters
[0.225s] Level 1:colcon.colcon_core.package_discovery:discover_packages(ignore) check parameters
[0.225s] Level 1:colcon.colcon_core.package_discovery:discover_packages(path) check parameters
[0.225s] Level 1:colcon.colcon_core.package_discovery:discover_packages(colcon_meta) discover
[0.225s] Level 1:colcon.colcon_core.package_discovery:discover_packages(recursive) discover
[0.225s] INFO:colcon.colcon_core.package_discovery:Crawling recursively for packages in '/home/pragalbhv/ros2-workspaces/model_sc_ws'
[0.225s] Level 1:colcon.colcon_core.package_identification:_identify(.) by extensions ['ignore', 'ignore_ament_install']
[0.225s] Level 1:colcon.colcon_core.package_identification:_identify(.) by extension 'ignore'
[0.226s] Level 1:colcon.colcon_core.package_identification:_identify(.) by extension 'ignore_ament_install'
[0.226s] Level 1:colcon.colcon_core.package_identification:_identify(.) by extensions ['colcon_pkg']
[0.226s] Level 1:colcon.colcon_core.package_identification:_identify(.) by extension 'colcon_pkg'
[0.226s] Level 1:colcon.colcon_core.package_identification:_identify(.) by extensions ['colcon_meta']
[0.226s] Level 1:colcon.colcon_core.package_identification:_identify(.) by extension 'colcon_meta'
[0.226s] Level 1:colcon.colcon_core.package_identification:_identify(.) by extensions ['ros']
[0.226s] Level 1:colcon.colcon_core.package_identification:_identify(.) by extension 'ros'
[0.234s] Level 1:colcon.colcon_core.package_identification:_identify(.) by extensions ['cmake', 'python']
[0.234s] Level 1:colcon.colcon_core.package_identification:_identify(.) by extension 'cmake'
[0.234s] Level 1:colcon.colcon_core.package_identification:_identify(.) by extension 'python'
[0.234s] Level 1:colcon.colcon_core.package_identification:_identify(.) by extensions ['python_setup_py']
[0.234s] Level 1:colcon.colcon_core.package_identification:_identify(.) by extension 'python_setup_py'
[0.234s] Level 1:colcon.colcon_core.package_identification:_identify(build) by extensions ['ignore', 'ignore_ament_install']
[0.234s] Level 1:colcon.colcon_core.package_identification:_identify(build) by extension 'ignore'
[0.234s] Level 1:colcon.colcon_core.package_identification:_identify(build) ignored
[0.235s] Level 1:colcon.colcon_core.package_identification:_identify(install) by extensions ['ignore', 'ignore_ament_install']
[0.235s] Level 1:colcon.colcon_core.package_identification:_identify(install) by extension 'ignore'
[0.235s] Level 1:colcon.colcon_core.package_identification:_identify(install) ignored
[0.235s] Level 1:colcon.colcon_core.package_identification:_identify(log) by extensions ['ignore', 'ignore_ament_install']
[0.235s] Level 1:colcon.colcon_core.package_identification:_identify(log) by extension 'ignore'
[0.235s] Level 1:colcon.colcon_core.package_identification:_identify(log) ignored
[0.235s] Level 1:colcon.colcon_core.package_identification:_identify(src) by extensions ['ignore', 'ignore_ament_install']
[0.235s] Level 1:colcon.colcon_core.package_identification:_identify(src) by extension 'ignore'
[0.235s] Level 1:colcon.colcon_core.package_identification:_identify(src) by extension 'ignore_ament_install'
[0.235s] Level 1:colcon.colcon_core.package_identification:_identify(src) by extensions ['colcon_pkg']
[0.235s] Level 1:colcon.colcon_core.package_identification:_identify(src) by extension 'colcon_pkg'
[0.235s] Level 1:colcon.colcon_core.package_identification:_identify(src) by extensions ['colcon_meta']
[0.235s] Level 1:colcon.colcon_core.package_identification:_identify(src) by extension 'colcon_meta'
[0.235s] Level 1:colcon.colcon_core.package_identification:_identify(src) by extensions ['ros']
[0.235s] Level 1:colcon.colcon_core.package_identification:_identify(src) by extension 'ros'
[0.235s] Level 1:colcon.colcon_core.package_identification:_identify(src) by extensions ['cmake', 'python']
[0.235s] Level 1:colcon.colcon_core.package_identification:_identify(src) by extension 'cmake'
[0.235s] Level 1:colcon.colcon_core.package_identification:_identify(src) by extension 'python'
[0.235s] Level 1:colcon.colcon_core.package_identification:_identify(src) by extensions ['python_setup_py']
[0.235s] Level 1:colcon.colcon_core.package_identification:_identify(src) by extension 'python_setup_py'
[0.235s] Level 1:colcon.colcon_core.package_identification:_identify(src/model_sc_msg) by extensions ['ignore', 'ignore_ament_install']
[0.235s] Level 1:colcon.colcon_core.package_identification:_identify(src/model_sc_msg) by extension 'ignore'
[0.236s] Level 1:colcon.colcon_core.package_identification:_identify(src/model_sc_msg) by extension 'ignore_ament_install'
[0.236s] Level 1:colcon.colcon_core.package_identification:_identify(src/model_sc_msg) by extensions ['colcon_pkg']
[0.236s] Level 1:colcon.colcon_core.package_identification:_identify(src/model_sc_msg) by extension 'colcon_pkg'
[0.236s] Level 1:colcon.colcon_core.package_identification:_identify(src/model_sc_msg) by extensions ['colcon_meta']
[0.236s] Level 1:colcon.colcon_core.package_identification:_identify(src/model_sc_msg) by extension 'colcon_meta'
[0.236s] Level 1:colcon.colcon_core.package_identification:_identify(src/model_sc_msg) by extensions ['ros']
[0.236s] Level 1:colcon.colcon_core.package_identification:_identify(src/model_sc_msg) by extension 'ros'
[0.238s] DEBUG:colcon.colcon_core.package_identification:Package 'src/model_sc_msg' with type 'ros.ament_cmake' and name 'model_sc_msg'
[0.238s] Level 1:colcon.colcon_core.package_identification:_identify(src/model_sc_pkg) by extensions ['ignore', 'ignore_ament_install']
[0.238s] Level 1:colcon.colcon_core.package_identification:_identify(src/model_sc_pkg) by extension 'ignore'
[0.238s] Level 1:colcon.colcon_core.package_identification:_identify(src/model_sc_pkg) by extension 'ignore_ament_install'
[0.238s] Level 1:colcon.colcon_core.package_identification:_identify(src/model_sc_pkg) by extensions ['colcon_pkg']
[0.238s] Level 1:colcon.colcon_core.package_identification:_identify(src/model_sc_pkg) by extension 'colcon_pkg'
[0.238s] Level 1:colcon.colcon_core.package_identification:_identify(src/model_sc_pkg) by extensions ['colcon_meta']
[0.238s] Level 1:colcon.colcon_core.package_identification:_identify(src/model_sc_pkg) by extension 'colcon_meta'
[0.238s] Level 1:colcon.colcon_core.package_identification:_identify(src/model_sc_pkg) by extensions ['ros']
[0.238s] Level 1:colcon.colcon_core.package_identification:_identify(src/model_sc_pkg) by extension 'ros'
[0.238s] DEBUG:colcon.colcon_core.package_identification:Package 'src/model_sc_pkg' with type 'ros.ament_python' and name 'model_sc_pkg'
[0.238s] Level 1:colcon.colcon_core.package_discovery:discover_packages(recursive) using defaults
[0.238s] Level 1:colcon.colcon_core.package_discovery:discover_packages(ignore) discover
[0.239s] Level 1:colcon.colcon_core.package_discovery:discover_packages(ignore) using defaults
[0.239s] Level 1:colcon.colcon_core.package_discovery:discover_packages(path) discover
[0.239s] Level 1:colcon.colcon_core.package_discovery:discover_packages(path) using defaults
[0.261s] Level 1:colcon.colcon_core.package_discovery:discover_packages(prefix_path) check parameters
[0.261s] Level 1:colcon.colcon_core.package_discovery:discover_packages(prefix_path) discover
[0.263s] DEBUG:colcon.colcon_installed_package_information.package_discovery:Found 270 installed packages in /opt/ros/humble
[0.264s] Level 1:colcon.colcon_core.package_discovery:discover_packages(prefix_path) using defaults
[0.294s] Level 5:colcon.colcon_core.verb:set package 'model_sc_msg' build argument 'cmake_args' from command line to 'None'
[0.294s] Level 5:colcon.colcon_core.verb:set package 'model_sc_msg' build argument 'cmake_target' from command line to 'None'
[0.294s] Level 5:colcon.colcon_core.verb:set package 'model_sc_msg' build argument 'cmake_target_skip_unavailable' from command line to 'False'
[0.294s] Level 5:colcon.colcon_core.verb:set package 'model_sc_msg' build argument 'cmake_clean_cache' from command line to 'False'
[0.294s] Level 5:colcon.colcon_core.verb:set package 'model_sc_msg' build argument 'cmake_clean_first' from command line to 'False'
[0.294s] Level 5:colcon.colcon_core.verb:set package 'model_sc_msg' build argument 'cmake_force_configure' from command line to 'False'
[0.294s] Level 5:colcon.colcon_core.verb:set package 'model_sc_msg' build argument 'ament_cmake_args' from command line to 'None'
[0.294s] Level 5:colcon.colcon_core.verb:set package 'model_sc_msg' build argument 'catkin_cmake_args' from command line to 'None'
[0.294s] Level 5:colcon.colcon_core.verb:set package 'model_sc_msg' build argument 'catkin_skip_building_tests' from command line to 'False'
[0.294s] DEBUG:colcon.colcon_core.verb:Building package 'model_sc_msg' with the following arguments: {'ament_cmake_args': None, 'build_base': '/home/pragalbhv/ros2-workspaces/model_sc_ws/build/model_sc_msg', 'catkin_cmake_args': None, 'catkin_skip_building_tests': False, 'cmake_args': None, 'cmake_clean_cache': False, 'cmake_clean_first': False, 'cmake_force_configure': False, 'cmake_target': None, 'cmake_target_skip_unavailable': False, 'install_base': '/home/pragalbhv/ros2-workspaces/model_sc_ws/install/model_sc_msg', 'merge_install': False, 'path': '/home/pragalbhv/ros2-workspaces/model_sc_ws/src/model_sc_msg', 'symlink_install': False, 'test_result_base': None}
[0.294s] Level 5:colcon.colcon_core.verb:set package 'model_sc_pkg' build argument 'cmake_args' from command line to 'None'
[0.294s] Level 5:colcon.colcon_core.verb:set package 'model_sc_pkg' build argument 'cmake_target' from command line to 'None'
[0.294s] Level 5:colcon.colcon_core.verb:set package 'model_sc_pkg' build argument 'cmake_target_skip_unavailable' from command line to 'False'
[0.295s] Level 5:colcon.colcon_core.verb:set package 'model_sc_pkg' build argument 'cmake_clean_cache' from command line to 'False'
[0.295s] Level 5:colcon.colcon_core.verb:set package 'model_sc_pkg' build argument 'cmake_clean_first' from command line to 'False'
[0.295s] Level 5:colcon.colcon_core.verb:set package 'model_sc_pkg' build argument 'cmake_force_configure' from command line to 'False'
[0.295s] Level 5:colcon.colcon_core.verb:set package 'model_sc_pkg' build argument 'ament_cmake_args' from command line to 'None'
[0.295s] Level 5:colcon.colcon_core.verb:set package 'model_sc_pkg' build argument 'catkin_cmake_args' from command line to 'None'
[0.295s] Level 5:colcon.colcon_core.verb:set package 'model_sc_pkg' build argument 'catkin_skip_building_tests' from command line to 'False'
[0.295s] DEBUG:colcon.colcon_core.verb:Building package 'model_sc_pkg' with the following arguments: {'ament_cmake_args': None, 'build_base': '/home/pragalbhv/ros2-workspaces/model_sc_ws/build/model_sc_pkg', 'catkin_cmake_args': None, 'catkin_skip_building_tests': False, 'cmake_args': None, 'cmake_clean_cache': False, 'cmake_clean_first': False, 'cmake_force_configure': False, 'cmake_target': None, 'cmake_target_skip_unavailable': False, 'install_base': '/home/pragalbhv/ros2-workspaces/model_sc_ws/install/model_sc_pkg', 'merge_install': False, 'path': '/home/pragalbhv/ros2-workspaces/model_sc_ws/src/model_sc_pkg', 'symlink_install': False, 'test_result_base': None}
[0.295s] INFO:colcon.colcon_core.executor:Executing jobs using 'parallel' executor
[0.296s] DEBUG:colcon.colcon_parallel_executor.executor.parallel:run_until_complete
[0.296s] INFO:colcon.colcon_ros.task.ament_cmake.build:Building ROS package in '/home/pragalbhv/ros2-workspaces/model_sc_ws/src/model_sc_msg' with build type 'ament_cmake'
[0.296s] INFO:colcon.colcon_cmake.task.cmake.build:Building CMake package in '/home/pragalbhv/ros2-workspaces/model_sc_ws/src/model_sc_msg'
[0.297s] INFO:colcon.colcon_core.plugin_system:Skipping extension 'colcon_core.shell.bat': Not used on non-Windows systems
[0.297s] INFO:colcon.colcon_core.shell:Skip shell extension 'powershell' for command environment: Not usable outside of PowerShell
[0.297s] DEBUG:colcon.colcon_core.shell:Skip shell extension 'dsv' for command environment
[0.304s] DEBUG:colcon.colcon_core.event_handler.log_command:Invoking command in '/home/pragalbhv/ros2-workspaces/model_sc_ws/build/model_sc_msg': CMAKE_PREFIX_PATH=/opt/ros/humble /usr/bin/cmake /home/pragalbhv/ros2-workspaces/model_sc_ws/src/model_sc_msg -DCMAKE_INSTALL_PREFIX=/home/pragalbhv/ros2-workspaces/model_sc_ws/install/model_sc_msg
[1.762s] DEBUG:colcon.colcon_core.event_handler.log_command:Invoked command in '/home/pragalbhv/ros2-workspaces/model_sc_ws/build/model_sc_msg' returned '0': CMAKE_PREFIX_PATH=/opt/ros/humble /usr/bin/cmake /home/pragalbhv/ros2-workspaces/model_sc_ws/src/model_sc_msg -DCMAKE_INSTALL_PREFIX=/home/pragalbhv/ros2-workspaces/model_sc_ws/install/model_sc_msg
[1.763s] DEBUG:colcon.colcon_core.event_handler.log_command:Invoking command in '/home/pragalbhv/ros2-workspaces/model_sc_ws/build/model_sc_msg': CMAKE_PREFIX_PATH=/opt/ros/humble /usr/bin/cmake --build /home/pragalbhv/ros2-workspaces/model_sc_ws/build/model_sc_msg -- -j4 -l4
[1.792s] DEBUG:colcon.colcon_core.event_handler.log_command:Invoked command in '/home/pragalbhv/ros2-workspaces/model_sc_ws/build/model_sc_msg' returned '0': CMAKE_PREFIX_PATH=/opt/ros/humble /usr/bin/cmake --build /home/pragalbhv/ros2-workspaces/model_sc_ws/build/model_sc_msg -- -j4 -l4
[1.800s] DEBUG:colcon.colcon_core.event_handler.log_command:Invoking command in '/home/pragalbhv/ros2-workspaces/model_sc_ws/build/model_sc_msg': CMAKE_PREFIX_PATH=/opt/ros/humble /usr/bin/cmake --install /home/pragalbhv/ros2-workspaces/model_sc_ws/build/model_sc_msg
[1.808s] Level 1:colcon.colcon_core.environment:create_environment_scripts_only(model_sc_msg)
[1.809s] DEBUG:colcon.colcon_core.event_handler.log_command:Invoked command in '/home/pragalbhv/ros2-workspaces/model_sc_ws/build/model_sc_msg' returned '0': CMAKE_PREFIX_PATH=/opt/ros/humble /usr/bin/cmake --install /home/pragalbhv/ros2-workspaces/model_sc_ws/build/model_sc_msg
[1.811s] Level 1:colcon.colcon_core.environment:checking '/home/pragalbhv/ros2-workspaces/model_sc_ws/install/model_sc_msg' for CMake module files
[1.811s] Level 1:colcon.colcon_core.environment:checking '/home/pragalbhv/ros2-workspaces/model_sc_ws/install/model_sc_msg' for CMake config files
[1.811s] Level 1:colcon.colcon_core.shell:create_environment_hook('model_sc_msg', 'cmake_prefix_path')
[1.811s] INFO:colcon.colcon_core.shell:Creating environment hook '/home/pragalbhv/ros2-workspaces/model_sc_ws/install/model_sc_msg/share/model_sc_msg/hook/cmake_prefix_path.ps1'
[1.812s] INFO:colcon.colcon_core.shell:Creating environment descriptor '/home/pragalbhv/ros2-workspaces/model_sc_ws/install/model_sc_msg/share/model_sc_msg/hook/cmake_prefix_path.dsv'
[1.812s] INFO:colcon.colcon_core.shell:Creating environment hook '/home/pragalbhv/ros2-workspaces/model_sc_ws/install/model_sc_msg/share/model_sc_msg/hook/cmake_prefix_path.sh'
[1.813s] Level 1:colcon.colcon_core.environment:checking '/home/pragalbhv/ros2-workspaces/model_sc_ws/install/model_sc_msg/bin'
[1.813s] Level 1:colcon.colcon_core.environment:checking '/home/pragalbhv/ros2-workspaces/model_sc_ws/install/model_sc_msg/lib/pkgconfig/model_sc_msg.pc'
[1.813s] Level 1:colcon.colcon_core.environment:checking '/home/pragalbhv/ros2-workspaces/model_sc_ws/install/model_sc_msg/lib/python3.10/site-packages'
[1.813s] Level 1:colcon.colcon_core.environment:checking '/home/pragalbhv/ros2-workspaces/model_sc_ws/install/model_sc_msg/bin'
[1.813s] INFO:colcon.colcon_core.shell:Creating package script '/home/pragalbhv/ros2-workspaces/model_sc_ws/install/model_sc_msg/share/model_sc_msg/package.ps1'
[1.814s] INFO:colcon.colcon_core.shell:Creating package descriptor '/home/pragalbhv/ros2-workspaces/model_sc_ws/install/model_sc_msg/share/model_sc_msg/package.dsv'
[1.814s] INFO:colcon.colcon_core.shell:Creating package script '/home/pragalbhv/ros2-workspaces/model_sc_ws/install/model_sc_msg/share/model_sc_msg/package.sh'
[1.815s] INFO:colcon.colcon_core.shell:Creating package script '/home/pragalbhv/ros2-workspaces/model_sc_ws/install/model_sc_msg/share/model_sc_msg/package.bash'
[1.815s] INFO:colcon.colcon_core.shell:Creating package script '/home/pragalbhv/ros2-workspaces/model_sc_ws/install/model_sc_msg/share/model_sc_msg/package.zsh'
[1.816s] Level 1:colcon.colcon_core.environment:create_file_with_runtime_dependencies(/home/pragalbhv/ros2-workspaces/model_sc_ws/install/model_sc_msg/share/colcon-core/packages/model_sc_msg)
[1.816s] Level 1:colcon.colcon_core.environment:create_environment_scripts_only(model_sc_msg)
[1.816s] Level 1:colcon.colcon_core.environment:checking '/home/pragalbhv/ros2-workspaces/model_sc_ws/install/model_sc_msg' for CMake module files
[1.817s] Level 1:colcon.colcon_core.environment:checking '/home/pragalbhv/ros2-workspaces/model_sc_ws/install/model_sc_msg' for CMake config files
[1.817s] Level 1:colcon.colcon_core.shell:create_environment_hook('model_sc_msg', 'cmake_prefix_path')
[1.817s] INFO:colcon.colcon_core.shell:Creating environment hook '/home/pragalbhv/ros2-workspaces/model_sc_ws/install/model_sc_msg/share/model_sc_msg/hook/cmake_prefix_path.ps1'
[1.817s] INFO:colcon.colcon_core.shell:Creating environment descriptor '/home/pragalbhv/ros2-workspaces/model_sc_ws/install/model_sc_msg/share/model_sc_msg/hook/cmake_prefix_path.dsv'
[1.817s] INFO:colcon.colcon_core.shell:Creating environment hook '/home/pragalbhv/ros2-workspaces/model_sc_ws/install/model_sc_msg/share/model_sc_msg/hook/cmake_prefix_path.sh'
[1.818s] Level 1:colcon.colcon_core.environment:checking '/home/pragalbhv/ros2-workspaces/model_sc_ws/install/model_sc_msg/bin'
[1.818s] Level 1:colcon.colcon_core.environment:checking '/home/pragalbhv/ros2-workspaces/model_sc_ws/install/model_sc_msg/lib/pkgconfig/model_sc_msg.pc'
[1.818s] Level 1:colcon.colcon_core.environment:checking '/home/pragalbhv/ros2-workspaces/model_sc_ws/install/model_sc_msg/lib/python3.10/site-packages'
[1.818s] Level 1:colcon.colcon_core.environment:checking '/home/pragalbhv/ros2-workspaces/model_sc_ws/install/model_sc_msg/bin'
[1.818s] INFO:colcon.colcon_core.shell:Creating package script '/home/pragalbhv/ros2-workspaces/model_sc_ws/install/model_sc_msg/share/model_sc_msg/package.ps1'
[1.819s] INFO:colcon.colcon_core.shell:Creating package descriptor '/home/pragalbhv/ros2-workspaces/model_sc_ws/install/model_sc_msg/share/model_sc_msg/package.dsv'
[1.819s] INFO:colcon.colcon_core.shell:Creating package script '/home/pragalbhv/ros2-workspaces/model_sc_ws/install/model_sc_msg/share/model_sc_msg/package.sh'
[1.819s] INFO:colcon.colcon_core.shell:Creating package script '/home/pragalbhv/ros2-workspaces/model_sc_ws/install/model_sc_msg/share/model_sc_msg/package.bash'
[1.820s] INFO:colcon.colcon_core.shell:Creating package script '/home/pragalbhv/ros2-workspaces/model_sc_ws/install/model_sc_msg/share/model_sc_msg/package.zsh'
[1.820s] Level 1:colcon.colcon_core.environment:create_file_with_runtime_dependencies(/home/pragalbhv/ros2-workspaces/model_sc_ws/install/model_sc_msg/share/colcon-core/packages/model_sc_msg)
[1.820s] INFO:colcon.colcon_ros.task.ament_python.build:Building ROS package in '/home/pragalbhv/ros2-workspaces/model_sc_ws/src/model_sc_pkg' with build type 'ament_python'
[1.820s] Level 1:colcon.colcon_core.shell:create_environment_hook('model_sc_pkg', 'ament_prefix_path')
[1.820s] INFO:colcon.colcon_core.shell:Creating environment hook '/home/pragalbhv/ros2-workspaces/model_sc_ws/install/model_sc_pkg/share/model_sc_pkg/hook/ament_prefix_path.ps1'
[1.821s] INFO:colcon.colcon_core.shell:Creating environment descriptor '/home/pragalbhv/ros2-workspaces/model_sc_ws/install/model_sc_pkg/share/model_sc_pkg/hook/ament_prefix_path.dsv'
[1.821s] INFO:colcon.colcon_core.shell:Creating environment hook '/home/pragalbhv/ros2-workspaces/model_sc_ws/install/model_sc_pkg/share/model_sc_pkg/hook/ament_prefix_path.sh'
[1.822s] INFO:colcon.colcon_core.shell:Skip shell extension 'powershell' for command environment: Not usable outside of PowerShell
[1.822s] DEBUG:colcon.colcon_core.shell:Skip shell extension 'dsv' for command environment
[2.027s] INFO:colcon.colcon_core.task.python.build:Building Python package in '/home/pragalbhv/ros2-workspaces/model_sc_ws/src/model_sc_pkg'
[2.028s] INFO:colcon.colcon_core.shell:Skip shell extension 'powershell' for command environment: Not usable outside of PowerShell
[2.028s] DEBUG:colcon.colcon_core.shell:Skip shell extension 'dsv' for command environment
[2.288s] DEBUG:colcon.colcon_core.event_handler.log_command:Invoking command in '/home/pragalbhv/ros2-workspaces/model_sc_ws/src/model_sc_pkg': AMENT_PREFIX_PATH=/home/pragalbhv/ros2-workspaces/model_sc_ws/install/model_sc_msg:${AMENT_PREFIX_PATH} CMAKE_PREFIX_PATH=/home/pragalbhv/ros2-workspaces/model_sc_ws/install/model_sc_msg PYTHONPATH=/home/pragalbhv/ros2-workspaces/model_sc_ws/build/model_sc_pkg/prefix_override:/usr/lib/python3/dist-packages/colcon_core/task/python/colcon_distutils_commands:/home/pragalbhv/ros2-workspaces/model_sc_ws/install/model_sc_pkg/lib/python3.10/site-packages:${PYTHONPATH} /usr/bin/python3 -W ignore:setup.py install is deprecated -W ignore:easy_install command is deprecated setup.py egg_info --egg-base ../../build/model_sc_pkg build --build-base /home/pragalbhv/ros2-workspaces/model_sc_ws/build/model_sc_pkg/build install --record /home/pragalbhv/ros2-workspaces/model_sc_ws/build/model_sc_pkg/install.log --single-version-externally-managed install_data
[2.524s] Level 1:colcon.colcon_core.environment:checking '/home/pragalbhv/ros2-workspaces/model_sc_ws/install/model_sc_pkg' for CMake module files
[2.525s] DEBUG:colcon.colcon_core.event_handler.log_command:Invoked command in '/home/pragalbhv/ros2-workspaces/model_sc_ws/src/model_sc_pkg' returned '0': AMENT_PREFIX_PATH=/home/pragalbhv/ros2-workspaces/model_sc_ws/install/model_sc_msg:${AMENT_PREFIX_PATH} CMAKE_PREFIX_PATH=/home/pragalbhv/ros2-workspaces/model_sc_ws/install/model_sc_msg PYTHONPATH=/home/pragalbhv/ros2-workspaces/model_sc_ws/build/model_sc_pkg/prefix_override:/usr/lib/python3/dist-packages/colcon_core/task/python/colcon_distutils_commands:/home/pragalbhv/ros2-workspaces/model_sc_ws/install/model_sc_pkg/lib/python3.10/site-packages:${PYTHONPATH} /usr/bin/python3 -W ignore:setup.py install is deprecated -W ignore:easy_install command is deprecated setup.py egg_info --egg-base ../../build/model_sc_pkg build --build-base /home/pragalbhv/ros2-workspaces/model_sc_ws/build/model_sc_pkg/build install --record /home/pragalbhv/ros2-workspaces/model_sc_ws/build/model_sc_pkg/install.log --single-version-externally-managed install_data
[2.525s] Level 1:colcon.colcon_core.environment:checking '/home/pragalbhv/ros2-workspaces/model_sc_ws/install/model_sc_pkg' for CMake config files
[2.525s] Level 1:colcon.colcon_core.environment:checking '/home/pragalbhv/ros2-workspaces/model_sc_ws/install/model_sc_pkg/lib'
[2.526s] Level 1:colcon.colcon_core.environment:checking '/home/pragalbhv/ros2-workspaces/model_sc_ws/install/model_sc_pkg/bin'
[2.526s] Level 1:colcon.colcon_core.environment:checking '/home/pragalbhv/ros2-workspaces/model_sc_ws/install/model_sc_pkg/lib/pkgconfig/model_sc_pkg.pc'
[2.526s] Level 1:colcon.colcon_core.environment:checking '/home/pragalbhv/ros2-workspaces/model_sc_ws/install/model_sc_pkg/lib/python3.10/site-packages'
[2.526s] Level 1:colcon.colcon_core.shell:create_environment_hook('model_sc_pkg', 'pythonpath')
[2.526s] INFO:colcon.colcon_core.shell:Creating environment hook '/home/pragalbhv/ros2-workspaces/model_sc_ws/install/model_sc_pkg/share/model_sc_pkg/hook/pythonpath.ps1'
[2.526s] INFO:colcon.colcon_core.shell:Creating environment descriptor '/home/pragalbhv/ros2-workspaces/model_sc_ws/install/model_sc_pkg/share/model_sc_pkg/hook/pythonpath.dsv'
[2.527s] INFO:colcon.colcon_core.shell:Creating environment hook '/home/pragalbhv/ros2-workspaces/model_sc_ws/install/model_sc_pkg/share/model_sc_pkg/hook/pythonpath.sh'
[2.527s] Level 1:colcon.colcon_core.environment:checking '/home/pragalbhv/ros2-workspaces/model_sc_ws/install/model_sc_pkg/bin'
[2.527s] Level 1:colcon.colcon_core.environment:create_environment_scripts_only(model_sc_pkg)
[2.527s] INFO:colcon.colcon_core.shell:Creating package script '/home/pragalbhv/ros2-workspaces/model_sc_ws/install/model_sc_pkg/share/model_sc_pkg/package.ps1'
[2.528s] INFO:colcon.colcon_core.shell:Creating package descriptor '/home/pragalbhv/ros2-workspaces/model_sc_ws/install/model_sc_pkg/share/model_sc_pkg/package.dsv'
[2.528s] INFO:colcon.colcon_core.shell:Creating package script '/home/pragalbhv/ros2-workspaces/model_sc_ws/install/model_sc_pkg/share/model_sc_pkg/package.sh'
[2.528s] INFO:colcon.colcon_core.shell:Creating package script '/home/pragalbhv/ros2-workspaces/model_sc_ws/install/model_sc_pkg/share/model_sc_pkg/package.bash'
[2.529s] INFO:colcon.colcon_core.shell:Creating package script '/home/pragalbhv/ros2-workspaces/model_sc_ws/install/model_sc_pkg/share/model_sc_pkg/package.zsh'
[2.529s] Level 1:colcon.colcon_core.environment:create_file_with_runtime_dependencies(/home/pragalbhv/ros2-workspaces/model_sc_ws/install/model_sc_pkg/share/colcon-core/packages/model_sc_pkg)
[2.529s] DEBUG:colcon.colcon_parallel_executor.executor.parallel:closing loop
[2.529s] DEBUG:colcon.colcon_parallel_executor.executor.parallel:loop closed
[2.529s] DEBUG:colcon.colcon_parallel_executor.executor.parallel:run_until_complete finished with '0'
[2.529s] DEBUG:colcon.colcon_core.event_reactor:joining thread
[2.533s] INFO:colcon.colcon_core.plugin_system:Skipping extension 'colcon_notification.desktop_notification.terminal_notifier': Not used on non-Darwin systems
[2.533s] INFO:colcon.colcon_core.plugin_system:Skipping extension 'colcon_notification.desktop_notification.win32': Not used on non-Windows systems
[2.533s] INFO:colcon.colcon_notification.desktop_notification:Sending desktop notification using 'notify2'
[2.543s] DEBUG:colcon.colcon_core.event_reactor:joined thread
[2.543s] INFO:colcon.colcon_core.shell:Creating prefix script '/home/pragalbhv/ros2-workspaces/model_sc_ws/install/local_setup.ps1'
[2.544s] INFO:colcon.colcon_core.shell:Creating prefix util module '/home/pragalbhv/ros2-workspaces/model_sc_ws/install/_local_setup_util_ps1.py'
[2.545s] INFO:colcon.colcon_core.shell:Creating prefix chain script '/home/pragalbhv/ros2-workspaces/model_sc_ws/install/setup.ps1'
[2.546s] INFO:colcon.colcon_core.shell:Creating prefix script '/home/pragalbhv/ros2-workspaces/model_sc_ws/install/local_setup.sh'
[2.546s] INFO:colcon.colcon_core.shell:Creating prefix util module '/home/pragalbhv/ros2-workspaces/model_sc_ws/install/_local_setup_util_sh.py'
[2.546s] INFO:colcon.colcon_core.shell:Creating prefix chain script '/home/pragalbhv/ros2-workspaces/model_sc_ws/install/setup.sh'
[2.547s] INFO:colcon.colcon_core.shell:Creating prefix script '/home/pragalbhv/ros2-workspaces/model_sc_ws/install/local_setup.bash'
[2.547s] INFO:colcon.colcon_core.shell:Creating prefix chain script '/home/pragalbhv/ros2-workspaces/model_sc_ws/install/setup.bash'
[2.548s] INFO:colcon.colcon_core.shell:Creating prefix script '/home/pragalbhv/ros2-workspaces/model_sc_ws/install/local_setup.zsh'
[2.548s] INFO:colcon.colcon_core.shell:Creating prefix chain script '/home/pragalbhv/ros2-workspaces/model_sc_ws/install/setup.zsh'
