running egg_info
creating ../../build/model_sc_pkg/model_sc_pkg.egg-info
writing ../../build/model_sc_pkg/model_sc_pkg.egg-info/PKG-INFO
writing dependency_links to ../../build/model_sc_pkg/model_sc_pkg.egg-info/dependency_links.txt
writing entry points to ../../build/model_sc_pkg/model_sc_pkg.egg-info/entry_points.txt
writing requirements to ../../build/model_sc_pkg/model_sc_pkg.egg-info/requires.txt
writing top-level names to ../../build/model_sc_pkg/model_sc_pkg.egg-info/top_level.txt
writing manifest file '../../build/model_sc_pkg/model_sc_pkg.egg-info/SOURCES.txt'
reading manifest file '../../build/model_sc_pkg/model_sc_pkg.egg-info/SOURCES.txt'
adding license file 'LICENSE'
writing manifest file '../../build/model_sc_pkg/model_sc_pkg.egg-info/SOURCES.txt'
running build
running build_py
creating /home/pragalbhv/ros2-workspaces/model_sc_ws/build/model_sc_pkg/build
creating /home/pragalbhv/ros2-workspaces/model_sc_ws/build/model_sc_pkg/build/lib
creating /home/pragalbhv/ros2-workspaces/model_sc_ws/build/model_sc_pkg/build/lib/model_sc_pkg
copying model_sc_pkg/model_sc_node.py -> /home/pragalbhv/ros2-workspaces/model_sc_ws/build/model_sc_pkg/build/lib/model_sc_pkg
copying model_sc_pkg/__init__.py -> /home/pragalbhv/ros2-workspaces/model_sc_ws/build/model_sc_pkg/build/lib/model_sc_pkg
copying model_sc_pkg/sc_serial.py -> /home/pragalbhv/ros2-workspaces/model_sc_ws/build/model_sc_pkg/build/lib/model_sc_pkg
running install
running install_lib
creating /home/pragalbhv/ros2-workspaces/model_sc_ws/install/model_sc_pkg/lib/python3.10/site-packages/model_sc_pkg
copying /home/pragalbhv/ros2-workspaces/model_sc_ws/build/model_sc_pkg/build/lib/model_sc_pkg/model_sc_node.py -> /home/pragalbhv/ros2-workspaces/model_sc_ws/install/model_sc_pkg/lib/python3.10/site-packages/model_sc_pkg
copying /home/pragalbhv/ros2-workspaces/model_sc_ws/build/model_sc_pkg/build/lib/model_sc_pkg/__init__.py -> /home/pragalbhv/ros2-workspaces/model_sc_ws/install/model_sc_pkg/lib/python3.10/site-packages/model_sc_pkg
copying /home/pragalbhv/ros2-workspaces/model_sc_ws/build/model_sc_pkg/build/lib/model_sc_pkg/sc_serial.py -> /home/pragalbhv/ros2-workspaces/model_sc_ws/install/model_sc_pkg/lib/python3.10/site-packages/model_sc_pkg
byte-compiling /home/pragalbhv/ros2-workspaces/model_sc_ws/install/model_sc_pkg/lib/python3.10/site-packages/model_sc_pkg/model_sc_node.py to model_sc_node.cpython-310.pyc
byte-compiling /home/pragalbhv/ros2-workspaces/model_sc_ws/install/model_sc_pkg/lib/python3.10/site-packages/model_sc_pkg/__init__.py to __init__.cpython-310.pyc
byte-compiling /home/pragalbhv/ros2-workspaces/model_sc_ws/install/model_sc_pkg/lib/python3.10/site-packages/model_sc_pkg/sc_serial.py to sc_serial.cpython-310.pyc
running install_data
creating /home/pragalbhv/ros2-workspaces/model_sc_ws/install/model_sc_pkg/share/ament_index
creating /home/pragalbhv/ros2-workspaces/model_sc_ws/install/model_sc_pkg/share/ament_index/resource_index
creating /home/pragalbhv/ros2-workspaces/model_sc_ws/install/model_sc_pkg/share/ament_index/resource_index/packages
copying resource/model_sc_pkg -> /home/pragalbhv/ros2-workspaces/model_sc_ws/install/model_sc_pkg/share/ament_index/resource_index/packages
copying package.xml -> /home/pragalbhv/ros2-workspaces/model_sc_ws/install/model_sc_pkg/share/model_sc_pkg
running install_egg_info
Copying ../../build/model_sc_pkg/model_sc_pkg.egg-info to /home/pragalbhv/ros2-workspaces/model_sc_ws/install/model_sc_pkg/lib/python3.10/site-packages/model_sc_pkg-0.0.0-py3.10.egg-info
running install_scripts
writing list of installed files to '/home/pragalbhv/ros2-workspaces/model_sc_ws/build/model_sc_pkg/install.log'
