[0.008s] Invoking command in '/home/pragalbhv/ros2-workspaces/model_sc_ws/build/model_sc_msg': CMAKE_PREFIX_PATH=/opt/ros/humble /usr/bin/cmake --build /home/pragalbhv/ros2-workspaces/model_sc_ws/build/model_sc_msg -- -j4 -l4
[0.048s] [  2%] Built target model_sc_msg__cpp
[0.048s] [ 12%] Built target model_sc_msg__rosidl_generator_c
[0.056s] [ 12%] Built target ament_cmake_python_copy_model_sc_msg
[0.064s] [ 33%] Built target model_sc_msg__rosidl_typesupport_fastrtps_cpp
[0.064s] [ 33%] Built target model_sc_msg__rosidl_typesupport_introspection_cpp
[0.065s] [ 43%] Built target model_sc_msg__rosidl_typesupport_cpp
[0.072s] [ 53%] Built target model_sc_msg__rosidl_typesupport_fastrtps_c
[0.090s] [ 74%] Built target model_sc_msg__rosidl_typesupport_c
[0.090s] [ 74%] Built target model_sc_msg__rosidl_typesupport_introspection_c
[0.105s] [ 74%] Built target model_sc_msg
[0.121s] [ 76%] Built target model_sc_msg__py
[0.139s] [ 84%] Built target model_sc_msg__rosidl_generator_py
[0.160s] [ 94%] Built target model_sc_msg__rosidl_typesupport_introspection_c__pyext
[0.160s] [ 94%] Built target model_sc_msg__rosidl_typesupport_fastrtps_c__pyext
[0.161s] [100%] Built target model_sc_msg__rosidl_typesupport_c__pyext
[0.262s] running egg_info
[0.263s] writing model_sc_msg.egg-info/PKG-INFO
[0.263s] writing dependency_links to model_sc_msg.egg-info/dependency_links.txt
[0.263s] writing top-level names to model_sc_msg.egg-info/top_level.txt
[0.265s] reading manifest file 'model_sc_msg.egg-info/SOURCES.txt'
[0.265s] writing manifest file 'model_sc_msg.egg-info/SOURCES.txt'
[0.284s] [100%] Built target ament_cmake_python_build_model_sc_msg_egg
[0.293s] Invoked command in '/home/pragalbhv/ros2-workspaces/model_sc_ws/build/model_sc_msg' returned '0': CMAKE_PREFIX_PATH=/opt/ros/humble /usr/bin/cmake --build /home/pragalbhv/ros2-workspaces/model_sc_ws/build/model_sc_msg -- -j4 -l4
[0.301s] Invoking command in '/home/pragalbhv/ros2-workspaces/model_sc_ws/build/model_sc_msg': CMAKE_PREFIX_PATH=/opt/ros/humble /usr/bin/cmake --install /home/pragalbhv/ros2-workspaces/model_sc_ws/build/model_sc_msg
[0.306s] -- Install configuration: ""
[0.306s] -- Up-to-date: /home/pragalbhv/ros2-workspaces/model_sc_ws/install/model_sc_msg/share/ament_index/resource_index/rosidl_interfaces/model_sc_msg
[0.307s] -- Up-to-date: /home/pragalbhv/ros2-workspaces/model_sc_ws/install/model_sc_msg/include/model_sc_msg/model_sc_msg
[0.307s] -- Up-to-date: /home/pragalbhv/ros2-workspaces/model_sc_ws/install/model_sc_msg/include/model_sc_msg/model_sc_msg/msg
[0.307s] -- Up-to-date: /home/pragalbhv/ros2-workspaces/model_sc_ws/install/model_sc_msg/include/model_sc_msg/model_sc_msg/msg/detail
[0.307s] -- Up-to-date: /home/pragalbhv/ros2-workspaces/model_sc_ws/install/model_sc_msg/include/model_sc_msg/model_sc_msg/msg/detail/modelsta__struct.h
[0.307s] -- Up-to-date: /home/pragalbhv/ros2-workspaces/model_sc_ws/install/model_sc_msg/include/model_sc_msg/model_sc_msg/msg/detail/modelsta__functions.c
[0.307s] -- Up-to-date: /home/pragalbhv/ros2-workspaces/model_sc_ws/install/model_sc_msg/include/model_sc_msg/model_sc_msg/msg/detail/modelsta__type_support.h
[0.307s] -- Up-to-date: /home/pragalbhv/ros2-workspaces/model_sc_ws/install/model_sc_msg/include/model_sc_msg/model_sc_msg/msg/detail/modelcomm__type_support.h
[0.307s] -- Up-to-date: /home/pragalbhv/ros2-workspaces/model_sc_ws/install/model_sc_msg/include/model_sc_msg/model_sc_msg/msg/detail/modelcomm__functions.h
[0.307s] -- Up-to-date: /home/pragalbhv/ros2-workspaces/model_sc_ws/install/model_sc_msg/include/model_sc_msg/model_sc_msg/msg/detail/modelcomm__functions.c
[0.307s] -- Up-to-date: /home/pragalbhv/ros2-workspaces/model_sc_ws/install/model_sc_msg/include/model_sc_msg/model_sc_msg/msg/detail/modelcomm__struct.h
[0.307s] -- Up-to-date: /home/pragalbhv/ros2-workspaces/model_sc_ws/install/model_sc_msg/include/model_sc_msg/model_sc_msg/msg/detail/modelsta__functions.h
[0.307s] -- Up-to-date: /home/pragalbhv/ros2-workspaces/model_sc_ws/install/model_sc_msg/include/model_sc_msg/model_sc_msg/msg/modelsta.h
[0.307s] -- Up-to-date: /home/pragalbhv/ros2-workspaces/model_sc_ws/install/model_sc_msg/include/model_sc_msg/model_sc_msg/msg/rosidl_generator_c__visibility_control.h
[0.307s] -- Up-to-date: /home/pragalbhv/ros2-workspaces/model_sc_ws/install/model_sc_msg/include/model_sc_msg/model_sc_msg/msg/modelcomm.h
[0.307s] -- Up-to-date: /home/pragalbhv/ros2-workspaces/model_sc_ws/install/model_sc_msg/share/model_sc_msg/environment/library_path.sh
[0.307s] -- Up-to-date: /home/pragalbhv/ros2-workspaces/model_sc_ws/install/model_sc_msg/share/model_sc_msg/environment/library_path.dsv
[0.307s] -- Up-to-date: /home/pragalbhv/ros2-workspaces/model_sc_ws/install/model_sc_msg/lib/libmodel_sc_msg__rosidl_generator_c.so
[0.307s] -- Up-to-date: /home/pragalbhv/ros2-workspaces/model_sc_ws/install/model_sc_msg/include/model_sc_msg/model_sc_msg
[0.307s] -- Up-to-date: /home/pragalbhv/ros2-workspaces/model_sc_ws/install/model_sc_msg/include/model_sc_msg/model_sc_msg/msg
[0.308s] -- Up-to-date: /home/pragalbhv/ros2-workspaces/model_sc_ws/install/model_sc_msg/include/model_sc_msg/model_sc_msg/msg/detail
[0.308s] -- Up-to-date: /home/pragalbhv/ros2-workspaces/model_sc_ws/install/model_sc_msg/include/model_sc_msg/model_sc_msg/msg/detail/modelcomm__rosidl_typesupport_fastrtps_c.h
[0.308s] -- Up-to-date: /home/pragalbhv/ros2-workspaces/model_sc_ws/install/model_sc_msg/include/model_sc_msg/model_sc_msg/msg/detail/modelsta__rosidl_typesupport_fastrtps_c.h
[0.308s] -- Up-to-date: /home/pragalbhv/ros2-workspaces/model_sc_ws/install/model_sc_msg/include/model_sc_msg/model_sc_msg/msg/rosidl_typesupport_fastrtps_c__visibility_control.h
[0.308s] -- Up-to-date: /home/pragalbhv/ros2-workspaces/model_sc_ws/install/model_sc_msg/lib/libmodel_sc_msg__rosidl_typesupport_fastrtps_c.so
[0.308s] -- Up-to-date: /home/pragalbhv/ros2-workspaces/model_sc_ws/install/model_sc_msg/include/model_sc_msg/model_sc_msg
[0.308s] -- Up-to-date: /home/pragalbhv/ros2-workspaces/model_sc_ws/install/model_sc_msg/include/model_sc_msg/model_sc_msg/msg
[0.308s] -- Up-to-date: /home/pragalbhv/ros2-workspaces/model_sc_ws/install/model_sc_msg/include/model_sc_msg/model_sc_msg/msg/detail
[0.308s] -- Up-to-date: /home/pragalbhv/ros2-workspaces/model_sc_ws/install/model_sc_msg/include/model_sc_msg/model_sc_msg/msg/detail/modelcomm__type_support.c
[0.308s] -- Up-to-date: /home/pragalbhv/ros2-workspaces/model_sc_ws/install/model_sc_msg/include/model_sc_msg/model_sc_msg/msg/detail/modelsta__rosidl_typesupport_introspection_c.h
[0.308s] -- Up-to-date: /home/pragalbhv/ros2-workspaces/model_sc_ws/install/model_sc_msg/include/model_sc_msg/model_sc_msg/msg/detail/modelsta__type_support.c
[0.308s] -- Up-to-date: /home/pragalbhv/ros2-workspaces/model_sc_ws/install/model_sc_msg/include/model_sc_msg/model_sc_msg/msg/detail/modelcomm__rosidl_typesupport_introspection_c.h
[0.308s] -- Up-to-date: /home/pragalbhv/ros2-workspaces/model_sc_ws/install/model_sc_msg/include/model_sc_msg/model_sc_msg/msg/rosidl_typesupport_introspection_c__visibility_control.h
[0.308s] -- Up-to-date: /home/pragalbhv/ros2-workspaces/model_sc_ws/install/model_sc_msg/lib/libmodel_sc_msg__rosidl_typesupport_introspection_c.so
[0.308s] -- Up-to-date: /home/pragalbhv/ros2-workspaces/model_sc_ws/install/model_sc_msg/lib/libmodel_sc_msg__rosidl_typesupport_c.so
[0.308s] -- Up-to-date: /home/pragalbhv/ros2-workspaces/model_sc_ws/install/model_sc_msg/include/model_sc_msg/model_sc_msg
[0.308s] -- Up-to-date: /home/pragalbhv/ros2-workspaces/model_sc_ws/install/model_sc_msg/include/model_sc_msg/model_sc_msg/msg
[0.308s] -- Up-to-date: /home/pragalbhv/ros2-workspaces/model_sc_ws/install/model_sc_msg/include/model_sc_msg/model_sc_msg/msg/modelsta.hpp
[0.308s] -- Up-to-date: /home/pragalbhv/ros2-workspaces/model_sc_ws/install/model_sc_msg/include/model_sc_msg/model_sc_msg/msg/detail
[0.309s] -- Up-to-date: /home/pragalbhv/ros2-workspaces/model_sc_ws/install/model_sc_msg/include/model_sc_msg/model_sc_msg/msg/detail/modelsta__struct.hpp
[0.309s] -- Up-to-date: /home/pragalbhv/ros2-workspaces/model_sc_ws/install/model_sc_msg/include/model_sc_msg/model_sc_msg/msg/detail/modelsta__type_support.hpp
[0.309s] -- Up-to-date: /home/pragalbhv/ros2-workspaces/model_sc_ws/install/model_sc_msg/include/model_sc_msg/model_sc_msg/msg/detail/modelcomm__builder.hpp
[0.309s] -- Up-to-date: /home/pragalbhv/ros2-workspaces/model_sc_ws/install/model_sc_msg/include/model_sc_msg/model_sc_msg/msg/detail/modelsta__traits.hpp
[0.309s] -- Up-to-date: /home/pragalbhv/ros2-workspaces/model_sc_ws/install/model_sc_msg/include/model_sc_msg/model_sc_msg/msg/detail/modelcomm__traits.hpp
[0.309s] -- Up-to-date: /home/pragalbhv/ros2-workspaces/model_sc_ws/install/model_sc_msg/include/model_sc_msg/model_sc_msg/msg/detail/modelsta__builder.hpp
[0.309s] -- Up-to-date: /home/pragalbhv/ros2-workspaces/model_sc_ws/install/model_sc_msg/include/model_sc_msg/model_sc_msg/msg/detail/modelcomm__type_support.hpp
[0.309s] -- Up-to-date: /home/pragalbhv/ros2-workspaces/model_sc_ws/install/model_sc_msg/include/model_sc_msg/model_sc_msg/msg/detail/modelcomm__struct.hpp
[0.309s] -- Up-to-date: /home/pragalbhv/ros2-workspaces/model_sc_ws/install/model_sc_msg/include/model_sc_msg/model_sc_msg/msg/modelcomm.hpp
[0.309s] -- Up-to-date: /home/pragalbhv/ros2-workspaces/model_sc_ws/install/model_sc_msg/include/model_sc_msg/model_sc_msg/msg/rosidl_generator_cpp__visibility_control.hpp
[0.309s] -- Up-to-date: /home/pragalbhv/ros2-workspaces/model_sc_ws/install/model_sc_msg/include/model_sc_msg/model_sc_msg
[0.309s] -- Up-to-date: /home/pragalbhv/ros2-workspaces/model_sc_ws/install/model_sc_msg/include/model_sc_msg/model_sc_msg/msg
[0.309s] -- Up-to-date: /home/pragalbhv/ros2-workspaces/model_sc_ws/install/model_sc_msg/include/model_sc_msg/model_sc_msg/msg/detail
[0.309s] -- Up-to-date: /home/pragalbhv/ros2-workspaces/model_sc_ws/install/model_sc_msg/include/model_sc_msg/model_sc_msg/msg/detail/modelsta__rosidl_typesupport_fastrtps_cpp.hpp
[0.309s] -- Up-to-date: /home/pragalbhv/ros2-workspaces/model_sc_ws/install/model_sc_msg/include/model_sc_msg/model_sc_msg/msg/detail/modelcomm__rosidl_typesupport_fastrtps_cpp.hpp
[0.309s] -- Up-to-date: /home/pragalbhv/ros2-workspaces/model_sc_ws/install/model_sc_msg/include/model_sc_msg/model_sc_msg/msg/detail/dds_fastrtps
[0.309s] -- Up-to-date: /home/pragalbhv/ros2-workspaces/model_sc_ws/install/model_sc_msg/include/model_sc_msg/model_sc_msg/msg/rosidl_typesupport_fastrtps_cpp__visibility_control.h
[0.309s] -- Up-to-date: /home/pragalbhv/ros2-workspaces/model_sc_ws/install/model_sc_msg/lib/libmodel_sc_msg__rosidl_typesupport_fastrtps_cpp.so
[0.309s] -- Up-to-date: /home/pragalbhv/ros2-workspaces/model_sc_ws/install/model_sc_msg/include/model_sc_msg/model_sc_msg
[0.310s] -- Up-to-date: /home/pragalbhv/ros2-workspaces/model_sc_ws/install/model_sc_msg/include/model_sc_msg/model_sc_msg/msg
[0.310s] -- Up-to-date: /home/pragalbhv/ros2-workspaces/model_sc_ws/install/model_sc_msg/include/model_sc_msg/model_sc_msg/msg/detail
[0.310s] -- Up-to-date: /home/pragalbhv/ros2-workspaces/model_sc_ws/install/model_sc_msg/include/model_sc_msg/model_sc_msg/msg/detail/modelcomm__type_support.cpp
[0.310s] -- Up-to-date: /home/pragalbhv/ros2-workspaces/model_sc_ws/install/model_sc_msg/include/model_sc_msg/model_sc_msg/msg/detail/modelsta__rosidl_typesupport_introspection_cpp.hpp
[0.310s] -- Up-to-date: /home/pragalbhv/ros2-workspaces/model_sc_ws/install/model_sc_msg/include/model_sc_msg/model_sc_msg/msg/detail/modelcomm__rosidl_typesupport_introspection_cpp.hpp
[0.310s] -- Up-to-date: /home/pragalbhv/ros2-workspaces/model_sc_ws/install/model_sc_msg/include/model_sc_msg/model_sc_msg/msg/detail/modelsta__type_support.cpp
[0.310s] -- Up-to-date: /home/pragalbhv/ros2-workspaces/model_sc_ws/install/model_sc_msg/lib/libmodel_sc_msg__rosidl_typesupport_introspection_cpp.so
[0.310s] -- Up-to-date: /home/pragalbhv/ros2-workspaces/model_sc_ws/install/model_sc_msg/lib/libmodel_sc_msg__rosidl_typesupport_cpp.so
[0.310s] -- Up-to-date: /home/pragalbhv/ros2-workspaces/model_sc_ws/install/model_sc_msg/share/model_sc_msg/environment/pythonpath.sh
[0.310s] -- Up-to-date: /home/pragalbhv/ros2-workspaces/model_sc_ws/install/model_sc_msg/share/model_sc_msg/environment/pythonpath.dsv
[0.310s] -- Up-to-date: /home/pragalbhv/ros2-workspaces/model_sc_ws/install/model_sc_msg/local/lib/python3.10/dist-packages/model_sc_msg-0.0.0-py3.10.egg-info
[0.310s] -- Installing: /home/pragalbhv/ros2-workspaces/model_sc_ws/install/model_sc_msg/local/lib/python3.10/dist-packages/model_sc_msg-0.0.0-py3.10.egg-info/SOURCES.txt
[0.310s] -- Installing: /home/pragalbhv/ros2-workspaces/model_sc_ws/install/model_sc_msg/local/lib/python3.10/dist-packages/model_sc_msg-0.0.0-py3.10.egg-info/dependency_links.txt
[0.310s] -- Installing: /home/pragalbhv/ros2-workspaces/model_sc_ws/install/model_sc_msg/local/lib/python3.10/dist-packages/model_sc_msg-0.0.0-py3.10.egg-info/top_level.txt
[0.310s] -- Installing: /home/pragalbhv/ros2-workspaces/model_sc_ws/install/model_sc_msg/local/lib/python3.10/dist-packages/model_sc_msg-0.0.0-py3.10.egg-info/PKG-INFO
[0.310s] -- Up-to-date: /home/pragalbhv/ros2-workspaces/model_sc_ws/install/model_sc_msg/local/lib/python3.10/dist-packages/model_sc_msg
[0.310s] -- Up-to-date: /home/pragalbhv/ros2-workspaces/model_sc_ws/install/model_sc_msg/local/lib/python3.10/dist-packages/model_sc_msg/_model_sc_msg_s.ep.rosidl_typesupport_fastrtps_c.c
[0.310s] -- Up-to-date: /home/pragalbhv/ros2-workspaces/model_sc_ws/install/model_sc_msg/local/lib/python3.10/dist-packages/model_sc_msg/_model_sc_msg_s.ep.rosidl_typesupport_c.c
[0.311s] -- Up-to-date: /home/pragalbhv/ros2-workspaces/model_sc_ws/install/model_sc_msg/local/lib/python3.10/dist-packages/model_sc_msg/model_sc_msg_s__rosidl_typesupport_fastrtps_c.cpython-310-x86_64-linux-gnu.so
[0.311s] -- Up-to-date: /home/pragalbhv/ros2-workspaces/model_sc_ws/install/model_sc_msg/local/lib/python3.10/dist-packages/model_sc_msg/msg
[0.311s] -- Up-to-date: /home/pragalbhv/ros2-workspaces/model_sc_ws/install/model_sc_msg/local/lib/python3.10/dist-packages/model_sc_msg/msg/_modelcomm.py
[0.311s] -- Up-to-date: /home/pragalbhv/ros2-workspaces/model_sc_ws/install/model_sc_msg/local/lib/python3.10/dist-packages/model_sc_msg/msg/__init__.py
[0.311s] -- Up-to-date: /home/pragalbhv/ros2-workspaces/model_sc_ws/install/model_sc_msg/local/lib/python3.10/dist-packages/model_sc_msg/msg/_modelsta_s.c
[0.311s] -- Up-to-date: /home/pragalbhv/ros2-workspaces/model_sc_ws/install/model_sc_msg/local/lib/python3.10/dist-packages/model_sc_msg/msg/_modelsta.py
[0.311s] -- Up-to-date: /home/pragalbhv/ros2-workspaces/model_sc_ws/install/model_sc_msg/local/lib/python3.10/dist-packages/model_sc_msg/msg/_modelcomm_s.c
[0.311s] -- Up-to-date: /home/pragalbhv/ros2-workspaces/model_sc_ws/install/model_sc_msg/local/lib/python3.10/dist-packages/model_sc_msg/__init__.py
[0.311s] -- Up-to-date: /home/pragalbhv/ros2-workspaces/model_sc_ws/install/model_sc_msg/local/lib/python3.10/dist-packages/model_sc_msg/model_sc_msg_s__rosidl_typesupport_c.cpython-310-x86_64-linux-gnu.so
[0.311s] -- Up-to-date: /home/pragalbhv/ros2-workspaces/model_sc_ws/install/model_sc_msg/local/lib/python3.10/dist-packages/model_sc_msg/_model_sc_msg_s.ep.rosidl_typesupport_introspection_c.c
[0.311s] -- Up-to-date: /home/pragalbhv/ros2-workspaces/model_sc_ws/install/model_sc_msg/local/lib/python3.10/dist-packages/model_sc_msg/model_sc_msg_s__rosidl_typesupport_introspection_c.cpython-310-x86_64-linux-gnu.so
[0.311s] -- Up-to-date: /home/pragalbhv/ros2-workspaces/model_sc_ws/install/model_sc_msg/local/lib/python3.10/dist-packages/model_sc_msg/libmodel_sc_msg__rosidl_generator_py.so
[0.334s] Listing '/home/pragalbhv/ros2-workspaces/model_sc_ws/install/model_sc_msg/local/lib/python3.10/dist-packages/model_sc_msg'...
[0.334s] Listing '/home/pragalbhv/ros2-workspaces/model_sc_ws/install/model_sc_msg/local/lib/python3.10/dist-packages/model_sc_msg/msg'...
[0.338s] -- Up-to-date: /home/pragalbhv/ros2-workspaces/model_sc_ws/install/model_sc_msg/local/lib/python3.10/dist-packages/model_sc_msg/model_sc_msg_s__rosidl_typesupport_fastrtps_c.cpython-310-x86_64-linux-gnu.so
[0.338s] -- Up-to-date: /home/pragalbhv/ros2-workspaces/model_sc_ws/install/model_sc_msg/local/lib/python3.10/dist-packages/model_sc_msg/model_sc_msg_s__rosidl_typesupport_introspection_c.cpython-310-x86_64-linux-gnu.so
[0.338s] -- Up-to-date: /home/pragalbhv/ros2-workspaces/model_sc_ws/install/model_sc_msg/local/lib/python3.10/dist-packages/model_sc_msg/model_sc_msg_s__rosidl_typesupport_c.cpython-310-x86_64-linux-gnu.so
[0.338s] -- Up-to-date: /home/pragalbhv/ros2-workspaces/model_sc_ws/install/model_sc_msg/lib/libmodel_sc_msg__rosidl_generator_py.so
[0.339s] -- Up-to-date: /home/pragalbhv/ros2-workspaces/model_sc_ws/install/model_sc_msg/share/model_sc_msg/msg/Modelcomm.idl
[0.339s] -- Up-to-date: /home/pragalbhv/ros2-workspaces/model_sc_ws/install/model_sc_msg/share/model_sc_msg/msg/Modelsta.idl
[0.339s] -- Up-to-date: /home/pragalbhv/ros2-workspaces/model_sc_ws/install/model_sc_msg/share/model_sc_msg/msg/Modelcomm.msg
[0.339s] -- Up-to-date: /home/pragalbhv/ros2-workspaces/model_sc_ws/install/model_sc_msg/share/model_sc_msg/msg/Modelsta.msg
[0.339s] -- Up-to-date: /home/pragalbhv/ros2-workspaces/model_sc_ws/install/model_sc_msg/share/ament_index/resource_index/package_run_dependencies/model_sc_msg
[0.339s] -- Up-to-date: /home/pragalbhv/ros2-workspaces/model_sc_ws/install/model_sc_msg/share/ament_index/resource_index/parent_prefix_path/model_sc_msg
[0.339s] -- Up-to-date: /home/pragalbhv/ros2-workspaces/model_sc_ws/install/model_sc_msg/share/model_sc_msg/environment/ament_prefix_path.sh
[0.339s] -- Up-to-date: /home/pragalbhv/ros2-workspaces/model_sc_ws/install/model_sc_msg/share/model_sc_msg/environment/ament_prefix_path.dsv
[0.339s] -- Up-to-date: /home/pragalbhv/ros2-workspaces/model_sc_ws/install/model_sc_msg/share/model_sc_msg/environment/path.sh
[0.339s] -- Up-to-date: /home/pragalbhv/ros2-workspaces/model_sc_ws/install/model_sc_msg/share/model_sc_msg/environment/path.dsv
[0.339s] -- Up-to-date: /home/pragalbhv/ros2-workspaces/model_sc_ws/install/model_sc_msg/share/model_sc_msg/local_setup.bash
[0.340s] -- Up-to-date: /home/pragalbhv/ros2-workspaces/model_sc_ws/install/model_sc_msg/share/model_sc_msg/local_setup.sh
[0.340s] -- Up-to-date: /home/pragalbhv/ros2-workspaces/model_sc_ws/install/model_sc_msg/share/model_sc_msg/local_setup.zsh
[0.340s] -- Up-to-date: /home/pragalbhv/ros2-workspaces/model_sc_ws/install/model_sc_msg/share/model_sc_msg/local_setup.dsv
[0.340s] -- Installing: /home/pragalbhv/ros2-workspaces/model_sc_ws/install/model_sc_msg/share/model_sc_msg/package.dsv
[0.340s] -- Up-to-date: /home/pragalbhv/ros2-workspaces/model_sc_ws/install/model_sc_msg/share/ament_index/resource_index/packages/model_sc_msg
[0.340s] -- Up-to-date: /home/pragalbhv/ros2-workspaces/model_sc_ws/install/model_sc_msg/share/model_sc_msg/cmake/export_model_sc_msg__rosidl_generator_cExport.cmake
[0.340s] -- Up-to-date: /home/pragalbhv/ros2-workspaces/model_sc_ws/install/model_sc_msg/share/model_sc_msg/cmake/export_model_sc_msg__rosidl_generator_cExport-noconfig.cmake
[0.340s] -- Up-to-date: /home/pragalbhv/ros2-workspaces/model_sc_ws/install/model_sc_msg/share/model_sc_msg/cmake/export_model_sc_msg__rosidl_typesupport_fastrtps_cExport.cmake
[0.340s] -- Up-to-date: /home/pragalbhv/ros2-workspaces/model_sc_ws/install/model_sc_msg/share/model_sc_msg/cmake/export_model_sc_msg__rosidl_typesupport_fastrtps_cExport-noconfig.cmake
[0.340s] -- Up-to-date: /home/pragalbhv/ros2-workspaces/model_sc_ws/install/model_sc_msg/share/model_sc_msg/cmake/model_sc_msg__rosidl_typesupport_introspection_cExport.cmake
[0.340s] -- Up-to-date: /home/pragalbhv/ros2-workspaces/model_sc_ws/install/model_sc_msg/share/model_sc_msg/cmake/model_sc_msg__rosidl_typesupport_introspection_cExport-noconfig.cmake
[0.340s] -- Up-to-date: /home/pragalbhv/ros2-workspaces/model_sc_ws/install/model_sc_msg/share/model_sc_msg/cmake/model_sc_msg__rosidl_typesupport_cExport.cmake
[0.340s] -- Up-to-date: /home/pragalbhv/ros2-workspaces/model_sc_ws/install/model_sc_msg/share/model_sc_msg/cmake/model_sc_msg__rosidl_typesupport_cExport-noconfig.cmake
[0.340s] -- Up-to-date: /home/pragalbhv/ros2-workspaces/model_sc_ws/install/model_sc_msg/share/model_sc_msg/cmake/export_model_sc_msg__rosidl_generator_cppExport.cmake
[0.341s] -- Up-to-date: /home/pragalbhv/ros2-workspaces/model_sc_ws/install/model_sc_msg/share/model_sc_msg/cmake/export_model_sc_msg__rosidl_typesupport_fastrtps_cppExport.cmake
[0.341s] -- Up-to-date: /home/pragalbhv/ros2-workspaces/model_sc_ws/install/model_sc_msg/share/model_sc_msg/cmake/export_model_sc_msg__rosidl_typesupport_fastrtps_cppExport-noconfig.cmake
[0.341s] -- Up-to-date: /home/pragalbhv/ros2-workspaces/model_sc_ws/install/model_sc_msg/share/model_sc_msg/cmake/model_sc_msg__rosidl_typesupport_introspection_cppExport.cmake
[0.341s] -- Up-to-date: /home/pragalbhv/ros2-workspaces/model_sc_ws/install/model_sc_msg/share/model_sc_msg/cmake/model_sc_msg__rosidl_typesupport_introspection_cppExport-noconfig.cmake
[0.341s] -- Up-to-date: /home/pragalbhv/ros2-workspaces/model_sc_ws/install/model_sc_msg/share/model_sc_msg/cmake/model_sc_msg__rosidl_typesupport_cppExport.cmake
[0.341s] -- Up-to-date: /home/pragalbhv/ros2-workspaces/model_sc_ws/install/model_sc_msg/share/model_sc_msg/cmake/model_sc_msg__rosidl_typesupport_cppExport-noconfig.cmake
[0.341s] -- Up-to-date: /home/pragalbhv/ros2-workspaces/model_sc_ws/install/model_sc_msg/share/model_sc_msg/cmake/export_model_sc_msg__rosidl_generator_pyExport.cmake
[0.341s] -- Up-to-date: /home/pragalbhv/ros2-workspaces/model_sc_ws/install/model_sc_msg/share/model_sc_msg/cmake/export_model_sc_msg__rosidl_generator_pyExport-noconfig.cmake
[0.341s] -- Up-to-date: /home/pragalbhv/ros2-workspaces/model_sc_ws/install/model_sc_msg/share/model_sc_msg/cmake/rosidl_cmake-extras.cmake
[0.341s] -- Up-to-date: /home/pragalbhv/ros2-workspaces/model_sc_ws/install/model_sc_msg/share/model_sc_msg/cmake/ament_cmake_export_include_directories-extras.cmake
[0.341s] -- Up-to-date: /home/pragalbhv/ros2-workspaces/model_sc_ws/install/model_sc_msg/share/model_sc_msg/cmake/ament_cmake_export_libraries-extras.cmake
[0.341s] -- Up-to-date: /home/pragalbhv/ros2-workspaces/model_sc_ws/install/model_sc_msg/share/model_sc_msg/cmake/ament_cmake_export_targets-extras.cmake
[0.341s] -- Up-to-date: /home/pragalbhv/ros2-workspaces/model_sc_ws/install/model_sc_msg/share/model_sc_msg/cmake/rosidl_cmake_export_typesupport_targets-extras.cmake
[0.341s] -- Up-to-date: /home/pragalbhv/ros2-workspaces/model_sc_ws/install/model_sc_msg/share/model_sc_msg/cmake/ament_cmake_export_dependencies-extras.cmake
[0.341s] -- Up-to-date: /home/pragalbhv/ros2-workspaces/model_sc_ws/install/model_sc_msg/share/model_sc_msg/cmake/rosidl_cmake_export_typesupport_libraries-extras.cmake
[0.341s] -- Up-to-date: /home/pragalbhv/ros2-workspaces/model_sc_ws/install/model_sc_msg/share/model_sc_msg/cmake/model_sc_msgConfig.cmake
[0.341s] -- Up-to-date: /home/pragalbhv/ros2-workspaces/model_sc_ws/install/model_sc_msg/share/model_sc_msg/cmake/model_sc_msgConfig-version.cmake
[0.341s] -- Up-to-date: /home/pragalbhv/ros2-workspaces/model_sc_ws/install/model_sc_msg/share/model_sc_msg/package.xml
[0.343s] Invoked command in '/home/pragalbhv/ros2-workspaces/model_sc_ws/build/model_sc_msg' returned '0': CMAKE_PREFIX_PATH=/opt/ros/humble /usr/bin/cmake --install /home/pragalbhv/ros2-workspaces/model_sc_ws/build/model_sc_msg
