[0.009s] Invoking command in '/home/pragalbhv/ros2-workspaces/model_sc_ws/build/model_sc_msg': CMAKE_PREFIX_PATH=${CMAKE_PREFIX_PATH}:/home/pragalbhv/ros2-workspaces/model_sc_ws/install/model_sc_pkg:/opt/ros/humble /usr/bin/cmake --build /home/pragalbhv/ros2-workspaces/model_sc_ws/build/model_sc_msg -- -j4 -l4
[0.025s] -- Found ament_cmake: 1.3.11 (/opt/ros/humble/share/ament_cmake/cmake)
[0.125s] -- Found geometry_msgs: 4.2.4 (/opt/ros/humble/share/geometry_msgs/cmake)
[0.144s] -- Found rosidl_generator_c: 3.1.6 (/opt/ros/humble/share/rosidl_generator_c/cmake)
[0.146s] -- Found rosidl_adapter: 3.1.6 (/opt/ros/humble/share/rosidl_adapter/cmake)
[0.151s] -- Found rosidl_generator_cpp: 3.1.6 (/opt/ros/humble/share/rosidl_generator_cpp/cmake)
[0.158s] -- Using all available rosidl_typesupport_c: rosidl_typesupport_fastrtps_c;rosidl_typesupport_introspection_c
[0.168s] -- Using all available rosidl_typesupport_cpp: rosidl_typesupport_fastrtps_cpp;rosidl_typesupport_introspection_cpp
[0.198s] -- Found rosidl_default_generators: 1.2.0 (/opt/ros/humble/share/rosidl_default_generators/cmake)
[0.440s] -- Found ament_cmake_ros: 0.10.0 (/opt/ros/humble/share/ament_cmake_ros/cmake)
[0.794s] -- Using all available rosidl_typesupport_c: rosidl_typesupport_fastrtps_c;rosidl_typesupport_introspection_c
[0.923s] -- Using all available rosidl_typesupport_cpp: rosidl_typesupport_fastrtps_cpp;rosidl_typesupport_introspection_cpp
[0.941s] -- Found PythonInterp: /usr/bin/python3 (found suitable version "3.10.12", minimum required is "3.6") 
[0.960s] -- Found python_cmake_module: 0.10.0 (/opt/ros/humble/share/python_cmake_module/cmake)
[1.006s] -- Found PythonLibs: /usr/lib/x86_64-linux-gnu/libpython3.10.so (found suitable version "3.10.12", minimum required is "3.5") 
[1.006s] -- Using PYTHON_EXECUTABLE: /usr/bin/python3
[1.006s] -- Using PYTHON_INCLUDE_DIRS: /usr/include/python3.10
[1.006s] -- Using PYTHON_LIBRARIES: /usr/lib/x86_64-linux-gnu/libpython3.10.so
[1.023s] -- Found PythonExtra: .so  
[1.076s] -- Configuring done
[1.144s] -- Generating done
[1.154s] -- Build files have been written to: /home/pragalbhv/ros2-workspaces/model_sc_ws/build/model_sc_msg
[1.173s] [  2%] [34m[1mGenerating C code for ROS interfaces[0m
[1.181s] [  5%] [34m[1mGenerating C++ code for ROS interfaces[0m
[1.187s] [  5%] Built target ament_cmake_python_copy_model_sc_msg
[1.425s] running egg_info
[1.426s] creating model_sc_msg.egg-info
[1.426s] writing model_sc_msg.egg-info/PKG-INFO
[1.426s] writing dependency_links to model_sc_msg.egg-info/dependency_links.txt
[1.427s] writing top-level names to model_sc_msg.egg-info/top_level.txt
[1.427s] writing manifest file 'model_sc_msg.egg-info/SOURCES.txt'
[1.435s] reading manifest file 'model_sc_msg.egg-info/SOURCES.txt'
[1.435s] writing manifest file 'model_sc_msg.egg-info/SOURCES.txt'
[1.457s] [  5%] Built target ament_cmake_python_build_model_sc_msg_egg
[1.541s] [  5%] Built target model_sc_msg__cpp
[1.549s] [ 12%] [32mBuilding C object CMakeFiles/model_sc_msg__rosidl_generator_c.dir/rosidl_generator_c/model_sc_msg/msg/detail/modelcomm__functions.c.o[0m
[1.550s] [ 12%] [34m[1mGenerating C++ type support for eProsima Fast-RTPS[0m
[1.550s] [ 12%] [34m[1mGenerating C++ type support dispatch for ROS interfaces[0m
[1.550s] [ 15%] [34m[1mGenerating C++ introspection for ROS interfaces[0m
[1.788s] [ 17%] [32mBuilding CXX object CMakeFiles/model_sc_msg__rosidl_typesupport_cpp.dir/rosidl_typesupport_cpp/model_sc_msg/msg/modelcomm__type_support.cpp.o[0m
[1.884s] [ 20%] [32mBuilding CXX object CMakeFiles/model_sc_msg__rosidl_typesupport_introspection_cpp.dir/rosidl_typesupport_introspection_cpp/model_sc_msg/msg/detail/modelcomm__type_support.cpp.o[0m
[1.894s] [ 23%] [32mBuilding CXX object CMakeFiles/model_sc_msg__rosidl_typesupport_fastrtps_cpp.dir/rosidl_typesupport_fastrtps_cpp/model_sc_msg/msg/detail/dds_fastrtps/modelcomm__type_support.cpp.o[0m
[2.654s] [ 25%] [32mBuilding C object CMakeFiles/model_sc_msg__rosidl_generator_c.dir/rosidl_generator_c/model_sc_msg/msg/detail/modelsta__functions.c.o[0m
[2.690s] [ 28%] [32m[1mLinking C shared library libmodel_sc_msg__rosidl_generator_c.so[0m
[3.109s] [ 28%] Built target model_sc_msg__rosidl_generator_c
[3.116s] [ 30%] [32mBuilding CXX object CMakeFiles/model_sc_msg__rosidl_typesupport_fastrtps_cpp.dir/rosidl_typesupport_fastrtps_cpp/model_sc_msg/msg/detail/dds_fastrtps/modelsta__type_support.cpp.o[0m
[3.356s] [ 33%] [32mBuilding CXX object CMakeFiles/model_sc_msg__rosidl_typesupport_cpp.dir/rosidl_typesupport_cpp/model_sc_msg/msg/modelsta__type_support.cpp.o[0m
[3.398s] [ 35%] [32mBuilding CXX object CMakeFiles/model_sc_msg__rosidl_typesupport_introspection_cpp.dir/rosidl_typesupport_introspection_cpp/model_sc_msg/msg/detail/modelsta__type_support.cpp.o[0m
[3.404s] [ 38%] [34m[1mGenerating C type support for eProsima Fast-RTPS[0m
[3.433s] [ 41%] [32m[1mLinking CXX shared library libmodel_sc_msg__rosidl_typesupport_fastrtps_cpp.so[0m
[3.585s] [ 43%] [32m[1mLinking CXX shared library libmodel_sc_msg__rosidl_typesupport_cpp.so[0m
[3.628s] [ 43%] Built target model_sc_msg__rosidl_typesupport_fastrtps_cpp
[3.638s] [ 46%] [34m[1mGenerating C introspection for ROS interfaces[0m
[3.666s] [ 46%] Built target model_sc_msg__rosidl_typesupport_cpp
[3.678s] [ 48%] [34m[1mGenerating C type support dispatch for ROS interfaces[0m
[3.678s] [ 51%] [32mBuilding CXX object CMakeFiles/model_sc_msg__rosidl_typesupport_fastrtps_c.dir/rosidl_typesupport_fastrtps_c/model_sc_msg/msg/detail/modelcomm__type_support_c.cpp.o[0m
[3.700s] [ 53%] [32m[1mLinking CXX shared library libmodel_sc_msg__rosidl_typesupport_introspection_cpp.so[0m
[3.777s] [ 53%] Built target model_sc_msg__rosidl_typesupport_introspection_cpp
[3.784s] [ 56%] [32mBuilding CXX object CMakeFiles/model_sc_msg__rosidl_typesupport_fastrtps_c.dir/rosidl_typesupport_fastrtps_c/model_sc_msg/msg/detail/modelsta__type_support_c.cpp.o[0m
[3.892s] [ 58%] [32mBuilding C object CMakeFiles/model_sc_msg__rosidl_typesupport_introspection_c.dir/rosidl_typesupport_introspection_c/model_sc_msg/msg/detail/modelcomm__type_support.c.o[0m
[3.895s] [ 61%] [32mBuilding CXX object CMakeFiles/model_sc_msg__rosidl_typesupport_c.dir/rosidl_typesupport_c/model_sc_msg/msg/modelcomm__type_support.cpp.o[0m
[3.920s] [ 64%] [32mBuilding CXX object CMakeFiles/model_sc_msg__rosidl_typesupport_c.dir/rosidl_typesupport_c/model_sc_msg/msg/modelsta__type_support.cpp.o[0m
[3.920s] [ 66%] [32mBuilding C object CMakeFiles/model_sc_msg__rosidl_typesupport_introspection_c.dir/rosidl_typesupport_introspection_c/model_sc_msg/msg/detail/modelsta__type_support.c.o[0m
[3.947s] [ 69%] [32m[1mLinking CXX shared library libmodel_sc_msg__rosidl_typesupport_c.so[0m
[3.947s] [ 71%] [32m[1mLinking C shared library libmodel_sc_msg__rosidl_typesupport_introspection_c.so[0m
[3.982s] [ 71%] Built target model_sc_msg__rosidl_typesupport_c
[3.993s] [ 71%] Built target model_sc_msg__rosidl_typesupport_introspection_c
[4.053s] [ 74%] [32m[1mLinking CXX shared library libmodel_sc_msg__rosidl_typesupport_fastrtps_c.so[0m
[4.153s] [ 74%] Built target model_sc_msg__rosidl_typesupport_fastrtps_c
[4.168s] [ 74%] Built target model_sc_msg
[4.184s] [ 76%] [34m[1mGenerating Python code for ROS interfaces[0m
[4.524s] [ 76%] Built target model_sc_msg__py
[4.540s] [ 82%] [32mBuilding C object CMakeFiles/model_sc_msg__rosidl_generator_py.dir/rosidl_generator_py/model_sc_msg/msg/_modelsta_s.c.o[0m
[4.540s] [ 82%] [32mBuilding C object CMakeFiles/model_sc_msg__rosidl_generator_py.dir/rosidl_generator_py/model_sc_msg/msg/_modelcomm_s.c.o[0m
[4.771s] [ 84%] [32m[1mLinking C shared library rosidl_generator_py/model_sc_msg/libmodel_sc_msg__rosidl_generator_py.so[0m
[4.831s] [ 84%] Built target model_sc_msg__rosidl_generator_py
[4.847s] [ 92%] [32mBuilding C object CMakeFiles/model_sc_msg__rosidl_typesupport_fastrtps_c__pyext.dir/rosidl_generator_py/model_sc_msg/_model_sc_msg_s.ep.rosidl_typesupport_fastrtps_c.c.o[0m
[4.847s] [ 92%] [32mBuilding C object CMakeFiles/model_sc_msg__rosidl_typesupport_introspection_c__pyext.dir/rosidl_generator_py/model_sc_msg/_model_sc_msg_s.ep.rosidl_typesupport_introspection_c.c.o[0m
[4.847s] [ 92%] [32mBuilding C object CMakeFiles/model_sc_msg__rosidl_typesupport_c__pyext.dir/rosidl_generator_py/model_sc_msg/_model_sc_msg_s.ep.rosidl_typesupport_c.c.o[0m
[4.933s] [100%] [32m[1mLinking C shared library rosidl_generator_py/model_sc_msg/model_sc_msg_s__rosidl_typesupport_introspection_c.cpython-310-x86_64-linux-gnu.so[0m
[4.933s] [100%] [32m[1mLinking C shared library rosidl_generator_py/model_sc_msg/model_sc_msg_s__rosidl_typesupport_fastrtps_c.cpython-310-x86_64-linux-gnu.so[0m
[4.933s] [100%] [32m[1mLinking C shared library rosidl_generator_py/model_sc_msg/model_sc_msg_s__rosidl_typesupport_c.cpython-310-x86_64-linux-gnu.so[0m
[4.967s] [100%] Built target model_sc_msg__rosidl_typesupport_fastrtps_c__pyext
[4.967s] [100%] Built target model_sc_msg__rosidl_typesupport_c__pyext
[4.967s] [100%] Built target model_sc_msg__rosidl_typesupport_introspection_c__pyext
[4.980s] Invoked command in '/home/pragalbhv/ros2-workspaces/model_sc_ws/build/model_sc_msg' returned '0': CMAKE_PREFIX_PATH=${CMAKE_PREFIX_PATH}:/home/pragalbhv/ros2-workspaces/model_sc_ws/install/model_sc_pkg:/opt/ros/humble /usr/bin/cmake --build /home/pragalbhv/ros2-workspaces/model_sc_ws/build/model_sc_msg -- -j4 -l4
[4.987s] Invoking command in '/home/pragalbhv/ros2-workspaces/model_sc_ws/build/model_sc_msg': CMAKE_PREFIX_PATH=${CMAKE_PREFIX_PATH}:/home/pragalbhv/ros2-workspaces/model_sc_ws/install/model_sc_pkg:/opt/ros/humble /usr/bin/cmake --install /home/pragalbhv/ros2-workspaces/model_sc_ws/build/model_sc_msg
[4.993s] -- Install configuration: ""
[4.993s] -- Installing: /home/pragalbhv/ros2-workspaces/model_sc_ws/install/model_sc_msg/share/ament_index/resource_index/rosidl_interfaces/model_sc_msg
[4.994s] -- Installing: /home/pragalbhv/ros2-workspaces/model_sc_ws/install/model_sc_msg/include/model_sc_msg/model_sc_msg
[4.994s] -- Installing: /home/pragalbhv/ros2-workspaces/model_sc_ws/install/model_sc_msg/include/model_sc_msg/model_sc_msg/msg
[4.994s] -- Installing: /home/pragalbhv/ros2-workspaces/model_sc_ws/install/model_sc_msg/include/model_sc_msg/model_sc_msg/msg/detail
[4.994s] -- Installing: /home/pragalbhv/ros2-workspaces/model_sc_ws/install/model_sc_msg/include/model_sc_msg/model_sc_msg/msg/detail/modelsta__struct.h
[4.994s] -- Installing: /home/pragalbhv/ros2-workspaces/model_sc_ws/install/model_sc_msg/include/model_sc_msg/model_sc_msg/msg/detail/modelsta__functions.c
[4.994s] -- Installing: /home/pragalbhv/ros2-workspaces/model_sc_ws/install/model_sc_msg/include/model_sc_msg/model_sc_msg/msg/detail/modelsta__type_support.h
[4.994s] -- Installing: /home/pragalbhv/ros2-workspaces/model_sc_ws/install/model_sc_msg/include/model_sc_msg/model_sc_msg/msg/detail/modelcomm__type_support.h
[4.994s] -- Installing: /home/pragalbhv/ros2-workspaces/model_sc_ws/install/model_sc_msg/include/model_sc_msg/model_sc_msg/msg/detail/modelcomm__functions.h
[4.994s] -- Installing: /home/pragalbhv/ros2-workspaces/model_sc_ws/install/model_sc_msg/include/model_sc_msg/model_sc_msg/msg/detail/modelcomm__functions.c
[4.994s] -- Installing: /home/pragalbhv/ros2-workspaces/model_sc_ws/install/model_sc_msg/include/model_sc_msg/model_sc_msg/msg/detail/modelcomm__struct.h
[4.994s] -- Installing: /home/pragalbhv/ros2-workspaces/model_sc_ws/install/model_sc_msg/include/model_sc_msg/model_sc_msg/msg/detail/modelsta__functions.h
[4.994s] -- Installing: /home/pragalbhv/ros2-workspaces/model_sc_ws/install/model_sc_msg/include/model_sc_msg/model_sc_msg/msg/modelsta.h
[4.994s] -- Installing: /home/pragalbhv/ros2-workspaces/model_sc_ws/install/model_sc_msg/include/model_sc_msg/model_sc_msg/msg/rosidl_generator_c__visibility_control.h
[4.995s] -- Installing: /home/pragalbhv/ros2-workspaces/model_sc_ws/install/model_sc_msg/include/model_sc_msg/model_sc_msg/msg/modelcomm.h
[4.995s] -- Installing: /home/pragalbhv/ros2-workspaces/model_sc_ws/install/model_sc_msg/share/model_sc_msg/environment/library_path.sh
[4.995s] -- Installing: /home/pragalbhv/ros2-workspaces/model_sc_ws/install/model_sc_msg/share/model_sc_msg/environment/library_path.dsv
[4.995s] -- Installing: /home/pragalbhv/ros2-workspaces/model_sc_ws/install/model_sc_msg/lib/libmodel_sc_msg__rosidl_generator_c.so
[4.995s] -- Set runtime path of "/home/pragalbhv/ros2-workspaces/model_sc_ws/install/model_sc_msg/lib/libmodel_sc_msg__rosidl_generator_c.so" to ""
[4.995s] -- Up-to-date: /home/pragalbhv/ros2-workspaces/model_sc_ws/install/model_sc_msg/include/model_sc_msg/model_sc_msg
[4.995s] -- Up-to-date: /home/pragalbhv/ros2-workspaces/model_sc_ws/install/model_sc_msg/include/model_sc_msg/model_sc_msg/msg
[4.996s] -- Up-to-date: /home/pragalbhv/ros2-workspaces/model_sc_ws/install/model_sc_msg/include/model_sc_msg/model_sc_msg/msg/detail
[4.996s] -- Installing: /home/pragalbhv/ros2-workspaces/model_sc_ws/install/model_sc_msg/include/model_sc_msg/model_sc_msg/msg/detail/modelcomm__rosidl_typesupport_fastrtps_c.h
[4.996s] -- Installing: /home/pragalbhv/ros2-workspaces/model_sc_ws/install/model_sc_msg/include/model_sc_msg/model_sc_msg/msg/detail/modelsta__rosidl_typesupport_fastrtps_c.h
[4.996s] -- Installing: /home/pragalbhv/ros2-workspaces/model_sc_ws/install/model_sc_msg/include/model_sc_msg/model_sc_msg/msg/rosidl_typesupport_fastrtps_c__visibility_control.h
[4.996s] -- Installing: /home/pragalbhv/ros2-workspaces/model_sc_ws/install/model_sc_msg/lib/libmodel_sc_msg__rosidl_typesupport_fastrtps_c.so
[4.996s] -- Set runtime path of "/home/pragalbhv/ros2-workspaces/model_sc_ws/install/model_sc_msg/lib/libmodel_sc_msg__rosidl_typesupport_fastrtps_c.so" to ""
[4.996s] -- Up-to-date: /home/pragalbhv/ros2-workspaces/model_sc_ws/install/model_sc_msg/include/model_sc_msg/model_sc_msg
[4.996s] -- Up-to-date: /home/pragalbhv/ros2-workspaces/model_sc_ws/install/model_sc_msg/include/model_sc_msg/model_sc_msg/msg
[4.996s] -- Installing: /home/pragalbhv/ros2-workspaces/model_sc_ws/install/model_sc_msg/include/model_sc_msg/model_sc_msg/msg/modelsta.hpp
[4.996s] -- Up-to-date: /home/pragalbhv/ros2-workspaces/model_sc_ws/install/model_sc_msg/include/model_sc_msg/model_sc_msg/msg/detail
[4.996s] -- Installing: /home/pragalbhv/ros2-workspaces/model_sc_ws/install/model_sc_msg/include/model_sc_msg/model_sc_msg/msg/detail/modelsta__struct.hpp
[4.996s] -- Installing: /home/pragalbhv/ros2-workspaces/model_sc_ws/install/model_sc_msg/include/model_sc_msg/model_sc_msg/msg/detail/modelsta__type_support.hpp
[4.996s] -- Installing: /home/pragalbhv/ros2-workspaces/model_sc_ws/install/model_sc_msg/include/model_sc_msg/model_sc_msg/msg/detail/modelcomm__builder.hpp
[4.996s] -- Installing: /home/pragalbhv/ros2-workspaces/model_sc_ws/install/model_sc_msg/include/model_sc_msg/model_sc_msg/msg/detail/modelsta__traits.hpp
[4.997s] -- Installing: /home/pragalbhv/ros2-workspaces/model_sc_ws/install/model_sc_msg/include/model_sc_msg/model_sc_msg/msg/detail/modelcomm__traits.hpp
[4.997s] -- Installing: /home/pragalbhv/ros2-workspaces/model_sc_ws/install/model_sc_msg/include/model_sc_msg/model_sc_msg/msg/detail/modelsta__builder.hpp
[4.997s] -- Installing: /home/pragalbhv/ros2-workspaces/model_sc_ws/install/model_sc_msg/include/model_sc_msg/model_sc_msg/msg/detail/modelcomm__type_support.hpp
[4.997s] -- Installing: /home/pragalbhv/ros2-workspaces/model_sc_ws/install/model_sc_msg/include/model_sc_msg/model_sc_msg/msg/detail/modelcomm__struct.hpp
[4.997s] -- Installing: /home/pragalbhv/ros2-workspaces/model_sc_ws/install/model_sc_msg/include/model_sc_msg/model_sc_msg/msg/modelcomm.hpp
[4.997s] -- Installing: /home/pragalbhv/ros2-workspaces/model_sc_ws/install/model_sc_msg/include/model_sc_msg/model_sc_msg/msg/rosidl_generator_cpp__visibility_control.hpp
[4.997s] -- Up-to-date: /home/pragalbhv/ros2-workspaces/model_sc_ws/install/model_sc_msg/include/model_sc_msg/model_sc_msg
[4.997s] -- Up-to-date: /home/pragalbhv/ros2-workspaces/model_sc_ws/install/model_sc_msg/include/model_sc_msg/model_sc_msg/msg
[4.997s] -- Up-to-date: /home/pragalbhv/ros2-workspaces/model_sc_ws/install/model_sc_msg/include/model_sc_msg/model_sc_msg/msg/detail
[4.997s] -- Installing: /home/pragalbhv/ros2-workspaces/model_sc_ws/install/model_sc_msg/include/model_sc_msg/model_sc_msg/msg/detail/modelsta__rosidl_typesupport_fastrtps_cpp.hpp
[4.997s] -- Installing: /home/pragalbhv/ros2-workspaces/model_sc_ws/install/model_sc_msg/include/model_sc_msg/model_sc_msg/msg/detail/modelcomm__rosidl_typesupport_fastrtps_cpp.hpp
[4.997s] -- Installing: /home/pragalbhv/ros2-workspaces/model_sc_ws/install/model_sc_msg/include/model_sc_msg/model_sc_msg/msg/detail/dds_fastrtps
[4.997s] -- Installing: /home/pragalbhv/ros2-workspaces/model_sc_ws/install/model_sc_msg/include/model_sc_msg/model_sc_msg/msg/rosidl_typesupport_fastrtps_cpp__visibility_control.h
[4.998s] -- Installing: /home/pragalbhv/ros2-workspaces/model_sc_ws/install/model_sc_msg/lib/libmodel_sc_msg__rosidl_typesupport_fastrtps_cpp.so
[4.998s] -- Set runtime path of "/home/pragalbhv/ros2-workspaces/model_sc_ws/install/model_sc_msg/lib/libmodel_sc_msg__rosidl_typesupport_fastrtps_cpp.so" to ""
[4.998s] -- Up-to-date: /home/pragalbhv/ros2-workspaces/model_sc_ws/install/model_sc_msg/include/model_sc_msg/model_sc_msg
[4.998s] -- Up-to-date: /home/pragalbhv/ros2-workspaces/model_sc_ws/install/model_sc_msg/include/model_sc_msg/model_sc_msg/msg
[4.998s] -- Up-to-date: /home/pragalbhv/ros2-workspaces/model_sc_ws/install/model_sc_msg/include/model_sc_msg/model_sc_msg/msg/detail
[4.998s] -- Installing: /home/pragalbhv/ros2-workspaces/model_sc_ws/install/model_sc_msg/include/model_sc_msg/model_sc_msg/msg/detail/modelcomm__type_support.c
[4.998s] -- Installing: /home/pragalbhv/ros2-workspaces/model_sc_ws/install/model_sc_msg/include/model_sc_msg/model_sc_msg/msg/detail/modelsta__rosidl_typesupport_introspection_c.h
[4.998s] -- Installing: /home/pragalbhv/ros2-workspaces/model_sc_ws/install/model_sc_msg/include/model_sc_msg/model_sc_msg/msg/detail/modelsta__type_support.c
[4.998s] -- Installing: /home/pragalbhv/ros2-workspaces/model_sc_ws/install/model_sc_msg/include/model_sc_msg/model_sc_msg/msg/detail/modelcomm__rosidl_typesupport_introspection_c.h
[4.998s] -- Installing: /home/pragalbhv/ros2-workspaces/model_sc_ws/install/model_sc_msg/include/model_sc_msg/model_sc_msg/msg/rosidl_typesupport_introspection_c__visibility_control.h
[4.998s] -- Installing: /home/pragalbhv/ros2-workspaces/model_sc_ws/install/model_sc_msg/lib/libmodel_sc_msg__rosidl_typesupport_introspection_c.so
[4.999s] -- Set runtime path of "/home/pragalbhv/ros2-workspaces/model_sc_ws/install/model_sc_msg/lib/libmodel_sc_msg__rosidl_typesupport_introspection_c.so" to ""
[4.999s] -- Installing: /home/pragalbhv/ros2-workspaces/model_sc_ws/install/model_sc_msg/lib/libmodel_sc_msg__rosidl_typesupport_c.so
[4.999s] -- Set runtime path of "/home/pragalbhv/ros2-workspaces/model_sc_ws/install/model_sc_msg/lib/libmodel_sc_msg__rosidl_typesupport_c.so" to ""
[4.999s] -- Up-to-date: /home/pragalbhv/ros2-workspaces/model_sc_ws/install/model_sc_msg/include/model_sc_msg/model_sc_msg
[4.999s] -- Up-to-date: /home/pragalbhv/ros2-workspaces/model_sc_ws/install/model_sc_msg/include/model_sc_msg/model_sc_msg/msg
[4.999s] -- Up-to-date: /home/pragalbhv/ros2-workspaces/model_sc_ws/install/model_sc_msg/include/model_sc_msg/model_sc_msg/msg/detail
[4.999s] -- Installing: /home/pragalbhv/ros2-workspaces/model_sc_ws/install/model_sc_msg/include/model_sc_msg/model_sc_msg/msg/detail/modelcomm__type_support.cpp
[4.999s] -- Installing: /home/pragalbhv/ros2-workspaces/model_sc_ws/install/model_sc_msg/include/model_sc_msg/model_sc_msg/msg/detail/modelsta__rosidl_typesupport_introspection_cpp.hpp
[4.999s] -- Installing: /home/pragalbhv/ros2-workspaces/model_sc_ws/install/model_sc_msg/include/model_sc_msg/model_sc_msg/msg/detail/modelcomm__rosidl_typesupport_introspection_cpp.hpp
[5.000s] -- Installing: /home/pragalbhv/ros2-workspaces/model_sc_ws/install/model_sc_msg/include/model_sc_msg/model_sc_msg/msg/detail/modelsta__type_support.cpp
[5.000s] -- Installing: /home/pragalbhv/ros2-workspaces/model_sc_ws/install/model_sc_msg/lib/libmodel_sc_msg__rosidl_typesupport_introspection_cpp.so
[5.000s] -- Set runtime path of "/home/pragalbhv/ros2-workspaces/model_sc_ws/install/model_sc_msg/lib/libmodel_sc_msg__rosidl_typesupport_introspection_cpp.so" to ""
[5.000s] -- Installing: /home/pragalbhv/ros2-workspaces/model_sc_ws/install/model_sc_msg/lib/libmodel_sc_msg__rosidl_typesupport_cpp.so
[5.000s] -- Set runtime path of "/home/pragalbhv/ros2-workspaces/model_sc_ws/install/model_sc_msg/lib/libmodel_sc_msg__rosidl_typesupport_cpp.so" to ""
[5.000s] -- Installing: /home/pragalbhv/ros2-workspaces/model_sc_ws/install/model_sc_msg/share/model_sc_msg/environment/pythonpath.sh
[5.000s] -- Installing: /home/pragalbhv/ros2-workspaces/model_sc_ws/install/model_sc_msg/share/model_sc_msg/environment/pythonpath.dsv
[5.001s] -- Installing: /home/pragalbhv/ros2-workspaces/model_sc_ws/install/model_sc_msg/local/lib/python3.10/dist-packages/model_sc_msg-0.0.0-py3.10.egg-info
[5.001s] -- Installing: /home/pragalbhv/ros2-workspaces/model_sc_ws/install/model_sc_msg/local/lib/python3.10/dist-packages/model_sc_msg-0.0.0-py3.10.egg-info/SOURCES.txt
[5.001s] -- Installing: /home/pragalbhv/ros2-workspaces/model_sc_ws/install/model_sc_msg/local/lib/python3.10/dist-packages/model_sc_msg-0.0.0-py3.10.egg-info/dependency_links.txt
[5.001s] -- Installing: /home/pragalbhv/ros2-workspaces/model_sc_ws/install/model_sc_msg/local/lib/python3.10/dist-packages/model_sc_msg-0.0.0-py3.10.egg-info/top_level.txt
[5.001s] -- Installing: /home/pragalbhv/ros2-workspaces/model_sc_ws/install/model_sc_msg/local/lib/python3.10/dist-packages/model_sc_msg-0.0.0-py3.10.egg-info/PKG-INFO
[5.001s] -- Installing: /home/pragalbhv/ros2-workspaces/model_sc_ws/install/model_sc_msg/local/lib/python3.10/dist-packages/model_sc_msg
[5.001s] -- Installing: /home/pragalbhv/ros2-workspaces/model_sc_ws/install/model_sc_msg/local/lib/python3.10/dist-packages/model_sc_msg/_model_sc_msg_s.ep.rosidl_typesupport_fastrtps_c.c
[5.001s] -- Installing: /home/pragalbhv/ros2-workspaces/model_sc_ws/install/model_sc_msg/local/lib/python3.10/dist-packages/model_sc_msg/_model_sc_msg_s.ep.rosidl_typesupport_c.c
[5.001s] -- Installing: /home/pragalbhv/ros2-workspaces/model_sc_ws/install/model_sc_msg/local/lib/python3.10/dist-packages/model_sc_msg/model_sc_msg_s__rosidl_typesupport_fastrtps_c.cpython-310-x86_64-linux-gnu.so
[5.001s] -- Installing: /home/pragalbhv/ros2-workspaces/model_sc_ws/install/model_sc_msg/local/lib/python3.10/dist-packages/model_sc_msg/msg
[5.001s] -- Installing: /home/pragalbhv/ros2-workspaces/model_sc_ws/install/model_sc_msg/local/lib/python3.10/dist-packages/model_sc_msg/msg/_modelcomm.py
[5.001s] -- Installing: /home/pragalbhv/ros2-workspaces/model_sc_ws/install/model_sc_msg/local/lib/python3.10/dist-packages/model_sc_msg/msg/__init__.py
[5.002s] -- Installing: /home/pragalbhv/ros2-workspaces/model_sc_ws/install/model_sc_msg/local/lib/python3.10/dist-packages/model_sc_msg/msg/_modelsta_s.c
[5.002s] -- Installing: /home/pragalbhv/ros2-workspaces/model_sc_ws/install/model_sc_msg/local/lib/python3.10/dist-packages/model_sc_msg/msg/_modelsta.py
[5.002s] -- Installing: /home/pragalbhv/ros2-workspaces/model_sc_ws/install/model_sc_msg/local/lib/python3.10/dist-packages/model_sc_msg/msg/_modelcomm_s.c
[5.002s] -- Installing: /home/pragalbhv/ros2-workspaces/model_sc_ws/install/model_sc_msg/local/lib/python3.10/dist-packages/model_sc_msg/__init__.py
[5.002s] -- Installing: /home/pragalbhv/ros2-workspaces/model_sc_ws/install/model_sc_msg/local/lib/python3.10/dist-packages/model_sc_msg/model_sc_msg_s__rosidl_typesupport_c.cpython-310-x86_64-linux-gnu.so
[5.002s] -- Installing: /home/pragalbhv/ros2-workspaces/model_sc_ws/install/model_sc_msg/local/lib/python3.10/dist-packages/model_sc_msg/_model_sc_msg_s.ep.rosidl_typesupport_introspection_c.c
[5.002s] -- Installing: /home/pragalbhv/ros2-workspaces/model_sc_ws/install/model_sc_msg/local/lib/python3.10/dist-packages/model_sc_msg/model_sc_msg_s__rosidl_typesupport_introspection_c.cpython-310-x86_64-linux-gnu.so
[5.002s] -- Installing: /home/pragalbhv/ros2-workspaces/model_sc_ws/install/model_sc_msg/local/lib/python3.10/dist-packages/model_sc_msg/libmodel_sc_msg__rosidl_generator_py.so
[5.047s] Listing '/home/pragalbhv/ros2-workspaces/model_sc_ws/install/model_sc_msg/local/lib/python3.10/dist-packages/model_sc_msg'...
[5.047s] Compiling '/home/pragalbhv/ros2-workspaces/model_sc_ws/install/model_sc_msg/local/lib/python3.10/dist-packages/model_sc_msg/__init__.py'...
[5.047s] Listing '/home/pragalbhv/ros2-workspaces/model_sc_ws/install/model_sc_msg/local/lib/python3.10/dist-packages/model_sc_msg/msg'...
[5.047s] Compiling '/home/pragalbhv/ros2-workspaces/model_sc_ws/install/model_sc_msg/local/lib/python3.10/dist-packages/model_sc_msg/msg/__init__.py'...
[5.048s] Compiling '/home/pragalbhv/ros2-workspaces/model_sc_ws/install/model_sc_msg/local/lib/python3.10/dist-packages/model_sc_msg/msg/_modelcomm.py'...
[5.048s] Compiling '/home/pragalbhv/ros2-workspaces/model_sc_ws/install/model_sc_msg/local/lib/python3.10/dist-packages/model_sc_msg/msg/_modelsta.py'...
[5.051s] -- Installing: /home/pragalbhv/ros2-workspaces/model_sc_ws/install/model_sc_msg/local/lib/python3.10/dist-packages/model_sc_msg/model_sc_msg_s__rosidl_typesupport_fastrtps_c.cpython-310-x86_64-linux-gnu.so
[5.051s] -- Set runtime path of "/home/pragalbhv/ros2-workspaces/model_sc_ws/install/model_sc_msg/local/lib/python3.10/dist-packages/model_sc_msg/model_sc_msg_s__rosidl_typesupport_fastrtps_c.cpython-310-x86_64-linux-gnu.so" to ""
[5.051s] -- Installing: /home/pragalbhv/ros2-workspaces/model_sc_ws/install/model_sc_msg/local/lib/python3.10/dist-packages/model_sc_msg/model_sc_msg_s__rosidl_typesupport_introspection_c.cpython-310-x86_64-linux-gnu.so
[5.052s] -- Set runtime path of "/home/pragalbhv/ros2-workspaces/model_sc_ws/install/model_sc_msg/local/lib/python3.10/dist-packages/model_sc_msg/model_sc_msg_s__rosidl_typesupport_introspection_c.cpython-310-x86_64-linux-gnu.so" to ""
[5.052s] -- Installing: /home/pragalbhv/ros2-workspaces/model_sc_ws/install/model_sc_msg/local/lib/python3.10/dist-packages/model_sc_msg/model_sc_msg_s__rosidl_typesupport_c.cpython-310-x86_64-linux-gnu.so
[5.052s] -- Set runtime path of "/home/pragalbhv/ros2-workspaces/model_sc_ws/install/model_sc_msg/local/lib/python3.10/dist-packages/model_sc_msg/model_sc_msg_s__rosidl_typesupport_c.cpython-310-x86_64-linux-gnu.so" to ""
[5.052s] -- Installing: /home/pragalbhv/ros2-workspaces/model_sc_ws/install/model_sc_msg/lib/libmodel_sc_msg__rosidl_generator_py.so
[5.053s] -- Set runtime path of "/home/pragalbhv/ros2-workspaces/model_sc_ws/install/model_sc_msg/lib/libmodel_sc_msg__rosidl_generator_py.so" to ""
[5.053s] -- Installing: /home/pragalbhv/ros2-workspaces/model_sc_ws/install/model_sc_msg/share/model_sc_msg/msg/Modelcomm.idl
[5.053s] -- Installing: /home/pragalbhv/ros2-workspaces/model_sc_ws/install/model_sc_msg/share/model_sc_msg/msg/Modelsta.idl
[5.053s] -- Installing: /home/pragalbhv/ros2-workspaces/model_sc_ws/install/model_sc_msg/share/model_sc_msg/msg/Modelcomm.msg
[5.053s] -- Installing: /home/pragalbhv/ros2-workspaces/model_sc_ws/install/model_sc_msg/share/model_sc_msg/msg/Modelsta.msg
[5.053s] -- Up-to-date: /home/pragalbhv/ros2-workspaces/model_sc_ws/install/model_sc_msg/share/ament_index/resource_index/package_run_dependencies/model_sc_msg
[5.053s] -- Up-to-date: /home/pragalbhv/ros2-workspaces/model_sc_ws/install/model_sc_msg/share/ament_index/resource_index/parent_prefix_path/model_sc_msg
[5.053s] -- Up-to-date: /home/pragalbhv/ros2-workspaces/model_sc_ws/install/model_sc_msg/share/model_sc_msg/environment/ament_prefix_path.sh
[5.053s] -- Installing: /home/pragalbhv/ros2-workspaces/model_sc_ws/install/model_sc_msg/share/model_sc_msg/environment/ament_prefix_path.dsv
[5.053s] -- Up-to-date: /home/pragalbhv/ros2-workspaces/model_sc_ws/install/model_sc_msg/share/model_sc_msg/environment/path.sh
[5.053s] -- Installing: /home/pragalbhv/ros2-workspaces/model_sc_ws/install/model_sc_msg/share/model_sc_msg/environment/path.dsv
[5.053s] -- Up-to-date: /home/pragalbhv/ros2-workspaces/model_sc_ws/install/model_sc_msg/share/model_sc_msg/local_setup.bash
[5.053s] -- Installing: /home/pragalbhv/ros2-workspaces/model_sc_ws/install/model_sc_msg/share/model_sc_msg/local_setup.sh
[5.053s] -- Up-to-date: /home/pragalbhv/ros2-workspaces/model_sc_ws/install/model_sc_msg/share/model_sc_msg/local_setup.zsh
[5.054s] -- Installing: /home/pragalbhv/ros2-workspaces/model_sc_ws/install/model_sc_msg/share/model_sc_msg/local_setup.dsv
[5.054s] -- Installing: /home/pragalbhv/ros2-workspaces/model_sc_ws/install/model_sc_msg/share/model_sc_msg/package.dsv
[5.054s] -- Up-to-date: /home/pragalbhv/ros2-workspaces/model_sc_ws/install/model_sc_msg/share/ament_index/resource_index/packages/model_sc_msg
[5.054s] -- Installing: /home/pragalbhv/ros2-workspaces/model_sc_ws/install/model_sc_msg/share/model_sc_msg/cmake/export_model_sc_msg__rosidl_generator_cExport.cmake
[5.054s] -- Installing: /home/pragalbhv/ros2-workspaces/model_sc_ws/install/model_sc_msg/share/model_sc_msg/cmake/export_model_sc_msg__rosidl_generator_cExport-noconfig.cmake
[5.054s] -- Installing: /home/pragalbhv/ros2-workspaces/model_sc_ws/install/model_sc_msg/share/model_sc_msg/cmake/export_model_sc_msg__rosidl_typesupport_fastrtps_cExport.cmake
[5.054s] -- Installing: /home/pragalbhv/ros2-workspaces/model_sc_ws/install/model_sc_msg/share/model_sc_msg/cmake/export_model_sc_msg__rosidl_typesupport_fastrtps_cExport-noconfig.cmake
[5.054s] -- Installing: /home/pragalbhv/ros2-workspaces/model_sc_ws/install/model_sc_msg/share/model_sc_msg/cmake/export_model_sc_msg__rosidl_generator_cppExport.cmake
[5.054s] -- Installing: /home/pragalbhv/ros2-workspaces/model_sc_ws/install/model_sc_msg/share/model_sc_msg/cmake/export_model_sc_msg__rosidl_typesupport_fastrtps_cppExport.cmake
[5.055s] -- Installing: /home/pragalbhv/ros2-workspaces/model_sc_ws/install/model_sc_msg/share/model_sc_msg/cmake/export_model_sc_msg__rosidl_typesupport_fastrtps_cppExport-noconfig.cmake
[5.055s] -- Installing: /home/pragalbhv/ros2-workspaces/model_sc_ws/install/model_sc_msg/share/model_sc_msg/cmake/model_sc_msg__rosidl_typesupport_introspection_cExport.cmake
[5.055s] -- Installing: /home/pragalbhv/ros2-workspaces/model_sc_ws/install/model_sc_msg/share/model_sc_msg/cmake/model_sc_msg__rosidl_typesupport_introspection_cExport-noconfig.cmake
[5.055s] -- Installing: /home/pragalbhv/ros2-workspaces/model_sc_ws/install/model_sc_msg/share/model_sc_msg/cmake/model_sc_msg__rosidl_typesupport_cExport.cmake
[5.055s] -- Installing: /home/pragalbhv/ros2-workspaces/model_sc_ws/install/model_sc_msg/share/model_sc_msg/cmake/model_sc_msg__rosidl_typesupport_cExport-noconfig.cmake
[5.055s] -- Installing: /home/pragalbhv/ros2-workspaces/model_sc_ws/install/model_sc_msg/share/model_sc_msg/cmake/model_sc_msg__rosidl_typesupport_introspection_cppExport.cmake
[5.055s] -- Installing: /home/pragalbhv/ros2-workspaces/model_sc_ws/install/model_sc_msg/share/model_sc_msg/cmake/model_sc_msg__rosidl_typesupport_introspection_cppExport-noconfig.cmake
[5.055s] -- Installing: /home/pragalbhv/ros2-workspaces/model_sc_ws/install/model_sc_msg/share/model_sc_msg/cmake/model_sc_msg__rosidl_typesupport_cppExport.cmake
[5.055s] -- Installing: /home/pragalbhv/ros2-workspaces/model_sc_ws/install/model_sc_msg/share/model_sc_msg/cmake/model_sc_msg__rosidl_typesupport_cppExport-noconfig.cmake
[5.056s] -- Installing: /home/pragalbhv/ros2-workspaces/model_sc_ws/install/model_sc_msg/share/model_sc_msg/cmake/export_model_sc_msg__rosidl_generator_pyExport.cmake
[5.056s] -- Installing: /home/pragalbhv/ros2-workspaces/model_sc_ws/install/model_sc_msg/share/model_sc_msg/cmake/export_model_sc_msg__rosidl_generator_pyExport-noconfig.cmake
[5.056s] -- Installing: /home/pragalbhv/ros2-workspaces/model_sc_ws/install/model_sc_msg/share/model_sc_msg/cmake/rosidl_cmake-extras.cmake
[5.056s] -- Installing: /home/pragalbhv/ros2-workspaces/model_sc_ws/install/model_sc_msg/share/model_sc_msg/cmake/ament_cmake_export_dependencies-extras.cmake
[5.056s] -- Installing: /home/pragalbhv/ros2-workspaces/model_sc_ws/install/model_sc_msg/share/model_sc_msg/cmake/ament_cmake_export_include_directories-extras.cmake
[5.056s] -- Installing: /home/pragalbhv/ros2-workspaces/model_sc_ws/install/model_sc_msg/share/model_sc_msg/cmake/ament_cmake_export_libraries-extras.cmake
[5.056s] -- Installing: /home/pragalbhv/ros2-workspaces/model_sc_ws/install/model_sc_msg/share/model_sc_msg/cmake/ament_cmake_export_targets-extras.cmake
[5.056s] -- Installing: /home/pragalbhv/ros2-workspaces/model_sc_ws/install/model_sc_msg/share/model_sc_msg/cmake/rosidl_cmake_export_typesupport_targets-extras.cmake
[5.056s] -- Installing: /home/pragalbhv/ros2-workspaces/model_sc_ws/install/model_sc_msg/share/model_sc_msg/cmake/rosidl_cmake_export_typesupport_libraries-extras.cmake
[5.057s] -- Installing: /home/pragalbhv/ros2-workspaces/model_sc_ws/install/model_sc_msg/share/model_sc_msg/cmake/model_sc_msgConfig.cmake
[5.057s] -- Up-to-date: /home/pragalbhv/ros2-workspaces/model_sc_ws/install/model_sc_msg/share/model_sc_msg/cmake/model_sc_msgConfig-version.cmake
[5.057s] -- Up-to-date: /home/pragalbhv/ros2-workspaces/model_sc_ws/install/model_sc_msg/share/model_sc_msg/package.xml
[5.059s] Invoked command in '/home/pragalbhv/ros2-workspaces/model_sc_ws/build/model_sc_msg' returned '0': CMAKE_PREFIX_PATH=${CMAKE_PREFIX_PATH}:/home/pragalbhv/ros2-workspaces/model_sc_ws/install/model_sc_pkg:/opt/ros/humble /usr/bin/cmake --install /home/pragalbhv/ros2-workspaces/model_sc_ws/build/model_sc_msg
